#
# There is insufficient memory for the Java Runtime Environment to continue.
# Native memory allocation (malloc) failed to allocate 2029472 bytes for Chunk::new
# Possible reasons:
#   The system is out of physical RAM or swap space
#   The process is running with CompressedOops enabled, and the Java Heap may be blocking the growth of the native heap
# Possible solutions:
#   Reduce memory load on the system
#   Increase physical memory or swap space
#   Check if swap backing store is full
#   Decrease Java heap size (-Xmx/-Xms)
#   Decrease number of Java threads
#   Decrease Java thread stack sizes (-Xss)
#   Set larger code cache with -XX:ReservedCodeCacheSize=
#   JVM is running with Unscaled Compressed Oops mode in which the Java heap is
#     placed in the first 4GB address space. The Java Heap base address is the
#     maximum limit for the native heap growth. Please use -XX:HeapBaseMinAddress
#     to set the Java Heap base and to place the Java Heap above 4GB virtual address.
# This output file may be truncated or incomplete.
#
#  Out of Memory Error (arena.cpp:191), pid=26592, tid=37488
#
# JRE version: OpenJDK Runtime Environment Temurin-17.0.10+7 (17.0.10+7) (build 17.0.10+7)
# Java VM: OpenJDK 64-Bit Server VM Temurin-17.0.10+7 (17.0.10+7, mixed mode, tiered, compressed oops, compressed class ptrs, g1 gc, windows-amd64)
# No core dump will be written. Minidumps are not enabled by default on client versions of Windows
#

---------------  S U M M A R Y ------------

Command Line: -ea -Dfile.encoding=UTF-8 -Dstdout.encoding=UTF-8 -Dstderr.encoding=UTF-8 -XX:+ShowCodeDetailsInExceptionMessages org.testng.remote.RemoteTestNG -serport 49875 -protocol json -d C:\Users\AC\git\RR_Web_Automation\RR\test-output C:\Users\AC\git\RR_Web_Automation\RR\vendor_verification.xml

Host: 11th Gen Intel(R) Core(TM) i3-1115G4 @ 3.00GHz, 4 cores, 7G,  Windows 11 , 64 bit Build 22621 (10.0.22621.3235)
Time: Sun Apr  7 16:11:23 2024 India Standard Time elapsed time: 10.450327 seconds (0d 0h 0m 10s)

---------------  T H R E A D  ---------------

Current thread (0x000001cf3d76c9c0):  JavaThread "C2 CompilerThread0" daemon [_thread_in_native, id=37488, stack(0x000000279b600000,0x000000279b700000)]


Current CompileTask:
C2:  10450 2986       4       java.lang.invoke.MethodType::makeImpl (109 bytes)

Stack: [0x000000279b600000,0x000000279b700000]
Native frames: (J=compiled Java code, j=interpreted, Vv=VM code, C=native code)
V  [jvm.dll+0x67d2c9]
V  [jvm.dll+0x834afa]
V  [jvm.dll+0x8365be]
V  [jvm.dll+0x836c23]
V  [jvm.dll+0x2477ff]
V  [jvm.dll+0xac514]
V  [jvm.dll+0xacb5c]
V  [jvm.dll+0x3667d7]
V  [jvm.dll+0x330bfa]
V  [jvm.dll+0x33009a]
V  [jvm.dll+0x219ef1]
V  [jvm.dll+0x219311]
V  [jvm.dll+0x1a502d]
V  [jvm.dll+0x2290de]
V  [jvm.dll+0x2272ac]
V  [jvm.dll+0x7e9bb7]
V  [jvm.dll+0x7e3fba]
V  [jvm.dll+0x67c1b5]
C  [ucrtbase.dll+0x29363]
C  [KERNEL32.DLL+0x1257d]
C  [ntdll.dll+0x5aa58]


---------------  P R O C E S S  ---------------

Threads class SMR info:
_java_thread_list=0x000001cf442a60f0, length=26, elements={
0x000001cf241d89d0, 0x000001cf3d70be40, 0x000001cf3d70c800, 0x000001cf3d750680,
0x000001cf3d752f60, 0x000001cf3d753d30, 0x000001cf3d75f9f0, 0x000001cf3d76c9c0,
0x000001cf3d76d470, 0x000001cf3d787e50, 0x000001cf3d75d680, 0x000001cf3d75e5b0,
0x000001cf3d75db90, 0x000001cf3d75efd0, 0x000001cf3d75f4e0, 0x000001cf3d75ff00,
0x000001cf3d75d170, 0x000001cf43a16f90, 0x000001cf43a15130, 0x000001cf43a19d20,
0x000001cf43a17ec0, 0x000001cf43a188e0, 0x000001cf43a1a740, 0x000001cf43a132d0,
0x000001cf43a174a0, 0x000001cf43a15640
}

Java Threads: ( => current thread )
  0x000001cf241d89d0 JavaThread "main" [_thread_blocked, id=672, stack(0x000000279a900000,0x000000279aa00000)]
  0x000001cf3d70be40 JavaThread "Reference Handler" daemon [_thread_blocked, id=6024, stack(0x000000279b000000,0x000000279b100000)]
  0x000001cf3d70c800 JavaThread "Finalizer" daemon [_thread_blocked, id=28132, stack(0x000000279b100000,0x000000279b200000)]
  0x000001cf3d750680 JavaThread "Signal Dispatcher" daemon [_thread_blocked, id=22256, stack(0x000000279b200000,0x000000279b300000)]
  0x000001cf3d752f60 JavaThread "Attach Listener" daemon [_thread_blocked, id=20040, stack(0x000000279b300000,0x000000279b400000)]
  0x000001cf3d753d30 JavaThread "Service Thread" daemon [_thread_blocked, id=18600, stack(0x000000279b400000,0x000000279b500000)]
  0x000001cf3d75f9f0 JavaThread "Monitor Deflation Thread" daemon [_thread_blocked, id=14236, stack(0x000000279b500000,0x000000279b600000)]
=>0x000001cf3d76c9c0 JavaThread "C2 CompilerThread0" daemon [_thread_in_native, id=37488, stack(0x000000279b600000,0x000000279b700000)]
  0x000001cf3d76d470 JavaThread "C1 CompilerThread0" daemon [_thread_blocked, id=36444, stack(0x000000279b700000,0x000000279b800000)]
  0x000001cf3d787e50 JavaThread "Sweeper thread" daemon [_thread_blocked, id=35756, stack(0x000000279b800000,0x000000279b900000)]
  0x000001cf3d75d680 JavaThread "Notification Thread" daemon [_thread_blocked, id=35780, stack(0x000000279b900000,0x000000279ba00000)]
  0x000001cf3d75e5b0 JavaThread "Common-Cleaner" daemon [_thread_blocked, id=2308, stack(0x000000279bb00000,0x000000279bc00000)]
  0x000001cf3d75db90 JavaThread "ReaderThread" [_thread_in_native, id=25432, stack(0x000000279bd00000,0x000000279be00000)]
  0x000001cf3d75efd0 JavaThread "ForkJoinPool.commonPool-worker-1" daemon [_thread_blocked, id=29328, stack(0x000000279c100000,0x000000279c200000)]
  0x000001cf3d75f4e0 JavaThread "ForkJoinPool.commonPool-worker-2" daemon [_thread_blocked, id=13704, stack(0x000000279c200000,0x000000279c300000)]
  0x000001cf3d75ff00 JavaThread "ForkJoinPool.commonPool-worker-3" daemon [_thread_blocked, id=15812, stack(0x000000279c300000,0x000000279c400000)]
  0x000001cf3d75d170 JavaThread "AsyncHttpClient-1-1" daemon [_thread_blocked, id=28964, stack(0x000000279c400000,0x000000279c500000)]
  0x000001cf43a16f90 JavaThread "Exec Default Executor" daemon [_thread_in_native, id=5560, stack(0x000000279c500000,0x000000279c600000)]
  0x000001cf43a15130 JavaThread "Exec Stream Pumper" daemon [_thread_in_native, id=32516, stack(0x000000279c600000,0x000000279c700000)]
  0x000001cf43a19d20 JavaThread "Exec Stream Pumper" daemon [_thread_in_native, id=20012, stack(0x000000279c700000,0x000000279c800000)]
  0x000001cf43a17ec0 JavaThread "Driver Service Executor" daemon [_thread_blocked, id=9772, stack(0x000000279c800000,0x000000279c900000)]
  0x000001cf43a188e0 JavaThread "Driver Service Executor" daemon [_thread_blocked, id=33440, stack(0x000000279c900000,0x000000279ca00000)]
  0x000001cf43a1a740 JavaThread "UrlChecker-2" daemon [_thread_blocked, id=30400, stack(0x000000279ca00000,0x000000279cb00000)]
  0x000001cf43a132d0 JavaThread "Keep-Alive-Timer" daemon [_thread_blocked, id=20856, stack(0x000000279cb00000,0x000000279cc00000)]
  0x000001cf43a174a0 JavaThread "AsyncHttpClient-1-2" daemon [_thread_in_native, id=25316, stack(0x000000279cd00000,0x000000279ce00000)]
  0x000001cf43a15640 JavaThread "AsyncHttpClient-1-3" daemon [_thread_in_native, id=2752, stack(0x000000279cc00000,0x000000279cd00000)]

Other Threads:
  0x000001cf3d707e80 VMThread "VM Thread" [stack: 0x000000279af00000,0x000000279b000000] [id=33824]
  0x000001cf3d8eaa00 WatcherThread [stack: 0x000000279ba00000,0x000000279bb00000] [id=21616]
  0x000001cf24233770 GCTaskThread "GC Thread#0" [stack: 0x000000279aa00000,0x000000279ab00000] [id=28360]
  0x000001cf426e1da0 GCTaskThread "GC Thread#1" [stack: 0x000000279be00000,0x000000279bf00000] [id=37188]
  0x000001cf426e2060 GCTaskThread "GC Thread#2" [stack: 0x000000279bf00000,0x000000279c000000] [id=17356]
  0x000001cf426e2320 GCTaskThread "GC Thread#3" [stack: 0x000000279c000000,0x000000279c100000] [id=17424]
  0x000001cf24244520 ConcurrentGCThread "G1 Main Marker" [stack: 0x000000279ab00000,0x000000279ac00000] [id=34868]
  0x000001cf24244f40 ConcurrentGCThread "G1 Conc#0" [stack: 0x000000279ac00000,0x000000279ad00000] [id=8084]
  0x000001cf2426e720 ConcurrentGCThread "G1 Refine#0" [stack: 0x000000279ad00000,0x000000279ae00000] [id=37212]
  0x000001cf3d54e380 ConcurrentGCThread "G1 Service" [stack: 0x000000279ae00000,0x000000279af00000] [id=7552]

Threads with active compile tasks:
C2 CompilerThread0    10694 2986       4       java.lang.invoke.MethodType::makeImpl (109 bytes)

VM state: not at safepoint (normal execution)

VM Mutex/Monitor currently owned by a thread: None

Heap address: 0x0000000084a00000, size: 1974 MB, Compressed Oops mode: 32-bit

CDS archive(s) not mapped
Compressed class space mapped at: 0x0000000100000000-0x0000000140000000, reserved size: 1073741824
Narrow klass base: 0x0000000000000000, Narrow klass shift: 3, Narrow klass range: 0x140000000

GC Precious Log:
 CPUs: 4 total, 4 available
 Memory: 7890M
 Large Page Support: Disabled
 NUMA Support: Disabled
 Compressed Oops: Enabled (32-bit)
 Heap Region Size: 1M
 Heap Min Capacity: 8M
 Heap Initial Capacity: 124M
 Heap Max Capacity: 1974M
 Pre-touch: Disabled
 Parallel Workers: 4
 Concurrent Workers: 1
 Concurrent Refinement Workers: 4
 Periodic GC: Disabled

Heap:
 garbage-first heap   total 58368K, used 38730K [0x0000000084a00000, 0x0000000100000000)
  region size 1024K, 14 young (14336K), 2 survivors (2048K)
 Metaspace       used 38145K, committed 38464K, reserved 1114112K
  class space    used 4335K, committed 4480K, reserved 1048576K

Heap Regions: E=young(eden), S=young(survivor), O=old, HS=humongous(starts), HC=humongous(continues), CS=collection set, F=free, OA=open archive, CA=closed archive, TAMS=top-at-mark-start (previous, next)
|   0|0x0000000084a00000, 0x0000000084b00000, 0x0000000084b00000|100%|HS|  |TAMS 0x0000000084b00000, 0x0000000084a00000| Complete 
|   1|0x0000000084b00000, 0x0000000084c00000, 0x0000000084c00000|100%| O|  |TAMS 0x0000000084c00000, 0x0000000084b00000| Untracked 
|   2|0x0000000084c00000, 0x0000000084d00000, 0x0000000084d00000|100%| O|  |TAMS 0x0000000084d00000, 0x0000000084c00000| Untracked 
|   3|0x0000000084d00000, 0x0000000084e00000, 0x0000000084e00000|100%| O|  |TAMS 0x0000000084e00000, 0x0000000084d00000| Untracked 
|   4|0x0000000084e00000, 0x0000000084f00000, 0x0000000084f00000|100%| O|  |TAMS 0x0000000084f00000, 0x0000000084e00000| Untracked 
|   5|0x0000000084f00000, 0x0000000085000000, 0x0000000085000000|100%| O|  |TAMS 0x0000000085000000, 0x0000000084f00000| Untracked 
|   6|0x0000000085000000, 0x0000000085100000, 0x0000000085100000|100%| O|  |TAMS 0x0000000085100000, 0x0000000085000000| Untracked 
|   7|0x0000000085100000, 0x0000000085200000, 0x0000000085200000|100%| O|  |TAMS 0x0000000085200000, 0x0000000085100000| Untracked 
|   8|0x0000000085200000, 0x00000000852f4e00, 0x0000000085300000| 95%| O|  |TAMS 0x00000000852f4e00, 0x0000000085200000| Untracked 
|   9|0x0000000085300000, 0x0000000085400000, 0x0000000085400000|100%| O|  |TAMS 0x0000000085400000, 0x0000000085300000| Untracked 
|  10|0x0000000085400000, 0x0000000085500000, 0x0000000085500000|100%| O|  |TAMS 0x0000000085500000, 0x0000000085400000| Untracked 
|  11|0x0000000085500000, 0x0000000085600000, 0x0000000085600000|100%| O|  |TAMS 0x0000000085600000, 0x0000000085500000| Untracked 
|  12|0x0000000085600000, 0x0000000085700000, 0x0000000085700000|100%| O|  |TAMS 0x0000000085700000, 0x0000000085600000| Untracked 
|  13|0x0000000085700000, 0x0000000085800000, 0x0000000085800000|100%| O|  |TAMS 0x0000000085800000, 0x0000000085700000| Untracked 
|  14|0x0000000085800000, 0x0000000085900000, 0x0000000085900000|100%| O|  |TAMS 0x0000000085900000, 0x0000000085800000| Untracked 
|  15|0x0000000085900000, 0x0000000085a00000, 0x0000000085a00000|100%| O|  |TAMS 0x0000000085a00000, 0x0000000085900000| Untracked 
|  16|0x0000000085a00000, 0x0000000085b00000, 0x0000000085b00000|100%| O|  |TAMS 0x0000000085b00000, 0x0000000085a00000| Untracked 
|  17|0x0000000085b00000, 0x0000000085be8800, 0x0000000085c00000| 90%| O|  |TAMS 0x0000000085be8800, 0x0000000085b00000| Untracked 
|  18|0x0000000085c00000, 0x0000000085c00000, 0x0000000085d00000|  0%| F|  |TAMS 0x0000000085c00000, 0x0000000085c00000| Untracked 
|  19|0x0000000085d00000, 0x0000000085e00000, 0x0000000085e00000|100%| O|  |TAMS 0x0000000085e00000, 0x0000000085d00000| Untracked 
|  20|0x0000000085e00000, 0x0000000085f00000, 0x0000000085f00000|100%| O|  |TAMS 0x0000000085f00000, 0x0000000085e00000| Untracked 
|  21|0x0000000085f00000, 0x0000000086000000, 0x0000000086000000|100%|HS|  |TAMS 0x0000000085f00000, 0x0000000085f00000| Complete 
|  22|0x0000000086000000, 0x0000000086100000, 0x0000000086100000|100%|HC|  |TAMS 0x0000000086000000, 0x0000000086000000| Complete 
|  23|0x0000000086100000, 0x0000000086200000, 0x0000000086200000|100%|HC|  |TAMS 0x0000000086100000, 0x0000000086100000| Complete 
|  24|0x0000000086200000, 0x0000000086300000, 0x0000000086300000|100%|HC|  |TAMS 0x0000000086200000, 0x0000000086200000| Complete 
|  25|0x0000000086300000, 0x0000000086400000, 0x0000000086400000|100%|HC|  |TAMS 0x0000000086300000, 0x0000000086300000| Complete 
|  26|0x0000000086400000, 0x0000000086400000, 0x0000000086500000|  0%| F|  |TAMS 0x0000000086400000, 0x0000000086400000| Untracked 
|  27|0x0000000086500000, 0x0000000086500000, 0x0000000086600000|  0%| F|  |TAMS 0x0000000086500000, 0x0000000086500000| Untracked 
|  28|0x0000000086600000, 0x0000000086600000, 0x0000000086700000|  0%| F|  |TAMS 0x0000000086600000, 0x0000000086600000| Untracked 
|  29|0x0000000086700000, 0x0000000086700000, 0x0000000086800000|  0%| F|  |TAMS 0x0000000086700000, 0x0000000086700000| Untracked 
|  30|0x0000000086800000, 0x0000000086800000, 0x0000000086900000|  0%| F|  |TAMS 0x0000000086800000, 0x0000000086800000| Untracked 
|  31|0x0000000086900000, 0x0000000086900000, 0x0000000086a00000|  0%| F|  |TAMS 0x0000000086900000, 0x0000000086900000| Untracked 
|  32|0x0000000086a00000, 0x0000000086a00000, 0x0000000086b00000|  0%| F|  |TAMS 0x0000000086a00000, 0x0000000086a00000| Untracked 
|  33|0x0000000086b00000, 0x0000000086b00000, 0x0000000086c00000|  0%| F|  |TAMS 0x0000000086b00000, 0x0000000086b00000| Untracked 
|  34|0x0000000086c00000, 0x0000000086c00000, 0x0000000086d00000|  0%| F|  |TAMS 0x0000000086c00000, 0x0000000086c00000| Untracked 
|  35|0x0000000086d00000, 0x0000000086d00000, 0x0000000086e00000|  0%| F|  |TAMS 0x0000000086d00000, 0x0000000086d00000| Untracked 
|  36|0x0000000086e00000, 0x0000000086e00000, 0x0000000086f00000|  0%| F|  |TAMS 0x0000000086e00000, 0x0000000086e00000| Untracked 
|  37|0x0000000086f00000, 0x0000000086f00000, 0x0000000087000000|  0%| F|  |TAMS 0x0000000086f00000, 0x0000000086f00000| Untracked 
|  38|0x0000000087000000, 0x0000000087000000, 0x0000000087100000|  0%| F|  |TAMS 0x0000000087000000, 0x0000000087000000| Untracked 
|  39|0x0000000087100000, 0x0000000087100000, 0x0000000087200000|  0%| F|  |TAMS 0x0000000087100000, 0x0000000087100000| Untracked 
|  40|0x0000000087200000, 0x0000000087200000, 0x0000000087300000|  0%| F|  |TAMS 0x0000000087200000, 0x0000000087200000| Untracked 
|  41|0x0000000087300000, 0x00000000873f52c0, 0x0000000087400000| 95%| S|CS|TAMS 0x0000000087300000, 0x0000000087300000| Complete 
|  42|0x0000000087400000, 0x0000000087500000, 0x0000000087500000|100%| S|CS|TAMS 0x0000000087400000, 0x0000000087400000| Complete 
|  43|0x0000000087500000, 0x0000000087500000, 0x0000000087600000|  0%| F|  |TAMS 0x0000000087500000, 0x0000000087500000| Untracked 
|  44|0x0000000087600000, 0x0000000087600000, 0x0000000087700000|  0%| F|  |TAMS 0x0000000087600000, 0x0000000087600000| Untracked 
|  45|0x0000000087700000, 0x00000000877bbe18, 0x0000000087800000| 73%| E|  |TAMS 0x0000000087700000, 0x0000000087700000| Complete 
|  46|0x0000000087800000, 0x0000000087900000, 0x0000000087900000|100%| E|CS|TAMS 0x0000000087800000, 0x0000000087800000| Complete 
|  47|0x0000000087900000, 0x0000000087a00000, 0x0000000087a00000|100%| E|CS|TAMS 0x0000000087900000, 0x0000000087900000| Complete 
|  48|0x0000000087a00000, 0x0000000087b00000, 0x0000000087b00000|100%| E|CS|TAMS 0x0000000087a00000, 0x0000000087a00000| Complete 
|  49|0x0000000087b00000, 0x0000000087c00000, 0x0000000087c00000|100%| E|CS|TAMS 0x0000000087b00000, 0x0000000087b00000| Complete 
|  50|0x0000000087c00000, 0x0000000087d00000, 0x0000000087d00000|100%| E|CS|TAMS 0x0000000087c00000, 0x0000000087c00000| Complete 
|  51|0x0000000087d00000, 0x0000000087e00000, 0x0000000087e00000|100%| E|CS|TAMS 0x0000000087d00000, 0x0000000087d00000| Complete 
| 117|0x000000008bf00000, 0x000000008c000000, 0x000000008c000000|100%| E|CS|TAMS 0x000000008bf00000, 0x000000008bf00000| Complete 
| 118|0x000000008c000000, 0x000000008c100000, 0x000000008c100000|100%| E|CS|TAMS 0x000000008c000000, 0x000000008c000000| Complete 
| 119|0x000000008c100000, 0x000000008c200000, 0x000000008c200000|100%| E|CS|TAMS 0x000000008c100000, 0x000000008c100000| Complete 
| 120|0x000000008c200000, 0x000000008c300000, 0x000000008c300000|100%| E|CS|TAMS 0x000000008c200000, 0x000000008c200000| Complete 
| 123|0x000000008c500000, 0x000000008c600000, 0x000000008c600000|100%| E|CS|TAMS 0x000000008c500000, 0x000000008c500000| Complete 

Card table byte_map: [0x000001cf36c60000,0x000001cf37040000] _byte_map_base: 0x000001cf3683b000

Marking Bits (Prev, Next): (CMBitMap*) 0x000001cf24233d90, (CMBitMap*) 0x000001cf24233dd0
 Prev Bits: [0x000001cf37420000, 0x000001cf392f8000)
 Next Bits: [0x000001cf39300000, 0x000001cf3b1d8000)

Polling page: 0x000001cf216d0000

Metaspace:

Usage:
  Non-class:     33.02 MB used.
      Class:      4.23 MB used.
       Both:     37.25 MB used.

Virtual space:
  Non-class space:       64.00 MB reserved,      33.19 MB ( 52%) committed,  1 nodes.
      Class space:        1.00 GB reserved,       4.38 MB ( <1%) committed,  1 nodes.
             Both:        1.06 GB reserved,      37.56 MB (  3%) committed. 

Chunk freelists:
   Non-Class:  14.67 MB
       Class:  11.64 MB
        Both:  26.31 MB

MaxMetaspaceSize: unlimited
CompressedClassSpaceSize: 1.00 GB
Initial GC threshold: 21.00 MB
Current GC threshold: 58.88 MB
CDS: off
MetaspaceReclaimPolicy: balanced
 - commit_granule_bytes: 65536.
 - commit_granule_words: 8192.
 - virtual_space_node_default_size: 8388608.
 - enlarge_chunks_in_place: 1.
 - new_chunks_are_fully_committed: 0.
 - uncommit_free_chunks: 1.
 - use_allocation_guard: 0.
 - handle_deallocations: 1.


Internal statistics:

num_allocs_failed_limit: 6.
num_arena_births: 218.
num_arena_deaths: 0.
num_vsnodes_births: 2.
num_vsnodes_deaths: 0.
num_space_committed: 601.
num_space_uncommitted: 0.
num_chunks_returned_to_freelist: 6.
num_chunks_taken_from_freelist: 1039.
num_chunk_merges: 6.
num_chunk_splits: 726.
num_chunks_enlarged: 569.
num_inconsistent_stats: 0.

CodeHeap 'non-profiled nmethods': size=120000Kb used=1352Kb max_used=1352Kb free=118647Kb
 bounds [0x000001cf2f350000, 0x000001cf2f5c0000, 0x000001cf36880000]
CodeHeap 'profiled nmethods': size=120000Kb used=6237Kb max_used=6237Kb free=113762Kb
 bounds [0x000001cf27880000, 0x000001cf27ea0000, 0x000001cf2edb0000]
CodeHeap 'non-nmethods': size=5760Kb used=1307Kb max_used=1333Kb free=4452Kb
 bounds [0x000001cf2edb0000, 0x000001cf2f020000, 0x000001cf2f350000]
 total_blobs=3663 nmethods=3049 adapters=526
 compilation: enabled
              stopped_count=0, restarted_count=0
 full_count=0

Compilation events (20 events):
Event: 9.980 Thread 0x000001cf3d76d470 2976       3       com.google.common.base.Splitter$SplittingIterator::computeNext (5 bytes)
Event: 9.980 Thread 0x000001cf3d76d470 nmethod 2976 0x000001cf27e71590 code [0x000001cf27e71720, 0x000001cf27e718c8]
Event: 9.982 Thread 0x000001cf3d76d470 2978  s    3       jdk.internal.perf.PerfCounter::add (18 bytes)
Event: 9.983 Thread 0x000001cf3d76c9c0 nmethod 2971% 0x000001cf2f49fe90 code [0x000001cf2f4a0020, 0x000001cf2f4a01f8]
Event: 9.983 Thread 0x000001cf3d76d470 nmethod 2978 0x000001cf27e71990 code [0x000001cf27e71b60, 0x000001cf27e71f18]
Event: 9.983 Thread 0x000001cf3d76d470 2979   !   3       jdk.internal.misc.ScopedMemoryAccess::getLong (20 bytes)
Event: 9.983 Thread 0x000001cf3d76d470 nmethod 2979 0x000001cf27e72110 code [0x000001cf27e722e0, 0x000001cf27e727d8]
Event: 9.983 Thread 0x000001cf3d76d470 2980   !   3       jdk.internal.misc.ScopedMemoryAccess::getLongInternal (36 bytes)
Event: 9.983 Thread 0x000001cf3d76d470 nmethod 2980 0x000001cf27e72a10 code [0x000001cf27e72bc0, 0x000001cf27e72ea8]
Event: 9.983 Thread 0x000001cf3d76d470 2981   !   3       jdk.internal.misc.ScopedMemoryAccess::putLong (25 bytes)
Event: 9.983 Thread 0x000001cf3d76d470 nmethod 2981 0x000001cf27e73010 code [0x000001cf27e73200, 0x000001cf27e73758]
Event: 9.983 Thread 0x000001cf3d76c9c0 2982       4       java.lang.String::codePointAt (50 bytes)
Event: 9.984 Thread 0x000001cf3d76c9c0 nmethod 2982 0x000001cf2f4a0310 code [0x000001cf2f4a0480, 0x000001cf2f4a0558]
Event: 9.985 Thread 0x000001cf3d76d470 2983       1       com.google.common.collect.ImmutableEntry::getValue (5 bytes)
Event: 9.985 Thread 0x000001cf3d76d470 nmethod 2983 0x000001cf2f4a0690 code [0x000001cf2f4a0820, 0x000001cf2f4a08f8]
Event: 9.992 Thread 0x000001cf3d76c9c0 2984       4       java.lang.StringConcatHelper::newString (67 bytes)
Event: 9.992 Thread 0x000001cf3d76c9c0 nmethod 2984 0x000001cf2f4a0990 code [0x000001cf2f4a0b20, 0x000001cf2f4a0c18]
Event: 9.995 Thread 0x000001cf3d76d470 2985       3       java.nio.HeapByteBuffer::ix (7 bytes)
Event: 9.995 Thread 0x000001cf3d76d470 nmethod 2985 0x000001cf27e73990 code [0x000001cf27e73b20, 0x000001cf27e73c38]
Event: 10.024 Thread 0x000001cf3d76c9c0 2986       4       java.lang.invoke.MethodType::makeImpl (109 bytes)

GC Heap History (16 events):
Event: 1.072 GC heap before
{Heap before GC invocations=0 (full 0):
 garbage-first heap   total 126976K, used 13312K [0x0000000084a00000, 0x0000000100000000)
  region size 1024K, 13 young (13312K), 0 survivors (0K)
 Metaspace       used 9217K, committed 9408K, reserved 1114112K
  class space    used 818K, committed 896K, reserved 1048576K
}
Event: 1.085 GC heap after
{Heap after GC invocations=1 (full 0):
 garbage-first heap   total 126976K, used 8142K [0x0000000084a00000, 0x0000000100000000)
  region size 1024K, 2 young (2048K), 2 survivors (2048K)
 Metaspace       used 9217K, committed 9408K, reserved 1114112K
  class space    used 818K, committed 896K, reserved 1048576K
}
Event: 1.738 GC heap before
{Heap before GC invocations=1 (full 0):
 garbage-first heap   total 126976K, used 15310K [0x0000000084a00000, 0x0000000100000000)
  region size 1024K, 10 young (10240K), 2 survivors (2048K)
 Metaspace       used 13528K, committed 13632K, reserved 1114112K
  class space    used 1311K, committed 1344K, reserved 1048576K
}
Event: 1.741 GC heap after
{Heap after GC invocations=2 (full 0):
 garbage-first heap   total 126976K, used 9018K [0x0000000084a00000, 0x0000000100000000)
  region size 1024K, 1 young (1024K), 1 survivors (1024K)
 Metaspace       used 13528K, committed 13632K, reserved 1114112K
  class space    used 1311K, committed 1344K, reserved 1048576K
}
Event: 2.455 GC heap before
{Heap before GC invocations=2 (full 0):
 garbage-first heap   total 126976K, used 29498K [0x0000000084a00000, 0x0000000100000000)
  region size 1024K, 22 young (22528K), 1 survivors (1024K)
 Metaspace       used 20427K, committed 20672K, reserved 1114112K
  class space    used 2078K, committed 2176K, reserved 1048576K
}
Event: 2.462 GC heap after
{Heap after GC invocations=3 (full 0):
 garbage-first heap   total 126976K, used 12243K [0x0000000084a00000, 0x0000000100000000)
  region size 1024K, 3 young (3072K), 3 survivors (3072K)
 Metaspace       used 20427K, committed 20672K, reserved 1114112K
  class space    used 2078K, committed 2176K, reserved 1048576K
}
Event: 2.580 GC heap before
{Heap before GC invocations=3 (full 0):
 garbage-first heap   total 126976K, used 14291K [0x0000000084a00000, 0x0000000100000000)
  region size 1024K, 6 young (6144K), 3 survivors (3072K)
 Metaspace       used 21283K, committed 21504K, reserved 1114112K
  class space    used 2200K, committed 2304K, reserved 1048576K
}
Event: 2.584 GC heap after
{Heap after GC invocations=4 (full 0):
 garbage-first heap   total 126976K, used 12586K [0x0000000084a00000, 0x0000000100000000)
  region size 1024K, 4 young (4096K), 4 survivors (4096K)
 Metaspace       used 21283K, committed 21504K, reserved 1114112K
  class space    used 2200K, committed 2304K, reserved 1048576K
}
Event: 3.222 GC heap before
{Heap before GC invocations=5 (full 0):
 garbage-first heap   total 48128K, used 36138K [0x0000000084a00000, 0x0000000100000000)
  region size 1024K, 28 young (28672K), 4 survivors (4096K)
 Metaspace       used 26333K, committed 26560K, reserved 1114112K
  class space    used 2759K, committed 2816K, reserved 1048576K
}
Event: 3.230 GC heap after
{Heap after GC invocations=6 (full 0):
 garbage-first heap   total 48128K, used 17103K [0x0000000084a00000, 0x0000000100000000)
  region size 1024K, 4 young (4096K), 4 survivors (4096K)
 Metaspace       used 26333K, committed 26560K, reserved 1114112K
  class space    used 2759K, committed 2816K, reserved 1048576K
}
Event: 3.462 GC heap before
{Heap before GC invocations=6 (full 0):
 garbage-first heap   total 48128K, used 31439K [0x0000000084a00000, 0x0000000100000000)
  region size 1024K, 18 young (18432K), 4 survivors (4096K)
 Metaspace       used 27514K, committed 27776K, reserved 1114112K
  class space    used 2909K, committed 3008K, reserved 1048576K
}
Event: 3.470 GC heap after
{Heap after GC invocations=7 (full 0):
 garbage-first heap   total 48128K, used 20085K [0x0000000084a00000, 0x0000000100000000)
  region size 1024K, 3 young (3072K), 3 survivors (3072K)
 Metaspace       used 27514K, committed 27776K, reserved 1114112K
  class space    used 2909K, committed 3008K, reserved 1048576K
}
Event: 4.155 GC heap before
{Heap before GC invocations=7 (full 0):
 garbage-first heap   total 48128K, used 32373K [0x0000000084a00000, 0x0000000100000000)
  region size 1024K, 15 young (15360K), 3 survivors (3072K)
 Metaspace       used 32314K, committed 32512K, reserved 1114112K
  class space    used 3485K, committed 3584K, reserved 1048576K
}
Event: 4.160 GC heap after
{Heap after GC invocations=8 (full 0):
 garbage-first heap   total 58368K, used 21663K [0x0000000084a00000, 0x0000000100000000)
  region size 1024K, 2 young (2048K), 2 survivors (2048K)
 Metaspace       used 32314K, committed 32512K, reserved 1114112K
  class space    used 3485K, committed 3584K, reserved 1048576K
}
Event: 6.887 GC heap before
{Heap before GC invocations=8 (full 0):
 garbage-first heap   total 58368K, used 34975K [0x0000000084a00000, 0x0000000100000000)
  region size 1024K, 16 young (16384K), 2 survivors (2048K)
 Metaspace       used 35881K, committed 36096K, reserved 1114112K
  class space    used 3975K, committed 4096K, reserved 1048576K
}
Event: 6.891 GC heap after
{Heap after GC invocations=9 (full 0):
 garbage-first heap   total 58368K, used 22346K [0x0000000084a00000, 0x0000000100000000)
  region size 1024K, 2 young (2048K), 2 survivors (2048K)
 Metaspace       used 35881K, committed 36096K, reserved 1114112K
  class space    used 3975K, committed 4096K, reserved 1048576K
}

Dll operation events (10 events):
Event: 0.026 Loaded shared library C:\Users\AC\.p2\pool\plugins\org.eclipse.justj.openjdk.hotspot.jre.full.win32.x86_64_17.0.10.v20240120-1143\jre\bin\java.dll
Event: 0.363 Loaded shared library C:\Users\AC\.p2\pool\plugins\org.eclipse.justj.openjdk.hotspot.jre.full.win32.x86_64_17.0.10.v20240120-1143\jre\bin\net.dll
Event: 0.371 Loaded shared library C:\Users\AC\.p2\pool\plugins\org.eclipse.justj.openjdk.hotspot.jre.full.win32.x86_64_17.0.10.v20240120-1143\jre\bin\nio.dll
Event: 0.384 Loaded shared library C:\Users\AC\.p2\pool\plugins\org.eclipse.justj.openjdk.hotspot.jre.full.win32.x86_64_17.0.10.v20240120-1143\jre\bin\zip.dll
Event: 0.555 Loaded shared library C:\Users\AC\.p2\pool\plugins\org.eclipse.justj.openjdk.hotspot.jre.full.win32.x86_64_17.0.10.v20240120-1143\jre\bin\jimage.dll
Event: 0.986 Loaded shared library C:\Users\AC\.p2\pool\plugins\org.eclipse.justj.openjdk.hotspot.jre.full.win32.x86_64_17.0.10.v20240120-1143\jre\bin\extnet.dll
Event: 2.287 Loaded shared library C:\Users\AC\.p2\pool\plugins\org.eclipse.justj.openjdk.hotspot.jre.full.win32.x86_64_17.0.10.v20240120-1143\jre\bin\verify.dll
Event: 3.665 Loaded shared library C:\Users\AC\.p2\pool\plugins\org.eclipse.justj.openjdk.hotspot.jre.full.win32.x86_64_17.0.10.v20240120-1143\jre\bin\management.dll
Event: 3.680 Loaded shared library C:\Users\AC\.p2\pool\plugins\org.eclipse.justj.openjdk.hotspot.jre.full.win32.x86_64_17.0.10.v20240120-1143\jre\bin\management_ext.dll
Event: 3.856 Loaded shared library C:\Users\AC\.p2\pool\plugins\org.eclipse.justj.openjdk.hotspot.jre.full.win32.x86_64_17.0.10.v20240120-1143\jre\bin\sunmscapi.dll

Deoptimization events (20 events):
Event: 4.102 Thread 0x000001cf241d89d0 DEOPT PACKING pc=0x000001cf27ccb456 sp=0x000000279a9f8990
Event: 4.102 Thread 0x000001cf241d89d0 DEOPT UNPACKING pc=0x000001cf2ee0ace3 sp=0x000000279a9f7e18 mode 0
Event: 4.283 Thread 0x000001cf241d89d0 Uncommon trap: trap_request=0xffffff45 fr.pc=0x000001cf2f3b2bbc relative=0x000000000000061c
Event: 4.283 Thread 0x000001cf241d89d0 Uncommon trap: reason=unstable_if action=reinterpret pc=0x000001cf2f3b2bbc method=java.lang.String.replace(CC)Ljava/lang/String; @ 2 c2
Event: 4.283 Thread 0x000001cf241d89d0 DEOPT PACKING pc=0x000001cf2f3b2bbc sp=0x000000279a9fd9d0
Event: 4.283 Thread 0x000001cf241d89d0 DEOPT UNPACKING pc=0x000001cf2ee0a1a3 sp=0x000000279a9fd980 mode 2
Event: 6.955 Thread 0x000001cf43a174a0 Uncommon trap: trap_request=0xffffff45 fr.pc=0x000001cf2f3f8654 relative=0x0000000000000054
Event: 6.955 Thread 0x000001cf43a174a0 Uncommon trap: reason=unstable_if action=reinterpret pc=0x000001cf2f3f8654 method=java.lang.CharacterData.of(I)Ljava/lang/CharacterData; @ 15 c2
Event: 6.955 Thread 0x000001cf43a174a0 DEOPT PACKING pc=0x000001cf2f3f8654 sp=0x000000279cdfdc70
Event: 6.955 Thread 0x000001cf43a174a0 DEOPT UNPACKING pc=0x000001cf2ee0a1a3 sp=0x000000279cdfdbf8 mode 2
Event: 7.020 Thread 0x000001cf43a174a0 Uncommon trap: trap_request=0xffffffde fr.pc=0x000001cf2f3eb698 relative=0x0000000000000078
Event: 7.020 Thread 0x000001cf43a174a0 Uncommon trap: reason=class_check action=maybe_recompile pc=0x000001cf2f3eb698 method=java.io.FilterInputStream.read([BII)I @ 7 c2
Event: 7.020 Thread 0x000001cf43a174a0 DEOPT PACKING pc=0x000001cf2f3eb698 sp=0x000000279cdfe0b0
Event: 7.020 Thread 0x000001cf43a174a0 DEOPT UNPACKING pc=0x000001cf2ee0a1a3 sp=0x000000279cdfe038 mode 2
Event: 7.021 Thread 0x000001cf43a174a0 Uncommon trap: trap_request=0xffffffde fr.pc=0x000001cf2f3de144 relative=0x00000000000000a4
Event: 7.021 Thread 0x000001cf43a174a0 Uncommon trap: reason=class_check action=maybe_recompile pc=0x000001cf2f3de144 method=java.io.FilterInputStream.read()I @ 4 c2
Event: 7.021 Thread 0x000001cf43a174a0 DEOPT PACKING pc=0x000001cf2f3de144 sp=0x000000279cdfe330
Event: 7.021 Thread 0x000001cf43a174a0 DEOPT UNPACKING pc=0x000001cf2ee0a1a3 sp=0x000000279cdfe2d0 mode 2
Event: 9.745 Thread 0x000001cf241d89d0 DEOPT PACKING pc=0x000001cf27db6763 sp=0x000000279a9f8560
Event: 9.745 Thread 0x000001cf241d89d0 DEOPT UNPACKING pc=0x000001cf2ee0ace3 sp=0x000000279a9f7a70 mode 0

Classes unloaded (0 events):
No events

Classes redefined (0 events):
No events

Internal exceptions (20 events):
Event: 4.853 Thread 0x000001cf43a1a740 Exception <a 'java/net/ConnectException'{0x000000008bf2cb10}: Connection refused: no further information> (0x000000008bf2cb10) 
thrown [s\src\hotspot\share\prims\jni.cpp, line 535]
Event: 4.853 Thread 0x000001cf43a1a740 Exception <a 'java/net/SocketException'{0x000000008bf2ce48}: Socket is not connected: shutdown> (0x000000008bf2ce48) 
thrown [s\src\hotspot\share\prims\jni.cpp, line 535]
Event: 5.186 Thread 0x000001cf43a1a740 Exception <a 'java/net/ConnectException'{0x000000008bf2dd60}: Connection refused: no further information> (0x000000008bf2dd60) 
thrown [s\src\hotspot\share\prims\jni.cpp, line 535]
Event: 5.186 Thread 0x000001cf43a1a740 Exception <a 'java/net/SocketException'{0x000000008bf2e098}: Socket is not connected: shutdown> (0x000000008bf2e098) 
thrown [s\src\hotspot\share\prims\jni.cpp, line 535]
Event: 5.530 Thread 0x000001cf43a1a740 Exception <a 'java/net/ConnectException'{0x000000008bf2efb0}: Connection refused: no further information> (0x000000008bf2efb0) 
thrown [s\src\hotspot\share\prims\jni.cpp, line 535]
Event: 5.530 Thread 0x000001cf43a1a740 Exception <a 'java/net/SocketException'{0x000000008bf2f2e8}: Socket is not connected: shutdown> (0x000000008bf2f2e8) 
thrown [s\src\hotspot\share\prims\jni.cpp, line 535]
Event: 5.853 Thread 0x000001cf43a1a740 Exception <a 'java/net/ConnectException'{0x000000008bf30200}: Connection refused: no further information> (0x000000008bf30200) 
thrown [s\src\hotspot\share\prims\jni.cpp, line 535]
Event: 5.853 Thread 0x000001cf43a1a740 Exception <a 'java/net/SocketException'{0x000000008bf30538}: Socket is not connected: shutdown> (0x000000008bf30538) 
thrown [s\src\hotspot\share\prims\jni.cpp, line 535]
Event: 6.181 Thread 0x000001cf43a1a740 Exception <a 'java/net/ConnectException'{0x000000008bf31450}: Connection refused: no further information> (0x000000008bf31450) 
thrown [s\src\hotspot\share\prims\jni.cpp, line 535]
Event: 6.181 Thread 0x000001cf43a1a740 Exception <a 'java/net/SocketException'{0x000000008bf31788}: Socket is not connected: shutdown> (0x000000008bf31788) 
thrown [s\src\hotspot\share\prims\jni.cpp, line 535]
Event: 6.540 Thread 0x000001cf241d89d0 Exception <a 'java/lang/NoSuchMethodError'{0x000000008bfb75a0}: 'double java.lang.invoke.DirectMethodHandle$Holder.invokeVirtual(java.lang.Object, java.lang.Object)'> (0x000000008bfb75a0) 
thrown [s\src\hotspot\share\interpreter\linkResolver.cpp, line 759]
Event: 6.540 Thread 0x000001cf241d89d0 Exception <a 'java/lang/NoSuchMethodError'{0x000000008bfbdd48}: 'float java.lang.invoke.DirectMethodHandle$Holder.invokeVirtual(java.lang.Object, java.lang.Object)'> (0x000000008bfbdd48) 
thrown [s\src\hotspot\share\interpreter\linkResolver.cpp, line 759]
Event: 6.541 Thread 0x000001cf241d89d0 Exception <a 'java/lang/NoSuchMethodError'{0x000000008bfc6d28}: 'long java.lang.invoke.DirectMethodHandle$Holder.invokeVirtual(java.lang.Object, java.lang.Object)'> (0x000000008bfc6d28) 
thrown [s\src\hotspot\share\interpreter\linkResolver.cpp, line 759]
Event: 6.576 Thread 0x000001cf241d89d0 Exception <a 'java/lang/NoSuchMethodError'{0x0000000087c0f188}: 'void java.lang.invoke.DirectMethodHandle$Holder.invokeSpecial(java.lang.Object, java.lang.Object, java.lang.Object, java.lang.Object, java.lang.Object)'> (0x0000000087c0f188) 
thrown [s\src\hotspot\share\interpreter\linkResolver.cpp, line 759]
Event: 6.579 Thread 0x000001cf241d89d0 Exception <a 'java/lang/NoSuchMethodError'{0x0000000087c16068}: 'void java.lang.invoke.DirectMethodHandle$Holder.invokeStatic(java.lang.Object, java.lang.Object, int)'> (0x0000000087c16068) 
thrown [s\src\hotspot\share\interpreter\linkResolver.cpp, line 759]
Event: 6.599 Thread 0x000001cf241d89d0 Exception <a 'java/lang/NoSuchMethodError'{0x0000000087ccd848}: 'java.lang.Object java.lang.invoke.DirectMethodHandle$Holder.newInvokeSpecial(java.lang.Object, java.lang.Object, java.lang.Object, java.lang.Object, java.lang.Object)'> (0x0000000087ccd848) 
thrown [s\src\hotspot\share\interpreter\linkResolver.cpp, line 759]
Event: 6.638 Thread 0x000001cf241d89d0 Exception <a 'java/lang/NoSuchMethodError'{0x0000000087a47390}: 'int java.lang.invoke.DirectMethodHandle$Holder.invokeSpecialIFC(java.lang.Object, java.lang.Object, java.lang.Object)'> (0x0000000087a47390) 
thrown [s\src\hotspot\share\interpreter\linkResolver.cpp, line 759]
Event: 6.754 Thread 0x000001cf241d89d0 Exception <a 'java/lang/NoSuchMethodError'{0x0000000087794140}: 'void java.lang.invoke.DirectMethodHandle$Holder.invokeSpecial(java.lang.Object, java.lang.Object, java.lang.Object, java.lang.Object, java.lang.Object, java.lang.Object)'> (0x0000000087794140) 
thrown [s\src\hotspot\share\interpreter\linkResolver.cpp, line 759]
Event: 9.906 Thread 0x000001cf241d89d0 Exception <a 'java/lang/NoSuchMethodError'{0x0000000087c8e1d0}: 'java.lang.Object java.lang.invoke.DirectMethodHandle$Holder.invokeSpecialIFC(java.lang.Object, java.lang.Object, java.lang.Object)'> (0x0000000087c8e1d0) 
thrown [s\src\hotspot\share\interpreter\linkResolver.cpp, line 759]
Event: 9.921 Thread 0x000001cf241d89d0 Exception <a 'java/lang/NoSuchMethodError'{0x0000000087cb9258}: 'void java.lang.invoke.DirectMethodHandle$Holder.invokeSpecial(java.lang.Object, java.lang.Object, java.lang.Object)'> (0x0000000087cb9258) 
thrown [s\src\hotspot\share\interpreter\linkResolver.cpp, line 759]

VM Operations (20 events):
Event: 6.528 Executing VM operation: HandshakeAllThreads
Event: 6.528 Executing VM operation: HandshakeAllThreads done
Event: 6.528 Executing VM operation: Cleanup
Event: 6.528 Executing VM operation: Cleanup done
Event: 6.529 Executing VM operation: HandshakeAllThreads
Event: 6.529 Executing VM operation: HandshakeAllThreads done
Event: 6.530 Executing VM operation: HandshakeAllThreads
Event: 6.530 Executing VM operation: HandshakeAllThreads done
Event: 6.651 Executing VM operation: HandshakeAllThreads
Event: 6.651 Executing VM operation: HandshakeAllThreads done
Event: 6.887 Executing VM operation: CollectForMetadataAllocation
Event: 6.891 Executing VM operation: CollectForMetadataAllocation done
Event: 6.921 Executing VM operation: G1PauseRemark
Event: 6.923 Executing VM operation: G1PauseRemark done
Event: 6.932 Executing VM operation: G1PauseCleanup
Event: 6.932 Executing VM operation: G1PauseCleanup done
Event: 7.943 Executing VM operation: Cleanup
Event: 7.944 Executing VM operation: Cleanup done
Event: 9.964 Executing VM operation: Cleanup
Event: 9.965 Executing VM operation: Cleanup done

Events (20 events):
Event: 6.940 loading class java/lang/invoke/ConstantBootstraps done
Event: 6.955 loading class java/lang/CharacterDataUndefined
Event: 6.955 loading class java/lang/CharacterDataUndefined done
Event: 6.984 loading class java/nio/channels/UnsupportedAddressTypeException
Event: 6.984 loading class java/nio/channels/UnsupportedAddressTypeException done
Event: 6.989 loading class java/nio/channels/spi/AbstractSelector$1
Event: 6.989 loading class java/nio/channels/spi/AbstractSelector$1 done
Event: 7.017 loading class java/nio/charset/IllegalCharsetNameException
Event: 7.017 loading class java/nio/charset/IllegalCharsetNameException done
Event: 7.021 loading class sun/nio/ch/IOVecWrapper
Event: 7.021 loading class sun/nio/ch/IOVecWrapper done
Event: 7.021 loading class sun/nio/ch/AllocatedNativeObject
Event: 7.021 loading class sun/nio/ch/NativeObject
Event: 7.021 loading class sun/nio/ch/NativeObject done
Event: 7.021 loading class sun/nio/ch/AllocatedNativeObject done
Event: 7.021 loading class sun/nio/ch/IOVecWrapper$Deallocator
Event: 7.021 loading class sun/nio/ch/IOVecWrapper$Deallocator done
Event: 8.535 Thread 0x000001cf435fa770 Thread exited: 0x000001cf435fa770
Event: 9.787 loading class java/util/DualPivotQuicksort
Event: 9.787 loading class java/util/DualPivotQuicksort done


Dynamic libraries:
0x00007ff73aeb0000 - 0x00007ff73aebe000 	C:\Users\AC\.p2\pool\plugins\org.eclipse.justj.openjdk.hotspot.jre.full.win32.x86_64_17.0.10.v20240120-1143\jre\bin\javaw.exe
0x00007ffc3f470000 - 0x00007ffc3f686000 	C:\WINDOWS\SYSTEM32\ntdll.dll
0x00007ffc3df60000 - 0x00007ffc3e024000 	C:\WINDOWS\System32\KERNEL32.DLL
0x00007ffc3c7b0000 - 0x00007ffc3cb56000 	C:\WINDOWS\System32\KERNELBASE.dll
0x00007ffc01db0000 - 0x00007ffc01e8b000 	C:\Program Files\Bitdefender\Endpoint Security\bdhkm\dlls_267038596284932272\bdhkm64.dll
0x00007ffc22ca0000 - 0x00007ffc22e53000 	C:\Program Files\Bitdefender\Endpoint Security\atcuf\dlls_267132011629879455\atcuf64.dll
0x00007ffc3cfb0000 - 0x00007ffc3d0c1000 	C:\WINDOWS\System32\ucrtbase.dll
0x00007ffc2c6c0000 - 0x00007ffc2c6d7000 	C:\Users\AC\.p2\pool\plugins\org.eclipse.justj.openjdk.hotspot.jre.full.win32.x86_64_17.0.10.v20240120-1143\jre\bin\jli.dll
0x00007ffc3d920000 - 0x00007ffc3dacd000 	C:\WINDOWS\System32\USER32.dll
0x00007ffc3d190000 - 0x00007ffc3d1b6000 	C:\WINDOWS\System32\win32u.dll
0x00007ffc3e030000 - 0x00007ffc3e059000 	C:\WINDOWS\System32\GDI32.dll
0x00007ffc3ce90000 - 0x00007ffc3cfa8000 	C:\WINDOWS\System32\gdi32full.dll
0x00007ffc3cb90000 - 0x00007ffc3cc2a000 	C:\WINDOWS\System32\msvcp_win.dll
0x00007ffc24590000 - 0x00007ffc245ab000 	C:\Users\AC\.p2\pool\plugins\org.eclipse.justj.openjdk.hotspot.jre.full.win32.x86_64_17.0.10.v20240120-1143\jre\bin\VCRUNTIME140.dll
0x00007ffc2e610000 - 0x00007ffc2e8a3000 	C:\WINDOWS\WinSxS\amd64_microsoft.windows.common-controls_6595b64144ccf1df_6.0.22621.3235_none_270f74e173860f98\COMCTL32.dll
0x00007ffc3d340000 - 0x00007ffc3d3e7000 	C:\WINDOWS\System32\msvcrt.dll
0x00007ffc3f060000 - 0x00007ffc3f091000 	C:\WINDOWS\System32\IMM32.DLL
0x00007ffc33d50000 - 0x00007ffc33d5c000 	C:\Users\AC\.p2\pool\plugins\org.eclipse.justj.openjdk.hotspot.jre.full.win32.x86_64_17.0.10.v20240120-1143\jre\bin\vcruntime140_1.dll
0x00007ffc238c0000 - 0x00007ffc2394d000 	C:\Users\AC\.p2\pool\plugins\org.eclipse.justj.openjdk.hotspot.jre.full.win32.x86_64_17.0.10.v20240120-1143\jre\bin\msvcp140.dll
0x00007ffb925e0000 - 0x00007ffb93242000 	C:\Users\AC\.p2\pool\plugins\org.eclipse.justj.openjdk.hotspot.jre.full.win32.x86_64_17.0.10.v20240120-1143\jre\bin\server\jvm.dll
0x00007ffc3e060000 - 0x00007ffc3e112000 	C:\WINDOWS\System32\ADVAPI32.dll
0x00007ffc3dcf0000 - 0x00007ffc3dd98000 	C:\WINDOWS\System32\sechost.dll
0x00007ffc3cb60000 - 0x00007ffc3cb88000 	C:\WINDOWS\System32\bcrypt.dll
0x00007ffc3e120000 - 0x00007ffc3e235000 	C:\WINDOWS\System32\RPCRT4.dll
0x00007ffc3c680000 - 0x00007ffc3c6cd000 	C:\WINDOWS\SYSTEM32\POWRPROF.dll
0x00007ffc10cb0000 - 0x00007ffc10cb9000 	C:\WINDOWS\SYSTEM32\WSOCK32.dll
0x00007ffc3ed40000 - 0x00007ffc3edb1000 	C:\WINDOWS\System32\WS2_32.dll
0x00007ffc33c30000 - 0x00007ffc33c64000 	C:\WINDOWS\SYSTEM32\WINMM.dll
0x00007ffc33b20000 - 0x00007ffc33b2a000 	C:\WINDOWS\SYSTEM32\VERSION.dll
0x00007ffc3c660000 - 0x00007ffc3c673000 	C:\WINDOWS\SYSTEM32\UMPDC.dll
0x00007ffc3b7f0000 - 0x00007ffc3b808000 	C:\WINDOWS\SYSTEM32\kernel.appcore.dll
0x00007ffc24db0000 - 0x00007ffc24dba000 	C:\Users\AC\.p2\pool\plugins\org.eclipse.justj.openjdk.hotspot.jre.full.win32.x86_64_17.0.10.v20240120-1143\jre\bin\jimage.dll
0x00007ffc3a0e0000 - 0x00007ffc3a313000 	C:\WINDOWS\SYSTEM32\DBGHELP.DLL
0x00007ffc3f0a0000 - 0x00007ffc3f428000 	C:\WINDOWS\System32\combase.dll
0x00007ffc3ec60000 - 0x00007ffc3ed37000 	C:\WINDOWS\System32\OLEAUT32.dll
0x00007ffc32d90000 - 0x00007ffc32dc2000 	C:\WINDOWS\SYSTEM32\dbgcore.DLL
0x00007ffc3ce10000 - 0x00007ffc3ce8a000 	C:\WINDOWS\System32\bcryptPrimitives.dll
0x00007ffc23060000 - 0x00007ffc23085000 	C:\Users\AC\.p2\pool\plugins\org.eclipse.justj.openjdk.hotspot.jre.full.win32.x86_64_17.0.10.v20240120-1143\jre\bin\java.dll
0x00007ffc15230000 - 0x00007ffc15248000 	C:\Users\AC\.p2\pool\plugins\org.eclipse.justj.openjdk.hotspot.jre.full.win32.x86_64_17.0.10.v20240120-1143\jre\bin\zip.dll
0x00007ffc3e400000 - 0x00007ffc3ec5d000 	C:\WINDOWS\System32\SHELL32.dll
0x00007ffc3a710000 - 0x00007ffc3b008000 	C:\WINDOWS\SYSTEM32\windows.storage.dll
0x00007ffc3a5d0000 - 0x00007ffc3a70e000 	C:\WINDOWS\SYSTEM32\wintypes.dll
0x00007ffc3db50000 - 0x00007ffc3dc43000 	C:\WINDOWS\System32\SHCORE.dll
0x00007ffc3ef90000 - 0x00007ffc3efee000 	C:\WINDOWS\System32\shlwapi.dll
0x00007ffc3c6e0000 - 0x00007ffc3c706000 	C:\WINDOWS\SYSTEM32\profapi.dll
0x00007ffc15210000 - 0x00007ffc15229000 	C:\Users\AC\.p2\pool\plugins\org.eclipse.justj.openjdk.hotspot.jre.full.win32.x86_64_17.0.10.v20240120-1143\jre\bin\net.dll
0x00007ffc34770000 - 0x00007ffc348a7000 	C:\WINDOWS\SYSTEM32\WINHTTP.dll
0x00007ffc3bc70000 - 0x00007ffc3bcd9000 	C:\WINDOWS\system32\mswsock.dll
0x00007ffc151f0000 - 0x00007ffc15206000 	C:\Users\AC\.p2\pool\plugins\org.eclipse.justj.openjdk.hotspot.jre.full.win32.x86_64_17.0.10.v20240120-1143\jre\bin\nio.dll
0x00007ffc3b330000 - 0x00007ffc3b429000 	C:\WINDOWS\SYSTEM32\DNSAPI.dll
0x00007ffc3b2b0000 - 0x00007ffc3b2dd000 	C:\WINDOWS\SYSTEM32\IPHLPAPI.DLL
0x00007ffc3df50000 - 0x00007ffc3df59000 	C:\WINDOWS\System32\NSI.dll
0x00007ffc32dd0000 - 0x00007ffc32dda000 	C:\Windows\System32\rasadhlp.dll
0x00007ffc33690000 - 0x00007ffc33713000 	C:\WINDOWS\System32\fwpuclnt.dll
0x00007ffc317e0000 - 0x00007ffc317e9000 	C:\Users\AC\.p2\pool\plugins\org.eclipse.justj.openjdk.hotspot.jre.full.win32.x86_64_17.0.10.v20240120-1143\jre\bin\extnet.dll
0x00007ffc3bec0000 - 0x00007ffc3bedb000 	C:\WINDOWS\SYSTEM32\CRYPTSP.dll
0x00007ffc3b750000 - 0x00007ffc3b785000 	C:\WINDOWS\system32\rsaenh.dll
0x00007ffc3bd60000 - 0x00007ffc3bd8c000 	C:\WINDOWS\SYSTEM32\USERENV.dll
0x00007ffc3bee0000 - 0x00007ffc3beec000 	C:\WINDOWS\SYSTEM32\CRYPTBASE.dll
0x00007ffc348c0000 - 0x00007ffc348d9000 	C:\WINDOWS\SYSTEM32\dhcpcsvc6.DLL
0x00007ffc34680000 - 0x00007ffc3469f000 	C:\WINDOWS\SYSTEM32\dhcpcsvc.DLL
0x00007ffc32f70000 - 0x00007ffc32f80000 	C:\Users\AC\.p2\pool\plugins\org.eclipse.justj.openjdk.hotspot.jre.full.win32.x86_64_17.0.10.v20240120-1143\jre\bin\verify.dll
0x00007ffc32f30000 - 0x00007ffc32f39000 	C:\Users\AC\.p2\pool\plugins\org.eclipse.justj.openjdk.hotspot.jre.full.win32.x86_64_17.0.10.v20240120-1143\jre\bin\management.dll
0x00007ffc31490000 - 0x00007ffc3149b000 	C:\Users\AC\.p2\pool\plugins\org.eclipse.justj.openjdk.hotspot.jre.full.win32.x86_64_17.0.10.v20240120-1143\jre\bin\management_ext.dll
0x00007ffc3dc50000 - 0x00007ffc3dc58000 	C:\WINDOWS\System32\PSAPI.DLL
0x00007ffc32f20000 - 0x00007ffc32f2e000 	C:\Users\AC\.p2\pool\plugins\org.eclipse.justj.openjdk.hotspot.jre.full.win32.x86_64_17.0.10.v20240120-1143\jre\bin\sunmscapi.dll
0x00007ffc3cca0000 - 0x00007ffc3ce06000 	C:\WINDOWS\System32\CRYPT32.dll
0x00007ffc3c080000 - 0x00007ffc3c0ae000 	C:\WINDOWS\SYSTEM32\ncrypt.dll
0x00007ffc3c040000 - 0x00007ffc3c077000 	C:\WINDOWS\SYSTEM32\NTASN1.dll
0x00007ffc32f90000 - 0x00007ffc32f98000 	C:\WINDOWS\system32\wshunix.dll

dbghelp: loaded successfully - version: 4.0.5 - missing functions: none
symbol engine: initialized successfully - sym options: 0x614 - pdb path: .;C:\Users\AC\.p2\pool\plugins\org.eclipse.justj.openjdk.hotspot.jre.full.win32.x86_64_17.0.10.v20240120-1143\jre\bin;C:\WINDOWS\SYSTEM32;C:\Program Files\Bitdefender\Endpoint Security\bdhkm\dlls_267038596284932272;C:\Program Files\Bitdefender\Endpoint Security\atcuf\dlls_267132011629879455;C:\WINDOWS\WinSxS\amd64_microsoft.windows.common-controls_6595b64144ccf1df_6.0.22621.3235_none_270f74e173860f98;C:\Users\AC\.p2\pool\plugins\org.eclipse.justj.openjdk.hotspot.jre.full.win32.x86_64_17.0.10.v20240120-1143\jre\bin\server

VM Arguments:
jvm_args: -ea -Dfile.encoding=UTF-8 -Dstdout.encoding=UTF-8 -Dstderr.encoding=UTF-8 -XX:+ShowCodeDetailsInExceptionMessages 
java_command: org.testng.remote.RemoteTestNG -serport 49875 -protocol json -d C:\Users\AC\git\RR_Web_Automation\RR\test-output C:\Users\AC\git\RR_Web_Automation\RR\vendor_verification.xml
java_class_path (initial): C:\Users\AC\eclipse\java-2024-03\eclipse\configuration\org.eclipse.osgi\526\0\.cp\lib\testng-remote.jar;C:\Users\AC\git\RR_Web_Automation\RR\target\test-classes;C:\Users\AC\git\RR_Web_Automation\RR\target\classes;C:\Users\AC\.m2\repository\org\testng\testng\7.4.0\testng-7.4.0.jar;C:\Users\AC\.m2\repository\com\beust\jcommander\1.78\jcommander-1.78.jar;C:\Users\AC\.m2\repository\org\webjars\jquery\3.5.1\jquery-3.5.1.jar;C:\Users\AC\.m2\repository\org\apache\poi\poi\4.1.1\poi-4.1.1.jar;C:\Users\AC\.m2\repository\commons-codec\commons-codec\1.13\commons-codec-1.13.jar;C:\Users\AC\.m2\repository\org\apache\commons\commons-collections4\4.4\commons-collections4-4.4.jar;C:\Users\AC\.m2\repository\org\apache\commons\commons-math3\3.6.1\commons-math3-3.6.1.jar;C:\Users\AC\.m2\repository\org\apache\poi\poi-ooxml\4.1.1\poi-ooxml-4.1.1.jar;C:\Users\AC\.m2\repository\org\apache\poi\poi-ooxml-schemas\4.1.1\poi-ooxml-schemas-4.1.1.jar;C:\Users\AC\.m2\repository\org\apache\xmlbeans\xmlbeans\3.1.0\xmlbeans-3.1.0.jar;C:\Users\AC\.m2\repository\org\apache\commons\commons-compress\1.19\commons-compress-1.19.jar;C:\Users\AC\.m2\repository\com\github\virtuald\curvesapi\1.06\curvesapi-1.06.jar;C:\Users\AC\.m2\repository\org\seleniumhq\selenium\selenium-java\4.8.2\selenium-java-4.8.2.jar;C:\Users\AC\.m2\repository\org\seleniumhq\selenium\selenium-api\4.8.2\selenium-api-4.8.2.jar;C:\Users\AC\.m2\repository\org\seleniumhq\selenium\selenium-chrome-driver\4.8.2\selenium-chrome-driver-4.8.2.jar;C:\Users\AC\.m2\repository\com\google\auto\service\auto-service-annotations\1.0.1\auto-service-annotations-1.0.1.jar;C:\Users\AC\.m2\repository\com\google\auto\service\auto-service\1.0.1\auto-service-1.0.1.jar;C:\Users\AC\.m2\repository\com\google\auto\auto-common\1.2\auto-common-1.2.jar;C:\Users\AC\.m2\repository\com\google\guava\guava\31.1-jre\guava-31.1-jre.jar;C:\Users\AC\.m2\repository\com\google\guava\failureaccess\1.0.1\failureaccess-1.0.1.jar;C:\Users\AC\.m2\repositor
Launcher Type: SUN_STANDARD

[Global flags]
     intx CICompilerCount                          = 3                                         {product} {ergonomic}
     uint ConcGCThreads                            = 1                                         {product} {ergonomic}
     uint G1ConcRefinementThreads                  = 4                                         {product} {ergonomic}
   size_t G1HeapRegionSize                         = 1048576                                   {product} {ergonomic}
    uintx GCDrainStackTargetSize                   = 64                                        {product} {ergonomic}
   size_t InitialHeapSize                          = 130023424                                 {product} {ergonomic}
   size_t MarkStackSize                            = 4194304                                   {product} {ergonomic}
   size_t MaxHeapSize                              = 2069889024                                {product} {ergonomic}
   size_t MaxNewSize                               = 1241513984                                {product} {ergonomic}
   size_t MinHeapDeltaBytes                        = 1048576                                   {product} {ergonomic}
   size_t MinHeapSize                              = 8388608                                   {product} {ergonomic}
    uintx NonNMethodCodeHeapSize                   = 5832780                                {pd product} {ergonomic}
    uintx NonProfiledCodeHeapSize                  = 122912730                              {pd product} {ergonomic}
    uintx ProfiledCodeHeapSize                     = 122912730                              {pd product} {ergonomic}
    uintx ReservedCodeCacheSize                    = 251658240                              {pd product} {ergonomic}
     bool SegmentedCodeCache                       = true                                      {product} {ergonomic}
     bool ShowCodeDetailsInExceptionMessages       = true                                   {manageable} {command line}
   size_t SoftMaxHeapSize                          = 2069889024                             {manageable} {ergonomic}
     bool UseCompressedClassPointers               = true                           {product lp64_product} {ergonomic}
     bool UseCompressedOops                        = true                           {product lp64_product} {ergonomic}
     bool UseG1GC                                  = true                                      {product} {ergonomic}
     bool UseLargePagesIndividualAllocation        = false                                  {pd product} {ergonomic}

Logging:
Log output configuration:
 #0: stdout all=warning uptime,level,tags
 #1: stderr all=off uptime,level,tags

Environment Variables:
PATH=C:/Users/AC/.p2/pool/plugins/org.eclipse.justj.openjdk.hotspot.jre.full.win32.x86_64_17.0.10.v20240120-1143/jre/bin/server;C:/Users/AC/.p2/pool/plugins/org.eclipse.justj.openjdk.hotspot.jre.full.win32.x86_64_17.0.10.v20240120-1143/jre/bin;C:\WINDOWS\system32;C:\WINDOWS;C:\WINDOWS\System32\Wbem;C:\WINDOWS\System32\WindowsPowerShell\v1.0\;C:\WINDOWS\System32\OpenSSH\;C:\Users\AC\AppData\Local\Microsoft\WindowsApps;;C:\WINDOWS\System32;
USERNAME=AC
OS=Windows_NT
PROCESSOR_IDENTIFIER=Intel64 Family 6 Model 140 Stepping 1, GenuineIntel
TMP=C:\Users\AC\AppData\Local\Temp
TEMP=C:\Users\AC\AppData\Local\Temp



Periodic native trim disabled


---------------  S Y S T E M  ---------------

OS:
 Windows 11 , 64 bit Build 22621 (10.0.22621.3235)
OS uptime: 19 days 22:11 hours

CPU: total 4 (initial active 4) (2 cores per cpu, 2 threads per core) family 6 model 140 stepping 1 microcode 0x86, cx8, cmov, fxsr, ht, mmx, 3dnowpref, sse, sse2, sse3, ssse3, sse4.1, sse4.2, popcnt, lzcnt, tsc, tscinvbit, avx, avx2, aes, erms, clmul, bmi1, bmi2, adx, avx512f, avx512dq, avx512cd, avx512bw, avx512vl, sha, fma, vzeroupper, avx512_vpopcntdq, avx512_vpclmulqdq, avx512_vaes, avx512_vnni, clflush, clflushopt, clwb, avx512_vbmi2, avx512_vbmi
Processor Information for all 4 processors :
  Max Mhz: 2995, Current Mhz: 2995, Mhz Limit: 2995

Memory: 4k page, system-wide physical 7890M (186M free)
TotalPageFile size 32466M (AvailPageFile size 6M)
current process WorkingSet (physical memory assigned to process): 187M, peak: 187M
current process commit charge ("private bytes"): 213M, peak: 231M

vm_info: OpenJDK 64-Bit Server VM (17.0.10+7) for windows-amd64 JRE (17.0.10+7), built on Jan 16 2024 23:25:11 by "admin" with MS VC++ 16.10 / 16.11 (VS2019)

END.
