#
# There is insufficient memory for the Java Runtime Environment to continue.
# Native memory allocation (malloc) failed to allocate 824096 bytes for Chunk::new
# Possible reasons:
#   The system is out of physical RAM or swap space
#   The process is running with CompressedOops enabled, and the Java Heap may be blocking the growth of the native heap
# Possible solutions:
#   Reduce memory load on the system
#   Increase physical memory or swap space
#   Check if swap backing store is full
#   Decrease Java heap size (-Xmx/-Xms)
#   Decrease number of Java threads
#   Decrease Java thread stack sizes (-Xss)
#   Set larger code cache with -XX:ReservedCodeCacheSize=
#   JVM is running with Unscaled Compressed Oops mode in which the Java heap is
#     placed in the first 4GB address space. The Java Heap base address is the
#     maximum limit for the native heap growth. Please use -XX:HeapBaseMinAddress
#     to set the Java Heap base and to place the Java Heap above 4GB virtual address.
# This output file may be truncated or incomplete.
#
#  Out of Memory Error (arena.cpp:189), pid=27776, tid=30572
#
# JRE version: Java(TM) SE Runtime Environment (17.0.10+11) (build 17.0.10+11-LTS-240)
# Java VM: Java HotSpot(TM) 64-Bit Server VM (17.0.10+11-LTS-240, mixed mode, sharing, tiered, compressed oops, compressed class ptrs, g1 gc, windows-amd64)
# No core dump will be written. Minidumps are not enabled by default on client versions of Windows
#

---------------  S U M M A R Y ------------

Command Line: C:\Users\AC\git\RR_Web_Automation\RR\target\surefire\surefirebooter737619557234040604.jar C:\Users\AC\git\RR_Web_Automation\RR\target\surefire\surefire332576256952408149tmp C:\Users\AC\git\RR_Web_Automation\RR\target\surefire\surefire_010416715328468710311tmp

Host: 11th Gen Intel(R) Core(TM) i3-1115G4 @ 3.00GHz, 4 cores, 7G,  Windows 11 , 64 bit Build 22621 (10.0.22621.3672)
Time: Mon Jul  1 19:22:39 2024 India Standard Time elapsed time: 36.279832 seconds (0d 0h 0m 36s)

---------------  T H R E A D  ---------------

Current thread (0x00000132afed3510):  JavaThread "C2 CompilerThread0" daemon [_thread_in_native, id=30572, stack(0x0000001f35800000,0x0000001f35900000)]


Current CompileTask:
C2:  36279 4953       4       org.apache.xmlbeans.impl.store.Saver::addMapping (334 bytes)

Stack: [0x0000001f35800000,0x0000001f35900000]
Native frames: (J=compiled Java code, j=interpreted, Vv=VM code, C=native code)
V  [jvm.dll+0x677a5a]
V  [jvm.dll+0x7d8b2d]
V  [jvm.dll+0x7da48e]
V  [jvm.dll+0x7daaf3]
V  [jvm.dll+0x2455ff]
V  [jvm.dll+0xaaafb]
V  [jvm.dll+0xab09c]
V  [jvm.dll+0x2aafef]
V  [jvm.dll+0x57fd55]
V  [jvm.dll+0x220472]
V  [jvm.dll+0x22084f]
V  [jvm.dll+0x2197a6]
V  [jvm.dll+0x216c79]
V  [jvm.dll+0x1a3410]
V  [jvm.dll+0x226aeb]
V  [jvm.dll+0x224cab]
V  [jvm.dll+0x78e45c]
V  [jvm.dll+0x78888a]
V  [jvm.dll+0x676935]
C  [ucrtbase.dll+0x29333]
C  [KERNEL32.DLL+0x1257d]
C  [ntdll.dll+0x5af28]


---------------  P R O C E S S  ---------------

Threads class SMR info:
_java_thread_list=0x00000132f63503b0, length=18, elements={
0x000001329280beb0, 0x00000132afeb1490, 0x00000132afeb1e50, 0x00000132afec62f0,
0x00000132afec6bc0, 0x00000132afec9590, 0x00000132afec9f50, 0x00000132afed3510,
0x00000132afedd520, 0x00000132afee8f30, 0x00000132f51bb160, 0x00000132f51bfa60,
0x00000132f520efb0, 0x00000132f5226570, 0x00000132f66fc820, 0x00000132f6412460,
0x00000132f67e5f90, 0x00000132f67e64a0
}

Java Threads: ( => current thread )
  0x000001329280beb0 JavaThread "main" [_thread_in_Java, id=15064, stack(0x0000001f34b00000,0x0000001f34c00000)]
  0x00000132afeb1490 JavaThread "Reference Handler" daemon [_thread_blocked, id=7160, stack(0x0000001f35200000,0x0000001f35300000)]
  0x00000132afeb1e50 JavaThread "Finalizer" daemon [_thread_blocked, id=25000, stack(0x0000001f35300000,0x0000001f35400000)]
  0x00000132afec62f0 JavaThread "Signal Dispatcher" daemon [_thread_blocked, id=31248, stack(0x0000001f35400000,0x0000001f35500000)]
  0x00000132afec6bc0 JavaThread "Attach Listener" daemon [_thread_blocked, id=13468, stack(0x0000001f35500000,0x0000001f35600000)]
  0x00000132afec9590 JavaThread "Service Thread" daemon [_thread_blocked, id=10312, stack(0x0000001f35600000,0x0000001f35700000)]
  0x00000132afec9f50 JavaThread "Monitor Deflation Thread" daemon [_thread_blocked, id=5080, stack(0x0000001f35700000,0x0000001f35800000)]
=>0x00000132afed3510 JavaThread "C2 CompilerThread0" daemon [_thread_in_native, id=30572, stack(0x0000001f35800000,0x0000001f35900000)]
  0x00000132afedd520 JavaThread "C1 CompilerThread0" daemon [_thread_blocked, id=1500, stack(0x0000001f35900000,0x0000001f35a00000)]
  0x00000132afee8f30 JavaThread "Sweeper thread" daemon [_thread_blocked, id=1520, stack(0x0000001f35a00000,0x0000001f35b00000)]
  0x00000132f51bb160 JavaThread "Notification Thread" daemon [_thread_blocked, id=4592, stack(0x0000001f35b00000,0x0000001f35c00000)]
  0x00000132f51bfa60 JavaThread "Common-Cleaner" daemon [_thread_blocked, id=10400, stack(0x0000001f35d00000,0x0000001f35e00000)]
  0x00000132f520efb0 JavaThread "last-ditch-daemon-shutdown-thread-30sec" daemon [_thread_blocked, id=18272, stack(0x0000001f35e00000,0x0000001f35f00000)]
  0x00000132f5226570 JavaThread "surefire-forkedjvm-command-thread" daemon [_thread_in_native, id=20828, stack(0x0000001f35f00000,0x0000001f36000000)]
  0x00000132f66fc820 JavaThread "ForkJoinPool.commonPool-worker-1" daemon [_thread_blocked, id=20604, stack(0x0000001f36300000,0x0000001f36400000)]
  0x00000132f6412460 JavaThread "HttpClient-1-SelectorManager" daemon [_thread_in_native, id=14124, stack(0x0000001f36400000,0x0000001f36500000)]
  0x00000132f67e5f90 JavaThread "pool-1-thread-1" [_thread_blocked, id=8976, stack(0x0000001f36500000,0x0000001f36600000)]
  0x00000132f67e64a0 JavaThread "pool-1-thread-2" [_thread_blocked, id=19100, stack(0x0000001f36700000,0x0000001f36800000)]

Other Threads:
  0x00000132afeae6c0 VMThread "VM Thread" [stack: 0x0000001f35100000,0x0000001f35200000] [id=10992]
  0x000001329287c5e0 WatcherThread [stack: 0x0000001f35c00000,0x0000001f35d00000] [id=25028]
  0x0000013292864f80 GCTaskThread "GC Thread#0" [stack: 0x0000001f34c00000,0x0000001f34d00000] [id=27080]
  0x00000132f58b7020 GCTaskThread "GC Thread#1" [stack: 0x0000001f36000000,0x0000001f36100000] [id=11504]
  0x00000132f58d9ea0 GCTaskThread "GC Thread#2" [stack: 0x0000001f36100000,0x0000001f36200000] [id=13404]
  0x00000132f58de580 GCTaskThread "GC Thread#3" [stack: 0x0000001f36200000,0x0000001f36300000] [id=5908]
  0x0000013292875590 ConcurrentGCThread "G1 Main Marker" [stack: 0x0000001f34d00000,0x0000001f34e00000] [id=22240]
  0x0000013292875fa0 ConcurrentGCThread "G1 Conc#0" [stack: 0x0000001f34e00000,0x0000001f34f00000] [id=35776]
  0x00000132928d6470 ConcurrentGCThread "G1 Refine#0" [stack: 0x0000001f34f00000,0x0000001f35000000] [id=19704]
  0x00000132f6e8f6b0 ConcurrentGCThread "G1 Refine#1" [stack: 0x0000001f36a00000,0x0000001f36b00000] [id=30260]
  0x00000132f6e8f9a0 ConcurrentGCThread "G1 Refine#2" [stack: 0x0000001f36b00000,0x0000001f36c00000] [id=12964]
  0x00000132afd60090 ConcurrentGCThread "G1 Service" [stack: 0x0000001f35000000,0x0000001f35100000] [id=33588]

Threads with active compile tasks:
C2 CompilerThread0    36305 4953       4       org.apache.xmlbeans.impl.store.Saver::addMapping (334 bytes)

VM state: not at safepoint (normal execution)

VM Mutex/Monitor currently owned by a thread: None

Heap address: 0x0000000084a00000, size: 1974 MB, Compressed Oops mode: 32-bit

CDS archive(s) mapped at: [0x00000132b0000000-0x00000132b0bd0000-0x00000132b0bd0000), size 12386304, SharedBaseAddress: 0x00000132b0000000, ArchiveRelocationMode: 1.
Compressed class space mapped at: 0x00000132b1000000-0x00000132f1000000, reserved size: 1073741824
Narrow klass base: 0x00000132b0000000, Narrow klass shift: 0, Narrow klass range: 0x100000000

GC Precious Log:
 CPUs: 4 total, 4 available
 Memory: 7890M
 Large Page Support: Disabled
 NUMA Support: Disabled
 Compressed Oops: Enabled (32-bit)
 Heap Region Size: 1M
 Heap Min Capacity: 8M
 Heap Initial Capacity: 124M
 Heap Max Capacity: 1974M
 Pre-touch: Disabled
 Parallel Workers: 4
 Concurrent Workers: 1
 Concurrent Refinement Workers: 4
 Periodic GC: Disabled

Heap:
 garbage-first heap   total 129024K, used 52417K [0x0000000084a00000, 0x0000000100000000)
  region size 1024K, 27 young (27648K), 5 survivors (5120K)
 Metaspace       used 30958K, committed 31296K, reserved 1114112K
  class space    used 3714K, committed 3904K, reserved 1048576K

Heap Regions: E=young(eden), S=young(survivor), O=old, HS=humongous(starts), HC=humongous(continues), CS=collection set, F=free, OA=open archive, CA=closed archive, TAMS=top-at-mark-start (previous, next)
|   0|0x0000000084a00000, 0x0000000084b00000, 0x0000000084b00000|100%|HS|  |TAMS 0x0000000084b00000, 0x0000000084a00000| Complete 
|   1|0x0000000084b00000, 0x0000000084c00000, 0x0000000084c00000|100%|HS|  |TAMS 0x0000000084c00000, 0x0000000084b00000| Complete 
|   2|0x0000000084c00000, 0x0000000084d00000, 0x0000000084d00000|100%| O|  |TAMS 0x0000000084d00000, 0x0000000084c00000| Untracked 
|   3|0x0000000084d00000, 0x0000000084e00000, 0x0000000084e00000|100%| O|  |TAMS 0x0000000084e00000, 0x0000000084d00000| Untracked 
|   4|0x0000000084e00000, 0x0000000084f00000, 0x0000000084f00000|100%| O|  |TAMS 0x0000000084f00000, 0x0000000084e00000| Untracked 
|   5|0x0000000084f00000, 0x0000000085000000, 0x0000000085000000|100%| O|  |TAMS 0x0000000085000000, 0x0000000084f00000| Untracked 
|   6|0x0000000085000000, 0x0000000085100000, 0x0000000085100000|100%| O|  |TAMS 0x0000000085100000, 0x0000000085000000| Untracked 
|   7|0x0000000085100000, 0x0000000085200000, 0x0000000085200000|100%| O|  |TAMS 0x0000000085200000, 0x0000000085100000| Untracked 
|   8|0x0000000085200000, 0x0000000085300000, 0x0000000085300000|100%| O|  |TAMS 0x0000000085300000, 0x0000000085200000| Untracked 
|   9|0x0000000085300000, 0x0000000085400000, 0x0000000085400000|100%| O|  |TAMS 0x0000000085300000, 0x0000000085300000| Untracked 
|  10|0x0000000085400000, 0x0000000085500000, 0x0000000085500000|100%| O|  |TAMS 0x0000000085400000, 0x0000000085400000| Untracked 
|  11|0x0000000085500000, 0x0000000085600000, 0x0000000085600000|100%| O|  |TAMS 0x0000000085500000, 0x0000000085500000| Untracked 
|  12|0x0000000085600000, 0x0000000085700000, 0x0000000085700000|100%| O|  |TAMS 0x0000000085600000, 0x0000000085600000| Untracked 
|  13|0x0000000085700000, 0x0000000085800000, 0x0000000085800000|100%| O|  |TAMS 0x0000000085700000, 0x0000000085700000| Untracked 
|  14|0x0000000085800000, 0x0000000085900000, 0x0000000085900000|100%| O|  |TAMS 0x0000000085800000, 0x0000000085800000| Untracked 
|  15|0x0000000085900000, 0x0000000085a00000, 0x0000000085a00000|100%| O|  |TAMS 0x0000000085900000, 0x0000000085900000| Untracked 
|  16|0x0000000085a00000, 0x0000000085b00000, 0x0000000085b00000|100%| O|  |TAMS 0x0000000085a00000, 0x0000000085a00000| Untracked 
|  17|0x0000000085b00000, 0x0000000085c00000, 0x0000000085c00000|100%| O|  |TAMS 0x0000000085b00000, 0x0000000085b00000| Untracked 
|  18|0x0000000085c00000, 0x0000000085d00000, 0x0000000085d00000|100%| O|  |TAMS 0x0000000085c00000, 0x0000000085c00000| Untracked 
|  19|0x0000000085d00000, 0x0000000085e00000, 0x0000000085e00000|100%| O|  |TAMS 0x0000000085d00000, 0x0000000085d00000| Untracked 
|  20|0x0000000085e00000, 0x0000000085f00000, 0x0000000085f00000|100%| O|  |TAMS 0x0000000085e00000, 0x0000000085e00000| Untracked 
|  21|0x0000000085f00000, 0x0000000086000000, 0x0000000086000000|100%| O|  |TAMS 0x0000000085f00000, 0x0000000085f00000| Untracked 
|  22|0x0000000086000000, 0x0000000086100000, 0x0000000086100000|100%| O|  |TAMS 0x0000000086000000, 0x0000000086000000| Untracked 
|  23|0x0000000086100000, 0x0000000086200000, 0x0000000086200000|100%| O|  |TAMS 0x0000000086100000, 0x0000000086100000| Untracked 
|  24|0x0000000086200000, 0x0000000086300000, 0x0000000086300000|100%| O|  |TAMS 0x0000000086200000, 0x0000000086200000| Untracked 
|  25|0x0000000086300000, 0x00000000863c9c00, 0x0000000086400000| 78%| O|  |TAMS 0x0000000086300000, 0x0000000086300000| Untracked 
|  26|0x0000000086400000, 0x0000000086400000, 0x0000000086500000|  0%| F|  |TAMS 0x0000000086400000, 0x0000000086400000| Untracked 
|  27|0x0000000086500000, 0x0000000086500000, 0x0000000086600000|  0%| F|  |TAMS 0x0000000086500000, 0x0000000086500000| Untracked 
|  28|0x0000000086600000, 0x0000000086600000, 0x0000000086700000|  0%| F|  |TAMS 0x0000000086600000, 0x0000000086600000| Untracked 
|  29|0x0000000086700000, 0x0000000086700000, 0x0000000086800000|  0%| F|  |TAMS 0x0000000086700000, 0x0000000086700000| Untracked 
|  30|0x0000000086800000, 0x0000000086800000, 0x0000000086900000|  0%| F|  |TAMS 0x0000000086800000, 0x0000000086800000| Untracked 
|  31|0x0000000086900000, 0x0000000086900000, 0x0000000086a00000|  0%| F|  |TAMS 0x0000000086900000, 0x0000000086900000| Untracked 
|  32|0x0000000086a00000, 0x0000000086a00000, 0x0000000086b00000|  0%| F|  |TAMS 0x0000000086a00000, 0x0000000086a00000| Untracked 
|  33|0x0000000086b00000, 0x0000000086b00000, 0x0000000086c00000|  0%| F|  |TAMS 0x0000000086b00000, 0x0000000086b00000| Untracked 
|  34|0x0000000086c00000, 0x0000000086c00000, 0x0000000086d00000|  0%| F|  |TAMS 0x0000000086c00000, 0x0000000086c00000| Untracked 
|  35|0x0000000086d00000, 0x0000000086d00000, 0x0000000086e00000|  0%| F|  |TAMS 0x0000000086d00000, 0x0000000086d00000| Untracked 
|  36|0x0000000086e00000, 0x0000000086e00000, 0x0000000086f00000|  0%| F|  |TAMS 0x0000000086e00000, 0x0000000086e00000| Untracked 
|  37|0x0000000086f00000, 0x0000000086f00000, 0x0000000087000000|  0%| F|  |TAMS 0x0000000086f00000, 0x0000000086f00000| Untracked 
|  38|0x0000000087000000, 0x0000000087000000, 0x0000000087100000|  0%| F|  |TAMS 0x0000000087000000, 0x0000000087000000| Untracked 
|  39|0x0000000087100000, 0x0000000087100000, 0x0000000087200000|  0%| F|  |TAMS 0x0000000087100000, 0x0000000087100000| Untracked 
|  40|0x0000000087200000, 0x0000000087200000, 0x0000000087300000|  0%| F|  |TAMS 0x0000000087200000, 0x0000000087200000| Untracked 
|  41|0x0000000087300000, 0x0000000087300000, 0x0000000087400000|  0%| F|  |TAMS 0x0000000087300000, 0x0000000087300000| Untracked 
|  42|0x0000000087400000, 0x0000000087400000, 0x0000000087500000|  0%| F|  |TAMS 0x0000000087400000, 0x0000000087400000| Untracked 
|  43|0x0000000087500000, 0x0000000087500000, 0x0000000087600000|  0%| F|  |TAMS 0x0000000087500000, 0x0000000087500000| Untracked 
|  44|0x0000000087600000, 0x0000000087600000, 0x0000000087700000|  0%| F|  |TAMS 0x0000000087600000, 0x0000000087600000| Untracked 
|  45|0x0000000087700000, 0x0000000087700000, 0x0000000087800000|  0%| F|  |TAMS 0x0000000087700000, 0x0000000087700000| Untracked 
|  46|0x0000000087800000, 0x00000000878669f0, 0x0000000087900000| 40%| S|CS|TAMS 0x0000000087800000, 0x0000000087800000| Complete 
|  47|0x0000000087900000, 0x0000000087a00000, 0x0000000087a00000|100%| S|CS|TAMS 0x0000000087900000, 0x0000000087900000| Complete 
|  48|0x0000000087a00000, 0x0000000087b00000, 0x0000000087b00000|100%| S|CS|TAMS 0x0000000087a00000, 0x0000000087a00000| Complete 
|  49|0x0000000087b00000, 0x0000000087b00000, 0x0000000087c00000|  0%| F|  |TAMS 0x0000000087b00000, 0x0000000087b00000| Untracked 
|  50|0x0000000087c00000, 0x0000000087c00000, 0x0000000087d00000|  0%| F|  |TAMS 0x0000000087c00000, 0x0000000087c00000| Untracked 
|  51|0x0000000087d00000, 0x0000000087e00000, 0x0000000087e00000|100%| S|CS|TAMS 0x0000000087d00000, 0x0000000087d00000| Complete 
|  52|0x0000000087e00000, 0x0000000087f00000, 0x0000000087f00000|100%| S|CS|TAMS 0x0000000087e00000, 0x0000000087e00000| Complete 
|  53|0x0000000087f00000, 0x0000000087f00000, 0x0000000088000000|  0%| F|  |TAMS 0x0000000087f00000, 0x0000000087f00000| Untracked 
|  54|0x0000000088000000, 0x0000000088000000, 0x0000000088100000|  0%| F|  |TAMS 0x0000000088000000, 0x0000000088000000| Untracked 
|  55|0x0000000088100000, 0x0000000088100000, 0x0000000088200000|  0%| F|  |TAMS 0x0000000088100000, 0x0000000088100000| Untracked 
|  56|0x0000000088200000, 0x0000000088200000, 0x0000000088300000|  0%| F|  |TAMS 0x0000000088200000, 0x0000000088200000| Untracked 
|  57|0x0000000088300000, 0x0000000088300000, 0x0000000088400000|  0%| F|  |TAMS 0x0000000088300000, 0x0000000088300000| Untracked 
|  58|0x0000000088400000, 0x0000000088400000, 0x0000000088500000|  0%| F|  |TAMS 0x0000000088400000, 0x0000000088400000| Untracked 
|  59|0x0000000088500000, 0x0000000088500000, 0x0000000088600000|  0%| F|  |TAMS 0x0000000088500000, 0x0000000088500000| Untracked 
|  60|0x0000000088600000, 0x0000000088600000, 0x0000000088700000|  0%| F|  |TAMS 0x0000000088600000, 0x0000000088600000| Untracked 
|  61|0x0000000088700000, 0x0000000088700000, 0x0000000088800000|  0%| F|  |TAMS 0x0000000088700000, 0x0000000088700000| Untracked 
|  62|0x0000000088800000, 0x0000000088800000, 0x0000000088900000|  0%| F|  |TAMS 0x0000000088800000, 0x0000000088800000| Untracked 
|  63|0x0000000088900000, 0x0000000088900000, 0x0000000088a00000|  0%| F|  |TAMS 0x0000000088900000, 0x0000000088900000| Untracked 
|  64|0x0000000088a00000, 0x0000000088a00000, 0x0000000088b00000|  0%| F|  |TAMS 0x0000000088a00000, 0x0000000088a00000| Untracked 
|  65|0x0000000088b00000, 0x0000000088b00000, 0x0000000088c00000|  0%| F|  |TAMS 0x0000000088b00000, 0x0000000088b00000| Untracked 
|  66|0x0000000088c00000, 0x0000000088c00000, 0x0000000088d00000|  0%| F|  |TAMS 0x0000000088c00000, 0x0000000088c00000| Untracked 
|  67|0x0000000088d00000, 0x0000000088d00000, 0x0000000088e00000|  0%| F|  |TAMS 0x0000000088d00000, 0x0000000088d00000| Untracked 
|  68|0x0000000088e00000, 0x0000000088e00000, 0x0000000088f00000|  0%| F|  |TAMS 0x0000000088e00000, 0x0000000088e00000| Untracked 
|  69|0x0000000088f00000, 0x0000000088f00000, 0x0000000089000000|  0%| F|  |TAMS 0x0000000088f00000, 0x0000000088f00000| Untracked 
|  70|0x0000000089000000, 0x0000000089000000, 0x0000000089100000|  0%| F|  |TAMS 0x0000000089000000, 0x0000000089000000| Untracked 
|  71|0x0000000089100000, 0x0000000089100000, 0x0000000089200000|  0%| F|  |TAMS 0x0000000089100000, 0x0000000089100000| Untracked 
|  72|0x0000000089200000, 0x0000000089200000, 0x0000000089300000|  0%| F|  |TAMS 0x0000000089200000, 0x0000000089200000| Untracked 
|  73|0x0000000089300000, 0x0000000089300000, 0x0000000089400000|  0%| F|  |TAMS 0x0000000089300000, 0x0000000089300000| Untracked 
|  74|0x0000000089400000, 0x0000000089400000, 0x0000000089500000|  0%| F|  |TAMS 0x0000000089400000, 0x0000000089400000| Untracked 
|  75|0x0000000089500000, 0x0000000089500000, 0x0000000089600000|  0%| F|  |TAMS 0x0000000089500000, 0x0000000089500000| Untracked 
|  76|0x0000000089600000, 0x0000000089600000, 0x0000000089700000|  0%| F|  |TAMS 0x0000000089600000, 0x0000000089600000| Untracked 
|  77|0x0000000089700000, 0x0000000089700000, 0x0000000089800000|  0%| F|  |TAMS 0x0000000089700000, 0x0000000089700000| Untracked 
|  78|0x0000000089800000, 0x0000000089800000, 0x0000000089900000|  0%| F|  |TAMS 0x0000000089800000, 0x0000000089800000| Untracked 
|  79|0x0000000089900000, 0x0000000089900000, 0x0000000089a00000|  0%| F|  |TAMS 0x0000000089900000, 0x0000000089900000| Untracked 
|  80|0x0000000089a00000, 0x0000000089a00000, 0x0000000089b00000|  0%| F|  |TAMS 0x0000000089a00000, 0x0000000089a00000| Untracked 
|  81|0x0000000089b00000, 0x0000000089b00000, 0x0000000089c00000|  0%| F|  |TAMS 0x0000000089b00000, 0x0000000089b00000| Untracked 
|  82|0x0000000089c00000, 0x0000000089c00000, 0x0000000089d00000|  0%| F|  |TAMS 0x0000000089c00000, 0x0000000089c00000| Untracked 
|  83|0x0000000089d00000, 0x0000000089d00000, 0x0000000089e00000|  0%| F|  |TAMS 0x0000000089d00000, 0x0000000089d00000| Untracked 
|  84|0x0000000089e00000, 0x0000000089e00000, 0x0000000089f00000|  0%| F|  |TAMS 0x0000000089e00000, 0x0000000089e00000| Untracked 
|  85|0x0000000089f00000, 0x0000000089f00000, 0x000000008a000000|  0%| F|  |TAMS 0x0000000089f00000, 0x0000000089f00000| Untracked 
|  86|0x000000008a000000, 0x000000008a000000, 0x000000008a100000|  0%| F|  |TAMS 0x000000008a000000, 0x000000008a000000| Untracked 
|  87|0x000000008a100000, 0x000000008a100000, 0x000000008a200000|  0%| F|  |TAMS 0x000000008a100000, 0x000000008a100000| Untracked 
|  88|0x000000008a200000, 0x000000008a200000, 0x000000008a300000|  0%| F|  |TAMS 0x000000008a200000, 0x000000008a200000| Untracked 
|  89|0x000000008a300000, 0x000000008a300000, 0x000000008a400000|  0%| F|  |TAMS 0x000000008a300000, 0x000000008a300000| Untracked 
|  90|0x000000008a400000, 0x000000008a400000, 0x000000008a500000|  0%| F|  |TAMS 0x000000008a400000, 0x000000008a400000| Untracked 
|  91|0x000000008a500000, 0x000000008a500000, 0x000000008a600000|  0%| F|  |TAMS 0x000000008a500000, 0x000000008a500000| Untracked 
|  92|0x000000008a600000, 0x000000008a600000, 0x000000008a700000|  0%| F|  |TAMS 0x000000008a600000, 0x000000008a600000| Untracked 
|  93|0x000000008a700000, 0x000000008a700000, 0x000000008a800000|  0%| F|  |TAMS 0x000000008a700000, 0x000000008a700000| Untracked 
|  94|0x000000008a800000, 0x000000008a800000, 0x000000008a900000|  0%| F|  |TAMS 0x000000008a800000, 0x000000008a800000| Untracked 
|  95|0x000000008a900000, 0x000000008a900000, 0x000000008aa00000|  0%| F|  |TAMS 0x000000008a900000, 0x000000008a900000| Untracked 
|  96|0x000000008aa00000, 0x000000008aa00000, 0x000000008ab00000|  0%| F|  |TAMS 0x000000008aa00000, 0x000000008aa00000| Untracked 
|  97|0x000000008ab00000, 0x000000008ab00000, 0x000000008ac00000|  0%| F|  |TAMS 0x000000008ab00000, 0x000000008ab00000| Untracked 
|  98|0x000000008ac00000, 0x000000008ac00000, 0x000000008ad00000|  0%| F|  |TAMS 0x000000008ac00000, 0x000000008ac00000| Untracked 
|  99|0x000000008ad00000, 0x000000008ad00000, 0x000000008ae00000|  0%| F|  |TAMS 0x000000008ad00000, 0x000000008ad00000| Untracked 
| 100|0x000000008ae00000, 0x000000008ae00000, 0x000000008af00000|  0%| F|  |TAMS 0x000000008ae00000, 0x000000008ae00000| Untracked 
| 101|0x000000008af00000, 0x000000008af00000, 0x000000008b000000|  0%| F|  |TAMS 0x000000008af00000, 0x000000008af00000| Untracked 
| 102|0x000000008b000000, 0x000000008b000000, 0x000000008b100000|  0%| F|  |TAMS 0x000000008b000000, 0x000000008b000000| Untracked 
| 103|0x000000008b100000, 0x000000008b200000, 0x000000008b200000|100%| E|  |TAMS 0x000000008b100000, 0x000000008b100000| Complete 
| 104|0x000000008b200000, 0x000000008b300000, 0x000000008b300000|100%| E|CS|TAMS 0x000000008b200000, 0x000000008b200000| Complete 
| 105|0x000000008b300000, 0x000000008b400000, 0x000000008b400000|100%| E|CS|TAMS 0x000000008b300000, 0x000000008b300000| Complete 
| 106|0x000000008b400000, 0x000000008b500000, 0x000000008b500000|100%| E|CS|TAMS 0x000000008b400000, 0x000000008b400000| Complete 
| 107|0x000000008b500000, 0x000000008b600000, 0x000000008b600000|100%| E|CS|TAMS 0x000000008b500000, 0x000000008b500000| Complete 
| 108|0x000000008b600000, 0x000000008b700000, 0x000000008b700000|100%| E|CS|TAMS 0x000000008b600000, 0x000000008b600000| Complete 
| 109|0x000000008b700000, 0x000000008b800000, 0x000000008b800000|100%| E|CS|TAMS 0x000000008b700000, 0x000000008b700000| Complete 
| 110|0x000000008b800000, 0x000000008b900000, 0x000000008b900000|100%| E|CS|TAMS 0x000000008b800000, 0x000000008b800000| Complete 
| 111|0x000000008b900000, 0x000000008ba00000, 0x000000008ba00000|100%| E|CS|TAMS 0x000000008b900000, 0x000000008b900000| Complete 
| 112|0x000000008ba00000, 0x000000008bb00000, 0x000000008bb00000|100%| E|CS|TAMS 0x000000008ba00000, 0x000000008ba00000| Complete 
| 113|0x000000008bb00000, 0x000000008bc00000, 0x000000008bc00000|100%| E|CS|TAMS 0x000000008bb00000, 0x000000008bb00000| Complete 
| 114|0x000000008bc00000, 0x000000008bd00000, 0x000000008bd00000|100%| E|CS|TAMS 0x000000008bc00000, 0x000000008bc00000| Complete 
| 115|0x000000008bd00000, 0x000000008be00000, 0x000000008be00000|100%| E|CS|TAMS 0x000000008bd00000, 0x000000008bd00000| Complete 
| 116|0x000000008be00000, 0x000000008bf00000, 0x000000008bf00000|100%| E|CS|TAMS 0x000000008be00000, 0x000000008be00000| Complete 
| 117|0x000000008bf00000, 0x000000008c000000, 0x000000008c000000|100%| E|CS|TAMS 0x000000008bf00000, 0x000000008bf00000| Complete 
| 118|0x000000008c000000, 0x000000008c100000, 0x000000008c100000|100%| E|CS|TAMS 0x000000008c000000, 0x000000008c000000| Complete 
| 119|0x000000008c100000, 0x000000008c200000, 0x000000008c200000|100%| E|CS|TAMS 0x000000008c100000, 0x000000008c100000| Complete 
| 120|0x000000008c200000, 0x000000008c300000, 0x000000008c300000|100%| E|CS|TAMS 0x000000008c200000, 0x000000008c200000| Complete 
| 121|0x000000008c300000, 0x000000008c400000, 0x000000008c400000|100%| E|CS|TAMS 0x000000008c300000, 0x000000008c300000| Complete 
| 122|0x000000008c400000, 0x000000008c500000, 0x000000008c500000|100%| E|CS|TAMS 0x000000008c400000, 0x000000008c400000| Complete 
| 123|0x000000008c500000, 0x000000008c600000, 0x000000008c600000|100%| E|CS|TAMS 0x000000008c500000, 0x000000008c500000| Complete 
| 124|0x000000008c600000, 0x000000008c700000, 0x000000008c700000|100%| E|CS|TAMS 0x000000008c600000, 0x000000008c600000| Complete 
| 125|0x000000008c700000, 0x000000008c800000, 0x000000008c800000|100%| E|CS|TAMS 0x000000008c700000, 0x000000008c700000| Complete 

Card table byte_map: [0x00000132a94a0000,0x00000132a9880000] _byte_map_base: 0x00000132a907b000

Marking Bits (Prev, Next): (CMBitMap*) 0x00000132928655e0, (CMBitMap*) 0x00000132928655a0
 Prev Bits: [0x00000132abb40000, 0x00000132ada18000)
 Next Bits: [0x00000132a9c60000, 0x00000132abb38000)

Polling page: 0x0000013291b10000

Metaspace:

Usage:
  Non-class:     26.61 MB used.
      Class:      3.63 MB used.
       Both:     30.23 MB used.

Virtual space:
  Non-class space:       64.00 MB reserved,      26.75 MB ( 42%) committed,  1 nodes.
      Class space:        1.00 GB reserved,       3.81 MB ( <1%) committed,  1 nodes.
             Both:        1.06 GB reserved,      30.56 MB (  3%) committed. 

Chunk freelists:
   Non-Class:  4.94 MB
       Class:  12.22 MB
        Both:  17.15 MB

MaxMetaspaceSize: unlimited
CompressedClassSpaceSize: 1.00 GB
Initial GC threshold: 21.00 MB
Current GC threshold: 35.31 MB
CDS: on
MetaspaceReclaimPolicy: balanced
 - commit_granule_bytes: 65536.
 - commit_granule_words: 8192.
 - virtual_space_node_default_size: 8388608.
 - enlarge_chunks_in_place: 1.
 - new_chunks_are_fully_committed: 0.
 - uncommit_free_chunks: 1.
 - use_allocation_guard: 0.
 - handle_deallocations: 1.


Internal statistics:

num_allocs_failed_limit: 3.
num_arena_births: 406.
num_arena_deaths: 0.
num_vsnodes_births: 2.
num_vsnodes_deaths: 0.
num_space_committed: 489.
num_space_uncommitted: 0.
num_chunks_returned_to_freelist: 3.
num_chunks_taken_from_freelist: 1298.
num_chunk_merges: 3.
num_chunk_splits: 835.
num_chunks_enlarged: 560.
num_inconsistent_stats: 0.

CodeHeap 'non-profiled nmethods': size=120000Kb used=2202Kb max_used=2202Kb free=117797Kb
 bounds [0x00000132a1b90000, 0x00000132a1e00000, 0x00000132a90c0000]
CodeHeap 'profiled nmethods': size=120000Kb used=10420Kb max_used=10420Kb free=109579Kb
 bounds [0x000001329a0c0000, 0x000001329aaf0000, 0x00000132a15f0000]
CodeHeap 'non-nmethods': size=5760Kb used=1309Kb max_used=1355Kb free=4450Kb
 bounds [0x00000132a15f0000, 0x00000132a1860000, 0x00000132a1b90000]
 total_blobs=5486 nmethods=4873 adapters=524
 compilation: enabled
              stopped_count=0, restarted_count=0
 full_count=0

Compilation events (20 events):
Event: 36.230 Thread 0x00000132afedd520 4954       2       java.util.ServiceLoader$LazyClassPathLookupIterator::hasNext (42 bytes)
Event: 36.230 Thread 0x00000132afedd520 nmethod 4954 0x000001329aae7d10 code [0x000001329aae7f00, 0x000001329aae81d8]
Event: 36.230 Thread 0x00000132afedd520 4955       3       com.sun.org.apache.xerces.internal.utils.XMLSecurityManager::<init> (149 bytes)
Event: 36.231 Thread 0x00000132afedd520 nmethod 4955 0x000001329aae8410 code [0x000001329aae86c0, 0x000001329aae99e8]
Event: 36.235 Thread 0x00000132afed3510 nmethod 4692 0x00000132a1db3f10 code [0x00000132a1db4160, 0x00000132a1db5ab0]
Event: 36.235 Thread 0x00000132afed3510 4952       4       java.util.ArrayList::clear (43 bytes)
Event: 36.235 Thread 0x00000132afedd520 4957       3       org.apache.xmlbeans.impl.store.Cur::createAttr (17 bytes)
Event: 36.236 Thread 0x00000132afedd520 nmethod 4957 0x000001329aae9f10 code [0x000001329aaea0e0, 0x000001329aaea498]
Event: 36.237 Thread 0x00000132afed3510 nmethod 4952 0x00000132a1db6690 code [0x00000132a1db6800, 0x00000132a1db6958]
Event: 36.237 Thread 0x00000132afed3510 4953       4       org.apache.xmlbeans.impl.store.Saver::addMapping (334 bytes)
Event: 36.264 Thread 0x00000132afedd520 4965       3       org.apache.xmlbeans.impl.store.Xobj$AttrXobj::newNode (13 bytes)
Event: 36.264 Thread 0x00000132afedd520 nmethod 4965 0x000001329aaea690 code [0x000001329aaea840, 0x000001329aaeaba8]
Event: 36.268 Thread 0x00000132afedd520 4966       2       java.text.ParsePosition::<init> (20 bytes)
Event: 36.268 Thread 0x00000132afedd520 nmethod 4966 0x000001329aaead10 code [0x000001329aaeaea0, 0x000001329aaeafb8]
Event: 36.268 Thread 0x00000132afedd520 4967       2       org.apache.poi.openxml4j.opc.PackagePart::loadRelationships (31 bytes)
Event: 36.268 Thread 0x00000132afedd520 nmethod 4967 0x000001329aaeb090 code [0x000001329aaeb240, 0x000001329aaeb538]
Event: 36.269 Thread 0x00000132afedd520 4968       2       com.sun.org.apache.xerces.internal.dom.DeferredDocumentImpl::getNodeType (51 bytes)
Event: 36.269 Thread 0x00000132afedd520 nmethod 4968 0x000001329aaeb690 code [0x000001329aaeb840, 0x000001329aaeba48]
Event: 36.272 Thread 0x00000132afedd520 4969       2       org.apache.xmlbeans.impl.store.Xobj::hasAttrs (23 bytes)
Event: 36.273 Thread 0x00000132afedd520 nmethod 4969 0x000001329aaebb90 code [0x000001329aaebd20, 0x000001329aaebe78]

GC Heap History (20 events):
Event: 26.645 GC heap before
{Heap before GC invocations=6 (full 0):
 garbage-first heap   total 66560K, used 18973K [0x0000000084a00000, 0x0000000100000000)
  region size 1024K, 4 young (4096K), 3 survivors (3072K)
 Metaspace       used 27941K, committed 28288K, reserved 1114112K
  class space    used 3378K, committed 3584K, reserved 1048576K
}
Event: 26.649 GC heap after
{Heap after GC invocations=7 (full 0):
 garbage-first heap   total 66560K, used 17836K [0x0000000084a00000, 0x0000000100000000)
  region size 1024K, 1 young (1024K), 1 survivors (1024K)
 Metaspace       used 27941K, committed 28288K, reserved 1114112K
  class space    used 3378K, committed 3584K, reserved 1048576K
}
Event: 27.187 GC heap before
{Heap before GC invocations=7 (full 0):
 garbage-first heap   total 66560K, used 45484K [0x0000000084a00000, 0x0000000100000000)
  region size 1024K, 28 young (28672K), 1 survivors (1024K)
 Metaspace       used 28489K, committed 28800K, reserved 1114112K
  class space    used 3407K, committed 3584K, reserved 1048576K
}
Event: 27.190 GC heap after
{Heap after GC invocations=8 (full 0):
 garbage-first heap   total 66560K, used 21132K [0x0000000084a00000, 0x0000000100000000)
  region size 1024K, 4 young (4096K), 4 survivors (4096K)
 Metaspace       used 28489K, committed 28800K, reserved 1114112K
  class space    used 3407K, committed 3584K, reserved 1048576K
}
Event: 35.426 GC heap before
{Heap before GC invocations=8 (full 0):
 garbage-first heap   total 66560K, used 46732K [0x0000000084a00000, 0x0000000100000000)
  region size 1024K, 29 young (29696K), 4 survivors (4096K)
 Metaspace       used 30649K, committed 30976K, reserved 1114112K
  class space    used 3690K, committed 3840K, reserved 1048576K
}
Event: 35.430 GC heap after
{Heap after GC invocations=9 (full 0):
 garbage-first heap   total 66560K, used 22305K [0x0000000084a00000, 0x0000000100000000)
  region size 1024K, 2 young (2048K), 2 survivors (2048K)
 Metaspace       used 30649K, committed 30976K, reserved 1114112K
  class space    used 3690K, committed 3840K, reserved 1048576K
}
Event: 35.514 GC heap before
{Heap before GC invocations=9 (full 0):
 garbage-first heap   total 66560K, used 46881K [0x0000000084a00000, 0x0000000100000000)
  region size 1024K, 27 young (27648K), 2 survivors (2048K)
 Metaspace       used 30656K, committed 30976K, reserved 1114112K
  class space    used 3690K, committed 3840K, reserved 1048576K
}
Event: 35.519 GC heap after
{Heap after GC invocations=10 (full 0):
 garbage-first heap   total 66560K, used 26248K [0x0000000084a00000, 0x0000000100000000)
  region size 1024K, 4 young (4096K), 4 survivors (4096K)
 Metaspace       used 30656K, committed 30976K, reserved 1114112K
  class space    used 3690K, committed 3840K, reserved 1048576K
}
Event: 35.574 GC heap before
{Heap before GC invocations=10 (full 0):
 garbage-first heap   total 66560K, used 46728K [0x0000000084a00000, 0x0000000100000000)
  region size 1024K, 25 young (25600K), 4 survivors (4096K)
 Metaspace       used 30752K, committed 31104K, reserved 1114112K
  class space    used 3704K, committed 3904K, reserved 1048576K
}
Event: 35.577 GC heap after
{Heap after GC invocations=11 (full 0):
 garbage-first heap   total 66560K, used 27974K [0x0000000084a00000, 0x0000000100000000)
  region size 1024K, 2 young (2048K), 2 survivors (2048K)
 Metaspace       used 30752K, committed 31104K, reserved 1114112K
  class space    used 3704K, committed 3904K, reserved 1048576K
}
Event: 35.662 GC heap before
{Heap before GC invocations=11 (full 0):
 garbage-first heap   total 66560K, used 47430K [0x0000000084a00000, 0x0000000100000000)
  region size 1024K, 22 young (22528K), 2 survivors (2048K)
 Metaspace       used 30788K, committed 31168K, reserved 1114112K
  class space    used 3704K, committed 3904K, reserved 1048576K
}
Event: 35.664 GC heap after
{Heap after GC invocations=12 (full 0):
 garbage-first heap   total 66560K, used 27841K [0x0000000084a00000, 0x0000000100000000)
  region size 1024K, 2 young (2048K), 2 survivors (2048K)
 Metaspace       used 30788K, committed 31168K, reserved 1114112K
  class space    used 3704K, committed 3904K, reserved 1048576K
}
Event: 35.717 GC heap before
{Heap before GC invocations=12 (full 0):
 garbage-first heap   total 66560K, used 48321K [0x0000000084a00000, 0x0000000100000000)
  region size 1024K, 23 young (23552K), 2 survivors (2048K)
 Metaspace       used 30814K, committed 31168K, reserved 1114112K
  class space    used 3704K, committed 3904K, reserved 1048576K
}
Event: 35.718 GC heap after
{Heap after GC invocations=13 (full 0):
 garbage-first heap   total 129024K, used 27727K [0x0000000084a00000, 0x0000000100000000)
  region size 1024K, 2 young (2048K), 2 survivors (2048K)
 Metaspace       used 30814K, committed 31168K, reserved 1114112K
  class space    used 3704K, committed 3904K, reserved 1048576K
}
Event: 35.881 GC heap before
{Heap before GC invocations=13 (full 0):
 garbage-first heap   total 129024K, used 91215K [0x0000000084a00000, 0x0000000100000000)
  region size 1024K, 64 young (65536K), 2 survivors (2048K)
 Metaspace       used 30839K, committed 31168K, reserved 1114112K
  class space    used 3704K, committed 3904K, reserved 1048576K
}
Event: 35.883 GC heap after
{Heap after GC invocations=14 (full 0):
 garbage-first heap   total 129024K, used 27861K [0x0000000084a00000, 0x0000000100000000)
  region size 1024K, 2 young (2048K), 2 survivors (2048K)
 Metaspace       used 30839K, committed 31168K, reserved 1114112K
  class space    used 3704K, committed 3904K, reserved 1048576K
}
Event: 36.055 GC heap before
{Heap before GC invocations=14 (full 0):
 garbage-first heap   total 129024K, used 102613K [0x0000000084a00000, 0x0000000100000000)
  region size 1024K, 75 young (76800K), 2 survivors (2048K)
 Metaspace       used 30920K, committed 31296K, reserved 1114112K
  class space    used 3713K, committed 3904K, reserved 1048576K
}
Event: 36.057 GC heap after
{Heap after GC invocations=15 (full 0):
 garbage-first heap   total 129024K, used 27734K [0x0000000084a00000, 0x0000000100000000)
  region size 1024K, 2 young (2048K), 2 survivors (2048K)
 Metaspace       used 30920K, committed 31296K, reserved 1114112K
  class space    used 3713K, committed 3904K, reserved 1048576K
}
Event: 36.255 GC heap before
{Heap before GC invocations=15 (full 0):
 garbage-first heap   total 129024K, used 102486K [0x0000000084a00000, 0x0000000100000000)
  region size 1024K, 75 young (76800K), 2 survivors (2048K)
 Metaspace       used 30958K, committed 31296K, reserved 1114112K
  class space    used 3714K, committed 3904K, reserved 1048576K
}
Event: 36.258 GC heap after
{Heap after GC invocations=16 (full 0):
 garbage-first heap   total 129024K, used 30913K [0x0000000084a00000, 0x0000000100000000)
  region size 1024K, 5 young (5120K), 5 survivors (5120K)
 Metaspace       used 30958K, committed 31296K, reserved 1114112K
  class space    used 3714K, committed 3904K, reserved 1048576K
}

Deoptimization events (20 events):
Event: 35.695 Thread 0x000001329280beb0 Uncommon trap: trap_request=0xffffffde fr.pc=0x00000132a1d2407c relative=0x000000000000061c
Event: 35.695 Thread 0x000001329280beb0 Uncommon trap: reason=class_check action=maybe_recompile pc=0x00000132a1d2407c method=org.apache.xmlbeans.impl.store.CharUtil.getChars([CILjava/lang/Object;II)V @ 84 c2
Event: 35.695 Thread 0x000001329280beb0 DEOPT PACKING pc=0x00000132a1d2407c sp=0x0000001f34bfc860
Event: 35.695 Thread 0x000001329280beb0 DEOPT UNPACKING pc=0x00000132a1645ba3 sp=0x0000001f34bfc818 mode 2
Event: 35.706 Thread 0x000001329280beb0 DEOPT PACKING pc=0x000001329a849dd3 sp=0x0000001f34bfb8f0
Event: 35.706 Thread 0x000001329280beb0 DEOPT UNPACKING pc=0x00000132a16466e3 sp=0x0000001f34bfad98 mode 0
Event: 35.719 Thread 0x000001329280beb0 Uncommon trap: trap_request=0xffffffde fr.pc=0x00000132a1d2407c relative=0x000000000000061c
Event: 35.719 Thread 0x000001329280beb0 Uncommon trap: reason=class_check action=maybe_recompile pc=0x00000132a1d2407c method=org.apache.xmlbeans.impl.store.CharUtil.getChars([CILjava/lang/Object;II)V @ 84 c2
Event: 35.719 Thread 0x000001329280beb0 DEOPT PACKING pc=0x00000132a1d2407c sp=0x0000001f34bfc060
Event: 35.719 Thread 0x000001329280beb0 DEOPT UNPACKING pc=0x00000132a1645ba3 sp=0x0000001f34bfc018 mode 2
Event: 35.805 Thread 0x000001329280beb0 Uncommon trap: trap_request=0xffffffde fr.pc=0x00000132a1d2407c relative=0x000000000000061c
Event: 35.805 Thread 0x000001329280beb0 Uncommon trap: reason=class_check action=maybe_recompile pc=0x00000132a1d2407c method=org.apache.xmlbeans.impl.store.CharUtil.getChars([CILjava/lang/Object;II)V @ 84 c2
Event: 35.805 Thread 0x000001329280beb0 DEOPT PACKING pc=0x00000132a1d2407c sp=0x0000001f34bfc060
Event: 35.805 Thread 0x000001329280beb0 DEOPT UNPACKING pc=0x00000132a1645ba3 sp=0x0000001f34bfc018 mode 2
Event: 35.855 Thread 0x000001329280beb0 DEOPT PACKING pc=0x000001329a40e5a7 sp=0x0000001f34bfc7c0
Event: 35.855 Thread 0x000001329280beb0 DEOPT UNPACKING pc=0x00000132a16466e3 sp=0x0000001f34bfbd10 mode 0
Event: 35.891 Thread 0x000001329280beb0 DEOPT PACKING pc=0x000001329a84937d sp=0x0000001f34bfbe20
Event: 35.891 Thread 0x000001329280beb0 DEOPT UNPACKING pc=0x00000132a16466e3 sp=0x0000001f34bfb2a8 mode 0
Event: 36.269 Thread 0x000001329280beb0 DEOPT PACKING pc=0x000001329a40e5a7 sp=0x0000001f34bfcd30
Event: 36.269 Thread 0x000001329280beb0 DEOPT UNPACKING pc=0x00000132a16466e3 sp=0x0000001f34bfc280 mode 0

Classes unloaded (0 events):
No events

Classes redefined (0 events):
No events

Internal exceptions (20 events):
Event: 1.900 Thread 0x000001329280beb0 Exception <a 'java/lang/NoSuchMethodError'{0x000000008afe9230}: 'java.lang.Object java.lang.invoke.DirectMethodHandle$Holder.invokeInterface(java.lang.Object, java.lang.Object, java.lang.Object, java.lang.Object)'> (0x000000008afe9230) 
thrown [s\open\src\hotspot\share\interpreter\linkResolver.cpp, line 759]
Event: 1.904 Thread 0x000001329280beb0 Exception <a 'java/lang/IncompatibleClassChangeError'{0x000000008ae05480}: Found class java.lang.Object, but interface was expected> (0x000000008ae05480) 
thrown [s\open\src\hotspot\share\interpreter\linkResolver.cpp, line 826]
Event: 1.904 Thread 0x000001329280beb0 Exception <a 'java/lang/NoSuchMethodError'{0x000000008ae0bb98}: 'int java.lang.invoke.DirectMethodHandle$Holder.invokeSpecialIFC(java.lang.Object, java.lang.Object, java.lang.Object, java.lang.Object)'> (0x000000008ae0bb98) 
thrown [s\open\src\hotspot\share\interpreter\linkResolver.cpp, line 759]
Event: 1.951 Thread 0x000001329280beb0 Exception <a 'java/lang/NoSuchMethodError'{0x00000000879e6650}: 'double java.lang.invoke.DirectMethodHandle$Holder.invokeVirtual(java.lang.Object, java.lang.Object)'> (0x00000000879e6650) 
thrown [s\open\src\hotspot\share\interpreter\linkResolver.cpp, line 759]
Event: 1.952 Thread 0x000001329280beb0 Exception <a 'java/lang/NoSuchMethodError'{0x00000000879ecdf8}: 'float java.lang.invoke.DirectMethodHandle$Holder.invokeVirtual(java.lang.Object, java.lang.Object)'> (0x00000000879ecdf8) 
thrown [s\open\src\hotspot\share\interpreter\linkResolver.cpp, line 759]
Event: 1.952 Thread 0x000001329280beb0 Exception <a 'java/lang/NoSuchMethodError'{0x00000000879f5dd8}: 'long java.lang.invoke.DirectMethodHandle$Holder.invokeVirtual(java.lang.Object, java.lang.Object)'> (0x00000000879f5dd8) 
thrown [s\open\src\hotspot\share\interpreter\linkResolver.cpp, line 759]
Event: 1.955 Thread 0x000001329280beb0 Exception <a 'java/lang/NoSuchMethodError'{0x0000000087824860}: 'java.lang.Object java.lang.invoke.DirectMethodHandle$Holder.invokeVirtual(java.lang.Object, java.lang.Object, java.lang.Object)'> (0x0000000087824860) 
thrown [s\open\src\hotspot\share\interpreter\linkResolver.cpp, line 759]
Event: 1.971 Thread 0x000001329280beb0 Exception <a 'java/lang/NoSuchMethodError'{0x000000008773ac00}: 'java.lang.Object java.lang.invoke.DirectMethodHandle$Holder.newInvokeSpecial(java.lang.Object, java.lang.Object, int, int)'> (0x000000008773ac00) 
thrown [s\open\src\hotspot\share\interpreter\linkResolver.cpp, line 759]
Event: 1.972 Thread 0x000001329280beb0 Exception <a 'java/lang/NoSuchMethodError'{0x0000000087745a40}: 'void java.lang.invoke.DirectMethodHandle$Holder.invokeStatic(java.lang.Object, java.lang.Object, int)'> (0x0000000087745a40) 
thrown [s\open\src\hotspot\share\interpreter\linkResolver.cpp, line 759]
Event: 2.024 Thread 0x000001329280beb0 Exception <a 'java/lang/NoSuchMethodError'{0x0000000087493650}: 'void java.lang.invoke.DirectMethodHandle$Holder.invokeInterface(java.lang.Object, java.lang.Object, java.lang.Object, java.lang.Object, java.lang.Object)'> (0x0000000087493650) 
thrown [s\open\src\hotspot\share\interpreter\linkResolver.cpp, line 759]
Event: 2.053 Thread 0x00000132f67e5f90 Exception <a 'java/lang/NoSuchMethodError'{0x000000008733fa98}: 'java.lang.Object java.lang.invoke.DirectMethodHandle$Holder.invokeSpecial(java.lang.Object, java.lang.Object, java.lang.Object, java.lang.Object, int)'> (0x000000008733fa98) 
thrown [s\open\src\hotspot\share\interpreter\linkResolver.cpp, line 759]
Event: 2.053 Thread 0x00000132f67e5f90 Exception <a 'java/lang/NoSuchMethodError'{0x0000000087343660}: 'java.lang.Object java.lang.invoke.Invokers$Holder.linkToTargetMethod(java.lang.Object, java.lang.Object, int, java.lang.Object)'> (0x0000000087343660) 
thrown [s\open\src\hotspot\share\interpreter\linkResolver.cpp, line 759]
Event: 2.153 Thread 0x00000132f67e5f90 Exception <a 'java/lang/NoSuchMethodError'{0x0000000087290958}: 'void java.lang.invoke.DirectMethodHandle$Holder.invokeSpecial(java.lang.Object, java.lang.Object, java.lang.Object, java.lang.Object, java.lang.Object)'> (0x0000000087290958) 
thrown [s\open\src\hotspot\share\interpreter\linkResolver.cpp, line 759]
Event: 2.187 Thread 0x00000132f67e5f90 Exception <a 'java/lang/NoSuchMethodError'{0x00000000872ba960}: 'int java.lang.invoke.DirectMethodHandle$Holder.invokeStaticInit(java.lang.Object, int, int)'> (0x00000000872ba960) 
thrown [s\open\src\hotspot\share\interpreter\linkResolver.cpp, line 759]
Event: 2.191 Thread 0x00000132f67e5f90 Exception <a 'java/lang/NoSuchMethodError'{0x00000000872ce5f8}: 'void java.lang.invoke.DirectMethodHandle$Holder.invokeVirtual(java.lang.Object, java.lang.Object)'> (0x00000000872ce5f8) 
thrown [s\open\src\hotspot\share\interpreter\linkResolver.cpp, line 759]
Event: 7.542 Thread 0x00000132f67e5f90 Exception <a 'java/lang/NoSuchMethodError'{0x0000000086d13128}: 'java.lang.Object java.lang.invoke.DirectMethodHandle$Holder.newInvokeSpecial(java.lang.Object, java.lang.Object, long, java.lang.Object, java.lang.Object, java.lang.Object)'> (0x0000000086d13128) 
thrown [s\open\src\hotspot\share\interpreter\linkResolver.cpp, line 759]
Event: 7.546 Thread 0x00000132f67e5f90 Exception <a 'java/lang/NoSuchMethodError'{0x0000000086d2b770}: 'void java.lang.invoke.DirectMethodHandle$Holder.invokeSpecial(java.lang.Object, java.lang.Object, java.lang.Object, java.lang.Object, java.lang.Object, java.lang.Object, java.lang.Object)'> (0x0000000086d2b770) 
thrown [s\open\src\hotspot\share\interpreter\linkResolver.cpp, line 759]
Event: 7.603 Thread 0x000001329280beb0 Exception <a 'java/lang/NoSuchMethodError'{0x0000000086b1fb48}: 'java.lang.Object java.lang.invoke.DirectMethodHandle$Holder.invokeSpecialIFC(java.lang.Object, java.lang.Object, java.lang.Object)'> (0x0000000086b1fb48) 
thrown [s\open\src\hotspot\share\interpreter\linkResolver.cpp, line 759]
Event: 26.828 Thread 0x000001329280beb0 Implicit null exception at 0x00000132a1ce74dc to 0x00000132a1ce7744
Event: 34.975 Thread 0x000001329280beb0 Exception <a 'java/lang/NoSuchMethodError'{0x000000008769a780}: 'java.lang.Object java.lang.invoke.DirectMethodHandle$Holder.invokeVirtual(java.lang.Object, java.lang.Object, java.lang.Object, java.lang.Object)'> (0x000000008769a780) 
thrown [s\open\src\hotspot\share\interpreter\linkResolver.cpp, line 759]

VM Operations (20 events):
Event: 33.243 Executing VM operation: Cleanup
Event: 33.243 Executing VM operation: Cleanup done
Event: 35.263 Executing VM operation: Cleanup
Event: 35.263 Executing VM operation: Cleanup done
Event: 35.426 Executing VM operation: G1CollectForAllocation
Event: 35.430 Executing VM operation: G1CollectForAllocation done
Event: 35.514 Executing VM operation: G1CollectForAllocation
Event: 35.519 Executing VM operation: G1CollectForAllocation done
Event: 35.574 Executing VM operation: G1CollectForAllocation
Event: 35.577 Executing VM operation: G1CollectForAllocation done
Event: 35.662 Executing VM operation: G1CollectForAllocation
Event: 35.664 Executing VM operation: G1CollectForAllocation done
Event: 35.716 Executing VM operation: G1CollectForAllocation
Event: 35.718 Executing VM operation: G1CollectForAllocation done
Event: 35.881 Executing VM operation: G1CollectForAllocation
Event: 35.883 Executing VM operation: G1CollectForAllocation done
Event: 36.055 Executing VM operation: G1CollectForAllocation
Event: 36.057 Executing VM operation: G1CollectForAllocation done
Event: 36.255 Executing VM operation: G1CollectForAllocation
Event: 36.258 Executing VM operation: G1CollectForAllocation done

Events (20 events):
Event: 35.408 loading class sun/text/resources/FormatData
Event: 35.408 loading class sun/text/resources/FormatData done
Event: 35.408 loading class sun/text/resources/FormatData_en
Event: 35.408 loading class sun/text/resources/FormatData_en done
Event: 35.408 loading class sun/util/resources/LocaleData$2
Event: 35.409 loading class sun/util/resources/LocaleData$2 done
Event: 35.409 loading class sun/util/resources/LocaleData$SupplementaryStrategy
Event: 35.409 loading class sun/util/resources/LocaleData$SupplementaryStrategy done
Event: 35.409 loading class sun/text/resources/JavaTimeSupplementary
Event: 35.409 loading class sun/util/resources/OpenListResourceBundle
Event: 35.409 loading class sun/util/resources/OpenListResourceBundle done
Event: 35.409 loading class sun/text/resources/JavaTimeSupplementary done
Event: 35.409 loading class sun/text/resources/JavaTimeSupplementary_en
Event: 35.410 loading class sun/text/resources/JavaTimeSupplementary_en done
Event: 35.410 loading class sun/util/resources/ParallelListResourceBundle$KeySet
Event: 35.410 loading class sun/util/resources/ParallelListResourceBundle$KeySet done
Event: 35.411 loading class sun/util/locale/provider/CalendarDataUtility$CalendarFieldValueNameGetter
Event: 35.411 loading class sun/util/locale/provider/CalendarDataUtility$CalendarFieldValueNameGetter done
Event: 35.414 loading class java/time/DayOfWeek
Event: 35.414 loading class java/time/DayOfWeek done


Dynamic libraries:
0x00007ff7a1670000 - 0x00007ff7a1680000 	C:\Program Files\Java\jdk-17\bin\java.exe
0x00007ff817070000 - 0x00007ff817287000 	C:\WINDOWS\SYSTEM32\ntdll.dll
0x00007ff8165b0000 - 0x00007ff816674000 	C:\WINDOWS\System32\KERNEL32.DLL
0x00007ff814a00000 - 0x00007ff814dac000 	C:\WINDOWS\System32\KERNELBASE.dll
0x00007ff814810000 - 0x00007ff814921000 	C:\WINDOWS\System32\ucrtbase.dll
0x00007fffe4640000 - 0x00007fffe465b000 	C:\Program Files\Java\jdk-17\bin\VCRUNTIME140.dll
0x00007fffe4660000 - 0x00007fffe4679000 	C:\Program Files\Java\jdk-17\bin\jli.dll
0x00007ff816680000 - 0x00007ff816732000 	C:\WINDOWS\System32\ADVAPI32.dll
0x00007ff8161b0000 - 0x00007ff816257000 	C:\WINDOWS\System32\msvcrt.dll
0x00007ff815ac0000 - 0x00007ff815b6a000 	C:\WINDOWS\System32\sechost.dll
0x00007ff8149d0000 - 0x00007ff8149f8000 	C:\WINDOWS\System32\bcrypt.dll
0x00007ff816410000 - 0x00007ff816525000 	C:\WINDOWS\System32\RPCRT4.dll
0x00007ff816df0000 - 0x00007ff816f9e000 	C:\WINDOWS\System32\USER32.dll
0x00007ff800800000 - 0x00007ff800a93000 	C:\WINDOWS\WinSxS\amd64_microsoft.windows.common-controls_6595b64144ccf1df_6.0.22621.3672_none_2713b9d173822955\COMCTL32.dll
0x00007ff8147e0000 - 0x00007ff814806000 	C:\WINDOWS\System32\win32u.dll
0x00007ff8168c0000 - 0x00007ff8168e9000 	C:\WINDOWS\System32\GDI32.dll
0x00007ff814460000 - 0x00007ff814579000 	C:\WINDOWS\System32\gdi32full.dll
0x00007ff80a120000 - 0x00007ff80a12a000 	C:\WINDOWS\SYSTEM32\VERSION.dll
0x00007ff814930000 - 0x00007ff8149ca000 	C:\WINDOWS\System32\msvcp_win.dll
0x00007fffe4610000 - 0x00007fffe461c000 	C:\Program Files\Java\jdk-17\bin\vcruntime140_1.dll
0x00007fffe4580000 - 0x00007fffe460e000 	C:\Program Files\Java\jdk-17\bin\msvcp140.dll
0x00007fffe39a0000 - 0x00007fffe457f000 	C:\Program Files\Java\jdk-17\bin\server\jvm.dll
0x00007fffe3990000 - 0x00007fffe3999000 	C:\WINDOWS\SYSTEM32\WSOCK32.dll
0x00007ff80a4e0000 - 0x00007ff80a514000 	C:\WINDOWS\SYSTEM32\WINMM.dll
0x00007ff815a90000 - 0x00007ff815a98000 	C:\WINDOWS\System32\PSAPI.DLL
0x00007ff815c70000 - 0x00007ff815ce1000 	C:\WINDOWS\System32\WS2_32.dll
0x00007ff813390000 - 0x00007ff8133a8000 	C:\WINDOWS\SYSTEM32\kernel.appcore.dll
0x00007fffe38a0000 - 0x00007fffe38aa000 	C:\Program Files\Java\jdk-17\bin\jimage.dll
0x00007ff811c60000 - 0x00007ff811e92000 	C:\WINDOWS\SYSTEM32\DBGHELP.DLL
0x00007ff8168f0000 - 0x00007ff816c78000 	C:\WINDOWS\System32\combase.dll
0x00007ff815d70000 - 0x00007ff815e47000 	C:\WINDOWS\System32\OLEAUT32.dll
0x00007ff808870000 - 0x00007ff8088a2000 	C:\WINDOWS\SYSTEM32\dbgcore.DLL
0x00007ff8146f0000 - 0x00007ff81476b000 	C:\WINDOWS\System32\bcryptPrimitives.dll
0x00007fffe3870000 - 0x00007fffe3895000 	C:\Program Files\Java\jdk-17\bin\java.dll
0x00007fffe3790000 - 0x00007fffe3867000 	C:\Program Files\Java\jdk-17\bin\jsvml.dll
0x00007ff814db0000 - 0x00007ff81560c000 	C:\WINDOWS\System32\SHELL32.dll
0x00007ff8122a0000 - 0x00007ff812b97000 	C:\WINDOWS\SYSTEM32\windows.storage.dll
0x00007ff812160000 - 0x00007ff81229f000 	C:\WINDOWS\SYSTEM32\wintypes.dll
0x00007ff816cf0000 - 0x00007ff816de4000 	C:\WINDOWS\System32\SHCORE.dll
0x00007ff816c80000 - 0x00007ff816cde000 	C:\WINDOWS\System32\shlwapi.dll
0x00007ff8142d0000 - 0x00007ff8142f1000 	C:\WINDOWS\SYSTEM32\profapi.dll
0x00007fffe3480000 - 0x00007fffe3499000 	C:\Program Files\Java\jdk-17\bin\net.dll
0x00007ff80b900000 - 0x00007ff80ba36000 	C:\WINDOWS\SYSTEM32\WINHTTP.dll
0x00007ff8137f0000 - 0x00007ff813859000 	C:\WINDOWS\system32\mswsock.dll
0x00007fffe3460000 - 0x00007fffe3476000 	C:\Program Files\Java\jdk-17\bin\nio.dll
0x00007fffe3440000 - 0x00007fffe3458000 	C:\Program Files\Java\jdk-17\bin\zip.dll
0x00007fffe1aa0000 - 0x00007fffe1ab0000 	C:\Program Files\Java\jdk-17\bin\verify.dll
0x00007ff813a90000 - 0x00007ff813aab000 	C:\WINDOWS\SYSTEM32\CRYPTSP.dll
0x00007ff8132f0000 - 0x00007ff813325000 	C:\WINDOWS\system32\rsaenh.dll
0x00007ff813a00000 - 0x00007ff813a0c000 	C:\WINDOWS\SYSTEM32\CRYPTBASE.dll
0x00007ff812e00000 - 0x00007ff812e2d000 	C:\WINDOWS\SYSTEM32\IPHLPAPI.DLL
0x00007ff815aa0000 - 0x00007ff815aa9000 	C:\WINDOWS\System32\NSI.dll
0x00007ff80b8e0000 - 0x00007ff80b8f9000 	C:\WINDOWS\SYSTEM32\dhcpcsvc6.DLL
0x00007ff80b8c0000 - 0x00007ff80b8df000 	C:\WINDOWS\SYSTEM32\dhcpcsvc.DLL
0x00007ff812e70000 - 0x00007ff812f68000 	C:\WINDOWS\SYSTEM32\DNSAPI.dll
0x00007fffe1b50000 - 0x00007fffe1b5e000 	C:\Program Files\Java\jdk-17\bin\sunmscapi.dll
0x00007ff814580000 - 0x00007ff8146e7000 	C:\WINDOWS\System32\CRYPT32.dll
0x00007ff813c60000 - 0x00007ff813c8e000 	C:\WINDOWS\SYSTEM32\ncrypt.dll
0x00007ff813c20000 - 0x00007ff813c57000 	C:\WINDOWS\SYSTEM32\NTASN1.dll
0x00007fffe1b40000 - 0x00007fffe1b48000 	C:\WINDOWS\system32\wshunix.dll
0x00007ff8094e0000 - 0x00007ff8094ea000 	C:\Windows\System32\rasadhlp.dll
0x00007ff809bb0000 - 0x00007ff809c33000 	C:\WINDOWS\System32\fwpuclnt.dll

dbghelp: loaded successfully - version: 4.0.5 - missing functions: none
symbol engine: initialized successfully - sym options: 0x614 - pdb path: .;C:\Program Files\Java\jdk-17\bin;C:\WINDOWS\SYSTEM32;C:\WINDOWS\WinSxS\amd64_microsoft.windows.common-controls_6595b64144ccf1df_6.0.22621.3672_none_2713b9d173822955;C:\Program Files\Java\jdk-17\bin\server

VM Arguments:
java_command: C:\Users\AC\git\RR_Web_Automation\RR\target\surefire\surefirebooter737619557234040604.jar C:\Users\AC\git\RR_Web_Automation\RR\target\surefire\surefire332576256952408149tmp C:\Users\AC\git\RR_Web_Automation\RR\target\surefire\surefire_010416715328468710311tmp
java_class_path (initial): C:\Users\AC\git\RR_Web_Automation\RR\target\surefire\surefirebooter737619557234040604.jar
Launcher Type: SUN_STANDARD

[Global flags]
     intx CICompilerCount                          = 3                                         {product} {ergonomic}
     uint ConcGCThreads                            = 1                                         {product} {ergonomic}
     uint G1ConcRefinementThreads                  = 4                                         {product} {ergonomic}
   size_t G1HeapRegionSize                         = 1048576                                   {product} {ergonomic}
    uintx GCDrainStackTargetSize                   = 64                                        {product} {ergonomic}
   size_t InitialHeapSize                          = 130023424                                 {product} {ergonomic}
   size_t MarkStackSize                            = 4194304                                   {product} {ergonomic}
   size_t MaxHeapSize                              = 2069889024                                {product} {ergonomic}
   size_t MaxNewSize                               = 1241513984                                {product} {ergonomic}
   size_t MinHeapDeltaBytes                        = 1048576                                   {product} {ergonomic}
   size_t MinHeapSize                              = 8388608                                   {product} {ergonomic}
    uintx NonNMethodCodeHeapSize                   = 5832780                                {pd product} {ergonomic}
    uintx NonProfiledCodeHeapSize                  = 122912730                              {pd product} {ergonomic}
    uintx ProfiledCodeHeapSize                     = 122912730                              {pd product} {ergonomic}
    uintx ReservedCodeCacheSize                    = 251658240                              {pd product} {ergonomic}
     bool SegmentedCodeCache                       = true                                      {product} {ergonomic}
   size_t SoftMaxHeapSize                          = 2069889024                             {manageable} {ergonomic}
     bool UseCompressedClassPointers               = true                           {product lp64_product} {ergonomic}
     bool UseCompressedOops                        = true                           {product lp64_product} {ergonomic}
     bool UseG1GC                                  = true                                      {product} {ergonomic}
     bool UseLargePagesIndividualAllocation        = false                                  {pd product} {ergonomic}

Logging:
Log output configuration:
 #0: stdout all=warning uptime,level,tags
 #1: stderr all=off uptime,level,tags

Environment Variables:
PATH=C:\ProgramData\Jenkins\.jenkins\tools\hudson.tasks.Maven_MavenInstallation\maven3/bin;C:\Program Files\Common Files\Oracle\Java\javapath;C:\WINDOWS\system32;C:\WINDOWS;C:\WINDOWS\System32\Wbem;C:\WINDOWS\System32\WindowsPowerShell\v1.0\;C:\WINDOWS\System32\OpenSSH\;C:\Program Files\Java\jdk-17;C:\Program Files\Git\cmd;C:\Users\AC\git\RR_Web_Automation\RR\apache-maven-3.8.8-bin\apache-maven-3.8.8\bin;;C:\Program Files\Docker\Docker\resources\bin;C:\WINDOWS\system32\config\systemprofile\AppData\Local\Microsoft\WindowsApps
USERNAME=NEERU$
OS=Windows_NT
PROCESSOR_IDENTIFIER=Intel64 Family 6 Model 140 Stepping 1, GenuineIntel



---------------  S Y S T E M  ---------------

OS:
 Windows 11 , 64 bit Build 22621 (10.0.22621.3672)
OS uptime: 19 days 7:44 hours
Hyper-V role detected

CPU: total 4 (initial active 4) (2 cores per cpu, 2 threads per core) family 6 model 140 stepping 1 microcode 0x86, cx8, cmov, fxsr, ht, mmx, 3dnowpref, sse, sse2, sse3, ssse3, sse4.1, sse4.2, popcnt, lzcnt, tsc, tscinvbit, avx, avx2, aes, erms, clmul, bmi1, bmi2, adx, avx512f, avx512dq, avx512cd, avx512bw, avx512vl, sha, fma, vzeroupper, avx512_vpopcntdq, avx512_vpclmulqdq, avx512_vaes, avx512_vnni, clflush, clflushopt, clwb, avx512_vbmi2, avx512_vbmi, hv

Memory: 4k page, system-wide physical 7890M (307M free)
TotalPageFile size 32466M (AvailPageFile size 5M)
current process WorkingSet (physical memory assigned to process): 244M, peak: 244M
current process commit charge ("private bytes"): 275M, peak: 278M

vm_info: Java HotSpot(TM) 64-Bit Server VM (17.0.10+11-LTS-240) for windows-amd64 JRE (17.0.10+11-LTS-240), built on Dec 19 2023 21:47:25 by "mach5one" with MS VC++ 17.1 (VS2022)

END.
