#
# There is insufficient memory for the Java Runtime Environment to continue.
# Native memory allocation (mmap) failed to map 29360128 bytes for G1 virtual space
# Possible reasons:
#   The system is out of physical RAM or swap space
#   The process is running with CompressedOops enabled, and the Java Heap may be blocking the growth of the native heap
# Possible solutions:
#   Reduce memory load on the system
#   Increase physical memory or swap space
#   Check if swap backing store is full
#   Decrease Java heap size (-Xmx/-Xms)
#   Decrease number of Java threads
#   Decrease Java thread stack sizes (-Xss)
#   Set larger code cache with -XX:ReservedCodeCacheSize=
#   JVM is running with Unscaled Compressed Oops mode in which the Java heap is
#     placed in the first 4GB address space. The Java Heap base address is the
#     maximum limit for the native heap growth. Please use -XX:HeapBaseMinAddress
#     to set the Java Heap base and to place the Java Heap above 4GB virtual address.
# This output file may be truncated or incomplete.
#
#  Out of Memory Error (os_windows.cpp:3548), pid=34088, tid=14680
#
# JRE version: Java(TM) SE Runtime Environment (17.0.10+11) (build 17.0.10+11-LTS-240)
# Java VM: Java HotSpot(TM) 64-Bit Server VM (17.0.10+11-LTS-240, mixed mode, sharing, tiered, compressed oops, compressed class ptrs, g1 gc, windows-amd64)
# No core dump will be written. Minidumps are not enabled by default on client versions of Windows
#

---------------  S U M M A R Y ------------

Command Line: C:\Users\AC\git\RR_Web_Automation\RR\target\surefire\surefirebooter3546032979068682461.jar C:\Users\AC\git\RR_Web_Automation\RR\target\surefire\surefire5136545029644828175tmp C:\Users\AC\git\RR_Web_Automation\RR\target\surefire\surefire_06240097526197770196tmp

Host: 11th Gen Intel(R) Core(TM) i3-1115G4 @ 3.00GHz, 4 cores, 7G,  Windows 11 , 64 bit Build 22621 (10.0.22621.3527)
Time: Mon Jun  3 22:54:48 2024 India Standard Time elapsed time: 62.751500 seconds (0d 0h 1m 2s)

---------------  T H R E A D  ---------------

Current thread (0x00000188dd474ca0):  VMThread "VM Thread" [stack: 0x00000077a8a00000,0x00000077a8b00000] [id=14680]

Stack: [0x00000077a8a00000,0x00000077a8b00000]
Native frames: (J=compiled Java code, j=interpreted, Vv=VM code, C=native code)
V  [jvm.dll+0x677a5a]
V  [jvm.dll+0x7d8b2d]
V  [jvm.dll+0x7da48e]
V  [jvm.dll+0x7daaf3]
V  [jvm.dll+0x2455ff]
V  [jvm.dll+0x6749b9]
V  [jvm.dll+0x669382]
V  [jvm.dll+0x302e96]
V  [jvm.dll+0x30a416]
V  [jvm.dll+0x359cbe]
V  [jvm.dll+0x359eef]
V  [jvm.dll+0x2d9e88]
V  [jvm.dll+0x2d8295]
V  [jvm.dll+0x2d789c]
V  [jvm.dll+0x31b18b]
V  [jvm.dll+0x7df30b]
V  [jvm.dll+0x7e0044]
V  [jvm.dll+0x7e055d]
V  [jvm.dll+0x7e0934]
V  [jvm.dll+0x7e0a00]
V  [jvm.dll+0x78888a]
V  [jvm.dll+0x676935]
C  [ucrtbase.dll+0x29333]
C  [KERNEL32.DLL+0x1257d]
C  [ntdll.dll+0x5aa48]

VM_Operation (0x00000077a84fcf20): G1CollectForAllocation, mode: safepoint, requested by thread 0x00000188bfdcb320


---------------  P R O C E S S  ---------------

Threads class SMR info:
_java_thread_list=0x00000189243b8100, length=22, elements={
0x00000188bfdcb320, 0x00000188dd47ad00, 0x00000188dd47bd70, 0x00000188dd48ef30,
0x00000188dd48f800, 0x00000188dd492880, 0x00000188dd493150, 0x00000188dd4945a0,
0x00000188dd49cc20, 0x00000188dd49f4f0, 0x00000188dd6ddbf0, 0x00000188dd6df130,
0x00000188dd731280, 0x00000188dd721230, 0x0000018923971510, 0x0000018923db0080,
0x0000018923a18e40, 0x0000018923a19350, 0x0000018923a19860, 0x0000018923a16ad0,
0x0000018923a165c0, 0x0000018923a18420
}

Java Threads: ( => current thread )
  0x00000188bfdcb320 JavaThread "main" [_thread_blocked, id=30312, stack(0x00000077a8400000,0x00000077a8500000)]
  0x00000188dd47ad00 JavaThread "Reference Handler" daemon [_thread_blocked, id=412, stack(0x00000077a8b00000,0x00000077a8c00000)]
  0x00000188dd47bd70 JavaThread "Finalizer" daemon [_thread_blocked, id=15460, stack(0x00000077a8c00000,0x00000077a8d00000)]
  0x00000188dd48ef30 JavaThread "Signal Dispatcher" daemon [_thread_blocked, id=19080, stack(0x00000077a8d00000,0x00000077a8e00000)]
  0x00000188dd48f800 JavaThread "Attach Listener" daemon [_thread_blocked, id=31736, stack(0x00000077a8e00000,0x00000077a8f00000)]
  0x00000188dd492880 JavaThread "Service Thread" daemon [_thread_blocked, id=25620, stack(0x00000077a8f00000,0x00000077a9000000)]
  0x00000188dd493150 JavaThread "Monitor Deflation Thread" daemon [_thread_blocked, id=29756, stack(0x00000077a9000000,0x00000077a9100000)]
  0x00000188dd4945a0 JavaThread "C2 CompilerThread0" daemon [_thread_blocked, id=35752, stack(0x00000077a9100000,0x00000077a9200000)]
  0x00000188dd49cc20 JavaThread "C1 CompilerThread0" daemon [_thread_blocked, id=37800, stack(0x00000077a9200000,0x00000077a9300000)]
  0x00000188dd49f4f0 JavaThread "Sweeper thread" daemon [_thread_blocked, id=16392, stack(0x00000077a9300000,0x00000077a9400000)]
  0x00000188dd6ddbf0 JavaThread "Notification Thread" daemon [_thread_blocked, id=34804, stack(0x00000077a9400000,0x00000077a9500000)]
  0x00000188dd6df130 JavaThread "Common-Cleaner" daemon [_thread_blocked, id=31688, stack(0x00000077a9600000,0x00000077a9700000)]
  0x00000188dd731280 JavaThread "last-ditch-daemon-shutdown-thread-30sec" daemon [_thread_blocked, id=14972, stack(0x00000077a9700000,0x00000077a9800000)]
  0x00000188dd721230 JavaThread "surefire-forkedjvm-command-thread" daemon [_thread_in_native, id=11808, stack(0x00000077a9800000,0x00000077a9900000)]
  0x0000018923971510 JavaThread "ForkJoinPool.commonPool-worker-1" daemon [_thread_blocked, id=1532, stack(0x00000077a9c00000,0x00000077a9d00000)]
  0x0000018923db0080 JavaThread "ForkJoinPool.commonPool-worker-2" daemon [_thread_blocked, id=11580, stack(0x00000077a9d00000,0x00000077a9e00000)]
  0x0000018923a18e40 JavaThread "ForkJoinPool.commonPool-worker-3" daemon [_thread_blocked, id=27148, stack(0x00000077a9e00000,0x00000077a9f00000)]
  0x0000018923a19350 JavaThread "HttpClient-1-SelectorManager" daemon [_thread_in_native, id=29212, stack(0x00000077a9f00000,0x00000077aa000000)]
  0x0000018923a19860 JavaThread "pool-1-thread-1" [_thread_blocked, id=17780, stack(0x00000077aa000000,0x00000077aa100000)]
  0x0000018923a16ad0 JavaThread "pool-1-thread-2" [_thread_blocked, id=14644, stack(0x00000077aa200000,0x00000077aa300000)]
  0x0000018923a165c0 JavaThread "Java2D Disposer" daemon [_thread_blocked, id=30844, stack(0x00000077aa300000,0x00000077aa400000)]
  0x0000018923a18420 JavaThread "AWT-Windows" daemon [_thread_in_native, id=21936, stack(0x00000077aa500000,0x00000077aa600000)]

Other Threads:
=>0x00000188dd474ca0 VMThread "VM Thread" [stack: 0x00000077a8a00000,0x00000077a8b00000] [id=14680]
  0x00000188dd6de4e0 WatcherThread [stack: 0x00000077a9500000,0x00000077a9600000] [id=32396]
  0x00000188bfe22f90 GCTaskThread "GC Thread#0" [stack: 0x00000077a8500000,0x00000077a8600000] [id=20656]
  0x00000188dd7ef920 GCTaskThread "GC Thread#1" [stack: 0x00000077a9900000,0x00000077a9a00000] [id=28844]
  0x00000188dd7efbe0 GCTaskThread "GC Thread#2" [stack: 0x00000077a9a00000,0x00000077a9b00000] [id=23980]
  0x00000188dd7f0160 GCTaskThread "GC Thread#3" [stack: 0x00000077a9b00000,0x00000077a9c00000] [id=15752]
  0x00000188bfe334b0 ConcurrentGCThread "G1 Main Marker" [stack: 0x00000077a8600000,0x00000077a8700000] [id=14460]
  0x00000188bfe34570 ConcurrentGCThread "G1 Conc#0" [stack: 0x00000077a8700000,0x00000077a8800000] [id=32852]
  0x00000188bfe9d480 ConcurrentGCThread "G1 Refine#0" [stack: 0x00000077a8800000,0x00000077a8900000] [id=29416]
  0x00000188bfe9ddc0 ConcurrentGCThread "G1 Service" [stack: 0x00000077a8900000,0x00000077a8a00000] [id=15284]

Threads with active compile tasks:
C2 CompilerThread0    62781 6192       4       org.apache.xmlbeans.impl.store.Saver::createSaveCur (548 bytes)

VM state: at safepoint (normal execution)

VM Mutex/Monitor currently owned by a thread:  ([mutex/lock_event])
[0x00000188bfdc4cd0] Threads_lock - owner thread: 0x00000188dd474ca0
[0x00000188bfdc61a0] Heap_lock - owner thread: 0x00000188bfdcb320

Heap address: 0x0000000084a00000, size: 1974 MB, Compressed Oops mode: 32-bit

CDS archive(s) mapped at: [0x00000188de000000-0x00000188debd0000-0x00000188debd0000), size 12386304, SharedBaseAddress: 0x00000188de000000, ArchiveRelocationMode: 1.
Compressed class space mapped at: 0x00000188df000000-0x000001891f000000, reserved size: 1073741824
Narrow klass base: 0x00000188de000000, Narrow klass shift: 0, Narrow klass range: 0x100000000

GC Precious Log:
 CPUs: 4 total, 4 available
 Memory: 7890M
 Large Page Support: Disabled
 NUMA Support: Disabled
 Compressed Oops: Enabled (32-bit)
 Heap Region Size: 1M
 Heap Min Capacity: 8M
 Heap Initial Capacity: 124M
 Heap Max Capacity: 1974M
 Pre-touch: Disabled
 Parallel Workers: 4
 Concurrent Workers: 1
 Concurrent Refinement Workers: 4
 Periodic GC: Disabled

Heap:
 garbage-first heap   total 139264K, used 30041K [0x0000000084a00000, 0x0000000100000000)
  region size 1024K, 6 young (6144K), 6 survivors (6144K)
 Metaspace       used 33400K, committed 33792K, reserved 1114112K
  class space    used 3894K, committed 4096K, reserved 1048576K

Heap Regions: E=young(eden), S=young(survivor), O=old, HS=humongous(starts), HC=humongous(continues), CS=collection set, F=free, OA=open archive, CA=closed archive, TAMS=top-at-mark-start (previous, next)
|   0|0x0000000084a00000, 0x0000000084b00000, 0x0000000084b00000|100%|HS|  |TAMS 0x0000000084b00000, 0x0000000084a00000| Complete 
|   1|0x0000000084b00000, 0x0000000084c00000, 0x0000000084c00000|100%|HS|  |TAMS 0x0000000084c00000, 0x0000000084b00000| Complete 
|   2|0x0000000084c00000, 0x0000000084d00000, 0x0000000084d00000|100%| O|  |TAMS 0x0000000084d00000, 0x0000000084c00000| Untracked 
|   3|0x0000000084d00000, 0x0000000084e00000, 0x0000000084e00000|100%| O|  |TAMS 0x0000000084e00000, 0x0000000084d00000| Untracked 
|   4|0x0000000084e00000, 0x0000000084f00000, 0x0000000084f00000|100%| O|  |TAMS 0x0000000084f00000, 0x0000000084e00000| Untracked 
|   5|0x0000000084f00000, 0x0000000085000000, 0x0000000085000000|100%| O|  |TAMS 0x0000000085000000, 0x0000000084f00000| Untracked 
|   6|0x0000000085000000, 0x0000000085100000, 0x0000000085100000|100%| O|  |TAMS 0x0000000085100000, 0x0000000085000000| Untracked 
|   7|0x0000000085100000, 0x0000000085200000, 0x0000000085200000|100%| O|  |TAMS 0x0000000085200000, 0x0000000085100000| Untracked 
|   8|0x0000000085200000, 0x0000000085300000, 0x0000000085300000|100%| O|  |TAMS 0x000000008527fe00, 0x0000000085200000| Untracked 
|   9|0x0000000085300000, 0x00000000853d7600, 0x0000000085400000| 84%| O|  |TAMS 0x0000000085300000, 0x0000000085300000| Untracked 
|  10|0x0000000085400000, 0x0000000085500000, 0x0000000085500000|100%| O|  |TAMS 0x0000000085400000, 0x0000000085400000| Untracked 
|  11|0x0000000085500000, 0x0000000085600000, 0x0000000085600000|100%| O|  |TAMS 0x0000000085500000, 0x0000000085500000| Untracked 
|  12|0x0000000085600000, 0x0000000085700000, 0x0000000085700000|100%| O|  |TAMS 0x0000000085600000, 0x0000000085600000| Untracked 
|  13|0x0000000085700000, 0x0000000085800000, 0x0000000085800000|100%| O|  |TAMS 0x0000000085700000, 0x0000000085700000| Untracked 
|  14|0x0000000085800000, 0x0000000085900000, 0x0000000085900000|100%| O|  |TAMS 0x0000000085800000, 0x0000000085800000| Untracked 
|  15|0x0000000085900000, 0x0000000085a00000, 0x0000000085a00000|100%| O|  |TAMS 0x0000000085900000, 0x0000000085900000| Untracked 
|  16|0x0000000085a00000, 0x0000000085b00000, 0x0000000085b00000|100%| O|  |TAMS 0x0000000085a00000, 0x0000000085a00000| Untracked 
|  17|0x0000000085b00000, 0x0000000085c00000, 0x0000000085c00000|100%| O|  |TAMS 0x0000000085b00000, 0x0000000085b00000| Untracked 
|  18|0x0000000085c00000, 0x0000000085d00000, 0x0000000085d00000|100%| O|  |TAMS 0x0000000085c00000, 0x0000000085c00000| Untracked 
|  19|0x0000000085d00000, 0x0000000085e00000, 0x0000000085e00000|100%| O|  |TAMS 0x0000000085d00000, 0x0000000085d00000| Untracked 
|  20|0x0000000085e00000, 0x0000000085f00000, 0x0000000085f00000|100%| O|  |TAMS 0x0000000085e00000, 0x0000000085e00000| Untracked 
|  21|0x0000000085f00000, 0x0000000086000000, 0x0000000086000000|100%| O|  |TAMS 0x0000000085f00000, 0x0000000085f00000| Untracked 
|  22|0x0000000086000000, 0x0000000086100000, 0x0000000086100000|100%| O|  |TAMS 0x0000000086000000, 0x0000000086000000| Untracked 
|  23|0x0000000086100000, 0x0000000086200000, 0x0000000086200000|100%| O|  |TAMS 0x0000000086100000, 0x0000000086100000| Untracked 
|  24|0x0000000086200000, 0x000000008622e400, 0x0000000086300000| 18%| O|  |TAMS 0x0000000086200000, 0x0000000086200000| Untracked 
|  25|0x0000000086300000, 0x0000000086300000, 0x0000000086400000|  0%| F|  |TAMS 0x0000000086300000, 0x0000000086300000| Untracked 
|  26|0x0000000086400000, 0x0000000086400000, 0x0000000086500000|  0%| F|  |TAMS 0x0000000086400000, 0x0000000086400000| Untracked 
|  27|0x0000000086500000, 0x0000000086500000, 0x0000000086600000|  0%| F|  |TAMS 0x0000000086500000, 0x0000000086500000| Untracked 
|  28|0x0000000086600000, 0x0000000086600000, 0x0000000086700000|  0%| F|  |TAMS 0x0000000086600000, 0x0000000086600000| Untracked 
|  29|0x0000000086700000, 0x0000000086700000, 0x0000000086800000|  0%| F|  |TAMS 0x0000000086700000, 0x0000000086700000| Untracked 
|  30|0x0000000086800000, 0x0000000086800000, 0x0000000086900000|  0%| F|  |TAMS 0x0000000086800000, 0x0000000086800000| Untracked 
|  31|0x0000000086900000, 0x0000000086900000, 0x0000000086a00000|  0%| F|  |TAMS 0x0000000086900000, 0x0000000086900000| Untracked 
|  32|0x0000000086a00000, 0x0000000086a00000, 0x0000000086b00000|  0%| F|  |TAMS 0x0000000086a00000, 0x0000000086a00000| Untracked 
|  33|0x0000000086b00000, 0x0000000086b00000, 0x0000000086c00000|  0%| F|  |TAMS 0x0000000086b00000, 0x0000000086b00000| Untracked 
|  34|0x0000000086c00000, 0x0000000086c00000, 0x0000000086d00000|  0%| F|  |TAMS 0x0000000086c00000, 0x0000000086c00000| Untracked 
|  35|0x0000000086d00000, 0x0000000086d00000, 0x0000000086e00000|  0%| F|  |TAMS 0x0000000086d00000, 0x0000000086d00000| Untracked 
|  36|0x0000000086e00000, 0x0000000086e00000, 0x0000000086f00000|  0%| F|  |TAMS 0x0000000086e00000, 0x0000000086e00000| Untracked 
|  37|0x0000000086f00000, 0x0000000086f00000, 0x0000000087000000|  0%| F|  |TAMS 0x0000000086f00000, 0x0000000086f00000| Untracked 
|  38|0x0000000087000000, 0x0000000087000000, 0x0000000087100000|  0%| F|  |TAMS 0x0000000087000000, 0x0000000087000000| Untracked 
|  39|0x0000000087100000, 0x0000000087100000, 0x0000000087200000|  0%| F|  |TAMS 0x0000000087100000, 0x0000000087100000| Untracked 
|  40|0x0000000087200000, 0x0000000087200000, 0x0000000087300000|  0%| F|  |TAMS 0x0000000087200000, 0x0000000087200000| Untracked 
|  41|0x0000000087300000, 0x0000000087300000, 0x0000000087400000|  0%| F|  |TAMS 0x0000000087300000, 0x0000000087300000| Untracked 
|  42|0x0000000087400000, 0x0000000087400000, 0x0000000087500000|  0%| F|  |TAMS 0x0000000087400000, 0x0000000087400000| Untracked 
|  43|0x0000000087500000, 0x0000000087500000, 0x0000000087600000|  0%| F|  |TAMS 0x0000000087500000, 0x0000000087500000| Untracked 
|  44|0x0000000087600000, 0x0000000087600000, 0x0000000087700000|  0%| F|  |TAMS 0x0000000087600000, 0x0000000087600000| Untracked 
|  45|0x0000000087700000, 0x0000000087700000, 0x0000000087800000|  0%| F|  |TAMS 0x0000000087700000, 0x0000000087700000| Untracked 
|  46|0x0000000087800000, 0x0000000087800000, 0x0000000087900000|  0%| F|  |TAMS 0x0000000087800000, 0x0000000087800000| Untracked 
|  47|0x0000000087900000, 0x0000000087900000, 0x0000000087a00000|  0%| F|  |TAMS 0x0000000087900000, 0x0000000087900000| Untracked 
|  48|0x0000000087a00000, 0x0000000087a00000, 0x0000000087b00000|  0%| F|  |TAMS 0x0000000087a00000, 0x0000000087a00000| Untracked 
|  49|0x0000000087b00000, 0x0000000087b50b70, 0x0000000087c00000| 31%| S|CS|TAMS 0x0000000087b00000, 0x0000000087b00000| Complete 
|  50|0x0000000087c00000, 0x0000000087d00000, 0x0000000087d00000|100%| S|CS|TAMS 0x0000000087c00000, 0x0000000087c00000| Complete 
|  51|0x0000000087d00000, 0x0000000087e00000, 0x0000000087e00000|100%| S|CS|TAMS 0x0000000087d00000, 0x0000000087d00000| Complete 
|  52|0x0000000087e00000, 0x0000000087f00000, 0x0000000087f00000|100%| S|CS|TAMS 0x0000000087e00000, 0x0000000087e00000| Complete 
|  53|0x0000000087f00000, 0x0000000088000000, 0x0000000088000000|100%| S|CS|TAMS 0x0000000087f00000, 0x0000000087f00000| Complete 
|  54|0x0000000088000000, 0x0000000088100000, 0x0000000088100000|100%| S|CS|TAMS 0x0000000088000000, 0x0000000088000000| Complete 
|  55|0x0000000088100000, 0x0000000088100000, 0x0000000088200000|  0%| F|  |TAMS 0x0000000088100000, 0x0000000088100000| Untracked 
|  56|0x0000000088200000, 0x0000000088200000, 0x0000000088300000|  0%| F|  |TAMS 0x0000000088200000, 0x0000000088200000| Untracked 
|  57|0x0000000088300000, 0x0000000088300000, 0x0000000088400000|  0%| F|  |TAMS 0x0000000088300000, 0x0000000088300000| Untracked 
|  58|0x0000000088400000, 0x0000000088400000, 0x0000000088500000|  0%| F|  |TAMS 0x0000000088400000, 0x0000000088400000| Untracked 
|  59|0x0000000088500000, 0x0000000088500000, 0x0000000088600000|  0%| F|  |TAMS 0x0000000088500000, 0x0000000088500000| Untracked 
|  60|0x0000000088600000, 0x0000000088600000, 0x0000000088700000|  0%| F|  |TAMS 0x0000000088600000, 0x0000000088600000| Untracked 
|  61|0x0000000088700000, 0x0000000088700000, 0x0000000088800000|  0%| F|  |TAMS 0x0000000088700000, 0x0000000088700000| Untracked 
|  62|0x0000000088800000, 0x0000000088800000, 0x0000000088900000|  0%| F|  |TAMS 0x0000000088800000, 0x0000000088800000| Untracked 
|  63|0x0000000088900000, 0x0000000088900000, 0x0000000088a00000|  0%| F|  |TAMS 0x0000000088900000, 0x0000000088900000| Untracked 
|  64|0x0000000088a00000, 0x0000000088a00000, 0x0000000088b00000|  0%| F|  |TAMS 0x0000000088a00000, 0x0000000088a00000| Untracked 
|  65|0x0000000088b00000, 0x0000000088b00000, 0x0000000088c00000|  0%| F|  |TAMS 0x0000000088b00000, 0x0000000088b00000| Untracked 
|  66|0x0000000088c00000, 0x0000000088c00000, 0x0000000088d00000|  0%| F|  |TAMS 0x0000000088c00000, 0x0000000088c00000| Untracked 
|  67|0x0000000088d00000, 0x0000000088d00000, 0x0000000088e00000|  0%| F|  |TAMS 0x0000000088d00000, 0x0000000088d00000| Untracked 
|  68|0x0000000088e00000, 0x0000000088e00000, 0x0000000088f00000|  0%| F|  |TAMS 0x0000000088e00000, 0x0000000088e00000| Untracked 
|  69|0x0000000088f00000, 0x0000000088f00000, 0x0000000089000000|  0%| F|  |TAMS 0x0000000088f00000, 0x0000000088f00000| Untracked 
|  70|0x0000000089000000, 0x0000000089000000, 0x0000000089100000|  0%| F|  |TAMS 0x0000000089000000, 0x0000000089000000| Untracked 
|  71|0x0000000089100000, 0x0000000089100000, 0x0000000089200000|  0%| F|  |TAMS 0x0000000089100000, 0x0000000089100000| Untracked 
|  72|0x0000000089200000, 0x0000000089200000, 0x0000000089300000|  0%| F|  |TAMS 0x0000000089200000, 0x0000000089200000| Untracked 
|  73|0x0000000089300000, 0x0000000089300000, 0x0000000089400000|  0%| F|  |TAMS 0x0000000089300000, 0x0000000089300000| Untracked 
|  74|0x0000000089400000, 0x0000000089400000, 0x0000000089500000|  0%| F|  |TAMS 0x0000000089400000, 0x0000000089400000| Untracked 
|  75|0x0000000089500000, 0x0000000089500000, 0x0000000089600000|  0%| F|  |TAMS 0x0000000089500000, 0x0000000089500000| Untracked 
|  76|0x0000000089600000, 0x0000000089600000, 0x0000000089700000|  0%| F|  |TAMS 0x0000000089600000, 0x0000000089600000| Untracked 
|  77|0x0000000089700000, 0x0000000089700000, 0x0000000089800000|  0%| F|  |TAMS 0x0000000089700000, 0x0000000089700000| Untracked 
|  78|0x0000000089800000, 0x0000000089800000, 0x0000000089900000|  0%| F|  |TAMS 0x0000000089800000, 0x0000000089800000| Untracked 
|  79|0x0000000089900000, 0x0000000089900000, 0x0000000089a00000|  0%| F|  |TAMS 0x0000000089900000, 0x0000000089900000| Untracked 
|  80|0x0000000089a00000, 0x0000000089a00000, 0x0000000089b00000|  0%| F|  |TAMS 0x0000000089a00000, 0x0000000089a00000| Untracked 
|  81|0x0000000089b00000, 0x0000000089b00000, 0x0000000089c00000|  0%| F|  |TAMS 0x0000000089b00000, 0x0000000089b00000| Untracked 
|  82|0x0000000089c00000, 0x0000000089c00000, 0x0000000089d00000|  0%| F|  |TAMS 0x0000000089c00000, 0x0000000089c00000| Untracked 
|  83|0x0000000089d00000, 0x0000000089d00000, 0x0000000089e00000|  0%| F|  |TAMS 0x0000000089d00000, 0x0000000089d00000| Untracked 
|  84|0x0000000089e00000, 0x0000000089e00000, 0x0000000089f00000|  0%| F|  |TAMS 0x0000000089e00000, 0x0000000089e00000| Untracked 
|  85|0x0000000089f00000, 0x0000000089f00000, 0x000000008a000000|  0%| F|  |TAMS 0x0000000089f00000, 0x0000000089f00000| Untracked 
|  86|0x000000008a000000, 0x000000008a000000, 0x000000008a100000|  0%| F|  |TAMS 0x000000008a000000, 0x000000008a000000| Untracked 
|  87|0x000000008a100000, 0x000000008a100000, 0x000000008a200000|  0%| F|  |TAMS 0x000000008a100000, 0x000000008a100000| Untracked 
|  88|0x000000008a200000, 0x000000008a200000, 0x000000008a300000|  0%| F|  |TAMS 0x000000008a200000, 0x000000008a200000| Untracked 
|  89|0x000000008a300000, 0x000000008a300000, 0x000000008a400000|  0%| F|  |TAMS 0x000000008a300000, 0x000000008a300000| Untracked 
|  90|0x000000008a400000, 0x000000008a400000, 0x000000008a500000|  0%| F|  |TAMS 0x000000008a400000, 0x000000008a400000| Untracked 
|  91|0x000000008a500000, 0x000000008a500000, 0x000000008a600000|  0%| F|  |TAMS 0x000000008a500000, 0x000000008a500000| Untracked 
|  92|0x000000008a600000, 0x000000008a600000, 0x000000008a700000|  0%| F|  |TAMS 0x000000008a600000, 0x000000008a600000| Untracked 
|  93|0x000000008a700000, 0x000000008a700000, 0x000000008a800000|  0%| F|  |TAMS 0x000000008a700000, 0x000000008a700000| Untracked 
|  94|0x000000008a800000, 0x000000008a800000, 0x000000008a900000|  0%| F|  |TAMS 0x000000008a800000, 0x000000008a800000| Untracked 
|  95|0x000000008a900000, 0x000000008a900000, 0x000000008aa00000|  0%| F|  |TAMS 0x000000008a900000, 0x000000008a900000| Untracked 
|  96|0x000000008aa00000, 0x000000008aa00000, 0x000000008ab00000|  0%| F|  |TAMS 0x000000008aa00000, 0x000000008aa00000| Untracked 
|  97|0x000000008ab00000, 0x000000008ab00000, 0x000000008ac00000|  0%| F|  |TAMS 0x000000008ab00000, 0x000000008ab00000| Untracked 
|  98|0x000000008ac00000, 0x000000008ac00000, 0x000000008ad00000|  0%| F|  |TAMS 0x000000008ac00000, 0x000000008ac00000| Untracked 
|  99|0x000000008ad00000, 0x000000008ad00000, 0x000000008ae00000|  0%| F|  |TAMS 0x000000008ad00000, 0x000000008ad00000| Untracked 
| 100|0x000000008ae00000, 0x000000008ae00000, 0x000000008af00000|  0%| F|  |TAMS 0x000000008ae00000, 0x000000008ae00000| Untracked 
| 101|0x000000008af00000, 0x000000008af00000, 0x000000008b000000|  0%| F|  |TAMS 0x000000008af00000, 0x000000008af00000| Untracked 
| 102|0x000000008b000000, 0x000000008b000000, 0x000000008b100000|  0%| F|  |TAMS 0x000000008b000000, 0x000000008b000000| Untracked 
| 103|0x000000008b100000, 0x000000008b100000, 0x000000008b200000|  0%| F|  |TAMS 0x000000008b100000, 0x000000008b100000| Untracked 
| 104|0x000000008b200000, 0x000000008b200000, 0x000000008b300000|  0%| F|  |TAMS 0x000000008b200000, 0x000000008b200000| Untracked 
| 105|0x000000008b300000, 0x000000008b300000, 0x000000008b400000|  0%| F|  |TAMS 0x000000008b300000, 0x000000008b300000| Untracked 
| 106|0x000000008b400000, 0x000000008b400000, 0x000000008b500000|  0%| F|  |TAMS 0x000000008b400000, 0x000000008b400000| Untracked 
| 107|0x000000008b500000, 0x000000008b500000, 0x000000008b600000|  0%| F|  |TAMS 0x000000008b500000, 0x000000008b500000| Untracked 
| 108|0x000000008b600000, 0x000000008b600000, 0x000000008b700000|  0%| F|  |TAMS 0x000000008b600000, 0x000000008b600000| Untracked 
| 109|0x000000008b700000, 0x000000008b700000, 0x000000008b800000|  0%| F|  |TAMS 0x000000008b700000, 0x000000008b700000| Untracked 
| 110|0x000000008b800000, 0x000000008b800000, 0x000000008b900000|  0%| F|  |TAMS 0x000000008b800000, 0x000000008b800000| Untracked 
| 111|0x000000008b900000, 0x000000008b900000, 0x000000008ba00000|  0%| F|  |TAMS 0x000000008b900000, 0x000000008b900000| Untracked 
| 112|0x000000008ba00000, 0x000000008ba00000, 0x000000008bb00000|  0%| F|  |TAMS 0x000000008ba00000, 0x000000008ba00000| Untracked 
| 113|0x000000008bb00000, 0x000000008bb00000, 0x000000008bc00000|  0%| F|  |TAMS 0x000000008bb00000, 0x000000008bb00000| Untracked 
| 114|0x000000008bc00000, 0x000000008bc00000, 0x000000008bd00000|  0%| F|  |TAMS 0x000000008bc00000, 0x000000008bc00000| Untracked 
| 115|0x000000008bd00000, 0x000000008bd00000, 0x000000008be00000|  0%| F|  |TAMS 0x000000008bd00000, 0x000000008bd00000| Untracked 
| 116|0x000000008be00000, 0x000000008be00000, 0x000000008bf00000|  0%| F|  |TAMS 0x000000008be00000, 0x000000008be00000| Untracked 
| 117|0x000000008bf00000, 0x000000008bf00000, 0x000000008c000000|  0%| F|  |TAMS 0x000000008bf00000, 0x000000008bf00000| Untracked 
| 118|0x000000008c000000, 0x000000008c000000, 0x000000008c100000|  0%| F|  |TAMS 0x000000008c000000, 0x000000008c000000| Untracked 
| 119|0x000000008c100000, 0x000000008c100000, 0x000000008c200000|  0%| F|  |TAMS 0x000000008c100000, 0x000000008c100000| Untracked 
| 120|0x000000008c200000, 0x000000008c200000, 0x000000008c300000|  0%| F|  |TAMS 0x000000008c200000, 0x000000008c200000| Untracked 
| 121|0x000000008c300000, 0x000000008c300000, 0x000000008c400000|  0%| F|  |TAMS 0x000000008c300000, 0x000000008c300000| Untracked 
| 122|0x000000008c400000, 0x000000008c400000, 0x000000008c500000|  0%| F|  |TAMS 0x000000008c400000, 0x000000008c400000| Untracked 
| 123|0x000000008c500000, 0x000000008c500000, 0x000000008c600000|  0%| F|  |TAMS 0x000000008c500000, 0x000000008c500000| Untracked 
| 124|0x000000008c600000, 0x000000008c600000, 0x000000008c700000|  0%| F|  |TAMS 0x000000008c600000, 0x000000008c600000| Untracked 
| 125|0x000000008c700000, 0x000000008c700000, 0x000000008c800000|  0%| F|  |TAMS 0x000000008c700000, 0x000000008c700000| Untracked 
| 126|0x000000008c800000, 0x000000008c800000, 0x000000008c900000|  0%| F|  |TAMS 0x000000008c800000, 0x000000008c800000| Untracked 
| 127|0x000000008c900000, 0x000000008c900000, 0x000000008ca00000|  0%| F|  |TAMS 0x000000008c900000, 0x000000008c900000| Untracked 
| 128|0x000000008ca00000, 0x000000008ca00000, 0x000000008cb00000|  0%| F|  |TAMS 0x000000008ca00000, 0x000000008ca00000| Untracked 
| 129|0x000000008cb00000, 0x000000008cb00000, 0x000000008cc00000|  0%| F|  |TAMS 0x000000008cb00000, 0x000000008cb00000| Untracked 
| 130|0x000000008cc00000, 0x000000008cc00000, 0x000000008cd00000|  0%| F|  |TAMS 0x000000008cc00000, 0x000000008cc00000| Untracked 
| 131|0x000000008cd00000, 0x000000008cd00000, 0x000000008ce00000|  0%| F|  |TAMS 0x000000008cd00000, 0x000000008cd00000| Untracked 
| 132|0x000000008ce00000, 0x000000008ce00000, 0x000000008cf00000|  0%| F|  |TAMS 0x000000008ce00000, 0x000000008ce00000| Untracked 
| 133|0x000000008cf00000, 0x000000008cf00000, 0x000000008d000000|  0%| F|  |TAMS 0x000000008cf00000, 0x000000008cf00000| Untracked 
| 134|0x000000008d000000, 0x000000008d000000, 0x000000008d100000|  0%| F|  |TAMS 0x000000008d000000, 0x000000008d000000| Untracked 
| 135|0x000000008d100000, 0x000000008d100000, 0x000000008d200000|  0%| F|  |TAMS 0x000000008d100000, 0x000000008d100000| Untracked 

Card table byte_map: [0x00000188d6a60000,0x00000188d6e40000] _byte_map_base: 0x00000188d663b000

Marking Bits (Prev, Next): (CMBitMap*) 0x00000188bfe23500, (CMBitMap*) 0x00000188bfe234c0
 Prev Bits: [0x00000188d9100000, 0x00000188dafd8000)
 Next Bits: [0x00000188d7220000, 0x00000188d90f8000)

Polling page: 0x00000188bf5a0000

Metaspace:

Usage:
  Non-class:     28.81 MB used.
      Class:      3.80 MB used.
       Both:     32.62 MB used.

Virtual space:
  Non-class space:       64.00 MB reserved,      29.00 MB ( 45%) committed,  1 nodes.
      Class space:        1.00 GB reserved,       4.00 MB ( <1%) committed,  1 nodes.
             Both:        1.06 GB reserved,      33.00 MB (  3%) committed. 

Chunk freelists:
   Non-Class:  2.95 MB
       Class:  11.92 MB
        Both:  14.88 MB

MaxMetaspaceSize: unlimited
CompressedClassSpaceSize: 1.00 GB
Initial GC threshold: 21.00 MB
Current GC threshold: 35.25 MB
CDS: on
MetaspaceReclaimPolicy: balanced
 - commit_granule_bytes: 65536.
 - commit_granule_words: 8192.
 - virtual_space_node_default_size: 8388608.
 - enlarge_chunks_in_place: 1.
 - new_chunks_are_fully_committed: 0.
 - uncommit_free_chunks: 1.
 - use_allocation_guard: 0.
 - handle_deallocations: 1.


Internal statistics:

num_allocs_failed_limit: 3.
num_arena_births: 422.
num_arena_deaths: 0.
num_vsnodes_births: 2.
num_vsnodes_deaths: 0.
num_space_committed: 528.
num_space_uncommitted: 0.
num_chunks_returned_to_freelist: 3.
num_chunks_taken_from_freelist: 1386.
num_chunk_merges: 3.
num_chunk_splits: 865.
num_chunks_enlarged: 572.
num_inconsistent_stats: 0.

CodeHeap 'non-profiled nmethods': size=120000Kb used=3368Kb max_used=3368Kb free=116631Kb
 bounds [0x00000188cf150000, 0x00000188cf4a0000, 0x00000188d6680000]
CodeHeap 'profiled nmethods': size=120000Kb used=11125Kb max_used=11840Kb free=108875Kb
 bounds [0x00000188c7680000, 0x00000188c8220000, 0x00000188cebb0000]
CodeHeap 'non-nmethods': size=5760Kb used=1345Kb max_used=1385Kb free=4415Kb
 bounds [0x00000188cebb0000, 0x00000188cee20000, 0x00000188cf150000]
 total_blobs=5988 nmethods=5328 adapters=571
 compilation: enabled
              stopped_count=0, restarted_count=0
 full_count=0

Compilation events (20 events):
Event: 62.622 Thread 0x00000188dd49cc20 6345   !   2       org.openxmlformats.schemas.spreadsheetml.x2006.main.impl.CTWorksheetImpl::removeCols (35 bytes)
Event: 62.622 Thread 0x00000188dd49cc20 nmethod 6345 0x00000188c7dec610 code [0x00000188c7dec800, 0x00000188c7decd38]
Event: 62.660 Thread 0x00000188dd49cc20 6349   !   2       jdk.internal.reflect.GeneratedConstructorAccessor15::newInstance (53 bytes)
Event: 62.661 Thread 0x00000188dd49cc20 nmethod 6349 0x00000188c7bfe190 code [0x00000188c7bfe380, 0x00000188c7bfe8c8]
Event: 62.661 Thread 0x00000188dd49cc20 6350   !   2       jdk.internal.reflect.GeneratedConstructorAccessor16::newInstance (53 bytes)
Event: 62.661 Thread 0x00000188dd49cc20 nmethod 6350 0x00000188c7debc10 code [0x00000188c7debe00, 0x00000188c7dec328]
Event: 62.686 Thread 0x00000188dd49cc20 6351   !   3       java.util.Calendar::createCalendar (289 bytes)
Event: 62.687 Thread 0x00000188dd49cc20 nmethod 6351 0x00000188c7de9990 code [0x00000188c7de9d40, 0x00000188c7deb3c8]
Event: 62.687 Thread 0x00000188dd49cc20 6352       2       java.util.stream.Collectors$CollectorImpl::<init> (13 bytes)
Event: 62.687 Thread 0x00000188dd49cc20 nmethod 6352 0x00000188c791a690 code [0x00000188c791a840, 0x00000188c791ab18]
Event: 62.687 Thread 0x00000188dd49cc20 6355   !   3       sun.util.locale.provider.JRELocaleProviderAdapter::getCalendarProvider (51 bytes)
Event: 62.688 Thread 0x00000188dd49cc20 nmethod 6355 0x00000188c7919590 code [0x00000188c79197e0, 0x00000188c791a308]
Event: 62.688 Thread 0x00000188dd49cc20 6354       3       java.util.Calendar::defaultTimeZone (39 bytes)
Event: 62.688 Thread 0x00000188dd49cc20 nmethod 6354 0x00000188c7918010 code [0x00000188c79182c0, 0x00000188c79190d8]
Event: 62.688 Thread 0x00000188dd49cc20 6353       2       java.util.stream.Collectors::castingIdentity (6 bytes)
Event: 62.688 Thread 0x00000188dd49cc20 nmethod 6353 0x00000188c76a2a10 code [0x00000188c76a2ba0, 0x00000188c76a2c98]
Event: 62.715 Thread 0x00000188dd49cc20 6356       3       org.apache.poi.openxml4j.opc.PackagingURIHelper::createPartName (24 bytes)
Event: 62.716 Thread 0x00000188dd49cc20 nmethod 6356 0x00000188c7917a90 code [0x00000188c7917c40, 0x00000188c7917ed8]
Event: 62.716 Thread 0x00000188dd49cc20 6357 %     3       org.apache.poi.openxml4j.opc.PackagingURIHelper::getFilename @ 16 (52 bytes)
Event: 62.717 Thread 0x00000188dd49cc20 nmethod 6357% 0x00000188c7a68c10 code [0x00000188c7a68e80, 0x00000188c7a69958]

GC Heap History (20 events):
Event: 61.384 GC heap after
{Heap after GC invocations=21 (full 0):
 garbage-first heap   total 84992K, used 25298K [0x0000000084a00000, 0x0000000100000000)
  region size 1024K, 4 young (4096K), 4 survivors (4096K)
 Metaspace       used 33344K, committed 33728K, reserved 1114112K
  class space    used 3893K, committed 4096K, reserved 1048576K
}
Event: 61.465 GC heap before
{Heap before GC invocations=21 (full 0):
 garbage-first heap   total 84992K, used 62162K [0x0000000084a00000, 0x0000000100000000)
  region size 1024K, 40 young (40960K), 4 survivors (4096K)
 Metaspace       used 33347K, committed 33728K, reserved 1114112K
  class space    used 3893K, committed 4096K, reserved 1048576K
}
Event: 61.467 GC heap after
{Heap after GC invocations=22 (full 0):
 garbage-first heap   total 84992K, used 25489K [0x0000000084a00000, 0x0000000100000000)
  region size 1024K, 4 young (4096K), 4 survivors (4096K)
 Metaspace       used 33347K, committed 33728K, reserved 1114112K
  class space    used 3893K, committed 4096K, reserved 1048576K
}
Event: 61.555 GC heap before
{Heap before GC invocations=22 (full 0):
 garbage-first heap   total 84992K, used 62353K [0x0000000084a00000, 0x0000000100000000)
  region size 1024K, 40 young (40960K), 4 survivors (4096K)
 Metaspace       used 33348K, committed 33728K, reserved 1114112K
  class space    used 3893K, committed 4096K, reserved 1048576K
}
Event: 61.558 GC heap after
{Heap after GC invocations=23 (full 0):
 garbage-first heap   total 111616K, used 26968K [0x0000000084a00000, 0x0000000100000000)
  region size 1024K, 5 young (5120K), 5 survivors (5120K)
 Metaspace       used 33348K, committed 33728K, reserved 1114112K
  class space    used 3893K, committed 4096K, reserved 1048576K
}
Event: 61.703 GC heap before
{Heap before GC invocations=23 (full 0):
 garbage-first heap   total 111616K, used 85336K [0x0000000084a00000, 0x0000000100000000)
  region size 1024K, 62 young (63488K), 5 survivors (5120K)
 Metaspace       used 33359K, committed 33728K, reserved 1114112K
  class space    used 3894K, committed 4096K, reserved 1048576K
}
Event: 61.708 GC heap after
{Heap after GC invocations=24 (full 0):
 garbage-first heap   total 111616K, used 28291K [0x0000000084a00000, 0x0000000100000000)
  region size 1024K, 4 young (4096K), 4 survivors (4096K)
 Metaspace       used 33359K, committed 33728K, reserved 1114112K
  class space    used 3894K, committed 4096K, reserved 1048576K
}
Event: 61.828 GC heap before
{Heap before GC invocations=24 (full 0):
 garbage-first heap   total 111616K, used 84611K [0x0000000084a00000, 0x0000000100000000)
  region size 1024K, 59 young (60416K), 4 survivors (4096K)
 Metaspace       used 33368K, committed 33728K, reserved 1114112K
  class space    used 3894K, committed 4096K, reserved 1048576K
}
Event: 61.831 GC heap after
{Heap after GC invocations=25 (full 0):
 garbage-first heap   total 111616K, used 30039K [0x0000000084a00000, 0x0000000100000000)
  region size 1024K, 6 young (6144K), 6 survivors (6144K)
 Metaspace       used 33368K, committed 33728K, reserved 1114112K
  class space    used 3894K, committed 4096K, reserved 1048576K
}
Event: 61.946 GC heap before
{Heap before GC invocations=25 (full 0):
 garbage-first heap   total 111616K, used 83287K [0x0000000084a00000, 0x0000000100000000)
  region size 1024K, 58 young (59392K), 6 survivors (6144K)
 Metaspace       used 33368K, committed 33728K, reserved 1114112K
  class space    used 3894K, committed 4096K, reserved 1048576K
}
Event: 61.949 GC heap after
{Heap after GC invocations=26 (full 0):
 garbage-first heap   total 111616K, used 28623K [0x0000000084a00000, 0x0000000100000000)
  region size 1024K, 4 young (4096K), 4 survivors (4096K)
 Metaspace       used 33368K, committed 33728K, reserved 1114112K
  class space    used 3894K, committed 4096K, reserved 1048576K
}
Event: 62.057 GC heap before
{Heap before GC invocations=26 (full 0):
 garbage-first heap   total 111616K, used 84943K [0x0000000084a00000, 0x0000000100000000)
  region size 1024K, 59 young (60416K), 4 survivors (4096K)
 Metaspace       used 33368K, committed 33728K, reserved 1114112K
  class space    used 3894K, committed 4096K, reserved 1048576K
}
Event: 62.060 GC heap after
{Heap after GC invocations=27 (full 0):
 garbage-first heap   total 139264K, used 28404K [0x0000000084a00000, 0x0000000100000000)
  region size 1024K, 4 young (4096K), 4 survivors (4096K)
 Metaspace       used 33368K, committed 33728K, reserved 1114112K
  class space    used 3894K, committed 4096K, reserved 1048576K
}
Event: 62.242 GC heap before
{Heap before GC invocations=27 (full 0):
 garbage-first heap   total 139264K, used 107252K [0x0000000084a00000, 0x0000000100000000)
  region size 1024K, 81 young (82944K), 4 survivors (4096K)
 Metaspace       used 33372K, committed 33728K, reserved 1114112K
  class space    used 3894K, committed 4096K, reserved 1048576K
}
Event: 62.245 GC heap after
{Heap after GC invocations=28 (full 0):
 garbage-first heap   total 139264K, used 28347K [0x0000000084a00000, 0x0000000100000000)
  region size 1024K, 4 young (4096K), 4 survivors (4096K)
 Metaspace       used 33372K, committed 33728K, reserved 1114112K
  class space    used 3894K, committed 4096K, reserved 1048576K
}
Event: 62.423 GC heap before
{Heap before GC invocations=28 (full 0):
 garbage-first heap   total 139264K, used 107195K [0x0000000084a00000, 0x0000000100000000)
  region size 1024K, 81 young (82944K), 4 survivors (4096K)
 Metaspace       used 33374K, committed 33792K, reserved 1114112K
  class space    used 3894K, committed 4096K, reserved 1048576K
}
Event: 62.426 GC heap after
{Heap after GC invocations=29 (full 0):
 garbage-first heap   total 139264K, used 28323K [0x0000000084a00000, 0x0000000100000000)
  region size 1024K, 4 young (4096K), 4 survivors (4096K)
 Metaspace       used 33374K, committed 33792K, reserved 1114112K
  class space    used 3894K, committed 4096K, reserved 1048576K
}
Event: 62.594 GC heap before
{Heap before GC invocations=29 (full 0):
 garbage-first heap   total 139264K, used 107171K [0x0000000084a00000, 0x0000000100000000)
  region size 1024K, 81 young (82944K), 4 survivors (4096K)
 Metaspace       used 33392K, committed 33792K, reserved 1114112K
  class space    used 3894K, committed 4096K, reserved 1048576K
}
Event: 62.596 GC heap after
{Heap after GC invocations=30 (full 0):
 garbage-first heap   total 139264K, used 28169K [0x0000000084a00000, 0x0000000100000000)
  region size 1024K, 4 young (4096K), 4 survivors (4096K)
 Metaspace       used 33392K, committed 33792K, reserved 1114112K
  class space    used 3894K, committed 4096K, reserved 1048576K
}
Event: 62.745 GC heap before
{Heap before GC invocations=30 (full 0):
 garbage-first heap   total 139264K, used 107017K [0x0000000084a00000, 0x0000000100000000)
  region size 1024K, 81 young (82944K), 4 survivors (4096K)
 Metaspace       used 33400K, committed 33792K, reserved 1114112K
  class space    used 3894K, committed 4096K, reserved 1048576K
}

Deoptimization events (20 events):
Event: 61.528 Thread 0x00000188bfdcb320 DEOPT PACKING pc=0x00000188c79b0493 sp=0x00000077a84fca80
Event: 61.528 Thread 0x00000188bfdcb320 DEOPT UNPACKING pc=0x00000188cec066e3 sp=0x00000077a84fbf38 mode 0
Event: 61.551 Thread 0x00000188bfdcb320 DEOPT PACKING pc=0x00000188c79b0493 sp=0x00000077a84fcd30
Event: 61.551 Thread 0x00000188bfdcb320 DEOPT UNPACKING pc=0x00000188cec066e3 sp=0x00000077a84fc1e8 mode 0
Event: 61.793 Thread 0x00000188bfdcb320 Uncommon trap: trap_request=0xffffffde fr.pc=0x00000188cf3864d4 relative=0x0000000000002fd4
Event: 61.793 Thread 0x00000188bfdcb320 Uncommon trap: reason=class_check action=maybe_recompile pc=0x00000188cf3864d4 method=org.apache.xmlbeans.impl.store.Locale$ScrubBuffer.scrub(Ljava/lang/Object;II)V @ 25 c2
Event: 61.793 Thread 0x00000188bfdcb320 DEOPT PACKING pc=0x00000188cf3864d4 sp=0x00000077a84fd1e0
Event: 61.793 Thread 0x00000188bfdcb320 DEOPT UNPACKING pc=0x00000188cec05ba3 sp=0x00000077a84fd148 mode 2
Event: 61.865 Thread 0x00000188bfdcb320 DEOPT PACKING pc=0x00000188c81d03a3 sp=0x00000077a84fd3d0
Event: 61.865 Thread 0x00000188bfdcb320 DEOPT UNPACKING pc=0x00000188cec066e3 sp=0x00000077a84fc8c8 mode 0
Event: 62.294 Thread 0x00000188bfdcb320 Uncommon trap: trap_request=0xffffffde fr.pc=0x00000188cf3864d4 relative=0x0000000000002fd4
Event: 62.294 Thread 0x00000188bfdcb320 Uncommon trap: reason=class_check action=maybe_recompile pc=0x00000188cf3864d4 method=org.apache.xmlbeans.impl.store.Locale$ScrubBuffer.scrub(Ljava/lang/Object;II)V @ 25 c2
Event: 62.294 Thread 0x00000188bfdcb320 DEOPT PACKING pc=0x00000188cf3864d4 sp=0x00000077a84fd1e0
Event: 62.294 Thread 0x00000188bfdcb320 DEOPT UNPACKING pc=0x00000188cec05ba3 sp=0x00000077a84fd148 mode 2
Event: 62.558 Thread 0x00000188bfdcb320 DEOPT PACKING pc=0x00000188c80ec151 sp=0x00000077a84fc7e0
Event: 62.558 Thread 0x00000188bfdcb320 DEOPT UNPACKING pc=0x00000188cec066e3 sp=0x00000077a84fbc80 mode 0
Event: 62.683 Thread 0x00000188bfdcb320 Uncommon trap: trap_request=0xffffffde fr.pc=0x00000188cf3864d4 relative=0x0000000000002fd4
Event: 62.683 Thread 0x00000188bfdcb320 Uncommon trap: reason=class_check action=maybe_recompile pc=0x00000188cf3864d4 method=org.apache.xmlbeans.impl.store.Locale$ScrubBuffer.scrub(Ljava/lang/Object;II)V @ 25 c2
Event: 62.683 Thread 0x00000188bfdcb320 DEOPT PACKING pc=0x00000188cf3864d4 sp=0x00000077a84fd1e0
Event: 62.683 Thread 0x00000188bfdcb320 DEOPT UNPACKING pc=0x00000188cec05ba3 sp=0x00000077a84fd148 mode 2

Classes unloaded (0 events):
No events

Classes redefined (0 events):
No events

Internal exceptions (20 events):
Event: 2.469 Thread 0x00000188bfdcb320 Exception <a 'java/lang/NoSuchMethodError'{0x0000000087960dd0}: 'java.lang.Object java.lang.invoke.DirectMethodHandle$Holder.newInvokeSpecial(java.lang.Object, java.lang.Object, int, int)'> (0x0000000087960dd0) 
thrown [s\open\src\hotspot\share\interpreter\linkResolver.cpp, line 759]
Event: 2.470 Thread 0x00000188bfdcb320 Exception <a 'java/lang/NoSuchMethodError'{0x000000008796bc10}: 'void java.lang.invoke.DirectMethodHandle$Holder.invokeStatic(java.lang.Object, java.lang.Object, int)'> (0x000000008796bc10) 
thrown [s\open\src\hotspot\share\interpreter\linkResolver.cpp, line 759]
Event: 2.571 Thread 0x00000188bfdcb320 Exception <a 'java/lang/NoSuchMethodError'{0x00000000876ba278}: 'void java.lang.invoke.DirectMethodHandle$Holder.invokeInterface(java.lang.Object, java.lang.Object, java.lang.Object, java.lang.Object, java.lang.Object)'> (0x00000000876ba278) 
thrown [s\open\src\hotspot\share\interpreter\linkResolver.cpp, line 759]
Event: 2.608 Thread 0x0000018923a19860 Exception <a 'java/lang/NoSuchMethodError'{0x00000000875c0048}: 'java.lang.Object java.lang.invoke.DirectMethodHandle$Holder.invokeSpecial(java.lang.Object, java.lang.Object, java.lang.Object, java.lang.Object, int)'> (0x00000000875c0048) 
thrown [s\open\src\hotspot\share\interpreter\linkResolver.cpp, line 759]
Event: 2.609 Thread 0x0000018923a19860 Exception <a 'java/lang/NoSuchMethodError'{0x00000000875c3c10}: 'java.lang.Object java.lang.invoke.Invokers$Holder.linkToTargetMethod(java.lang.Object, java.lang.Object, int, java.lang.Object)'> (0x00000000875c3c10) 
thrown [s\open\src\hotspot\share\interpreter\linkResolver.cpp, line 759]
Event: 2.706 Thread 0x0000018923a19860 Exception <a 'java/lang/NoSuchMethodError'{0x00000000874bb4f0}: 'void java.lang.invoke.DirectMethodHandle$Holder.invokeSpecial(java.lang.Object, java.lang.Object, java.lang.Object, java.lang.Object, java.lang.Object)'> (0x00000000874bb4f0) 
thrown [s\open\src\hotspot\share\interpreter\linkResolver.cpp, line 759]
Event: 2.731 Thread 0x0000018923a19860 Exception <a 'java/lang/NoSuchMethodError'{0x00000000874e5470}: 'int java.lang.invoke.DirectMethodHandle$Holder.invokeStaticInit(java.lang.Object, int, int)'> (0x00000000874e5470) 
thrown [s\open\src\hotspot\share\interpreter\linkResolver.cpp, line 759]
Event: 2.735 Thread 0x0000018923a19860 Exception <a 'java/lang/NoSuchMethodError'{0x00000000874f8ec8}: 'void java.lang.invoke.DirectMethodHandle$Holder.invokeVirtual(java.lang.Object, java.lang.Object)'> (0x00000000874f8ec8) 
thrown [s\open\src\hotspot\share\interpreter\linkResolver.cpp, line 759]
Event: 8.004 Thread 0x0000018923a19860 Exception <a 'java/lang/NoSuchMethodError'{0x000000008705d7a8}: 'java.lang.Object java.lang.invoke.DirectMethodHandle$Holder.newInvokeSpecial(java.lang.Object, java.lang.Object, long, java.lang.Object, java.lang.Object, java.lang.Object)'> (0x000000008705d7a8) 
thrown [s\open\src\hotspot\share\interpreter\linkResolver.cpp, line 759]
Event: 8.008 Thread 0x0000018923a19860 Exception <a 'java/lang/NoSuchMethodError'{0x0000000087075df0}: 'void java.lang.invoke.DirectMethodHandle$Holder.invokeSpecial(java.lang.Object, java.lang.Object, java.lang.Object, java.lang.Object, java.lang.Object, java.lang.Object, java.lang.Object)'> (0x0000000087075df0) 
thrown [s\open\src\hotspot\share\interpreter\linkResolver.cpp, line 759]
Event: 8.065 Thread 0x00000188bfdcb320 Exception <a 'java/lang/NoSuchMethodError'{0x0000000086e4c9d0}: 'java.lang.Object java.lang.invoke.DirectMethodHandle$Holder.invokeSpecialIFC(java.lang.Object, java.lang.Object, java.lang.Object)'> (0x0000000086e4c9d0) 
thrown [s\open\src\hotspot\share\interpreter\linkResolver.cpp, line 759]
Event: 25.716 Thread 0x00000188bfdcb320 Implicit null exception at 0x00000188cf2b33dc to 0x00000188cf2b3644
Event: 25.905 Thread 0x00000188bfdcb320 Implicit null exception at 0x00000188cf1d40d7 to 0x00000188cf1d4328
Event: 29.398 Thread 0x00000188bfdcb320 Exception <a 'java/lang/ClassNotFoundException'{0x000000008703f960}: sun/awt/resources/spi/awtProvider> (0x000000008703f960) 
thrown [s\open\src\hotspot\share\classfile\systemDictionary.cpp, line 256]
Event: 29.405 Thread 0x00000188bfdcb320 Exception <a 'java/io/FileNotFoundException'{0x0000000087042900}> (0x0000000087042900) 
thrown [s\open\src\hotspot\share\prims\jni.cpp, line 516]
Event: 29.406 Thread 0x00000188bfdcb320 Exception <a 'java/io/FileNotFoundException'{0x0000000087044130}> (0x0000000087044130) 
thrown [s\open\src\hotspot\share\prims\jni.cpp, line 516]
Event: 35.071 Thread 0x00000188bfdcb320 Exception <a 'java/lang/NoSuchMethodError'{0x000000008796ffe0}: 'void java.lang.invoke.DirectMethodHandle$Holder.invokeSpecial(java.lang.Object, java.lang.Object, int)'> (0x000000008796ffe0) 
thrown [s\open\src\hotspot\share\interpreter\linkResolver.cpp, line 759]
Event: 50.375 Thread 0x00000188bfdcb320 Implicit null exception at 0x00000188cf325b47 to 0x00000188cf326810
Event: 57.798 Thread 0x00000188bfdcb320 Exception <a 'java/lang/NoSuchMethodError'{0x00000000884f3f30}: 'java.lang.Object java.lang.invoke.DirectMethodHandle$Holder.invokeVirtual(java.lang.Object, java.lang.Object, java.lang.Object, java.lang.Object)'> (0x00000000884f3f30) 
thrown [s\open\src\hotspot\share\interpreter\linkResolver.cpp, line 759]
Event: 61.104 Thread 0x00000188bfdcb320 Implicit null exception at 0x00000188cf4297ba to 0x00000188cf42dce0

VM Operations (20 events):
Event: 61.467 Executing VM operation: G1CollectForAllocation done
Event: 61.555 Executing VM operation: G1CollectForAllocation
Event: 61.558 Executing VM operation: G1CollectForAllocation done
Event: 61.703 Executing VM operation: G1CollectForAllocation
Event: 61.708 Executing VM operation: G1CollectForAllocation done
Event: 61.828 Executing VM operation: G1CollectForAllocation
Event: 61.831 Executing VM operation: G1CollectForAllocation done
Event: 61.937 Executing VM operation: HandshakeAllThreads
Event: 61.937 Executing VM operation: HandshakeAllThreads done
Event: 61.946 Executing VM operation: G1CollectForAllocation
Event: 61.949 Executing VM operation: G1CollectForAllocation done
Event: 62.057 Executing VM operation: G1CollectForAllocation
Event: 62.060 Executing VM operation: G1CollectForAllocation done
Event: 62.242 Executing VM operation: G1CollectForAllocation
Event: 62.245 Executing VM operation: G1CollectForAllocation done
Event: 62.423 Executing VM operation: G1CollectForAllocation
Event: 62.426 Executing VM operation: G1CollectForAllocation done
Event: 62.594 Executing VM operation: G1CollectForAllocation
Event: 62.596 Executing VM operation: G1CollectForAllocation done
Event: 62.745 Executing VM operation: G1CollectForAllocation

Events (20 events):
Event: 60.724 loading class sun/util/locale/provider/CalendarDataUtility$CalendarFieldValueNameGetter done
Event: 60.728 loading class java/time/DayOfWeek
Event: 60.729 loading class java/time/DayOfWeek done
Event: 60.735 loading class java/util/zip/CheckedInputStream
Event: 60.735 loading class java/util/zip/CheckedInputStream done
Event: 60.736 loading class java/util/zip/GZIPInputStream$1
Event: 60.736 loading class java/util/zip/GZIPInputStream$1 done
Event: 60.863 loading class sun/security/ssl/Alert
Event: 60.863 loading class sun/security/ssl/Alert done
Event: 60.863 loading class sun/security/ssl/Alert$AlertConsumer
Event: 60.864 loading class sun/security/ssl/Alert$AlertConsumer done
Event: 60.864 loading class sun/security/ssl/Alert$Level
Event: 60.864 loading class sun/security/ssl/Alert$Level done
Event: 61.939 Thread 0x00000188dd49f4f0 flushing nmethod 0x00000188c79d1d10
Event: 61.939 Thread 0x00000188dd49f4f0 flushing nmethod 0x00000188c79f2a90
Event: 61.940 Thread 0x00000188dd49f4f0 flushing nmethod 0x00000188c7b8dd90
Event: 61.941 Thread 0x00000188dd49f4f0 flushing nmethod 0x00000188c7e4d890
Event: 61.941 Thread 0x00000188dd49f4f0 flushing nmethod 0x00000188c7e50b90
Event: 61.941 Thread 0x00000188dd49f4f0 flushing nmethod 0x00000188c7e51f10
Event: 61.941 Thread 0x00000188dd49f4f0 flushing nmethod 0x00000188c7e62c90


Dynamic libraries:
0x00007ff7dcf20000 - 0x00007ff7dcf30000 	C:\Program Files\Java\jdk-17\bin\java.exe
0x00007ffa31c10000 - 0x00007ffa31e27000 	C:\WINDOWS\SYSTEM32\ntdll.dll
0x00007ffa2f940000 - 0x00007ffa2fa04000 	C:\WINDOWS\System32\KERNEL32.DLL
0x00007ffa2f180000 - 0x00007ffa2f527000 	C:\WINDOWS\System32\KERNELBASE.dll
0x00007ffa2f7b0000 - 0x00007ffa2f8c1000 	C:\WINDOWS\System32\ucrtbase.dll
0x00007ffa072f0000 - 0x00007ffa07309000 	C:\Program Files\Java\jdk-17\bin\jli.dll
0x00007ffa071f0000 - 0x00007ffa0720b000 	C:\Program Files\Java\jdk-17\bin\VCRUNTIME140.dll
0x00007ffa30b20000 - 0x00007ffa30bd2000 	C:\WINDOWS\System32\ADVAPI32.dll
0x00007ffa303f0000 - 0x00007ffa30497000 	C:\WINDOWS\System32\msvcrt.dll
0x00007ffa2fa30000 - 0x00007ffa2fad8000 	C:\WINDOWS\System32\sechost.dll
0x00007ffa2f150000 - 0x00007ffa2f178000 	C:\WINDOWS\System32\bcrypt.dll
0x00007ffa30660000 - 0x00007ffa30775000 	C:\WINDOWS\System32\RPCRT4.dll
0x00007ffa30be0000 - 0x00007ffa30d8e000 	C:\WINDOWS\System32\USER32.dll
0x00007ffa2ef30000 - 0x00007ffa2ef56000 	C:\WINDOWS\System32\win32u.dll
0x00007ffa30e40000 - 0x00007ffa30e69000 	C:\WINDOWS\System32\GDI32.dll
0x00007ffa1e540000 - 0x00007ffa1e7d3000 	C:\WINDOWS\WinSxS\amd64_microsoft.windows.common-controls_6595b64144ccf1df_6.0.22621.3527_none_270e469b73872a76\COMCTL32.dll
0x00007ffa2f5f0000 - 0x00007ffa2f709000 	C:\WINDOWS\System32\gdi32full.dll
0x00007ffa2f710000 - 0x00007ffa2f7aa000 	C:\WINDOWS\System32\msvcp_win.dll
0x00007ffa21760000 - 0x00007ffa2176a000 	C:\WINDOWS\SYSTEM32\VERSION.dll
0x00007ffa070a0000 - 0x00007ffa070ac000 	C:\Program Files\Java\jdk-17\bin\vcruntime140_1.dll
0x00007ffa033c0000 - 0x00007ffa0344e000 	C:\Program Files\Java\jdk-17\bin\msvcp140.dll
0x00007ffa02420000 - 0x00007ffa02fff000 	C:\Program Files\Java\jdk-17\bin\server\jvm.dll
0x00007ffa070d0000 - 0x00007ffa070d9000 	C:\WINDOWS\SYSTEM32\WSOCK32.dll
0x00007ffa30790000 - 0x00007ffa30798000 	C:\WINDOWS\System32\PSAPI.DLL
0x00007ffa304a0000 - 0x00007ffa30511000 	C:\WINDOWS\System32\WS2_32.dll
0x00007ffa22910000 - 0x00007ffa22944000 	C:\WINDOWS\SYSTEM32\WINMM.dll
0x00007ffa2df20000 - 0x00007ffa2df38000 	C:\WINDOWS\SYSTEM32\kernel.appcore.dll
0x00007ffa03810000 - 0x00007ffa0381a000 	C:\Program Files\Java\jdk-17\bin\jimage.dll
0x00007ffa2c520000 - 0x00007ffa2c752000 	C:\WINDOWS\SYSTEM32\DBGHELP.DLL
0x00007ffa2fae0000 - 0x00007ffa2fe68000 	C:\WINDOWS\System32\combase.dll
0x00007ffa31940000 - 0x00007ffa31a17000 	C:\WINDOWS\System32\OLEAUT32.dll
0x00007ffa02050000 - 0x00007ffa02082000 	C:\WINDOWS\SYSTEM32\dbgcore.DLL
0x00007ffa2ef60000 - 0x00007ffa2efd9000 	C:\WINDOWS\System32\bcryptPrimitives.dll
0x00007ffa01fe0000 - 0x00007ffa02005000 	C:\Program Files\Java\jdk-17\bin\java.dll
0x00007ffa01f00000 - 0x00007ffa01fd7000 	C:\Program Files\Java\jdk-17\bin\jsvml.dll
0x00007ffa310e0000 - 0x00007ffa3193c000 	C:\WINDOWS\System32\SHELL32.dll
0x00007ffa2ce20000 - 0x00007ffa2d716000 	C:\WINDOWS\SYSTEM32\windows.storage.dll
0x00007ffa2cce0000 - 0x00007ffa2ce1e000 	C:\WINDOWS\SYSTEM32\wintypes.dll
0x00007ffa2fe70000 - 0x00007ffa2ff65000 	C:\WINDOWS\System32\SHCORE.dll
0x00007ffa30560000 - 0x00007ffa305be000 	C:\WINDOWS\System32\shlwapi.dll
0x00007ffa2ee60000 - 0x00007ffa2ee81000 	C:\WINDOWS\SYSTEM32\profapi.dll
0x00007ffa03e70000 - 0x00007ffa03e89000 	C:\Program Files\Java\jdk-17\bin\net.dll
0x00007ffa24b70000 - 0x00007ffa24ca6000 	C:\WINDOWS\SYSTEM32\WINHTTP.dll
0x00007ffa2e3a0000 - 0x00007ffa2e409000 	C:\WINDOWS\system32\mswsock.dll
0x00007ffa03310000 - 0x00007ffa03326000 	C:\Program Files\Java\jdk-17\bin\nio.dll
0x00007ffa01ea0000 - 0x00007ffa01eb8000 	C:\Program Files\Java\jdk-17\bin\zip.dll
0x00007ffa03800000 - 0x00007ffa03810000 	C:\Program Files\Java\jdk-17\bin\verify.dll
0x00007ffa2e600000 - 0x00007ffa2e61b000 	C:\WINDOWS\SYSTEM32\CRYPTSP.dll
0x00007ffa2de80000 - 0x00007ffa2deb5000 	C:\WINDOWS\system32\rsaenh.dll
0x00007ffa2e620000 - 0x00007ffa2e62c000 	C:\WINDOWS\SYSTEM32\CRYPTBASE.dll
0x00007ffa2d9c0000 - 0x00007ffa2d9ed000 	C:\WINDOWS\SYSTEM32\IPHLPAPI.DLL
0x00007ffa30780000 - 0x00007ffa30789000 	C:\WINDOWS\System32\NSI.dll
0x00007ffa24a50000 - 0x00007ffa24a69000 	C:\WINDOWS\SYSTEM32\dhcpcsvc6.DLL
0x00007ffa24a30000 - 0x00007ffa24a4f000 	C:\WINDOWS\SYSTEM32\dhcpcsvc.DLL
0x00007ffa2da40000 - 0x00007ffa2db38000 	C:\WINDOWS\SYSTEM32\DNSAPI.dll
0x00007ffa03300000 - 0x00007ffa0330e000 	C:\Program Files\Java\jdk-17\bin\sunmscapi.dll
0x00007ffa2efe0000 - 0x00007ffa2f148000 	C:\WINDOWS\System32\CRYPT32.dll
0x00007ffa2e7e0000 - 0x00007ffa2e80e000 	C:\WINDOWS\SYSTEM32\ncrypt.dll
0x00007ffa2e7a0000 - 0x00007ffa2e7d7000 	C:\WINDOWS\SYSTEM32\NTASN1.dll
0x00007ffa01e90000 - 0x00007ffa01e98000 	C:\WINDOWS\system32\wshunix.dll
0x00007ffa216f0000 - 0x00007ffa216fa000 	C:\Windows\System32\rasadhlp.dll
0x00007ffa219e0000 - 0x00007ffa21a63000 	C:\WINDOWS\System32\fwpuclnt.dll
0x00007ff9f0d00000 - 0x00007ff9f0e91000 	C:\Program Files\Java\jdk-17\bin\awt.dll
0x00007ffa2bda0000 - 0x00007ffa2be37000 	C:\WINDOWS\SYSTEM32\apphelp.dll
0x00007ffa2c770000 - 0x00007ffa2c79b000 	C:\WINDOWS\system32\DWMAPI.DLL
0x00007ffa15740000 - 0x00007ffa15840000 	C:\WINDOWS\system32\opengl32.dll
0x00007ffa1e3f0000 - 0x00007ffa1e41d000 	C:\WINDOWS\SYSTEM32\GLU32.dll
0x00007ffa2c3e0000 - 0x00007ffa2c419000 	C:\WINDOWS\SYSTEM32\dxcore.dll
0x00007ffa31a20000 - 0x00007ffa31bc5000 	C:\WINDOWS\System32\ole32.dll

dbghelp: loaded successfully - version: 4.0.5 - missing functions: none
symbol engine: initialized successfully - sym options: 0x614 - pdb path: .;C:\Program Files\Java\jdk-17\bin;C:\WINDOWS\SYSTEM32;C:\WINDOWS\WinSxS\amd64_microsoft.windows.common-controls_6595b64144ccf1df_6.0.22621.3527_none_270e469b73872a76;C:\Program Files\Java\jdk-17\bin\server

VM Arguments:
java_command: C:\Users\AC\git\RR_Web_Automation\RR\target\surefire\surefirebooter3546032979068682461.jar C:\Users\AC\git\RR_Web_Automation\RR\target\surefire\surefire5136545029644828175tmp C:\Users\AC\git\RR_Web_Automation\RR\target\surefire\surefire_06240097526197770196tmp
java_class_path (initial): C:\Users\AC\git\RR_Web_Automation\RR\target\surefire\surefirebooter3546032979068682461.jar
Launcher Type: SUN_STANDARD

[Global flags]
     intx CICompilerCount                          = 3                                         {product} {ergonomic}
     uint ConcGCThreads                            = 1                                         {product} {ergonomic}
     uint G1ConcRefinementThreads                  = 4                                         {product} {ergonomic}
   size_t G1HeapRegionSize                         = 1048576                                   {product} {ergonomic}
    uintx GCDrainStackTargetSize                   = 64                                        {product} {ergonomic}
   size_t InitialHeapSize                          = 130023424                                 {product} {ergonomic}
   size_t MarkStackSize                            = 4194304                                   {product} {ergonomic}
   size_t MaxHeapSize                              = 2069889024                                {product} {ergonomic}
   size_t MaxNewSize                               = 1241513984                                {product} {ergonomic}
   size_t MinHeapDeltaBytes                        = 1048576                                   {product} {ergonomic}
   size_t MinHeapSize                              = 8388608                                   {product} {ergonomic}
    uintx NonNMethodCodeHeapSize                   = 5832780                                {pd product} {ergonomic}
    uintx NonProfiledCodeHeapSize                  = 122912730                              {pd product} {ergonomic}
    uintx ProfiledCodeHeapSize                     = 122912730                              {pd product} {ergonomic}
    uintx ReservedCodeCacheSize                    = 251658240                              {pd product} {ergonomic}
     bool SegmentedCodeCache                       = true                                      {product} {ergonomic}
   size_t SoftMaxHeapSize                          = 2069889024                             {manageable} {ergonomic}
     bool UseCompressedClassPointers               = true                           {product lp64_product} {ergonomic}
     bool UseCompressedOops                        = true                           {product lp64_product} {ergonomic}
     bool UseG1GC                                  = true                                      {product} {ergonomic}
     bool UseLargePagesIndividualAllocation        = false                                  {pd product} {ergonomic}

Logging:
Log output configuration:
 #0: stdout all=warning uptime,level,tags
 #1: stderr all=off uptime,level,tags

Environment Variables:
PATH=C:\ProgramData\Jenkins\.jenkins\tools\hudson.tasks.Maven_MavenInstallation\maven3/bin;C:\Program Files\Common Files\Oracle\Java\javapath;C:\WINDOWS\system32;C:\WINDOWS;C:\WINDOWS\System32\Wbem;C:\WINDOWS\System32\WindowsPowerShell\v1.0\;C:\WINDOWS\System32\OpenSSH\;C:\Program Files\Java\jdk-17;C:\Program Files\Git\cmd;C:\Users\AC\git\RR_Web_Automation\RR\apache-maven-3.8.8-bin\apache-maven-3.8.8\bin;;C:\Program Files\Docker\Docker\resources\bin;C:\WINDOWS\system32\config\systemprofile\AppData\Local\Microsoft\WindowsApps
USERNAME=NEERU$
OS=Windows_NT
PROCESSOR_IDENTIFIER=Intel64 Family 6 Model 140 Stepping 1, GenuineIntel



---------------  S Y S T E M  ---------------

OS:
 Windows 11 , 64 bit Build 22621 (10.0.22621.3527)
OS uptime: 13 days 11:57 hours
Hyper-V role detected

CPU: total 4 (initial active 4) (2 cores per cpu, 2 threads per core) family 6 model 140 stepping 1 microcode 0x86, cx8, cmov, fxsr, ht, mmx, 3dnowpref, sse, sse2, sse3, ssse3, sse4.1, sse4.2, popcnt, lzcnt, tsc, tscinvbit, avx, avx2, aes, erms, clmul, bmi1, bmi2, adx, avx512f, avx512dq, avx512cd, avx512bw, avx512vl, sha, fma, vzeroupper, avx512_vpopcntdq, avx512_vpclmulqdq, avx512_vaes, avx512_vnni, clflush, clflushopt, clwb, avx512_vbmi2, avx512_vbmi, hv

Memory: 4k page, system-wide physical 7890M (255M free)
TotalPageFile size 32466M (AvailPageFile size 26M)
current process WorkingSet (physical memory assigned to process): 260M, peak: 262M
current process commit charge ("private bytes"): 290M, peak: 320M

vm_info: Java HotSpot(TM) 64-Bit Server VM (17.0.10+11-LTS-240) for windows-amd64 JRE (17.0.10+11-LTS-240), built on Dec 19 2023 21:47:25 by "mach5one" with MS VC++ 17.1 (VS2022)

END.
