#
# There is insufficient memory for the Java Runtime Environment to continue.
# Native memory allocation (malloc) failed to allocate 32744 bytes for ChunkPool::allocate
# Possible reasons:
#   The system is out of physical RAM or swap space
#   The process is running with CompressedOops enabled, and the Java Heap may be blocking the growth of the native heap
# Possible solutions:
#   Reduce memory load on the system
#   Increase physical memory or swap space
#   Check if swap backing store is full
#   Decrease Java heap size (-Xmx/-Xms)
#   Decrease number of Java threads
#   Decrease Java thread stack sizes (-Xss)
#   Set larger code cache with -XX:ReservedCodeCacheSize=
#   JVM is running with Unscaled Compressed Oops mode in which the Java heap is
#     placed in the first 4GB address space. The Java Heap base address is the
#     maximum limit for the native heap growth. Please use -XX:HeapBaseMinAddress
#     to set the Java Heap base and to place the Java Heap above 4GB virtual address.
# This output file may be truncated or incomplete.
#
#  Out of Memory Error (arena.cpp:78), pid=34620, tid=35488
#
# JRE version: Java(TM) SE Runtime Environment (17.0.10+11) (build 17.0.10+11-LTS-240)
# Java VM: Java HotSpot(TM) 64-Bit Server VM (17.0.10+11-LTS-240, mixed mode, sharing, tiered, compressed oops, compressed class ptrs, g1 gc, windows-amd64)
# No core dump will be written. Minidumps are not enabled by default on client versions of Windows
#

---------------  S U M M A R Y ------------

Command Line: C:\Users\AC\git\RR_Web_Automation\RR\target\surefire\surefirebooter1474500364333516615.jar C:\Users\AC\git\RR_Web_Automation\RR\target\surefire\surefire14868530914328794908tmp C:\Users\AC\git\RR_Web_Automation\RR\target\surefire\surefire_04849410236144692217tmp

Host: 11th Gen Intel(R) Core(TM) i3-1115G4 @ 3.00GHz, 4 cores, 7G,  Windows 11 , 64 bit Build 22621 (10.0.22621.3672)
Time: Mon Jul  1 21:04:06 2024 India Standard Time elapsed time: 0.555745 seconds (0d 0h 0m 0s)

---------------  T H R E A D  ---------------

Current thread (0x0000017585f36480):  JavaThread "C1 CompilerThread0" daemon [_thread_in_native, id=35488, stack(0x0000004338b00000,0x0000004338c00000)]


Current CompileTask:
C1:    556  683       3      
[error occurred during error reporting (printing current compile task), id 0xe0000001, Out of Memory Error (s\open\src\hotspot\share\memory\arena.cpp:78)]

Stack: [0x0000004338b00000,0x0000004338c00000]
Native frames: (J=compiled Java code, j=interpreted, Vv=VM code, C=native code)
V  [jvm.dll+0x677a5a]
V  [jvm.dll+0x7d8b2d]
V  [jvm.dll+0x7da48e]
V  [jvm.dll+0x7daaf3]
V  [jvm.dll+0x2455ff]
V  [jvm.dll+0xaad50]
V  [jvm.dll+0xab09c]
V  [jvm.dll+0x745b3c]
V  [jvm.dll+0x745c29]
V  [jvm.dll+0x62ce69]
V  [jvm.dll+0x22bea6]
V  [jvm.dll+0x7d89c8]
V  [jvm.dll+0x7da48e]
V  [jvm.dll+0x7daaf3]
V  [jvm.dll+0x2455ff]
V  [jvm.dll+0xaad50]
V  [jvm.dll+0xab09c]
V  [jvm.dll+0x178acc]
V  [jvm.dll+0x178a81]
V  [jvm.dll+0x178a81]
V  [jvm.dll+0x177484]
V  [jvm.dll+0x17774a]
V  [jvm.dll+0x17a117]
V  [jvm.dll+0x134e33]
V  [jvm.dll+0x13474f]
V  [jvm.dll+0x134988]
V  [jvm.dll+0x133e21]
V  [jvm.dll+0x135abd]
V  [jvm.dll+0x226aeb]
V  [jvm.dll+0x224cab]
V  [jvm.dll+0x78e45c]
V  [jvm.dll+0x78888a]
V  [jvm.dll+0x676935]
C  [ucrtbase.dll+0x29333]
C  [KERNEL32.DLL+0x1257d]
C  [ntdll.dll+0x5af28]


---------------  P R O C E S S  ---------------

Threads class SMR info:
_java_thread_list=0x00000175cb2e0110, length=15, elements={
0x00000175e875b4d0, 0x0000017585f1bf90, 0x0000017585f1c950, 0x0000017585f2ffa0,
0x0000017585f30960, 0x0000017585f33ad0, 0x0000017585f34490, 0x0000017585f35230,
0x0000017585f36480, 0x0000017585f3e080, 0x00000175cb1b3520, 0x00000175cb1bd110,
0x00000175cb20e550, 0x00000175cb21b910, 0x00000175cb3e18c0
}

Java Threads: ( => current thread )
  0x00000175e875b4d0 JavaThread "main" [_thread_in_native, id=34524, stack(0x0000004337d00000,0x0000004337e00000)]
  0x0000017585f1bf90 JavaThread "Reference Handler" daemon [_thread_blocked, id=8376, stack(0x0000004338400000,0x0000004338500000)]
  0x0000017585f1c950 JavaThread "Finalizer" daemon [_thread_blocked, id=25612, stack(0x0000004338500000,0x0000004338600000)]
  0x0000017585f2ffa0 JavaThread "Signal Dispatcher" daemon [_thread_blocked, id=15500, stack(0x0000004338600000,0x0000004338700000)]
  0x0000017585f30960 JavaThread "Attach Listener" daemon [_thread_blocked, id=4296, stack(0x0000004338700000,0x0000004338800000)]
  0x0000017585f33ad0 JavaThread "Service Thread" daemon [_thread_blocked, id=31480, stack(0x0000004338800000,0x0000004338900000)]
  0x0000017585f34490 JavaThread "Monitor Deflation Thread" daemon [_thread_blocked, id=1492, stack(0x0000004338900000,0x0000004338a00000)]
  0x0000017585f35230 JavaThread "C2 CompilerThread0" daemon [_thread_blocked, id=7628, stack(0x0000004338a00000,0x0000004338b00000)]
=>0x0000017585f36480 JavaThread "C1 CompilerThread0" daemon [_thread_in_native, id=35488, stack(0x0000004338b00000,0x0000004338c00000)]
  0x0000017585f3e080 JavaThread "Sweeper thread" daemon [_thread_blocked, id=27776, stack(0x0000004338c00000,0x0000004338d00000)]
  0x00000175cb1b3520 JavaThread "Notification Thread" daemon [_thread_blocked, id=8860, stack(0x0000004338d00000,0x0000004338e00000)]
  0x00000175cb1bd110 JavaThread "Common-Cleaner" daemon [_thread_blocked, id=33372, stack(0x0000004338f00000,0x0000004339000000)]
  0x00000175cb20e550 JavaThread "last-ditch-daemon-shutdown-thread-30sec" daemon [_thread_blocked, id=27080, stack(0x0000004339000000,0x0000004339100000)]
  0x00000175cb21b910 JavaThread "surefire-forkedjvm-command-thread" daemon [_thread_in_native, id=16880, stack(0x0000004339100000,0x0000004339200000)]
  0x00000175cb3e18c0 JavaThread "C2 CompilerThread1" daemon [_thread_blocked, id=20708, stack(0x0000004339200000,0x0000004339300000)]

Other Threads:
  0x0000017585f17e50 VMThread "VM Thread" [stack: 0x0000004338300000,0x0000004338400000] [id=34408]
  0x00000175cb1ba650 WatcherThread [stack: 0x0000004338e00000,0x0000004338f00000] [id=8628]
  0x00000175e87b3680 GCTaskThread "GC Thread#0" [stack: 0x0000004337e00000,0x0000004337f00000] [id=28312]
  0x00000175cb8eb8c0 GCTaskThread "GC Thread#1" [stack: 0x0000004339300000,0x0000004339400000] [id=6408]
  0x00000175cb8ecc00 GCTaskThread "GC Thread#2" [stack: 0x0000004339400000,0x0000004339500000] [id=31992]
  0x00000175cb8ebb80 GCTaskThread "GC Thread#3" [stack: 0x0000004339500000,0x0000004339600000] [id=27352]
  0x00000175e87c3c90 ConcurrentGCThread "G1 Main Marker" [stack: 0x0000004337f00000,0x0000004338000000] [id=29040]
  0x00000175e87c46a0 ConcurrentGCThread "G1 Conc#0" [stack: 0x0000004338000000,0x0000004338100000] [id=25412]
  0x00000175e882d550 ConcurrentGCThread "G1 Refine#0" [stack: 0x0000004338100000,0x0000004338200000] [id=21932]
  0x00000175e882df80 ConcurrentGCThread "G1 Service" [stack: 0x0000004338200000,0x0000004338300000] [id=26864]

Threads with active compile tasks:
C1 CompilerThread0      615  683       3       sun.security.provider.ByteArrayAccess::b2iBig64 (231 bytes)

VM state: not at safepoint (normal execution)

VM Mutex/Monitor currently owned by a thread: None

Heap address: 0x0000000084a00000, size: 1974 MB, Compressed Oops mode: 32-bit

CDS archive(s) mapped at: [0x0000017586000000-0x0000017586bd0000-0x0000017586bd0000), size 12386304, SharedBaseAddress: 0x0000017586000000, ArchiveRelocationMode: 1.
Compressed class space mapped at: 0x0000017587000000-0x00000175c7000000, reserved size: 1073741824
Narrow klass base: 0x0000017586000000, Narrow klass shift: 0, Narrow klass range: 0x100000000

GC Precious Log:
 CPUs: 4 total, 4 available
 Memory: 7890M
 Large Page Support: Disabled
 NUMA Support: Disabled
 Compressed Oops: Enabled (32-bit)
 Heap Region Size: 1M
 Heap Min Capacity: 8M
 Heap Initial Capacity: 124M
 Heap Max Capacity: 1974M
 Pre-touch: Disabled
 Parallel Workers: 4
 Concurrent Workers: 1
 Concurrent Refinement Workers: 4
 Periodic GC: Disabled

Heap:
 garbage-first heap   total 126976K, used 8096K [0x0000000084a00000, 0x0000000100000000)
  region size 1024K, 3 young (3072K), 2 survivors (2048K)
 Metaspace       used 3734K, committed 3968K, reserved 1114112K
  class space    used 397K, committed 512K, reserved 1048576K

Heap Regions: E=young(eden), S=young(survivor), O=old, HS=humongous(starts), HC=humongous(continues), CS=collection set, F=free, OA=open archive, CA=closed archive, TAMS=top-at-mark-start (previous, next)
|   0|0x0000000084a00000, 0x0000000084b00000, 0x0000000084b00000|100%|HS|  |TAMS 0x0000000084a00000, 0x0000000084a00000| Complete 
|   1|0x0000000084b00000, 0x0000000084c00000, 0x0000000084c00000|100%|HS|  |TAMS 0x0000000084b00000, 0x0000000084b00000| Complete 
|   2|0x0000000084c00000, 0x0000000084c00000, 0x0000000084d00000|  0%| F|  |TAMS 0x0000000084c00000, 0x0000000084c00000| Untracked 
|   3|0x0000000084d00000, 0x0000000084e00000, 0x0000000084e00000|100%| O|  |TAMS 0x0000000084d00000, 0x0000000084d00000| Untracked 
|   4|0x0000000084e00000, 0x0000000084f00000, 0x0000000084f00000|100%| O|  |TAMS 0x0000000084e00000, 0x0000000084e00000| Untracked 
|   5|0x0000000084f00000, 0x0000000085000000, 0x0000000085000000|100%| O|  |TAMS 0x0000000084f00000, 0x0000000084f00000| Untracked 
|   6|0x0000000085000000, 0x00000000850e8200, 0x0000000085100000| 90%| O|  |TAMS 0x0000000085000000, 0x0000000085000000| Untracked 
|   7|0x0000000085100000, 0x0000000085100000, 0x0000000085200000|  0%| F|  |TAMS 0x0000000085100000, 0x0000000085100000| Untracked 
|   8|0x0000000085200000, 0x0000000085200000, 0x0000000085300000|  0%| F|  |TAMS 0x0000000085200000, 0x0000000085200000| Untracked 
|   9|0x0000000085300000, 0x0000000085300000, 0x0000000085400000|  0%| F|  |TAMS 0x0000000085300000, 0x0000000085300000| Untracked 
|  10|0x0000000085400000, 0x0000000085400000, 0x0000000085500000|  0%| F|  |TAMS 0x0000000085400000, 0x0000000085400000| Untracked 
|  11|0x0000000085500000, 0x0000000085500000, 0x0000000085600000|  0%| F|  |TAMS 0x0000000085500000, 0x0000000085500000| Untracked 
|  12|0x0000000085600000, 0x0000000085600000, 0x0000000085700000|  0%| F|  |TAMS 0x0000000085600000, 0x0000000085600000| Untracked 
|  13|0x0000000085700000, 0x0000000085700000, 0x0000000085800000|  0%| F|  |TAMS 0x0000000085700000, 0x0000000085700000| Untracked 
|  14|0x0000000085800000, 0x0000000085800000, 0x0000000085900000|  0%| F|  |TAMS 0x0000000085800000, 0x0000000085800000| Untracked 
|  15|0x0000000085900000, 0x0000000085900000, 0x0000000085a00000|  0%| F|  |TAMS 0x0000000085900000, 0x0000000085900000| Untracked 
|  16|0x0000000085a00000, 0x0000000085a00000, 0x0000000085b00000|  0%| F|  |TAMS 0x0000000085a00000, 0x0000000085a00000| Untracked 
|  17|0x0000000085b00000, 0x0000000085b00000, 0x0000000085c00000|  0%| F|  |TAMS 0x0000000085b00000, 0x0000000085b00000| Untracked 
|  18|0x0000000085c00000, 0x0000000085c00000, 0x0000000085d00000|  0%| F|  |TAMS 0x0000000085c00000, 0x0000000085c00000| Untracked 
|  19|0x0000000085d00000, 0x0000000085d00000, 0x0000000085e00000|  0%| F|  |TAMS 0x0000000085d00000, 0x0000000085d00000| Untracked 
|  20|0x0000000085e00000, 0x0000000085e00000, 0x0000000085f00000|  0%| F|  |TAMS 0x0000000085e00000, 0x0000000085e00000| Untracked 
|  21|0x0000000085f00000, 0x0000000085f00000, 0x0000000086000000|  0%| F|  |TAMS 0x0000000085f00000, 0x0000000085f00000| Untracked 
|  22|0x0000000086000000, 0x0000000086000000, 0x0000000086100000|  0%| F|  |TAMS 0x0000000086000000, 0x0000000086000000| Untracked 
|  23|0x0000000086100000, 0x0000000086100000, 0x0000000086200000|  0%| F|  |TAMS 0x0000000086100000, 0x0000000086100000| Untracked 
|  24|0x0000000086200000, 0x0000000086200000, 0x0000000086300000|  0%| F|  |TAMS 0x0000000086200000, 0x0000000086200000| Untracked 
|  25|0x0000000086300000, 0x0000000086300000, 0x0000000086400000|  0%| F|  |TAMS 0x0000000086300000, 0x0000000086300000| Untracked 
|  26|0x0000000086400000, 0x0000000086400000, 0x0000000086500000|  0%| F|  |TAMS 0x0000000086400000, 0x0000000086400000| Untracked 
|  27|0x0000000086500000, 0x0000000086500000, 0x0000000086600000|  0%| F|  |TAMS 0x0000000086500000, 0x0000000086500000| Untracked 
|  28|0x0000000086600000, 0x0000000086600000, 0x0000000086700000|  0%| F|  |TAMS 0x0000000086600000, 0x0000000086600000| Untracked 
|  29|0x0000000086700000, 0x0000000086700000, 0x0000000086800000|  0%| F|  |TAMS 0x0000000086700000, 0x0000000086700000| Untracked 
|  30|0x0000000086800000, 0x0000000086800000, 0x0000000086900000|  0%| F|  |TAMS 0x0000000086800000, 0x0000000086800000| Untracked 
|  31|0x0000000086900000, 0x0000000086900000, 0x0000000086a00000|  0%| F|  |TAMS 0x0000000086900000, 0x0000000086900000| Untracked 
|  32|0x0000000086a00000, 0x0000000086a00000, 0x0000000086b00000|  0%| F|  |TAMS 0x0000000086a00000, 0x0000000086a00000| Untracked 
|  33|0x0000000086b00000, 0x0000000086b00000, 0x0000000086c00000|  0%| F|  |TAMS 0x0000000086b00000, 0x0000000086b00000| Untracked 
|  34|0x0000000086c00000, 0x0000000086c00000, 0x0000000086d00000|  0%| F|  |TAMS 0x0000000086c00000, 0x0000000086c00000| Untracked 
|  35|0x0000000086d00000, 0x0000000086d00000, 0x0000000086e00000|  0%| F|  |TAMS 0x0000000086d00000, 0x0000000086d00000| Untracked 
|  36|0x0000000086e00000, 0x0000000086e00000, 0x0000000086f00000|  0%| F|  |TAMS 0x0000000086e00000, 0x0000000086e00000| Untracked 
|  37|0x0000000086f00000, 0x0000000086f00000, 0x0000000087000000|  0%| F|  |TAMS 0x0000000086f00000, 0x0000000086f00000| Untracked 
|  38|0x0000000087000000, 0x0000000087000000, 0x0000000087100000|  0%| F|  |TAMS 0x0000000087000000, 0x0000000087000000| Untracked 
|  39|0x0000000087100000, 0x0000000087100000, 0x0000000087200000|  0%| F|  |TAMS 0x0000000087100000, 0x0000000087100000| Untracked 
|  40|0x0000000087200000, 0x0000000087200000, 0x0000000087300000|  0%| F|  |TAMS 0x0000000087200000, 0x0000000087200000| Untracked 
|  41|0x0000000087300000, 0x0000000087300000, 0x0000000087400000|  0%| F|  |TAMS 0x0000000087300000, 0x0000000087300000| Untracked 
|  42|0x0000000087400000, 0x0000000087400000, 0x0000000087500000|  0%| F|  |TAMS 0x0000000087400000, 0x0000000087400000| Untracked 
|  43|0x0000000087500000, 0x0000000087500000, 0x0000000087600000|  0%| F|  |TAMS 0x0000000087500000, 0x0000000087500000| Untracked 
|  44|0x0000000087600000, 0x0000000087600000, 0x0000000087700000|  0%| F|  |TAMS 0x0000000087600000, 0x0000000087600000| Untracked 
|  45|0x0000000087700000, 0x0000000087700000, 0x0000000087800000|  0%| F|  |TAMS 0x0000000087700000, 0x0000000087700000| Untracked 
|  46|0x0000000087800000, 0x0000000087800000, 0x0000000087900000|  0%| F|  |TAMS 0x0000000087800000, 0x0000000087800000| Untracked 
|  47|0x0000000087900000, 0x0000000087900000, 0x0000000087a00000|  0%| F|  |TAMS 0x0000000087900000, 0x0000000087900000| Untracked 
|  48|0x0000000087a00000, 0x0000000087a00000, 0x0000000087b00000|  0%| F|  |TAMS 0x0000000087a00000, 0x0000000087a00000| Untracked 
|  49|0x0000000087b00000, 0x0000000087b00000, 0x0000000087c00000|  0%| F|  |TAMS 0x0000000087b00000, 0x0000000087b00000| Untracked 
|  50|0x0000000087c00000, 0x0000000087c00000, 0x0000000087d00000|  0%| F|  |TAMS 0x0000000087c00000, 0x0000000087c00000| Untracked 
|  51|0x0000000087d00000, 0x0000000087d00000, 0x0000000087e00000|  0%| F|  |TAMS 0x0000000087d00000, 0x0000000087d00000| Untracked 
|  52|0x0000000087e00000, 0x0000000087e00000, 0x0000000087f00000|  0%| F|  |TAMS 0x0000000087e00000, 0x0000000087e00000| Untracked 
|  53|0x0000000087f00000, 0x0000000087f00000, 0x0000000088000000|  0%| F|  |TAMS 0x0000000087f00000, 0x0000000087f00000| Untracked 
|  54|0x0000000088000000, 0x0000000088000000, 0x0000000088100000|  0%| F|  |TAMS 0x0000000088000000, 0x0000000088000000| Untracked 
|  55|0x0000000088100000, 0x0000000088100000, 0x0000000088200000|  0%| F|  |TAMS 0x0000000088100000, 0x0000000088100000| Untracked 
|  56|0x0000000088200000, 0x0000000088200000, 0x0000000088300000|  0%| F|  |TAMS 0x0000000088200000, 0x0000000088200000| Untracked 
|  57|0x0000000088300000, 0x0000000088300000, 0x0000000088400000|  0%| F|  |TAMS 0x0000000088300000, 0x0000000088300000| Untracked 
|  58|0x0000000088400000, 0x0000000088400000, 0x0000000088500000|  0%| F|  |TAMS 0x0000000088400000, 0x0000000088400000| Untracked 
|  59|0x0000000088500000, 0x0000000088500000, 0x0000000088600000|  0%| F|  |TAMS 0x0000000088500000, 0x0000000088500000| Untracked 
|  60|0x0000000088600000, 0x0000000088600000, 0x0000000088700000|  0%| F|  |TAMS 0x0000000088600000, 0x0000000088600000| Untracked 
|  61|0x0000000088700000, 0x0000000088700000, 0x0000000088800000|  0%| F|  |TAMS 0x0000000088700000, 0x0000000088700000| Untracked 
|  62|0x0000000088800000, 0x0000000088800000, 0x0000000088900000|  0%| F|  |TAMS 0x0000000088800000, 0x0000000088800000| Untracked 
|  63|0x0000000088900000, 0x0000000088900000, 0x0000000088a00000|  0%| F|  |TAMS 0x0000000088900000, 0x0000000088900000| Untracked 
|  64|0x0000000088a00000, 0x0000000088a00000, 0x0000000088b00000|  0%| F|  |TAMS 0x0000000088a00000, 0x0000000088a00000| Untracked 
|  65|0x0000000088b00000, 0x0000000088b00000, 0x0000000088c00000|  0%| F|  |TAMS 0x0000000088b00000, 0x0000000088b00000| Untracked 
|  66|0x0000000088c00000, 0x0000000088c00000, 0x0000000088d00000|  0%| F|  |TAMS 0x0000000088c00000, 0x0000000088c00000| Untracked 
|  67|0x0000000088d00000, 0x0000000088d00000, 0x0000000088e00000|  0%| F|  |TAMS 0x0000000088d00000, 0x0000000088d00000| Untracked 
|  68|0x0000000088e00000, 0x0000000088e00000, 0x0000000088f00000|  0%| F|  |TAMS 0x0000000088e00000, 0x0000000088e00000| Untracked 
|  69|0x0000000088f00000, 0x0000000088f00000, 0x0000000089000000|  0%| F|  |TAMS 0x0000000088f00000, 0x0000000088f00000| Untracked 
|  70|0x0000000089000000, 0x0000000089000000, 0x0000000089100000|  0%| F|  |TAMS 0x0000000089000000, 0x0000000089000000| Untracked 
|  71|0x0000000089100000, 0x0000000089100000, 0x0000000089200000|  0%| F|  |TAMS 0x0000000089100000, 0x0000000089100000| Untracked 
|  72|0x0000000089200000, 0x0000000089200000, 0x0000000089300000|  0%| F|  |TAMS 0x0000000089200000, 0x0000000089200000| Untracked 
|  73|0x0000000089300000, 0x0000000089300000, 0x0000000089400000|  0%| F|  |TAMS 0x0000000089300000, 0x0000000089300000| Untracked 
|  74|0x0000000089400000, 0x0000000089400000, 0x0000000089500000|  0%| F|  |TAMS 0x0000000089400000, 0x0000000089400000| Untracked 
|  75|0x0000000089500000, 0x0000000089500000, 0x0000000089600000|  0%| F|  |TAMS 0x0000000089500000, 0x0000000089500000| Untracked 
|  76|0x0000000089600000, 0x0000000089600000, 0x0000000089700000|  0%| F|  |TAMS 0x0000000089600000, 0x0000000089600000| Untracked 
|  77|0x0000000089700000, 0x0000000089700000, 0x0000000089800000|  0%| F|  |TAMS 0x0000000089700000, 0x0000000089700000| Untracked 
|  78|0x0000000089800000, 0x0000000089800000, 0x0000000089900000|  0%| F|  |TAMS 0x0000000089800000, 0x0000000089800000| Untracked 
|  79|0x0000000089900000, 0x0000000089900000, 0x0000000089a00000|  0%| F|  |TAMS 0x0000000089900000, 0x0000000089900000| Untracked 
|  80|0x0000000089a00000, 0x0000000089a00000, 0x0000000089b00000|  0%| F|  |TAMS 0x0000000089a00000, 0x0000000089a00000| Untracked 
|  81|0x0000000089b00000, 0x0000000089b00000, 0x0000000089c00000|  0%| F|  |TAMS 0x0000000089b00000, 0x0000000089b00000| Untracked 
|  82|0x0000000089c00000, 0x0000000089c00000, 0x0000000089d00000|  0%| F|  |TAMS 0x0000000089c00000, 0x0000000089c00000| Untracked 
|  83|0x0000000089d00000, 0x0000000089d00000, 0x0000000089e00000|  0%| F|  |TAMS 0x0000000089d00000, 0x0000000089d00000| Untracked 
|  84|0x0000000089e00000, 0x0000000089e00000, 0x0000000089f00000|  0%| F|  |TAMS 0x0000000089e00000, 0x0000000089e00000| Untracked 
|  85|0x0000000089f00000, 0x0000000089f00000, 0x000000008a000000|  0%| F|  |TAMS 0x0000000089f00000, 0x0000000089f00000| Untracked 
|  86|0x000000008a000000, 0x000000008a000000, 0x000000008a100000|  0%| F|  |TAMS 0x000000008a000000, 0x000000008a000000| Untracked 
|  87|0x000000008a100000, 0x000000008a100000, 0x000000008a200000|  0%| F|  |TAMS 0x000000008a100000, 0x000000008a100000| Untracked 
|  88|0x000000008a200000, 0x000000008a200000, 0x000000008a300000|  0%| F|  |TAMS 0x000000008a200000, 0x000000008a200000| Untracked 
|  89|0x000000008a300000, 0x000000008a300000, 0x000000008a400000|  0%| F|  |TAMS 0x000000008a300000, 0x000000008a300000| Untracked 
|  90|0x000000008a400000, 0x000000008a400000, 0x000000008a500000|  0%| F|  |TAMS 0x000000008a400000, 0x000000008a400000| Untracked 
|  91|0x000000008a500000, 0x000000008a500000, 0x000000008a600000|  0%| F|  |TAMS 0x000000008a500000, 0x000000008a500000| Untracked 
|  92|0x000000008a600000, 0x000000008a600000, 0x000000008a700000|  0%| F|  |TAMS 0x000000008a600000, 0x000000008a600000| Untracked 
|  93|0x000000008a700000, 0x000000008a700000, 0x000000008a800000|  0%| F|  |TAMS 0x000000008a700000, 0x000000008a700000| Untracked 
|  94|0x000000008a800000, 0x000000008a800000, 0x000000008a900000|  0%| F|  |TAMS 0x000000008a800000, 0x000000008a800000| Untracked 
|  95|0x000000008a900000, 0x000000008a900000, 0x000000008aa00000|  0%| F|  |TAMS 0x000000008a900000, 0x000000008a900000| Untracked 
|  96|0x000000008aa00000, 0x000000008aa00000, 0x000000008ab00000|  0%| F|  |TAMS 0x000000008aa00000, 0x000000008aa00000| Untracked 
|  97|0x000000008ab00000, 0x000000008ab00000, 0x000000008ac00000|  0%| F|  |TAMS 0x000000008ab00000, 0x000000008ab00000| Untracked 
|  98|0x000000008ac00000, 0x000000008ac00000, 0x000000008ad00000|  0%| F|  |TAMS 0x000000008ac00000, 0x000000008ac00000| Untracked 
|  99|0x000000008ad00000, 0x000000008ad00000, 0x000000008ae00000|  0%| F|  |TAMS 0x000000008ad00000, 0x000000008ad00000| Untracked 
| 100|0x000000008ae00000, 0x000000008ae00000, 0x000000008af00000|  0%| F|  |TAMS 0x000000008ae00000, 0x000000008ae00000| Untracked 
| 101|0x000000008af00000, 0x000000008af00000, 0x000000008b000000|  0%| F|  |TAMS 0x000000008af00000, 0x000000008af00000| Untracked 
| 102|0x000000008b000000, 0x000000008b000000, 0x000000008b100000|  0%| F|  |TAMS 0x000000008b000000, 0x000000008b000000| Untracked 
| 103|0x000000008b100000, 0x000000008b100000, 0x000000008b200000|  0%| F|  |TAMS 0x000000008b100000, 0x000000008b100000| Untracked 
| 104|0x000000008b200000, 0x000000008b200000, 0x000000008b300000|  0%| F|  |TAMS 0x000000008b200000, 0x000000008b200000| Untracked 
| 105|0x000000008b300000, 0x000000008b300000, 0x000000008b400000|  0%| F|  |TAMS 0x000000008b300000, 0x000000008b300000| Untracked 
| 106|0x000000008b400000, 0x000000008b400000, 0x000000008b500000|  0%| F|  |TAMS 0x000000008b400000, 0x000000008b400000| Untracked 
| 107|0x000000008b500000, 0x000000008b500000, 0x000000008b600000|  0%| F|  |TAMS 0x000000008b500000, 0x000000008b500000| Untracked 
| 108|0x000000008b600000, 0x000000008b600000, 0x000000008b700000|  0%| F|  |TAMS 0x000000008b600000, 0x000000008b600000| Untracked 
| 109|0x000000008b700000, 0x000000008b800000, 0x000000008b800000|100%| S|CS|TAMS 0x000000008b700000, 0x000000008b700000| Complete 
| 110|0x000000008b800000, 0x000000008b900000, 0x000000008b900000|100%| S|CS|TAMS 0x000000008b800000, 0x000000008b800000| Complete 
| 111|0x000000008b900000, 0x000000008b900000, 0x000000008ba00000|  0%| F|  |TAMS 0x000000008b900000, 0x000000008b900000| Untracked 
| 112|0x000000008ba00000, 0x000000008ba00000, 0x000000008bb00000|  0%| F|  |TAMS 0x000000008ba00000, 0x000000008ba00000| Untracked 
| 113|0x000000008bb00000, 0x000000008bb00000, 0x000000008bc00000|  0%| F|  |TAMS 0x000000008bb00000, 0x000000008bb00000| Untracked 
| 114|0x000000008bc00000, 0x000000008bc00000, 0x000000008bd00000|  0%| F|  |TAMS 0x000000008bc00000, 0x000000008bc00000| Untracked 
| 115|0x000000008bd00000, 0x000000008bd00000, 0x000000008be00000|  0%| F|  |TAMS 0x000000008bd00000, 0x000000008bd00000| Untracked 
| 116|0x000000008be00000, 0x000000008be00000, 0x000000008bf00000|  0%| F|  |TAMS 0x000000008be00000, 0x000000008be00000| Untracked 
| 117|0x000000008bf00000, 0x000000008bf00000, 0x000000008c000000|  0%| F|  |TAMS 0x000000008bf00000, 0x000000008bf00000| Untracked 
| 118|0x000000008c000000, 0x000000008c000000, 0x000000008c100000|  0%| F|  |TAMS 0x000000008c000000, 0x000000008c000000| Untracked 
| 119|0x000000008c100000, 0x000000008c100000, 0x000000008c200000|  0%| F|  |TAMS 0x000000008c100000, 0x000000008c100000| Untracked 
| 120|0x000000008c200000, 0x000000008c200000, 0x000000008c300000|  0%| F|  |TAMS 0x000000008c200000, 0x000000008c200000| Untracked 
| 121|0x000000008c300000, 0x000000008c300000, 0x000000008c400000|  0%| F|  |TAMS 0x000000008c300000, 0x000000008c300000| Untracked 
| 122|0x000000008c400000, 0x000000008c400000, 0x000000008c500000|  0%| F|  |TAMS 0x000000008c400000, 0x000000008c400000| Untracked 
| 123|0x000000008c500000, 0x000000008c538d50, 0x000000008c600000| 22%| E|  |TAMS 0x000000008c500000, 0x000000008c500000| Complete 

Card table byte_map: [0x00000175ff3f0000,0x00000175ff7d0000] _byte_map_base: 0x00000175fefcb000

Marking Bits (Prev, Next): (CMBitMap*) 0x00000175e87b3ca0, (CMBitMap*) 0x00000175e87b3ce0
 Prev Bits: [0x0000017580000000, 0x0000017581ed8000)
 Next Bits: [0x0000017581ee0000, 0x0000017583db8000)

Polling page: 0x00000175e7c00000

Metaspace:

Usage:
  Non-class:      3.26 MB used.
      Class:    397.35 KB used.
       Both:      3.65 MB used.

Virtual space:
  Non-class space:       64.00 MB reserved,       3.38 MB (  5%) committed,  1 nodes.
      Class space:        1.00 GB reserved,     512.00 KB ( <1%) committed,  1 nodes.
             Both:        1.06 GB reserved,       3.88 MB ( <1%) committed. 

Chunk freelists:
   Non-Class:  11.23 MB
       Class:  15.55 MB
        Both:  26.78 MB

MaxMetaspaceSize: unlimited
CompressedClassSpaceSize: 1.00 GB
Initial GC threshold: 21.00 MB
Current GC threshold: 21.00 MB
CDS: on
MetaspaceReclaimPolicy: balanced
 - commit_granule_bytes: 65536.
 - commit_granule_words: 8192.
 - virtual_space_node_default_size: 8388608.
 - enlarge_chunks_in_place: 1.
 - new_chunks_are_fully_committed: 0.
 - uncommit_free_chunks: 1.
 - use_allocation_guard: 0.
 - handle_deallocations: 1.


Internal statistics:

num_allocs_failed_limit: 0.
num_arena_births: 36.
num_arena_deaths: 0.
num_vsnodes_births: 2.
num_vsnodes_deaths: 0.
num_space_committed: 62.
num_space_uncommitted: 0.
num_chunks_returned_to_freelist: 0.
num_chunks_taken_from_freelist: 80.
num_chunk_merges: 0.
num_chunk_splits: 55.
num_chunks_enlarged: 42.
num_inconsistent_stats: 0.

CodeHeap 'non-profiled nmethods': size=120000Kb used=216Kb max_used=216Kb free=119783Kb
 bounds [0x00000175f7ae0000, 0x00000175f7d50000, 0x00000175ff010000]
CodeHeap 'profiled nmethods': size=120000Kb used=1135Kb max_used=1135Kb free=118864Kb
 bounds [0x00000175f0010000, 0x00000175f0280000, 0x00000175f7540000]
CodeHeap 'non-nmethods': size=5760Kb used=1154Kb max_used=1168Kb free=4605Kb
 bounds [0x00000175f7540000, 0x00000175f77b0000, 0x00000175f7ae0000]
 total_blobs=1113 nmethods=683 adapters=343
 compilation: enabled
              stopped_count=0, restarted_count=0
 full_count=0

Compilation events (20 events):
Event: 0.535 Thread 0x0000017585f36480  675       3       jdk.internal.misc.Unsafe::getIntUnaligned (83 bytes)
Event: 0.536 Thread 0x0000017585f36480 nmethod 675 0x00000175f0128210 code [0x00000175f01283e0, 0x00000175f01288a8]
Event: 0.536 Thread 0x0000017585f36480  678       3       jdk.internal.misc.Unsafe::makeInt (25 bytes)
Event: 0.536 Thread 0x0000017585f36480 nmethod 678 0x00000175f0128a10 code [0x00000175f0128bc0, 0x00000175f0128e58]
Event: 0.536 Thread 0x0000017585f36480  670       3       java.lang.invoke.VarHandleByteArrayAsInts$ArrayHandle::get (36 bytes)
Event: 0.536 Thread 0x00000175cb3e18c0 nmethod 681 0x00000175f7b14f90 code [0x00000175f7b15100, 0x00000175f7b15198]
Event: 0.537 Thread 0x0000017585f36480 nmethod 670 0x00000175f0128f90 code [0x00000175f0129160, 0x00000175f0129638]
Event: 0.537 Thread 0x0000017585f36480  682       3       sun.security.provider.SHA::implCompress0 (506 bytes)
Event: 0.538 Thread 0x0000017585f36480 nmethod 682 0x00000175f0129810 code [0x00000175f0129a40, 0x00000175f012a488]
Event: 0.538 Thread 0x0000017585f36480  671       3       java.lang.invoke.VarHandleByteArrayAsInts$ArrayHandle::index (12 bytes)
Event: 0.539 Thread 0x0000017585f36480 nmethod 671 0x00000175f012a990 code [0x00000175f012ab40, 0x00000175f012ad48]
Event: 0.539 Thread 0x0000017585f36480  672       3       java.lang.invoke.VarHandle::accessModeType (31 bytes)
Event: 0.539 Thread 0x00000175cb3e18c0  684       4       java.lang.invoke.VarHandleGuards::guard_LI_I (78 bytes)
Event: 0.540 Thread 0x0000017585f36480 nmethod 672 0x00000175f012ae90 code [0x00000175f012b0a0, 0x00000175f012bb58]
Event: 0.540 Thread 0x0000017585f36480  683       3       sun.security.provider.ByteArrayAccess::b2iBig64 (231 bytes)
Event: 0.540 Thread 0x0000017585f35230  687       4       java.lang.invoke.VarHandleByteArrayAsInts$ArrayHandle::get (36 bytes)
Event: 0.543 Thread 0x0000017585f35230 nmethod 687 0x00000175f7b15290 code [0x00000175f7b15420, 0x00000175f7b15558]
Event: 0.543 Thread 0x0000017585f35230  688       4       jdk.internal.misc.Unsafe::getIntUnaligned (12 bytes)
Event: 0.544 Thread 0x0000017585f35230 nmethod 688 0x00000175f7b15710 code [0x00000175f7b15880, 0x00000175f7b15938]
Event: 0.544 Thread 0x00000175cb3e18c0 nmethod 684 0x00000175f7b15a10 code [0x00000175f7b15bc0, 0x00000175f7b15e68]

GC Heap History (2 events):
Event: 0.509 GC heap before
{Heap before GC invocations=0 (full 0):
 garbage-first heap   total 126976K, used 15360K [0x0000000084a00000, 0x0000000100000000)
  region size 1024K, 13 young (13312K), 0 survivors (0K)
 Metaspace       used 3581K, committed 3840K, reserved 1114112K
  class space    used 381K, committed 512K, reserved 1048576K
}
Event: 0.522 GC heap after
{Heap after GC invocations=1 (full 0):
 garbage-first heap   total 126976K, used 8096K [0x0000000084a00000, 0x0000000100000000)
  region size 1024K, 2 young (2048K), 2 survivors (2048K)
 Metaspace       used 3581K, committed 3840K, reserved 1114112K
  class space    used 381K, committed 512K, reserved 1048576K
}

Deoptimization events (18 events):
Event: 0.142 Thread 0x00000175e875b4d0 DEOPT PACKING pc=0x00000175f0029ce7 sp=0x0000004337dfdd70
Event: 0.142 Thread 0x00000175e875b4d0 DEOPT UNPACKING pc=0x00000175f75966e3 sp=0x0000004337dfd190 mode 0
Event: 0.163 Thread 0x00000175e875b4d0 Uncommon trap: trap_request=0xffffff45 fr.pc=0x00000175f7aed694 relative=0x0000000000000174
Event: 0.163 Thread 0x00000175e875b4d0 Uncommon trap: reason=unstable_if action=reinterpret pc=0x00000175f7aed694 method=java.util.zip.ZipFile$Source.isMetaName([BII)Z @ 43 c2
Event: 0.164 Thread 0x00000175e875b4d0 DEOPT PACKING pc=0x00000175f7aed694 sp=0x0000004337dfe000
Event: 0.164 Thread 0x00000175e875b4d0 DEOPT UNPACKING pc=0x00000175f7595ba3 sp=0x0000004337dfdfa8 mode 2
Event: 0.220 Thread 0x00000175e875b4d0 DEOPT PACKING pc=0x00000175f0078fb4 sp=0x0000004337dfe250
Event: 0.220 Thread 0x00000175e875b4d0 DEOPT UNPACKING pc=0x00000175f75966e3 sp=0x0000004337dfd6c0 mode 0
Event: 0.227 Thread 0x00000175e875b4d0 DEOPT PACKING pc=0x00000175f004e2d6 sp=0x0000004337dfdc50
Event: 0.227 Thread 0x00000175e875b4d0 DEOPT UNPACKING pc=0x00000175f75966e3 sp=0x0000004337dfd0f0 mode 0
Event: 0.237 Thread 0x00000175e875b4d0 DEOPT PACKING pc=0x00000175f0025ce8 sp=0x0000004337dfe0a0
Event: 0.237 Thread 0x00000175e875b4d0 DEOPT UNPACKING pc=0x00000175f75966e3 sp=0x0000004337dfd530 mode 0
Event: 0.237 Thread 0x00000175e875b4d0 DEOPT PACKING pc=0x00000175f008430c sp=0x0000004337dfdfe0
Event: 0.237 Thread 0x00000175e875b4d0 DEOPT UNPACKING pc=0x00000175f75966e3 sp=0x0000004337dfd490 mode 0
Event: 0.432 Thread 0x00000175e875b4d0 Uncommon trap: trap_request=0xffffff45 fr.pc=0x00000175f7af0564 relative=0x0000000000000064
Event: 0.432 Thread 0x00000175e875b4d0 Uncommon trap: reason=unstable_if action=reinterpret pc=0x00000175f7af0564 method=java.io.WinNTFileSystem.isSlash(C)Z @ 9 c2
Event: 0.432 Thread 0x00000175e875b4d0 DEOPT PACKING pc=0x00000175f7af0564 sp=0x0000004337dfd7f0
Event: 0.433 Thread 0x00000175e875b4d0 DEOPT UNPACKING pc=0x00000175f7595ba3 sp=0x0000004337dfd778 mode 2

Classes unloaded (0 events):
No events

Classes redefined (0 events):
No events

Internal exceptions (3 events):
Event: 0.316 Thread 0x00000175e875b4d0 Exception <a 'java/lang/NoSuchMethodError'{0x000000008bbcd710}: 'int java.lang.invoke.DirectMethodHandle$Holder.invokeStaticInit(java.lang.Object, java.lang.Object)'> (0x000000008bbcd710) 
thrown [s\open\src\hotspot\share\interpreter\linkResolver.cpp, line 759]
Event: 0.403 Thread 0x00000175e875b4d0 Exception <a 'java/lang/ClassNotFoundException'{0x000000008b9285d8}: com/sun/org/apache/xerces/internal/impl/msg/spi/SAXMessagesProvider> (0x000000008b9285d8) 
thrown [s\open\src\hotspot\share\classfile\systemDictionary.cpp, line 256]
Event: 0.496 Thread 0x00000175e875b4d0 Exception <a 'java/lang/NoSuchMethodError'{0x000000008b9f79f8}: 'java.lang.Object java.lang.invoke.DirectMethodHandle$Holder.invokeStaticInit(java.lang.Object, int, int, int, int)'> (0x000000008b9f79f8) 
thrown [s\open\src\hotspot\share\interpreter\linkResolver.cpp, line 759]

VM Operations (14 events):
Event: 0.089 Executing VM operation: HandshakeAllThreads
Event: 0.089 Executing VM operation: HandshakeAllThreads done
Event: 0.362 Executing VM operation: HandshakeAllThreads
Event: 0.362 Executing VM operation: HandshakeAllThreads done
Event: 0.432 Executing VM operation: HandshakeAllThreads
Event: 0.432 Executing VM operation: HandshakeAllThreads done
Event: 0.460 Executing VM operation: HandshakeAllThreads
Event: 0.461 Executing VM operation: HandshakeAllThreads done
Event: 0.477 Executing VM operation: HandshakeAllThreads
Event: 0.477 Executing VM operation: HandshakeAllThreads done
Event: 0.508 Executing VM operation: G1CollectForAllocation
Event: 0.522 Executing VM operation: G1CollectForAllocation done
Event: 0.545 Executing VM operation: HandshakeAllThreads
Event: 0.545 Executing VM operation: HandshakeAllThreads done

Events (20 events):
Event: 0.528 loading class java/lang/constant/MethodTypeDescImpl
Event: 0.528 loading class java/lang/constant/MethodTypeDescImpl done
Event: 0.528 loading class java/lang/constant/MethodHandleDesc
Event: 0.528 loading class java/lang/constant/MethodHandleDesc done
Event: 0.528 loading class java/lang/constant/MethodHandleDesc$1
Event: 0.528 loading class java/lang/constant/MethodHandleDesc$1 done
Event: 0.528 loading class java/lang/constant/DirectMethodHandleDescImpl
Event: 0.529 loading class java/lang/constant/DirectMethodHandleDesc
Event: 0.529 loading class java/lang/constant/DirectMethodHandleDesc done
Event: 0.529 loading class java/lang/constant/DirectMethodHandleDescImpl done
Event: 0.529 loading class java/lang/constant/DirectMethodHandleDescImpl$1
Event: 0.529 loading class java/lang/constant/DirectMethodHandleDescImpl$1 done
Event: 0.529 loading class java/lang/constant/DirectMethodHandleDesc$1
Event: 0.529 loading class java/lang/constant/DirectMethodHandleDesc$1 done
Event: 0.529 loading class java/lang/constant/PrimitiveClassDescImpl
Event: 0.529 loading class java/lang/constant/DynamicConstantDesc
Event: 0.529 loading class java/lang/constant/DynamicConstantDesc done
Event: 0.529 loading class java/lang/constant/PrimitiveClassDescImpl done
Event: 0.530 loading class java/lang/constant/DynamicConstantDesc$AnonymousDynamicConstantDesc
Event: 0.530 loading class java/lang/constant/DynamicConstantDesc$AnonymousDynamicConstantDesc done


Dynamic libraries:
0x00007ff7a1670000 - 0x00007ff7a1680000 	C:\Program Files\Java\jdk-17\bin\java.exe
0x00007ff817070000 - 0x00007ff817287000 	C:\WINDOWS\SYSTEM32\ntdll.dll
0x00007ff8165b0000 - 0x00007ff816674000 	C:\WINDOWS\System32\KERNEL32.DLL
0x00007ff814a00000 - 0x00007ff814dac000 	C:\WINDOWS\System32\KERNELBASE.dll
0x00007ff814810000 - 0x00007ff814921000 	C:\WINDOWS\System32\ucrtbase.dll
0x00007fffe4640000 - 0x00007fffe465b000 	C:\Program Files\Java\jdk-17\bin\VCRUNTIME140.dll
0x00007fffe4660000 - 0x00007fffe4679000 	C:\Program Files\Java\jdk-17\bin\jli.dll
0x00007ff816680000 - 0x00007ff816732000 	C:\WINDOWS\System32\ADVAPI32.dll
0x00007ff8161b0000 - 0x00007ff816257000 	C:\WINDOWS\System32\msvcrt.dll
0x00007ff815ac0000 - 0x00007ff815b6a000 	C:\WINDOWS\System32\sechost.dll
0x00007ff8149d0000 - 0x00007ff8149f8000 	C:\WINDOWS\System32\bcrypt.dll
0x00007ff816410000 - 0x00007ff816525000 	C:\WINDOWS\System32\RPCRT4.dll
0x00007ff816df0000 - 0x00007ff816f9e000 	C:\WINDOWS\System32\USER32.dll
0x00007ff800800000 - 0x00007ff800a93000 	C:\WINDOWS\WinSxS\amd64_microsoft.windows.common-controls_6595b64144ccf1df_6.0.22621.3672_none_2713b9d173822955\COMCTL32.dll
0x00007ff8168c0000 - 0x00007ff8168e9000 	C:\WINDOWS\System32\GDI32.dll
0x00007ff8147e0000 - 0x00007ff814806000 	C:\WINDOWS\System32\win32u.dll
0x00007ff80a120000 - 0x00007ff80a12a000 	C:\WINDOWS\SYSTEM32\VERSION.dll
0x00007ff814460000 - 0x00007ff814579000 	C:\WINDOWS\System32\gdi32full.dll
0x00007ff814930000 - 0x00007ff8149ca000 	C:\WINDOWS\System32\msvcp_win.dll
0x00007fffe4610000 - 0x00007fffe461c000 	C:\Program Files\Java\jdk-17\bin\vcruntime140_1.dll
0x00007fffe4580000 - 0x00007fffe460e000 	C:\Program Files\Java\jdk-17\bin\msvcp140.dll
0x00007fffe39a0000 - 0x00007fffe457f000 	C:\Program Files\Java\jdk-17\bin\server\jvm.dll
0x00007fffe3990000 - 0x00007fffe3999000 	C:\WINDOWS\SYSTEM32\WSOCK32.dll
0x00007ff80a4e0000 - 0x00007ff80a514000 	C:\WINDOWS\SYSTEM32\WINMM.dll
0x00007ff815c70000 - 0x00007ff815ce1000 	C:\WINDOWS\System32\WS2_32.dll
0x00007ff815a90000 - 0x00007ff815a98000 	C:\WINDOWS\System32\PSAPI.DLL
0x00007ff813390000 - 0x00007ff8133a8000 	C:\WINDOWS\SYSTEM32\kernel.appcore.dll
0x00007fffe38a0000 - 0x00007fffe38aa000 	C:\Program Files\Java\jdk-17\bin\jimage.dll
0x00007ff811c60000 - 0x00007ff811e92000 	C:\WINDOWS\SYSTEM32\DBGHELP.DLL
0x00007ff8168f0000 - 0x00007ff816c78000 	C:\WINDOWS\System32\combase.dll
0x00007ff815d70000 - 0x00007ff815e47000 	C:\WINDOWS\System32\OLEAUT32.dll
0x00007ff808870000 - 0x00007ff8088a2000 	C:\WINDOWS\SYSTEM32\dbgcore.DLL
0x00007ff8146f0000 - 0x00007ff81476b000 	C:\WINDOWS\System32\bcryptPrimitives.dll
0x00007fffe3870000 - 0x00007fffe3895000 	C:\Program Files\Java\jdk-17\bin\java.dll
0x00007fffe3790000 - 0x00007fffe3867000 	C:\Program Files\Java\jdk-17\bin\jsvml.dll
0x00007ff814db0000 - 0x00007ff81560c000 	C:\WINDOWS\System32\SHELL32.dll
0x00007ff8122a0000 - 0x00007ff812b97000 	C:\WINDOWS\SYSTEM32\windows.storage.dll
0x00007ff812160000 - 0x00007ff81229f000 	C:\WINDOWS\SYSTEM32\wintypes.dll
0x00007ff816cf0000 - 0x00007ff816de4000 	C:\WINDOWS\System32\SHCORE.dll
0x00007ff816c80000 - 0x00007ff816cde000 	C:\WINDOWS\System32\shlwapi.dll
0x00007ff8142d0000 - 0x00007ff8142f1000 	C:\WINDOWS\SYSTEM32\profapi.dll
0x00007fffe3480000 - 0x00007fffe3499000 	C:\Program Files\Java\jdk-17\bin\net.dll
0x00007ff80b900000 - 0x00007ff80ba36000 	C:\WINDOWS\SYSTEM32\WINHTTP.dll
0x00007ff8137f0000 - 0x00007ff813859000 	C:\WINDOWS\system32\mswsock.dll
0x00007fffe3460000 - 0x00007fffe3476000 	C:\Program Files\Java\jdk-17\bin\nio.dll
0x00007fffe3440000 - 0x00007fffe3458000 	C:\Program Files\Java\jdk-17\bin\zip.dll
0x00007fffe1aa0000 - 0x00007fffe1ab0000 	C:\Program Files\Java\jdk-17\bin\verify.dll
0x00007ff813a90000 - 0x00007ff813aab000 	C:\WINDOWS\SYSTEM32\CRYPTSP.dll
0x00007ff8132f0000 - 0x00007ff813325000 	C:\WINDOWS\system32\rsaenh.dll
0x00007ff813a00000 - 0x00007ff813a0c000 	C:\WINDOWS\SYSTEM32\CRYPTBASE.dll
0x00007ff812e00000 - 0x00007ff812e2d000 	C:\WINDOWS\SYSTEM32\IPHLPAPI.DLL
0x00007ff815aa0000 - 0x00007ff815aa9000 	C:\WINDOWS\System32\NSI.dll

dbghelp: loaded successfully - version: 4.0.5 - missing functions: none
symbol engine: initialized successfully - sym options: 0x614 - pdb path: .;C:\Program Files\Java\jdk-17\bin;C:\WINDOWS\SYSTEM32;C:\WINDOWS\WinSxS\amd64_microsoft.windows.common-controls_6595b64144ccf1df_6.0.22621.3672_none_2713b9d173822955;C:\Program Files\Java\jdk-17\bin\server

VM Arguments:
java_command: C:\Users\AC\git\RR_Web_Automation\RR\target\surefire\surefirebooter1474500364333516615.jar C:\Users\AC\git\RR_Web_Automation\RR\target\surefire\surefire14868530914328794908tmp C:\Users\AC\git\RR_Web_Automation\RR\target\surefire\surefire_04849410236144692217tmp
java_class_path (initial): C:\Users\AC\git\RR_Web_Automation\RR\target\surefire\surefirebooter1474500364333516615.jar
Launcher Type: SUN_STANDARD

[Global flags]
     intx CICompilerCount                          = 3                                         {product} {ergonomic}
     uint ConcGCThreads                            = 1                                         {product} {ergonomic}
     uint G1ConcRefinementThreads                  = 4                                         {product} {ergonomic}
   size_t G1HeapRegionSize                         = 1048576                                   {product} {ergonomic}
    uintx GCDrainStackTargetSize                   = 64                                        {product} {ergonomic}
   size_t InitialHeapSize                          = 130023424                                 {product} {ergonomic}
   size_t MarkStackSize                            = 4194304                                   {product} {ergonomic}
   size_t MaxHeapSize                              = 2069889024                                {product} {ergonomic}
   size_t MaxNewSize                               = 1241513984                                {product} {ergonomic}
   size_t MinHeapDeltaBytes                        = 1048576                                   {product} {ergonomic}
   size_t MinHeapSize                              = 8388608                                   {product} {ergonomic}
    uintx NonNMethodCodeHeapSize                   = 5832780                                {pd product} {ergonomic}
    uintx NonProfiledCodeHeapSize                  = 122912730                              {pd product} {ergonomic}
    uintx ProfiledCodeHeapSize                     = 122912730                              {pd product} {ergonomic}
    uintx ReservedCodeCacheSize                    = 251658240                              {pd product} {ergonomic}
     bool SegmentedCodeCache                       = true                                      {product} {ergonomic}
   size_t SoftMaxHeapSize                          = 2069889024                             {manageable} {ergonomic}
     bool UseCompressedClassPointers               = true                           {product lp64_product} {ergonomic}
     bool UseCompressedOops                        = true                           {product lp64_product} {ergonomic}
     bool UseG1GC                                  = true                                      {product} {ergonomic}
     bool UseLargePagesIndividualAllocation        = false                                  {pd product} {ergonomic}

Logging:
Log output configuration:
 #0: stdout all=warning uptime,level,tags
 #1: stderr all=off uptime,level,tags

Environment Variables:
PATH=C:\ProgramData\Jenkins\.jenkins\tools\hudson.tasks.Maven_MavenInstallation\maven3/bin;C:\Program Files\Common Files\Oracle\Java\javapath;C:\WINDOWS\system32;C:\WINDOWS;C:\WINDOWS\System32\Wbem;C:\WINDOWS\System32\WindowsPowerShell\v1.0\;C:\WINDOWS\System32\OpenSSH\;C:\Program Files\Java\jdk-17;C:\Program Files\Git\cmd;C:\Users\AC\git\RR_Web_Automation\RR\apache-maven-3.8.8-bin\apache-maven-3.8.8\bin;;C:\Program Files\Docker\Docker\resources\bin;C:\WINDOWS\system32\config\systemprofile\AppData\Local\Microsoft\WindowsApps
USERNAME=NEERU$
OS=Windows_NT
PROCESSOR_IDENTIFIER=Intel64 Family 6 Model 140 Stepping 1, GenuineIntel



---------------  S Y S T E M  ---------------

OS:
 Windows 11 , 64 bit Build 22621 (10.0.22621.3672)
OS uptime: 19 days 9:25 hours
Hyper-V role detected

CPU: total 4 (initial active 4) (2 cores per cpu, 2 threads per core) family 6 model 140 stepping 1 microcode 0x86, cx8, cmov, fxsr, ht, mmx, 3dnowpref, sse, sse2, sse3, ssse3, sse4.1, sse4.2, popcnt, lzcnt, tsc, tscinvbit, avx, avx2, aes, erms, clmul, bmi1, bmi2, adx, avx512f, avx512dq, avx512cd, avx512bw, avx512vl, sha, fma, vzeroupper, avx512_vpopcntdq, avx512_vpclmulqdq, avx512_vaes, avx512_vnni, clflush, clflushopt, clwb, avx512_vbmi2, avx512_vbmi, hv

Memory: 4k page, system-wide physical 7890M (487M free)
TotalPageFile size 32466M (AvailPageFile size 0M)
current process WorkingSet (physical memory assigned to process): 68M, peak: 68M
current process commit charge ("private bytes"): 209M, peak: 209M

vm_info: Java HotSpot(TM) 64-Bit Server VM (17.0.10+11-LTS-240) for windows-amd64 JRE (17.0.10+11-LTS-240), built on Dec 19 2023 21:47:25 by "mach5one" with MS VC++ 17.1 (VS2022)

END.
