#
# There is insufficient memory for the Java Runtime Environment to continue.
# Native memory allocation (malloc) failed to allocate 32744 bytes for ChunkPool::allocate
# Possible reasons:
#   The system is out of physical RAM or swap space
#   The process is running with CompressedOops enabled, and the Java Heap may be blocking the growth of the native heap
# Possible solutions:
#   Reduce memory load on the system
#   Increase physical memory or swap space
#   Check if swap backing store is full
#   Decrease Java heap size (-Xmx/-Xms)
#   Decrease number of Java threads
#   Decrease Java thread stack sizes (-Xss)
#   Set larger code cache with -XX:ReservedCodeCacheSize=
#   JVM is running with Unscaled Compressed Oops mode in which the Java heap is
#     placed in the first 4GB address space. The Java Heap base address is the
#     maximum limit for the native heap growth. Please use -XX:HeapBaseMinAddress
#     to set the Java Heap base and to place the Java Heap above 4GB virtual address.
# This output file may be truncated or incomplete.
#
#  Out of Memory Error (arena.cpp:78), pid=6432, tid=3012
#
# JRE version: Java(TM) SE Runtime Environment (17.0.10+11) (build 17.0.10+11-LTS-240)
# Java VM: Java HotSpot(TM) 64-Bit Server VM (17.0.10+11-LTS-240, mixed mode, tiered, compressed oops, compressed class ptrs, g1 gc, windows-amd64)
# No core dump will be written. Minidumps are not enabled by default on client versions of Windows
#

---------------  S U M M A R Y ------------

Command Line: C:\Users\AC\git\RR_Web_Automation\RR\target\surefire\surefirebooter10844216332834894685.jar C:\Users\AC\git\RR_Web_Automation\RR\target\surefire\surefire13029966473095802238tmp C:\Users\AC\git\RR_Web_Automation\RR\target\surefire\surefire_08003417131235715235tmp

Host: 11th Gen Intel(R) Core(TM) i3-1115G4 @ 3.00GHz, 4 cores, 7G,  Windows 11 , 64 bit Build 22621 (10.0.22621.3672)
Time: Mon Jul  1 20:04:08 2024 India Standard Time elapsed time: 0.216237 seconds (0d 0h 0m 0s)

---------------  T H R E A D  ---------------

Current thread (0x00000201319162f0):  JavaThread "C2 CompilerThread0" daemon [_thread_in_native, id=3012, stack(0x000000eee2000000,0x000000eee2100000)]


Current CompileTask:
C2:    216  142       4       java.lang.AbstractStringBuilder::ensureCapacityInternal (39 bytes)

Stack: [0x000000eee2000000,0x000000eee2100000]
Native frames: (J=compiled Java code, j=interpreted, Vv=VM code, C=native code)
V  [jvm.dll+0x677a5a]
V  [jvm.dll+0x7d8b2d]
V  [jvm.dll+0x7da48e]
V  [jvm.dll+0x7daaf3]
V  [jvm.dll+0x2455ff]
V  [jvm.dll+0xaad50]
V  [jvm.dll+0xab09c]
V  [jvm.dll+0x5613ab]
V  [jvm.dll+0x1bb06b]
V  [jvm.dll+0x217aa7]
V  [jvm.dll+0x216d81]
V  [jvm.dll+0x1a3410]
V  [jvm.dll+0x226aeb]
V  [jvm.dll+0x224cab]
V  [jvm.dll+0x78e45c]
V  [jvm.dll+0x78888a]
V  [jvm.dll+0x676935]
C  [ucrtbase.dll+0x29333]
C  [KERNEL32.DLL+0x1257d]
C  [ntdll.dll+0x5af28]


---------------  P R O C E S S  ---------------

Threads class SMR info:
_java_thread_list=0x0000020131b05b10, length=14, elements={
0x00000201140ab450, 0x00000201317da260, 0x000002013178b860, 0x00000201317af630,
0x00000201317e4f90, 0x00000201317e7960, 0x00000201317e98e0, 0x00000201319162f0,
0x0000020131917860, 0x000002013191bb70, 0x0000020131a83460, 0x0000020131a9e610,
0x0000020131b034e0, 0x0000020131af8f90
}

Java Threads: ( => current thread )
  0x00000201140ab450 JavaThread "main" [_thread_in_vm, id=23432, stack(0x000000eee1300000,0x000000eee1400000)]
  0x00000201317da260 JavaThread "Reference Handler" daemon [_thread_blocked, id=25024, stack(0x000000eee1a00000,0x000000eee1b00000)]
  0x000002013178b860 JavaThread "Finalizer" daemon [_thread_blocked, id=31348, stack(0x000000eee1b00000,0x000000eee1c00000)]
  0x00000201317af630 JavaThread "Signal Dispatcher" daemon [_thread_blocked, id=31380, stack(0x000000eee1c00000,0x000000eee1d00000)]
  0x00000201317e4f90 JavaThread "Attach Listener" daemon [_thread_blocked, id=34136, stack(0x000000eee1d00000,0x000000eee1e00000)]
  0x00000201317e7960 JavaThread "Service Thread" daemon [_thread_blocked, id=31900, stack(0x000000eee1e00000,0x000000eee1f00000)]
  0x00000201317e98e0 JavaThread "Monitor Deflation Thread" daemon [_thread_blocked, id=28112, stack(0x000000eee1f00000,0x000000eee2000000)]
=>0x00000201319162f0 JavaThread "C2 CompilerThread0" daemon [_thread_in_native, id=3012, stack(0x000000eee2000000,0x000000eee2100000)]
  0x0000020131917860 JavaThread "C1 CompilerThread0" daemon [_thread_blocked, id=19060, stack(0x000000eee2100000,0x000000eee2200000)]
  0x000002013191bb70 JavaThread "Sweeper thread" daemon [_thread_blocked, id=27704, stack(0x000000eee2200000,0x000000eee2300000)]
  0x0000020131a83460 JavaThread "Notification Thread" daemon [_thread_blocked, id=21000, stack(0x000000eee2300000,0x000000eee2400000)]
  0x0000020131a9e610 JavaThread "Common-Cleaner" daemon [_thread_blocked, id=132, stack(0x000000eee2500000,0x000000eee2600000)]
  0x0000020131b034e0 JavaThread "last-ditch-daemon-shutdown-thread-30sec" daemon [_thread_blocked, id=21876, stack(0x000000eee2600000,0x000000eee2700000)]
  0x0000020131af8f90 JavaThread "surefire-forkedjvm-command-thread" daemon [_thread_in_native, id=17580, stack(0x000000eee2700000,0x000000eee2800000)]

Other Threads:
  0x0000020131750080 VMThread "VM Thread" [stack: 0x000000eee1900000,0x000000eee1a00000] [id=6980]
  0x0000020131a961c0 WatcherThread [stack: 0x000000eee2400000,0x000000eee2500000] [id=33636]
  0x00000201141035e0 GCTaskThread "GC Thread#0" [stack: 0x000000eee1400000,0x000000eee1500000] [id=28104]
  0x0000020114113bf0 ConcurrentGCThread "G1 Main Marker" [stack: 0x000000eee1500000,0x000000eee1600000] [id=5540]
  0x0000020114114600 ConcurrentGCThread "G1 Conc#0" [stack: 0x000000eee1600000,0x000000eee1700000] [id=10468]
  0x000002011417e4c0 ConcurrentGCThread "G1 Refine#0" [stack: 0x000000eee1700000,0x000000eee1800000] [id=14384]
  0x00000201315f0080 ConcurrentGCThread "G1 Service" [stack: 0x000000eee1800000,0x000000eee1900000] [id=12032]

Threads with active compile tasks:
C2 CompilerThread0      243  142       4       java.lang.AbstractStringBuilder::ensureCapacityInternal (39 bytes)

VM state: not at safepoint (normal execution)

VM Mutex/Monitor currently owned by a thread: None

Heap address: 0x0000000084a00000, size: 1974 MB, Compressed Oops mode: 32-bit

CDS archive(s) not mapped
Compressed class space mapped at: 0x0000000100000000-0x0000000140000000, reserved size: 1073741824
Narrow klass base: 0x0000000000000000, Narrow klass shift: 3, Narrow klass range: 0x140000000

GC Precious Log:
 CPUs: 4 total, 4 available
 Memory: 7890M
 Large Page Support: Disabled
 NUMA Support: Disabled
 Compressed Oops: Enabled (32-bit)
 Heap Region Size: 1M
 Heap Min Capacity: 8M
 Heap Initial Capacity: 124M
 Heap Max Capacity: 1974M
 Pre-touch: Disabled
 Parallel Workers: 4
 Concurrent Workers: 1
 Concurrent Refinement Workers: 4
 Periodic GC: Disabled

Heap:
 garbage-first heap   total 126976K, used 2048K [0x0000000084a00000, 0x0000000100000000)
  region size 1024K, 3 young (3072K), 0 survivors (0K)
 Metaspace       used 5544K, committed 5632K, reserved 1114112K
  class space    used 480K, committed 512K, reserved 1048576K

Heap Regions: E=young(eden), S=young(survivor), O=old, HS=humongous(starts), HC=humongous(continues), CS=collection set, F=free, OA=open archive, CA=closed archive, TAMS=top-at-mark-start (previous, next)
|   0|0x0000000084a00000, 0x0000000084a00000, 0x0000000084b00000|  0%| F|  |TAMS 0x0000000084a00000, 0x0000000084a00000| Untracked 
|   1|0x0000000084b00000, 0x0000000084b00000, 0x0000000084c00000|  0%| F|  |TAMS 0x0000000084b00000, 0x0000000084b00000| Untracked 
|   2|0x0000000084c00000, 0x0000000084c00000, 0x0000000084d00000|  0%| F|  |TAMS 0x0000000084c00000, 0x0000000084c00000| Untracked 
|   3|0x0000000084d00000, 0x0000000084d00000, 0x0000000084e00000|  0%| F|  |TAMS 0x0000000084d00000, 0x0000000084d00000| Untracked 
|   4|0x0000000084e00000, 0x0000000084e00000, 0x0000000084f00000|  0%| F|  |TAMS 0x0000000084e00000, 0x0000000084e00000| Untracked 
|   5|0x0000000084f00000, 0x0000000084f00000, 0x0000000085000000|  0%| F|  |TAMS 0x0000000084f00000, 0x0000000084f00000| Untracked 
|   6|0x0000000085000000, 0x0000000085000000, 0x0000000085100000|  0%| F|  |TAMS 0x0000000085000000, 0x0000000085000000| Untracked 
|   7|0x0000000085100000, 0x0000000085100000, 0x0000000085200000|  0%| F|  |TAMS 0x0000000085100000, 0x0000000085100000| Untracked 
|   8|0x0000000085200000, 0x0000000085200000, 0x0000000085300000|  0%| F|  |TAMS 0x0000000085200000, 0x0000000085200000| Untracked 
|   9|0x0000000085300000, 0x0000000085300000, 0x0000000085400000|  0%| F|  |TAMS 0x0000000085300000, 0x0000000085300000| Untracked 
|  10|0x0000000085400000, 0x0000000085400000, 0x0000000085500000|  0%| F|  |TAMS 0x0000000085400000, 0x0000000085400000| Untracked 
|  11|0x0000000085500000, 0x0000000085500000, 0x0000000085600000|  0%| F|  |TAMS 0x0000000085500000, 0x0000000085500000| Untracked 
|  12|0x0000000085600000, 0x0000000085600000, 0x0000000085700000|  0%| F|  |TAMS 0x0000000085600000, 0x0000000085600000| Untracked 
|  13|0x0000000085700000, 0x0000000085700000, 0x0000000085800000|  0%| F|  |TAMS 0x0000000085700000, 0x0000000085700000| Untracked 
|  14|0x0000000085800000, 0x0000000085800000, 0x0000000085900000|  0%| F|  |TAMS 0x0000000085800000, 0x0000000085800000| Untracked 
|  15|0x0000000085900000, 0x0000000085900000, 0x0000000085a00000|  0%| F|  |TAMS 0x0000000085900000, 0x0000000085900000| Untracked 
|  16|0x0000000085a00000, 0x0000000085a00000, 0x0000000085b00000|  0%| F|  |TAMS 0x0000000085a00000, 0x0000000085a00000| Untracked 
|  17|0x0000000085b00000, 0x0000000085b00000, 0x0000000085c00000|  0%| F|  |TAMS 0x0000000085b00000, 0x0000000085b00000| Untracked 
|  18|0x0000000085c00000, 0x0000000085c00000, 0x0000000085d00000|  0%| F|  |TAMS 0x0000000085c00000, 0x0000000085c00000| Untracked 
|  19|0x0000000085d00000, 0x0000000085d00000, 0x0000000085e00000|  0%| F|  |TAMS 0x0000000085d00000, 0x0000000085d00000| Untracked 
|  20|0x0000000085e00000, 0x0000000085e00000, 0x0000000085f00000|  0%| F|  |TAMS 0x0000000085e00000, 0x0000000085e00000| Untracked 
|  21|0x0000000085f00000, 0x0000000085f00000, 0x0000000086000000|  0%| F|  |TAMS 0x0000000085f00000, 0x0000000085f00000| Untracked 
|  22|0x0000000086000000, 0x0000000086000000, 0x0000000086100000|  0%| F|  |TAMS 0x0000000086000000, 0x0000000086000000| Untracked 
|  23|0x0000000086100000, 0x0000000086100000, 0x0000000086200000|  0%| F|  |TAMS 0x0000000086100000, 0x0000000086100000| Untracked 
|  24|0x0000000086200000, 0x0000000086200000, 0x0000000086300000|  0%| F|  |TAMS 0x0000000086200000, 0x0000000086200000| Untracked 
|  25|0x0000000086300000, 0x0000000086300000, 0x0000000086400000|  0%| F|  |TAMS 0x0000000086300000, 0x0000000086300000| Untracked 
|  26|0x0000000086400000, 0x0000000086400000, 0x0000000086500000|  0%| F|  |TAMS 0x0000000086400000, 0x0000000086400000| Untracked 
|  27|0x0000000086500000, 0x0000000086500000, 0x0000000086600000|  0%| F|  |TAMS 0x0000000086500000, 0x0000000086500000| Untracked 
|  28|0x0000000086600000, 0x0000000086600000, 0x0000000086700000|  0%| F|  |TAMS 0x0000000086600000, 0x0000000086600000| Untracked 
|  29|0x0000000086700000, 0x0000000086700000, 0x0000000086800000|  0%| F|  |TAMS 0x0000000086700000, 0x0000000086700000| Untracked 
|  30|0x0000000086800000, 0x0000000086800000, 0x0000000086900000|  0%| F|  |TAMS 0x0000000086800000, 0x0000000086800000| Untracked 
|  31|0x0000000086900000, 0x0000000086900000, 0x0000000086a00000|  0%| F|  |TAMS 0x0000000086900000, 0x0000000086900000| Untracked 
|  32|0x0000000086a00000, 0x0000000086a00000, 0x0000000086b00000|  0%| F|  |TAMS 0x0000000086a00000, 0x0000000086a00000| Untracked 
|  33|0x0000000086b00000, 0x0000000086b00000, 0x0000000086c00000|  0%| F|  |TAMS 0x0000000086b00000, 0x0000000086b00000| Untracked 
|  34|0x0000000086c00000, 0x0000000086c00000, 0x0000000086d00000|  0%| F|  |TAMS 0x0000000086c00000, 0x0000000086c00000| Untracked 
|  35|0x0000000086d00000, 0x0000000086d00000, 0x0000000086e00000|  0%| F|  |TAMS 0x0000000086d00000, 0x0000000086d00000| Untracked 
|  36|0x0000000086e00000, 0x0000000086e00000, 0x0000000086f00000|  0%| F|  |TAMS 0x0000000086e00000, 0x0000000086e00000| Untracked 
|  37|0x0000000086f00000, 0x0000000086f00000, 0x0000000087000000|  0%| F|  |TAMS 0x0000000086f00000, 0x0000000086f00000| Untracked 
|  38|0x0000000087000000, 0x0000000087000000, 0x0000000087100000|  0%| F|  |TAMS 0x0000000087000000, 0x0000000087000000| Untracked 
|  39|0x0000000087100000, 0x0000000087100000, 0x0000000087200000|  0%| F|  |TAMS 0x0000000087100000, 0x0000000087100000| Untracked 
|  40|0x0000000087200000, 0x0000000087200000, 0x0000000087300000|  0%| F|  |TAMS 0x0000000087200000, 0x0000000087200000| Untracked 
|  41|0x0000000087300000, 0x0000000087300000, 0x0000000087400000|  0%| F|  |TAMS 0x0000000087300000, 0x0000000087300000| Untracked 
|  42|0x0000000087400000, 0x0000000087400000, 0x0000000087500000|  0%| F|  |TAMS 0x0000000087400000, 0x0000000087400000| Untracked 
|  43|0x0000000087500000, 0x0000000087500000, 0x0000000087600000|  0%| F|  |TAMS 0x0000000087500000, 0x0000000087500000| Untracked 
|  44|0x0000000087600000, 0x0000000087600000, 0x0000000087700000|  0%| F|  |TAMS 0x0000000087600000, 0x0000000087600000| Untracked 
|  45|0x0000000087700000, 0x0000000087700000, 0x0000000087800000|  0%| F|  |TAMS 0x0000000087700000, 0x0000000087700000| Untracked 
|  46|0x0000000087800000, 0x0000000087800000, 0x0000000087900000|  0%| F|  |TAMS 0x0000000087800000, 0x0000000087800000| Untracked 
|  47|0x0000000087900000, 0x0000000087900000, 0x0000000087a00000|  0%| F|  |TAMS 0x0000000087900000, 0x0000000087900000| Untracked 
|  48|0x0000000087a00000, 0x0000000087a00000, 0x0000000087b00000|  0%| F|  |TAMS 0x0000000087a00000, 0x0000000087a00000| Untracked 
|  49|0x0000000087b00000, 0x0000000087b00000, 0x0000000087c00000|  0%| F|  |TAMS 0x0000000087b00000, 0x0000000087b00000| Untracked 
|  50|0x0000000087c00000, 0x0000000087c00000, 0x0000000087d00000|  0%| F|  |TAMS 0x0000000087c00000, 0x0000000087c00000| Untracked 
|  51|0x0000000087d00000, 0x0000000087d00000, 0x0000000087e00000|  0%| F|  |TAMS 0x0000000087d00000, 0x0000000087d00000| Untracked 
|  52|0x0000000087e00000, 0x0000000087e00000, 0x0000000087f00000|  0%| F|  |TAMS 0x0000000087e00000, 0x0000000087e00000| Untracked 
|  53|0x0000000087f00000, 0x0000000087f00000, 0x0000000088000000|  0%| F|  |TAMS 0x0000000087f00000, 0x0000000087f00000| Untracked 
|  54|0x0000000088000000, 0x0000000088000000, 0x0000000088100000|  0%| F|  |TAMS 0x0000000088000000, 0x0000000088000000| Untracked 
|  55|0x0000000088100000, 0x0000000088100000, 0x0000000088200000|  0%| F|  |TAMS 0x0000000088100000, 0x0000000088100000| Untracked 
|  56|0x0000000088200000, 0x0000000088200000, 0x0000000088300000|  0%| F|  |TAMS 0x0000000088200000, 0x0000000088200000| Untracked 
|  57|0x0000000088300000, 0x0000000088300000, 0x0000000088400000|  0%| F|  |TAMS 0x0000000088300000, 0x0000000088300000| Untracked 
|  58|0x0000000088400000, 0x0000000088400000, 0x0000000088500000|  0%| F|  |TAMS 0x0000000088400000, 0x0000000088400000| Untracked 
|  59|0x0000000088500000, 0x0000000088500000, 0x0000000088600000|  0%| F|  |TAMS 0x0000000088500000, 0x0000000088500000| Untracked 
|  60|0x0000000088600000, 0x0000000088600000, 0x0000000088700000|  0%| F|  |TAMS 0x0000000088600000, 0x0000000088600000| Untracked 
|  61|0x0000000088700000, 0x0000000088700000, 0x0000000088800000|  0%| F|  |TAMS 0x0000000088700000, 0x0000000088700000| Untracked 
|  62|0x0000000088800000, 0x0000000088800000, 0x0000000088900000|  0%| F|  |TAMS 0x0000000088800000, 0x0000000088800000| Untracked 
|  63|0x0000000088900000, 0x0000000088900000, 0x0000000088a00000|  0%| F|  |TAMS 0x0000000088900000, 0x0000000088900000| Untracked 
|  64|0x0000000088a00000, 0x0000000088a00000, 0x0000000088b00000|  0%| F|  |TAMS 0x0000000088a00000, 0x0000000088a00000| Untracked 
|  65|0x0000000088b00000, 0x0000000088b00000, 0x0000000088c00000|  0%| F|  |TAMS 0x0000000088b00000, 0x0000000088b00000| Untracked 
|  66|0x0000000088c00000, 0x0000000088c00000, 0x0000000088d00000|  0%| F|  |TAMS 0x0000000088c00000, 0x0000000088c00000| Untracked 
|  67|0x0000000088d00000, 0x0000000088d00000, 0x0000000088e00000|  0%| F|  |TAMS 0x0000000088d00000, 0x0000000088d00000| Untracked 
|  68|0x0000000088e00000, 0x0000000088e00000, 0x0000000088f00000|  0%| F|  |TAMS 0x0000000088e00000, 0x0000000088e00000| Untracked 
|  69|0x0000000088f00000, 0x0000000088f00000, 0x0000000089000000|  0%| F|  |TAMS 0x0000000088f00000, 0x0000000088f00000| Untracked 
|  70|0x0000000089000000, 0x0000000089000000, 0x0000000089100000|  0%| F|  |TAMS 0x0000000089000000, 0x0000000089000000| Untracked 
|  71|0x0000000089100000, 0x0000000089100000, 0x0000000089200000|  0%| F|  |TAMS 0x0000000089100000, 0x0000000089100000| Untracked 
|  72|0x0000000089200000, 0x0000000089200000, 0x0000000089300000|  0%| F|  |TAMS 0x0000000089200000, 0x0000000089200000| Untracked 
|  73|0x0000000089300000, 0x0000000089300000, 0x0000000089400000|  0%| F|  |TAMS 0x0000000089300000, 0x0000000089300000| Untracked 
|  74|0x0000000089400000, 0x0000000089400000, 0x0000000089500000|  0%| F|  |TAMS 0x0000000089400000, 0x0000000089400000| Untracked 
|  75|0x0000000089500000, 0x0000000089500000, 0x0000000089600000|  0%| F|  |TAMS 0x0000000089500000, 0x0000000089500000| Untracked 
|  76|0x0000000089600000, 0x0000000089600000, 0x0000000089700000|  0%| F|  |TAMS 0x0000000089600000, 0x0000000089600000| Untracked 
|  77|0x0000000089700000, 0x0000000089700000, 0x0000000089800000|  0%| F|  |TAMS 0x0000000089700000, 0x0000000089700000| Untracked 
|  78|0x0000000089800000, 0x0000000089800000, 0x0000000089900000|  0%| F|  |TAMS 0x0000000089800000, 0x0000000089800000| Untracked 
|  79|0x0000000089900000, 0x0000000089900000, 0x0000000089a00000|  0%| F|  |TAMS 0x0000000089900000, 0x0000000089900000| Untracked 
|  80|0x0000000089a00000, 0x0000000089a00000, 0x0000000089b00000|  0%| F|  |TAMS 0x0000000089a00000, 0x0000000089a00000| Untracked 
|  81|0x0000000089b00000, 0x0000000089b00000, 0x0000000089c00000|  0%| F|  |TAMS 0x0000000089b00000, 0x0000000089b00000| Untracked 
|  82|0x0000000089c00000, 0x0000000089c00000, 0x0000000089d00000|  0%| F|  |TAMS 0x0000000089c00000, 0x0000000089c00000| Untracked 
|  83|0x0000000089d00000, 0x0000000089d00000, 0x0000000089e00000|  0%| F|  |TAMS 0x0000000089d00000, 0x0000000089d00000| Untracked 
|  84|0x0000000089e00000, 0x0000000089e00000, 0x0000000089f00000|  0%| F|  |TAMS 0x0000000089e00000, 0x0000000089e00000| Untracked 
|  85|0x0000000089f00000, 0x0000000089f00000, 0x000000008a000000|  0%| F|  |TAMS 0x0000000089f00000, 0x0000000089f00000| Untracked 
|  86|0x000000008a000000, 0x000000008a000000, 0x000000008a100000|  0%| F|  |TAMS 0x000000008a000000, 0x000000008a000000| Untracked 
|  87|0x000000008a100000, 0x000000008a100000, 0x000000008a200000|  0%| F|  |TAMS 0x000000008a100000, 0x000000008a100000| Untracked 
|  88|0x000000008a200000, 0x000000008a200000, 0x000000008a300000|  0%| F|  |TAMS 0x000000008a200000, 0x000000008a200000| Untracked 
|  89|0x000000008a300000, 0x000000008a300000, 0x000000008a400000|  0%| F|  |TAMS 0x000000008a300000, 0x000000008a300000| Untracked 
|  90|0x000000008a400000, 0x000000008a400000, 0x000000008a500000|  0%| F|  |TAMS 0x000000008a400000, 0x000000008a400000| Untracked 
|  91|0x000000008a500000, 0x000000008a500000, 0x000000008a600000|  0%| F|  |TAMS 0x000000008a500000, 0x000000008a500000| Untracked 
|  92|0x000000008a600000, 0x000000008a600000, 0x000000008a700000|  0%| F|  |TAMS 0x000000008a600000, 0x000000008a600000| Untracked 
|  93|0x000000008a700000, 0x000000008a700000, 0x000000008a800000|  0%| F|  |TAMS 0x000000008a700000, 0x000000008a700000| Untracked 
|  94|0x000000008a800000, 0x000000008a800000, 0x000000008a900000|  0%| F|  |TAMS 0x000000008a800000, 0x000000008a800000| Untracked 
|  95|0x000000008a900000, 0x000000008a900000, 0x000000008aa00000|  0%| F|  |TAMS 0x000000008a900000, 0x000000008a900000| Untracked 
|  96|0x000000008aa00000, 0x000000008aa00000, 0x000000008ab00000|  0%| F|  |TAMS 0x000000008aa00000, 0x000000008aa00000| Untracked 
|  97|0x000000008ab00000, 0x000000008ab00000, 0x000000008ac00000|  0%| F|  |TAMS 0x000000008ab00000, 0x000000008ab00000| Untracked 
|  98|0x000000008ac00000, 0x000000008ac00000, 0x000000008ad00000|  0%| F|  |TAMS 0x000000008ac00000, 0x000000008ac00000| Untracked 
|  99|0x000000008ad00000, 0x000000008ad00000, 0x000000008ae00000|  0%| F|  |TAMS 0x000000008ad00000, 0x000000008ad00000| Untracked 
| 100|0x000000008ae00000, 0x000000008ae00000, 0x000000008af00000|  0%| F|  |TAMS 0x000000008ae00000, 0x000000008ae00000| Untracked 
| 101|0x000000008af00000, 0x000000008af00000, 0x000000008b000000|  0%| F|  |TAMS 0x000000008af00000, 0x000000008af00000| Untracked 
| 102|0x000000008b000000, 0x000000008b000000, 0x000000008b100000|  0%| F|  |TAMS 0x000000008b000000, 0x000000008b000000| Untracked 
| 103|0x000000008b100000, 0x000000008b100000, 0x000000008b200000|  0%| F|  |TAMS 0x000000008b100000, 0x000000008b100000| Untracked 
| 104|0x000000008b200000, 0x000000008b200000, 0x000000008b300000|  0%| F|  |TAMS 0x000000008b200000, 0x000000008b200000| Untracked 
| 105|0x000000008b300000, 0x000000008b300000, 0x000000008b400000|  0%| F|  |TAMS 0x000000008b300000, 0x000000008b300000| Untracked 
| 106|0x000000008b400000, 0x000000008b400000, 0x000000008b500000|  0%| F|  |TAMS 0x000000008b400000, 0x000000008b400000| Untracked 
| 107|0x000000008b500000, 0x000000008b500000, 0x000000008b600000|  0%| F|  |TAMS 0x000000008b500000, 0x000000008b500000| Untracked 
| 108|0x000000008b600000, 0x000000008b600000, 0x000000008b700000|  0%| F|  |TAMS 0x000000008b600000, 0x000000008b600000| Untracked 
| 109|0x000000008b700000, 0x000000008b700000, 0x000000008b800000|  0%| F|  |TAMS 0x000000008b700000, 0x000000008b700000| Untracked 
| 110|0x000000008b800000, 0x000000008b800000, 0x000000008b900000|  0%| F|  |TAMS 0x000000008b800000, 0x000000008b800000| Untracked 
| 111|0x000000008b900000, 0x000000008b900000, 0x000000008ba00000|  0%| F|  |TAMS 0x000000008b900000, 0x000000008b900000| Untracked 
| 112|0x000000008ba00000, 0x000000008ba00000, 0x000000008bb00000|  0%| F|  |TAMS 0x000000008ba00000, 0x000000008ba00000| Untracked 
| 113|0x000000008bb00000, 0x000000008bb00000, 0x000000008bc00000|  0%| F|  |TAMS 0x000000008bb00000, 0x000000008bb00000| Untracked 
| 114|0x000000008bc00000, 0x000000008bc00000, 0x000000008bd00000|  0%| F|  |TAMS 0x000000008bc00000, 0x000000008bc00000| Untracked 
| 115|0x000000008bd00000, 0x000000008bd00000, 0x000000008be00000|  0%| F|  |TAMS 0x000000008bd00000, 0x000000008bd00000| Untracked 
| 116|0x000000008be00000, 0x000000008be00000, 0x000000008bf00000|  0%| F|  |TAMS 0x000000008be00000, 0x000000008be00000| Untracked 
| 117|0x000000008bf00000, 0x000000008bf00000, 0x000000008c000000|  0%| F|  |TAMS 0x000000008bf00000, 0x000000008bf00000| Untracked 
| 118|0x000000008c000000, 0x000000008c000000, 0x000000008c100000|  0%| F|  |TAMS 0x000000008c000000, 0x000000008c000000| Untracked 
| 119|0x000000008c100000, 0x000000008c100000, 0x000000008c200000|  0%| F|  |TAMS 0x000000008c100000, 0x000000008c100000| Untracked 
| 120|0x000000008c200000, 0x000000008c200000, 0x000000008c300000|  0%| F|  |TAMS 0x000000008c200000, 0x000000008c200000| Untracked 
| 121|0x000000008c300000, 0x000000008c385a40, 0x000000008c400000| 52%| E|  |TAMS 0x000000008c300000, 0x000000008c300000| Complete 
| 122|0x000000008c400000, 0x000000008c500000, 0x000000008c500000|100%| E|CS|TAMS 0x000000008c400000, 0x000000008c400000| Complete 
| 123|0x000000008c500000, 0x000000008c600000, 0x000000008c600000|100%| E|CS|TAMS 0x000000008c500000, 0x000000008c500000| Complete 

Card table byte_map: [0x000002012ad40000,0x000002012b120000] _byte_map_base: 0x000002012a91b000

Marking Bits (Prev, Next): (CMBitMap*) 0x0000020114103c00, (CMBitMap*) 0x0000020114103c40
 Prev Bits: [0x000002012b500000, 0x000002012d3d8000)
 Next Bits: [0x000002012d3e0000, 0x000002012f2b8000)

Polling page: 0x0000020113880000

Metaspace:

Usage:
  Non-class:      4.95 MB used.
      Class:    480.08 KB used.
       Both:      5.41 MB used.

Virtual space:
  Non-class space:       64.00 MB reserved,       5.00 MB (  8%) committed,  1 nodes.
      Class space:        1.00 GB reserved,     512.00 KB ( <1%) committed,  1 nodes.
             Both:        1.06 GB reserved,       5.50 MB ( <1%) committed. 

Chunk freelists:
   Non-Class:  10.91 MB
       Class:  15.52 MB
        Both:  26.42 MB

MaxMetaspaceSize: unlimited
CompressedClassSpaceSize: 1.00 GB
Initial GC threshold: 21.00 MB
Current GC threshold: 21.00 MB
CDS: off
MetaspaceReclaimPolicy: balanced
 - commit_granule_bytes: 65536.
 - commit_granule_words: 8192.
 - virtual_space_node_default_size: 8388608.
 - enlarge_chunks_in_place: 1.
 - new_chunks_are_fully_committed: 0.
 - uncommit_free_chunks: 1.
 - use_allocation_guard: 0.
 - handle_deallocations: 1.


Internal statistics:

num_allocs_failed_limit: 0.
num_arena_births: 4.
num_arena_deaths: 0.
num_vsnodes_births: 2.
num_vsnodes_deaths: 0.
num_space_committed: 88.
num_space_uncommitted: 0.
num_chunks_returned_to_freelist: 0.
num_chunks_taken_from_freelist: 16.
num_chunk_merges: 0.
num_chunk_splits: 8.
num_chunks_enlarged: 7.
num_inconsistent_stats: 0.

CodeHeap 'non-profiled nmethods': size=120000Kb used=29Kb max_used=29Kb free=119970Kb
 bounds [0x0000020123430000, 0x00000201236a0000, 0x000002012a960000]
CodeHeap 'profiled nmethods': size=120000Kb used=216Kb max_used=216Kb free=119783Kb
 bounds [0x000002011b960000, 0x000002011bbd0000, 0x0000020122e90000]
CodeHeap 'non-nmethods': size=5760Kb used=1095Kb max_used=1095Kb free=4664Kb
 bounds [0x0000020122e90000, 0x0000020123100000, 0x0000020123430000]
 total_blobs=501 nmethods=147 adapters=267
 compilation: enabled
              stopped_count=0, restarted_count=0
 full_count=0

Compilation events (20 events):
Event: 0.207 Thread 0x0000020131917860  133       1       java.net.URL::getRef (5 bytes)
Event: 0.207 Thread 0x0000020131917860 nmethod 133 0x0000020123436410 code [0x00000201234365a0, 0x0000020123436678]
Event: 0.209 Thread 0x0000020131917860  134       1       java.lang.invoke.MethodType::returnType (5 bytes)
Event: 0.210 Thread 0x0000020131917860 nmethod 134 0x0000020123436a10 code [0x0000020123436ba0, 0x0000020123436c78]
Event: 0.210 Thread 0x0000020131917860  136       3       java.util.zip.ZipFile$Source::zipCoderForPos (39 bytes)
Event: 0.210 Thread 0x0000020131917860 nmethod 136 0x000002011b98e390 code [0x000002011b98e560, 0x000002011b98e948]
Event: 0.210 Thread 0x0000020131917860  137       3       java.util.zip.ZipUtils::CENNAM (9 bytes)
Event: 0.210 Thread 0x0000020131917860 nmethod 137 0x000002011b98eb10 code [0x000002011b98eca0, 0x000002011b98ee58]
Event: 0.210 Thread 0x0000020131917860  138       3       java.util.zip.ZipUtils::CENHOW (9 bytes)
Event: 0.210 Thread 0x0000020131917860 nmethod 138 0x000002011b98ef90 code [0x000002011b98f120, 0x000002011b98f2d8]
Event: 0.212 Thread 0x0000020131917860  140       3       jdk.internal.misc.Unsafe::putReferenceRelease (9 bytes)
Event: 0.212 Thread 0x00000201319162f0  142       4       java.lang.AbstractStringBuilder::ensureCapacityInternal (39 bytes)
Event: 0.212 Thread 0x0000020131917860 nmethod 140 0x000002011b98f410 code [0x000002011b98f5a0, 0x000002011b98f6f8]
Event: 0.212 Thread 0x0000020131917860  141       3       java.util.concurrent.ConcurrentHashMap::setTabAt (20 bytes)
Event: 0.212 Thread 0x0000020131917860 nmethod 141 0x000002011b98f790 code [0x000002011b98f940, 0x000002011b98fb48]
Event: 0.212 Thread 0x0000020131917860  144       3       java.lang.StringBuilder::toString (35 bytes)
Event: 0.213 Thread 0x0000020131917860 nmethod 144 0x000002011b98fc10 code [0x000002011b98fde0, 0x000002011b9900b8]
Event: 0.213 Thread 0x0000020131917860  146       3       java.util.Properties::loadConvert (540 bytes)
Event: 0.214 Thread 0x0000020131917860 nmethod 146 0x000002011b990190 code [0x000002011b990480, 0x000002011b991898]
Event: 0.214 Thread 0x0000020131917860  147       3       java.util.Properties$LineReader::readLine (584 bytes)

GC Heap History (0 events):
No events

Deoptimization events (0 events):
No events

Classes unloaded (0 events):
No events

Classes redefined (0 events):
No events

Internal exceptions (0 events):
No events

VM Operations (2 events):
Event: 0.165 Executing VM operation: HandshakeAllThreads
Event: 0.165 Executing VM operation: HandshakeAllThreads done

Events (20 events):
Event: 0.207 loading class java/time/temporal/TemporalAmount done
Event: 0.208 loading class java/time/Duration done
Event: 0.208 loading class java/util/Properties$LineReader
Event: 0.208 loading class java/math/BigInteger
Event: 0.208 loading class java/util/Properties$LineReader done
Event: 0.208 loading class java/util/Properties$EntrySet
Event: 0.209 loading class java/util/Properties$EntrySet done
Event: 0.209 loading class java/util/concurrent/ConcurrentHashMap$EntrySetView
Event: 0.209 loading class java/util/concurrent/ConcurrentHashMap$EntrySetView done
Event: 0.209 loading class java/math/BigInteger done
Event: 0.209 loading class java/util/Collections$SynchronizedSet
Event: 0.209 loading class java/util/Collections$SynchronizedCollection
Event: 0.209 loading class java/util/Collections$SynchronizedCollection done
Event: 0.209 loading class java/util/Collections$SynchronizedSet done
Event: 0.209 loading class java/util/concurrent/ConcurrentHashMap$EntryIterator
Event: 0.209 loading class java/util/concurrent/ConcurrentHashMap$EntryIterator done
Event: 0.209 loading class java/util/concurrent/ConcurrentHashMap$MapEntry
Event: 0.210 loading class java/util/concurrent/ConcurrentHashMap$MapEntry done
Event: 0.211 loading class java/io/FileInputStream$1
Event: 0.211 loading class java/io/FileInputStream$1 done


Dynamic libraries:
0x00007ff7a1670000 - 0x00007ff7a1680000 	C:\Program Files\Java\jdk-17\bin\java.exe
0x00007ff817070000 - 0x00007ff817287000 	C:\WINDOWS\SYSTEM32\ntdll.dll
0x00007ff8165b0000 - 0x00007ff816674000 	C:\WINDOWS\System32\KERNEL32.DLL
0x00007ff814a00000 - 0x00007ff814dac000 	C:\WINDOWS\System32\KERNELBASE.dll
0x00007fffe4660000 - 0x00007fffe4679000 	C:\Program Files\Java\jdk-17\bin\jli.dll
0x00007ff814810000 - 0x00007ff814921000 	C:\WINDOWS\System32\ucrtbase.dll
0x00007fffe4640000 - 0x00007fffe465b000 	C:\Program Files\Java\jdk-17\bin\VCRUNTIME140.dll
0x00007ff816680000 - 0x00007ff816732000 	C:\WINDOWS\System32\ADVAPI32.dll
0x00007ff8161b0000 - 0x00007ff816257000 	C:\WINDOWS\System32\msvcrt.dll
0x00007ff815ac0000 - 0x00007ff815b6a000 	C:\WINDOWS\System32\sechost.dll
0x00007ff8149d0000 - 0x00007ff8149f8000 	C:\WINDOWS\System32\bcrypt.dll
0x00007ff816410000 - 0x00007ff816525000 	C:\WINDOWS\System32\RPCRT4.dll
0x00007ff816df0000 - 0x00007ff816f9e000 	C:\WINDOWS\System32\USER32.dll
0x00007ff8147e0000 - 0x00007ff814806000 	C:\WINDOWS\System32\win32u.dll
0x00007ff800800000 - 0x00007ff800a93000 	C:\WINDOWS\WinSxS\amd64_microsoft.windows.common-controls_6595b64144ccf1df_6.0.22621.3672_none_2713b9d173822955\COMCTL32.dll
0x00007ff8168c0000 - 0x00007ff8168e9000 	C:\WINDOWS\System32\GDI32.dll
0x00007ff814460000 - 0x00007ff814579000 	C:\WINDOWS\System32\gdi32full.dll
0x00007ff814930000 - 0x00007ff8149ca000 	C:\WINDOWS\System32\msvcp_win.dll
0x00007ff80a120000 - 0x00007ff80a12a000 	C:\WINDOWS\SYSTEM32\VERSION.dll
0x00007fffe4610000 - 0x00007fffe461c000 	C:\Program Files\Java\jdk-17\bin\vcruntime140_1.dll
0x00007fffe4580000 - 0x00007fffe460e000 	C:\Program Files\Java\jdk-17\bin\msvcp140.dll
0x00007fffe39a0000 - 0x00007fffe457f000 	C:\Program Files\Java\jdk-17\bin\server\jvm.dll
0x00007fffe3990000 - 0x00007fffe3999000 	C:\WINDOWS\SYSTEM32\WSOCK32.dll
0x00007ff80a4e0000 - 0x00007ff80a514000 	C:\WINDOWS\SYSTEM32\WINMM.dll
0x00007ff815a90000 - 0x00007ff815a98000 	C:\WINDOWS\System32\PSAPI.DLL
0x00007ff815c70000 - 0x00007ff815ce1000 	C:\WINDOWS\System32\WS2_32.dll
0x00007ff813390000 - 0x00007ff8133a8000 	C:\WINDOWS\SYSTEM32\kernel.appcore.dll
0x00007fffe38a0000 - 0x00007fffe38aa000 	C:\Program Files\Java\jdk-17\bin\jimage.dll
0x00007ff811c60000 - 0x00007ff811e92000 	C:\WINDOWS\SYSTEM32\DBGHELP.DLL
0x00007ff8168f0000 - 0x00007ff816c78000 	C:\WINDOWS\System32\combase.dll
0x00007ff815d70000 - 0x00007ff815e47000 	C:\WINDOWS\System32\OLEAUT32.dll
0x00007ff808870000 - 0x00007ff8088a2000 	C:\WINDOWS\SYSTEM32\dbgcore.DLL
0x00007ff8146f0000 - 0x00007ff81476b000 	C:\WINDOWS\System32\bcryptPrimitives.dll
0x00007fffe3870000 - 0x00007fffe3895000 	C:\Program Files\Java\jdk-17\bin\java.dll
0x00007fffe3790000 - 0x00007fffe3867000 	C:\Program Files\Java\jdk-17\bin\jsvml.dll
0x00007ff814db0000 - 0x00007ff81560c000 	C:\WINDOWS\System32\SHELL32.dll
0x00007ff8122a0000 - 0x00007ff812b97000 	C:\WINDOWS\SYSTEM32\windows.storage.dll
0x00007ff812160000 - 0x00007ff81229f000 	C:\WINDOWS\SYSTEM32\wintypes.dll
0x00007ff816cf0000 - 0x00007ff816de4000 	C:\WINDOWS\System32\SHCORE.dll
0x00007ff816c80000 - 0x00007ff816cde000 	C:\WINDOWS\System32\shlwapi.dll
0x00007ff8142d0000 - 0x00007ff8142f1000 	C:\WINDOWS\SYSTEM32\profapi.dll
0x00007fffe3480000 - 0x00007fffe3499000 	C:\Program Files\Java\jdk-17\bin\net.dll
0x00007ff80b900000 - 0x00007ff80ba36000 	C:\WINDOWS\SYSTEM32\WINHTTP.dll
0x00007ff8137f0000 - 0x00007ff813859000 	C:\WINDOWS\system32\mswsock.dll
0x00007fffe3460000 - 0x00007fffe3476000 	C:\Program Files\Java\jdk-17\bin\nio.dll
0x00007fffe3440000 - 0x00007fffe3458000 	C:\Program Files\Java\jdk-17\bin\zip.dll
0x00007fffe1aa0000 - 0x00007fffe1ab0000 	C:\Program Files\Java\jdk-17\bin\verify.dll

dbghelp: loaded successfully - version: 4.0.5 - missing functions: none
symbol engine: initialized successfully - sym options: 0x614 - pdb path: .;C:\Program Files\Java\jdk-17\bin;C:\WINDOWS\SYSTEM32;C:\WINDOWS\WinSxS\amd64_microsoft.windows.common-controls_6595b64144ccf1df_6.0.22621.3672_none_2713b9d173822955;C:\Program Files\Java\jdk-17\bin\server

VM Arguments:
java_command: C:\Users\AC\git\RR_Web_Automation\RR\target\surefire\surefirebooter10844216332834894685.jar C:\Users\AC\git\RR_Web_Automation\RR\target\surefire\surefire13029966473095802238tmp C:\Users\AC\git\RR_Web_Automation\RR\target\surefire\surefire_08003417131235715235tmp
java_class_path (initial): C:\Users\AC\git\RR_Web_Automation\RR\target\surefire\surefirebooter10844216332834894685.jar
Launcher Type: SUN_STANDARD

[Global flags]
     intx CICompilerCount                          = 3                                         {product} {ergonomic}
     uint ConcGCThreads                            = 1                                         {product} {ergonomic}
     uint G1ConcRefinementThreads                  = 4                                         {product} {ergonomic}
   size_t G1HeapRegionSize                         = 1048576                                   {product} {ergonomic}
    uintx GCDrainStackTargetSize                   = 64                                        {product} {ergonomic}
   size_t InitialHeapSize                          = 130023424                                 {product} {ergonomic}
   size_t MarkStackSize                            = 4194304                                   {product} {ergonomic}
   size_t MaxHeapSize                              = 2069889024                                {product} {ergonomic}
   size_t MaxNewSize                               = 1241513984                                {product} {ergonomic}
   size_t MinHeapDeltaBytes                        = 1048576                                   {product} {ergonomic}
   size_t MinHeapSize                              = 8388608                                   {product} {ergonomic}
    uintx NonNMethodCodeHeapSize                   = 5832780                                {pd product} {ergonomic}
    uintx NonProfiledCodeHeapSize                  = 122912730                              {pd product} {ergonomic}
    uintx ProfiledCodeHeapSize                     = 122912730                              {pd product} {ergonomic}
    uintx ReservedCodeCacheSize                    = 251658240                              {pd product} {ergonomic}
     bool SegmentedCodeCache                       = true                                      {product} {ergonomic}
   size_t SoftMaxHeapSize                          = 2069889024                             {manageable} {ergonomic}
     bool UseCompressedClassPointers               = true                           {product lp64_product} {ergonomic}
     bool UseCompressedOops                        = true                           {product lp64_product} {ergonomic}
     bool UseG1GC                                  = true                                      {product} {ergonomic}
     bool UseLargePagesIndividualAllocation        = false                                  {pd product} {ergonomic}

Logging:
Log output configuration:
 #0: stdout all=warning uptime,level,tags
 #1: stderr all=off uptime,level,tags

Environment Variables:
PATH=C:\ProgramData\Jenkins\.jenkins\tools\hudson.tasks.Maven_MavenInstallation\maven3/bin;C:\Program Files\Common Files\Oracle\Java\javapath;C:\WINDOWS\system32;C:\WINDOWS;C:\WINDOWS\System32\Wbem;C:\WINDOWS\System32\WindowsPowerShell\v1.0\;C:\WINDOWS\System32\OpenSSH\;C:\Program Files\Java\jdk-17;C:\Program Files\Git\cmd;C:\Users\AC\git\RR_Web_Automation\RR\apache-maven-3.8.8-bin\apache-maven-3.8.8\bin;;C:\Program Files\Docker\Docker\resources\bin;C:\WINDOWS\system32\config\systemprofile\AppData\Local\Microsoft\WindowsApps
USERNAME=NEERU$
OS=Windows_NT
PROCESSOR_IDENTIFIER=Intel64 Family 6 Model 140 Stepping 1, GenuineIntel



---------------  S Y S T E M  ---------------

OS:
 Windows 11 , 64 bit Build 22621 (10.0.22621.3672)
OS uptime: 19 days 8:25 hours
Hyper-V role detected

CPU: total 4 (initial active 4) (2 cores per cpu, 2 threads per core) family 6 model 140 stepping 1 microcode 0x86, cx8, cmov, fxsr, ht, mmx, 3dnowpref, sse, sse2, sse3, ssse3, sse4.1, sse4.2, popcnt, lzcnt, tsc, tscinvbit, avx, avx2, aes, erms, clmul, bmi1, bmi2, adx, avx512f, avx512dq, avx512cd, avx512bw, avx512vl, sha, fma, vzeroupper, avx512_vpopcntdq, avx512_vpclmulqdq, avx512_vaes, avx512_vnni, clflush, clflushopt, clwb, avx512_vbmi2, avx512_vbmi, hv

Memory: 4k page, system-wide physical 7890M (367M free)
TotalPageFile size 32466M (AvailPageFile size 0M)
current process WorkingSet (physical memory assigned to process): 32M, peak: 32M
current process commit charge ("private bytes"): 192M, peak: 193M

vm_info: Java HotSpot(TM) 64-Bit Server VM (17.0.10+11-LTS-240) for windows-amd64 JRE (17.0.10+11-LTS-240), built on Dec 19 2023 21:47:25 by "mach5one" with MS VC++ 17.1 (VS2022)

END.
