#
# There is insufficient memory for the Java Runtime Environment to continue.
# Native memory allocation (malloc) failed to allocate 2323744 bytes for Chunk::new
# Possible reasons:
#   The system is out of physical RAM or swap space
#   The process is running with CompressedOops enabled, and the Java Heap may be blocking the growth of the native heap
# Possible solutions:
#   Reduce memory load on the system
#   Increase physical memory or swap space
#   Check if swap backing store is full
#   Decrease Java heap size (-Xmx/-Xms)
#   Decrease number of Java threads
#   Decrease Java thread stack sizes (-Xss)
#   Set larger code cache with -XX:ReservedCodeCacheSize=
#   JVM is running with Unscaled Compressed Oops mode in which the Java heap is
#     placed in the first 4GB address space. The Java Heap base address is the
#     maximum limit for the native heap growth. Please use -XX:HeapBaseMinAddress
#     to set the Java Heap base and to place the Java Heap above 4GB virtual address.
# This output file may be truncated or incomplete.
#
#  Out of Memory Error (arena.cpp:189), pid=32824, tid=14988
#
# JRE version: Java(TM) SE Runtime Environment (17.0.10+11) (build 17.0.10+11-LTS-240)
# Java VM: Java HotSpot(TM) 64-Bit Server VM (17.0.10+11-LTS-240, mixed mode, sharing, tiered, compressed oops, compressed class ptrs, g1 gc, windows-amd64)
# No core dump will be written. Minidumps are not enabled by default on client versions of Windows
#

---------------  S U M M A R Y ------------

Command Line: C:\Users\AC\git\RR_Web_Automation\RR\target\surefire\surefirebooter5847030790476682116.jar C:\Users\AC\git\RR_Web_Automation\RR\target\surefire\surefire18003410085462006467tmp C:\Users\AC\git\RR_Web_Automation\RR\target\surefire\surefire_09685447649650619738tmp

Host: 11th Gen Intel(R) Core(TM) i3-1115G4 @ 3.00GHz, 4 cores, 7G,  Windows 11 , 64 bit Build 22621 (10.0.22621.3672)
Time: Mon Jul  1 19:29:00 2024 India Standard Time elapsed time: 52.137924 seconds (0d 0h 0m 52s)

---------------  T H R E A D  ---------------

Current thread (0x000001f227738430):  JavaThread "C2 CompilerThread0" daemon [_thread_in_native, id=14988, stack(0x0000005874b00000,0x0000005874c00000)]


Current CompileTask:
C2:  52138 6124   !   4       com.sun.org.apache.xerces.internal.parsers.XML11Configuration::<init> (1321 bytes)

Stack: [0x0000005874b00000,0x0000005874c00000]
Native frames: (J=compiled Java code, j=interpreted, Vv=VM code, C=native code)
V  [jvm.dll+0x677a5a]
V  [jvm.dll+0x7d8b2d]
V  [jvm.dll+0x7da48e]
V  [jvm.dll+0x7daaf3]
V  [jvm.dll+0x2455ff]
V  [jvm.dll+0xaaafb]
V  [jvm.dll+0xab09c]
V  [jvm.dll+0x361bae]
V  [jvm.dll+0x32c211]
V  [jvm.dll+0x32b6aa]
V  [jvm.dll+0x21794f]
V  [jvm.dll+0x216d81]
V  [jvm.dll+0x1a3410]
V  [jvm.dll+0x226aeb]
V  [jvm.dll+0x224cab]
V  [jvm.dll+0x78e45c]
V  [jvm.dll+0x78888a]
V  [jvm.dll+0x676935]
C  [ucrtbase.dll+0x29333]
C  [KERNEL32.DLL+0x1257d]
C  [ntdll.dll+0x5af28]


---------------  P R O C E S S  ---------------

Threads class SMR info:
_java_thread_list=0x000001f26e1997a0, length=18, elements={
0x000001f20a07b450, 0x000001f22771adf0, 0x000001f22771bfc0, 0x000001f22772ed60,
0x000001f22772f720, 0x000001f227732890, 0x000001f2277339f0, 0x000001f227738430,
0x000001f22775a4b0, 0x000001f22775d4e0, 0x000001f22799bdc0, 0x000001f22799db00,
0x000001f2279c28e0, 0x000001f2279c9830, 0x000001f26de31730, 0x000001f26e6408a0,
0x000001f26e640390, 0x000001f26e6417d0
}

Java Threads: ( => current thread )
  0x000001f20a07b450 JavaThread "main" [_thread_in_Java, id=27000, stack(0x0000005873e00000,0x0000005873f00000)]
  0x000001f22771adf0 JavaThread "Reference Handler" daemon [_thread_blocked, id=1568, stack(0x0000005874500000,0x0000005874600000)]
  0x000001f22771bfc0 JavaThread "Finalizer" daemon [_thread_blocked, id=14704, stack(0x0000005874600000,0x0000005874700000)]
  0x000001f22772ed60 JavaThread "Signal Dispatcher" daemon [_thread_blocked, id=14056, stack(0x0000005874700000,0x0000005874800000)]
  0x000001f22772f720 JavaThread "Attach Listener" daemon [_thread_blocked, id=25656, stack(0x0000005874800000,0x0000005874900000)]
  0x000001f227732890 JavaThread "Service Thread" daemon [_thread_blocked, id=24660, stack(0x0000005874900000,0x0000005874a00000)]
  0x000001f2277339f0 JavaThread "Monitor Deflation Thread" daemon [_thread_blocked, id=35508, stack(0x0000005874a00000,0x0000005874b00000)]
=>0x000001f227738430 JavaThread "C2 CompilerThread0" daemon [_thread_in_native, id=14988, stack(0x0000005874b00000,0x0000005874c00000)]
  0x000001f22775a4b0 JavaThread "C1 CompilerThread0" daemon [_thread_blocked, id=27192, stack(0x0000005874c00000,0x0000005874d00000)]
  0x000001f22775d4e0 JavaThread "Sweeper thread" daemon [_thread_blocked, id=27600, stack(0x0000005874d00000,0x0000005874e00000)]
  0x000001f22799bdc0 JavaThread "Notification Thread" daemon [_thread_blocked, id=31332, stack(0x0000005874e00000,0x0000005874f00000)]
  0x000001f22799db00 JavaThread "Common-Cleaner" daemon [_thread_blocked, id=33308, stack(0x0000005875000000,0x0000005875100000)]
  0x000001f2279c28e0 JavaThread "last-ditch-daemon-shutdown-thread-30sec" daemon [_thread_blocked, id=34016, stack(0x0000005875100000,0x0000005875200000)]
  0x000001f2279c9830 JavaThread "surefire-forkedjvm-command-thread" daemon [_thread_in_native, id=15504, stack(0x0000005875200000,0x0000005875300000)]
  0x000001f26de31730 JavaThread "ForkJoinPool.commonPool-worker-1" daemon [_thread_blocked, id=22196, stack(0x0000005875800000,0x0000005875900000)]
  0x000001f26e6408a0 JavaThread "HttpClient-1-SelectorManager" daemon [_thread_in_native, id=30408, stack(0x0000005875900000,0x0000005875a00000)]
  0x000001f26e640390 JavaThread "pool-1-thread-1" [_thread_blocked, id=28988, stack(0x0000005875a00000,0x0000005875b00000)]
  0x000001f26e6417d0 JavaThread "pool-1-thread-2" [_thread_blocked, id=4020, stack(0x0000005875c00000,0x0000005875d00000)]

Other Threads:
  0x000001f227716cb0 VMThread "VM Thread" [stack: 0x0000005874400000,0x0000005874500000] [id=22924]
  0x000001f22799d2b0 WatcherThread [stack: 0x0000005874f00000,0x0000005875000000] [id=29292]
  0x000001f20a0d35e0 GCTaskThread "GC Thread#0" [stack: 0x0000005873f00000,0x0000005874000000] [id=23192]
  0x000001f26d337bb0 GCTaskThread "GC Thread#1" [stack: 0x0000005875400000,0x0000005875500000] [id=34760]
  0x000001f26d3d9700 GCTaskThread "GC Thread#2" [stack: 0x0000005875500000,0x0000005875600000] [id=9524]
  0x000001f26d3d99c0 GCTaskThread "GC Thread#3" [stack: 0x0000005875600000,0x0000005875700000] [id=2064]
  0x000001f20a0e3bf0 ConcurrentGCThread "G1 Main Marker" [stack: 0x0000005874000000,0x0000005874100000] [id=17124]
  0x000001f20a0e4600 ConcurrentGCThread "G1 Conc#0" [stack: 0x0000005874100000,0x0000005874200000] [id=15716]
  0x000001f20a14e4c0 ConcurrentGCThread "G1 Refine#0" [stack: 0x0000005874200000,0x0000005874300000] [id=23236]
  0x000001f26d129cd0 ConcurrentGCThread "G1 Refine#1" [stack: 0x0000005875700000,0x0000005875800000] [id=34396]
  0x000001f2275c2090 ConcurrentGCThread "G1 Service" [stack: 0x0000005874300000,0x0000005874400000] [id=27932]

Threads with active compile tasks:
C2 CompilerThread0    52165 6124   !   4       com.sun.org.apache.xerces.internal.parsers.XML11Configuration::<init> (1321 bytes)

VM state: not at safepoint (normal execution)

VM Mutex/Monitor currently owned by a thread: None

Heap address: 0x0000000084a00000, size: 1974 MB, Compressed Oops mode: 32-bit

CDS archive(s) mapped at: [0x000001f228000000-0x000001f228bd0000-0x000001f228bd0000), size 12386304, SharedBaseAddress: 0x000001f228000000, ArchiveRelocationMode: 1.
Compressed class space mapped at: 0x000001f229000000-0x000001f269000000, reserved size: 1073741824
Narrow klass base: 0x000001f228000000, Narrow klass shift: 0, Narrow klass range: 0x100000000

GC Precious Log:
 CPUs: 4 total, 4 available
 Memory: 7890M
 Large Page Support: Disabled
 NUMA Support: Disabled
 Compressed Oops: Enabled (32-bit)
 Heap Region Size: 1M
 Heap Min Capacity: 8M
 Heap Initial Capacity: 124M
 Heap Max Capacity: 1974M
 Pre-touch: Disabled
 Parallel Workers: 4
 Concurrent Workers: 1
 Concurrent Refinement Workers: 4
 Periodic GC: Disabled

Heap:
 garbage-first heap   total 167936K, used 95804K [0x0000000084a00000, 0x0000000100000000)
  region size 1024K, 78 young (79872K), 5 survivors (5120K)
 Metaspace       used 31470K, committed 31872K, reserved 1114112K
  class space    used 3720K, committed 3904K, reserved 1048576K

Heap Regions: E=young(eden), S=young(survivor), O=old, HS=humongous(starts), HC=humongous(continues), CS=collection set, F=free, OA=open archive, CA=closed archive, TAMS=top-at-mark-start (previous, next)
|   0|0x0000000084a00000, 0x0000000084b00000, 0x0000000084b00000|100%|HS|  |TAMS 0x0000000084b00000, 0x0000000084a00000| Complete 
|   1|0x0000000084b00000, 0x0000000084c00000, 0x0000000084c00000|100%|HS|  |TAMS 0x0000000084c00000, 0x0000000084b00000| Complete 
|   2|0x0000000084c00000, 0x0000000084d00000, 0x0000000084d00000|100%| O|  |TAMS 0x0000000084d00000, 0x0000000084c00000| Untracked 
|   3|0x0000000084d00000, 0x0000000084e00000, 0x0000000084e00000|100%| O|  |TAMS 0x0000000084e00000, 0x0000000084d00000| Untracked 
|   4|0x0000000084e00000, 0x0000000084f00000, 0x0000000084f00000|100%| O|  |TAMS 0x0000000084f00000, 0x0000000084e00000| Untracked 
|   5|0x0000000084f00000, 0x0000000085000000, 0x0000000085000000|100%| O|  |TAMS 0x0000000085000000, 0x0000000084f00000| Untracked 
|   6|0x0000000085000000, 0x0000000085100000, 0x0000000085100000|100%| O|  |TAMS 0x0000000085100000, 0x0000000085000000| Untracked 
|   7|0x0000000085100000, 0x0000000085200000, 0x0000000085200000|100%| O|  |TAMS 0x0000000085200000, 0x0000000085100000| Untracked 
|   8|0x0000000085200000, 0x00000000852c5c00, 0x0000000085300000| 77%| O|  |TAMS 0x00000000852c5c00, 0x0000000085200000| Untracked 
|   9|0x0000000085300000, 0x0000000085400000, 0x0000000085400000|100%| O|  |TAMS 0x0000000085300000, 0x0000000085300000| Untracked 
|  10|0x0000000085400000, 0x0000000085500000, 0x0000000085500000|100%| O|  |TAMS 0x0000000085400000, 0x0000000085400000| Untracked 
|  11|0x0000000085500000, 0x0000000085600000, 0x0000000085600000|100%| O|  |TAMS 0x0000000085500000, 0x0000000085500000| Untracked 
|  12|0x0000000085600000, 0x0000000085700000, 0x0000000085700000|100%| O|  |TAMS 0x0000000085600000, 0x0000000085600000| Untracked 
|  13|0x0000000085700000, 0x0000000085800000, 0x0000000085800000|100%| O|  |TAMS 0x0000000085700000, 0x0000000085700000| Untracked 
|  14|0x0000000085800000, 0x0000000085900000, 0x0000000085900000|100%| O|  |TAMS 0x0000000085800000, 0x0000000085800000| Untracked 
|  15|0x0000000085900000, 0x0000000085a00000, 0x0000000085a00000|100%| O|  |TAMS 0x0000000085900000, 0x0000000085900000| Untracked 
|  16|0x0000000085a00000, 0x0000000085b00000, 0x0000000085b00000|100%| O|  |TAMS 0x0000000085a00000, 0x0000000085a00000| Untracked 
|  17|0x0000000085b00000, 0x0000000085c00000, 0x0000000085c00000|100%| O|  |TAMS 0x0000000085b00000, 0x0000000085b00000| Untracked 
|  18|0x0000000085c00000, 0x0000000085c66800, 0x0000000085d00000| 40%| O|  |TAMS 0x0000000085c00000, 0x0000000085c00000| Untracked 
|  19|0x0000000085d00000, 0x0000000085d00000, 0x0000000085e00000|  0%| F|  |TAMS 0x0000000085d00000, 0x0000000085d00000| Untracked 
|  20|0x0000000085e00000, 0x0000000085e00000, 0x0000000085f00000|  0%| F|  |TAMS 0x0000000085e00000, 0x0000000085e00000| Untracked 
|  21|0x0000000085f00000, 0x0000000085f00000, 0x0000000086000000|  0%| F|  |TAMS 0x0000000085f00000, 0x0000000085f00000| Untracked 
|  22|0x0000000086000000, 0x0000000086000000, 0x0000000086100000|  0%| F|  |TAMS 0x0000000086000000, 0x0000000086000000| Untracked 
|  23|0x0000000086100000, 0x0000000086100000, 0x0000000086200000|  0%| F|  |TAMS 0x0000000086100000, 0x0000000086100000| Untracked 
|  24|0x0000000086200000, 0x0000000086200000, 0x0000000086300000|  0%| F|  |TAMS 0x0000000086200000, 0x0000000086200000| Untracked 
|  25|0x0000000086300000, 0x0000000086300000, 0x0000000086400000|  0%| F|  |TAMS 0x0000000086300000, 0x0000000086300000| Untracked 
|  26|0x0000000086400000, 0x0000000086400000, 0x0000000086500000|  0%| F|  |TAMS 0x0000000086400000, 0x0000000086400000| Untracked 
|  27|0x0000000086500000, 0x0000000086500000, 0x0000000086600000|  0%| F|  |TAMS 0x0000000086500000, 0x0000000086500000| Untracked 
|  28|0x0000000086600000, 0x0000000086600000, 0x0000000086700000|  0%| F|  |TAMS 0x0000000086600000, 0x0000000086600000| Untracked 
|  29|0x0000000086700000, 0x0000000086700000, 0x0000000086800000|  0%| F|  |TAMS 0x0000000086700000, 0x0000000086700000| Untracked 
|  30|0x0000000086800000, 0x0000000086800000, 0x0000000086900000|  0%| F|  |TAMS 0x0000000086800000, 0x0000000086800000| Untracked 
|  31|0x0000000086900000, 0x0000000086900000, 0x0000000086a00000|  0%| F|  |TAMS 0x0000000086900000, 0x0000000086900000| Untracked 
|  32|0x0000000086a00000, 0x0000000086a00000, 0x0000000086b00000|  0%| F|  |TAMS 0x0000000086a00000, 0x0000000086a00000| Untracked 
|  33|0x0000000086b00000, 0x0000000086b00000, 0x0000000086c00000|  0%| F|  |TAMS 0x0000000086b00000, 0x0000000086b00000| Untracked 
|  34|0x0000000086c00000, 0x0000000086c00000, 0x0000000086d00000|  0%| F|  |TAMS 0x0000000086c00000, 0x0000000086c00000| Untracked 
|  35|0x0000000086d00000, 0x0000000086d00000, 0x0000000086e00000|  0%| F|  |TAMS 0x0000000086d00000, 0x0000000086d00000| Untracked 
|  36|0x0000000086e00000, 0x0000000086e00000, 0x0000000086f00000|  0%| F|  |TAMS 0x0000000086e00000, 0x0000000086e00000| Untracked 
|  37|0x0000000086f00000, 0x0000000086f00000, 0x0000000087000000|  0%| F|  |TAMS 0x0000000086f00000, 0x0000000086f00000| Untracked 
|  38|0x0000000087000000, 0x0000000087000000, 0x0000000087100000|  0%| F|  |TAMS 0x0000000087000000, 0x0000000087000000| Untracked 
|  39|0x0000000087100000, 0x0000000087100000, 0x0000000087200000|  0%| F|  |TAMS 0x0000000087100000, 0x0000000087100000| Untracked 
|  40|0x0000000087200000, 0x0000000087200000, 0x0000000087300000|  0%| F|  |TAMS 0x0000000087200000, 0x0000000087200000| Untracked 
|  41|0x0000000087300000, 0x0000000087300000, 0x0000000087400000|  0%| F|  |TAMS 0x0000000087300000, 0x0000000087300000| Untracked 
|  42|0x0000000087400000, 0x0000000087400000, 0x0000000087500000|  0%| F|  |TAMS 0x0000000087400000, 0x0000000087400000| Untracked 
|  43|0x0000000087500000, 0x0000000087500000, 0x0000000087600000|  0%| F|  |TAMS 0x0000000087500000, 0x0000000087500000| Untracked 
|  44|0x0000000087600000, 0x0000000087600000, 0x0000000087700000|  0%| F|  |TAMS 0x0000000087600000, 0x0000000087600000| Untracked 
|  45|0x0000000087700000, 0x0000000087700000, 0x0000000087800000|  0%| F|  |TAMS 0x0000000087700000, 0x0000000087700000| Untracked 
|  46|0x0000000087800000, 0x0000000087800000, 0x0000000087900000|  0%| F|  |TAMS 0x0000000087800000, 0x0000000087800000| Untracked 
|  47|0x0000000087900000, 0x0000000087900000, 0x0000000087a00000|  0%| F|  |TAMS 0x0000000087900000, 0x0000000087900000| Untracked 
|  48|0x0000000087a00000, 0x0000000087a00000, 0x0000000087b00000|  0%| F|  |TAMS 0x0000000087a00000, 0x0000000087a00000| Untracked 
|  49|0x0000000087b00000, 0x0000000087b00000, 0x0000000087c00000|  0%| F|  |TAMS 0x0000000087b00000, 0x0000000087b00000| Untracked 
|  50|0x0000000087c00000, 0x0000000087c00000, 0x0000000087d00000|  0%| F|  |TAMS 0x0000000087c00000, 0x0000000087c00000| Untracked 
|  51|0x0000000087d00000, 0x0000000087d00000, 0x0000000087e00000|  0%| F|  |TAMS 0x0000000087d00000, 0x0000000087d00000| Untracked 
|  52|0x0000000087e00000, 0x0000000087e00000, 0x0000000087f00000|  0%| F|  |TAMS 0x0000000087e00000, 0x0000000087e00000| Untracked 
|  53|0x0000000087f00000, 0x0000000087f00000, 0x0000000088000000|  0%| F|  |TAMS 0x0000000087f00000, 0x0000000087f00000| Untracked 
|  54|0x0000000088000000, 0x0000000088000000, 0x0000000088100000|  0%| F|  |TAMS 0x0000000088000000, 0x0000000088000000| Untracked 
|  55|0x0000000088100000, 0x0000000088100000, 0x0000000088200000|  0%| F|  |TAMS 0x0000000088100000, 0x0000000088100000| Untracked 
|  56|0x0000000088200000, 0x0000000088200000, 0x0000000088300000|  0%| F|  |TAMS 0x0000000088200000, 0x0000000088200000| Untracked 
|  57|0x0000000088300000, 0x0000000088300000, 0x0000000088400000|  0%| F|  |TAMS 0x0000000088300000, 0x0000000088300000| Untracked 
|  58|0x0000000088400000, 0x0000000088400000, 0x0000000088500000|  0%| F|  |TAMS 0x0000000088400000, 0x0000000088400000| Untracked 
|  59|0x0000000088500000, 0x0000000088500000, 0x0000000088600000|  0%| F|  |TAMS 0x0000000088500000, 0x0000000088500000| Untracked 
|  60|0x0000000088600000, 0x0000000088600000, 0x0000000088700000|  0%| F|  |TAMS 0x0000000088600000, 0x0000000088600000| Untracked 
|  61|0x0000000088700000, 0x0000000088762c78, 0x0000000088800000| 38%| S|CS|TAMS 0x0000000088700000, 0x0000000088700000| Complete 
|  62|0x0000000088800000, 0x0000000088900000, 0x0000000088900000|100%| S|CS|TAMS 0x0000000088800000, 0x0000000088800000| Complete 
|  63|0x0000000088900000, 0x0000000088a00000, 0x0000000088a00000|100%| S|CS|TAMS 0x0000000088900000, 0x0000000088900000| Complete 
|  64|0x0000000088a00000, 0x0000000088b00000, 0x0000000088b00000|100%| S|CS|TAMS 0x0000000088a00000, 0x0000000088a00000| Complete 
|  65|0x0000000088b00000, 0x0000000088c00000, 0x0000000088c00000|100%| S|CS|TAMS 0x0000000088b00000, 0x0000000088b00000| Complete 
|  66|0x0000000088c00000, 0x0000000088c00000, 0x0000000088d00000|  0%| F|  |TAMS 0x0000000088c00000, 0x0000000088c00000| Untracked 
|  67|0x0000000088d00000, 0x0000000088d00000, 0x0000000088e00000|  0%| F|  |TAMS 0x0000000088d00000, 0x0000000088d00000| Untracked 
|  68|0x0000000088e00000, 0x0000000088e00000, 0x0000000088f00000|  0%| F|  |TAMS 0x0000000088e00000, 0x0000000088e00000| Untracked 
|  69|0x0000000088f00000, 0x0000000088f00000, 0x0000000089000000|  0%| F|  |TAMS 0x0000000088f00000, 0x0000000088f00000| Untracked 
|  70|0x0000000089000000, 0x0000000089000000, 0x0000000089100000|  0%| F|  |TAMS 0x0000000089000000, 0x0000000089000000| Untracked 
|  71|0x0000000089100000, 0x0000000089100000, 0x0000000089200000|  0%| F|  |TAMS 0x0000000089100000, 0x0000000089100000| Untracked 
|  72|0x0000000089200000, 0x0000000089200000, 0x0000000089300000|  0%| F|  |TAMS 0x0000000089200000, 0x0000000089200000| Untracked 
|  73|0x0000000089300000, 0x0000000089300000, 0x0000000089400000|  0%| F|  |TAMS 0x0000000089300000, 0x0000000089300000| Untracked 
|  74|0x0000000089400000, 0x0000000089400000, 0x0000000089500000|  0%| F|  |TAMS 0x0000000089400000, 0x0000000089400000| Untracked 
|  75|0x0000000089500000, 0x0000000089500000, 0x0000000089600000|  0%| F|  |TAMS 0x0000000089500000, 0x0000000089500000| Untracked 
|  76|0x0000000089600000, 0x0000000089600000, 0x0000000089700000|  0%| F|  |TAMS 0x0000000089600000, 0x0000000089600000| Untracked 
|  77|0x0000000089700000, 0x0000000089700000, 0x0000000089800000|  0%| F|  |TAMS 0x0000000089700000, 0x0000000089700000| Untracked 
|  78|0x0000000089800000, 0x0000000089800000, 0x0000000089900000|  0%| F|  |TAMS 0x0000000089800000, 0x0000000089800000| Untracked 
|  79|0x0000000089900000, 0x0000000089900000, 0x0000000089a00000|  0%| F|  |TAMS 0x0000000089900000, 0x0000000089900000| Untracked 
|  80|0x0000000089a00000, 0x0000000089a00000, 0x0000000089b00000|  0%| F|  |TAMS 0x0000000089a00000, 0x0000000089a00000| Untracked 
|  81|0x0000000089b00000, 0x0000000089b00000, 0x0000000089c00000|  0%| F|  |TAMS 0x0000000089b00000, 0x0000000089b00000| Untracked 
|  82|0x0000000089c00000, 0x0000000089c00000, 0x0000000089d00000|  0%| F|  |TAMS 0x0000000089c00000, 0x0000000089c00000| Untracked 
|  83|0x0000000089d00000, 0x0000000089d00000, 0x0000000089e00000|  0%| F|  |TAMS 0x0000000089d00000, 0x0000000089d00000| Untracked 
|  84|0x0000000089e00000, 0x0000000089e00000, 0x0000000089f00000|  0%| F|  |TAMS 0x0000000089e00000, 0x0000000089e00000| Untracked 
|  85|0x0000000089f00000, 0x0000000089f00000, 0x000000008a000000|  0%| F|  |TAMS 0x0000000089f00000, 0x0000000089f00000| Untracked 
|  86|0x000000008a000000, 0x000000008a000000, 0x000000008a100000|  0%| F|  |TAMS 0x000000008a000000, 0x000000008a000000| Untracked 
|  87|0x000000008a100000, 0x000000008a100000, 0x000000008a200000|  0%| F|  |TAMS 0x000000008a100000, 0x000000008a100000| Untracked 
|  88|0x000000008a200000, 0x000000008a200000, 0x000000008a300000|  0%| F|  |TAMS 0x000000008a200000, 0x000000008a200000| Untracked 
|  89|0x000000008a300000, 0x000000008a380800, 0x000000008a400000| 50%| E|  |TAMS 0x000000008a300000, 0x000000008a300000| Complete 
|  90|0x000000008a400000, 0x000000008a500000, 0x000000008a500000|100%| E|CS|TAMS 0x000000008a400000, 0x000000008a400000| Complete 
|  91|0x000000008a500000, 0x000000008a600000, 0x000000008a600000|100%| E|CS|TAMS 0x000000008a500000, 0x000000008a500000| Complete 
|  92|0x000000008a600000, 0x000000008a700000, 0x000000008a700000|100%| E|CS|TAMS 0x000000008a600000, 0x000000008a600000| Complete 
|  93|0x000000008a700000, 0x000000008a800000, 0x000000008a800000|100%| E|CS|TAMS 0x000000008a700000, 0x000000008a700000| Complete 
|  94|0x000000008a800000, 0x000000008a900000, 0x000000008a900000|100%| E|CS|TAMS 0x000000008a800000, 0x000000008a800000| Complete 
|  95|0x000000008a900000, 0x000000008aa00000, 0x000000008aa00000|100%| E|CS|TAMS 0x000000008a900000, 0x000000008a900000| Complete 
|  96|0x000000008aa00000, 0x000000008ab00000, 0x000000008ab00000|100%| E|CS|TAMS 0x000000008aa00000, 0x000000008aa00000| Complete 
|  97|0x000000008ab00000, 0x000000008ac00000, 0x000000008ac00000|100%| E|CS|TAMS 0x000000008ab00000, 0x000000008ab00000| Complete 
|  98|0x000000008ac00000, 0x000000008ad00000, 0x000000008ad00000|100%| E|CS|TAMS 0x000000008ac00000, 0x000000008ac00000| Complete 
|  99|0x000000008ad00000, 0x000000008ae00000, 0x000000008ae00000|100%| E|CS|TAMS 0x000000008ad00000, 0x000000008ad00000| Complete 
| 100|0x000000008ae00000, 0x000000008af00000, 0x000000008af00000|100%| E|CS|TAMS 0x000000008ae00000, 0x000000008ae00000| Complete 
| 101|0x000000008af00000, 0x000000008b000000, 0x000000008b000000|100%| E|CS|TAMS 0x000000008af00000, 0x000000008af00000| Complete 
| 102|0x000000008b000000, 0x000000008b100000, 0x000000008b100000|100%| E|CS|TAMS 0x000000008b000000, 0x000000008b000000| Complete 
| 103|0x000000008b100000, 0x000000008b200000, 0x000000008b200000|100%| E|CS|TAMS 0x000000008b100000, 0x000000008b100000| Complete 
| 104|0x000000008b200000, 0x000000008b300000, 0x000000008b300000|100%| E|CS|TAMS 0x000000008b200000, 0x000000008b200000| Complete 
| 105|0x000000008b300000, 0x000000008b400000, 0x000000008b400000|100%| E|CS|TAMS 0x000000008b300000, 0x000000008b300000| Complete 
| 106|0x000000008b400000, 0x000000008b500000, 0x000000008b500000|100%| E|CS|TAMS 0x000000008b400000, 0x000000008b400000| Complete 
| 107|0x000000008b500000, 0x000000008b600000, 0x000000008b600000|100%| E|CS|TAMS 0x000000008b500000, 0x000000008b500000| Complete 
| 108|0x000000008b600000, 0x000000008b700000, 0x000000008b700000|100%| E|CS|TAMS 0x000000008b600000, 0x000000008b600000| Complete 
| 109|0x000000008b700000, 0x000000008b800000, 0x000000008b800000|100%| E|CS|TAMS 0x000000008b700000, 0x000000008b700000| Complete 
| 110|0x000000008b800000, 0x000000008b900000, 0x000000008b900000|100%| E|CS|TAMS 0x000000008b800000, 0x000000008b800000| Complete 
| 111|0x000000008b900000, 0x000000008ba00000, 0x000000008ba00000|100%| E|CS|TAMS 0x000000008b900000, 0x000000008b900000| Complete 
| 112|0x000000008ba00000, 0x000000008bb00000, 0x000000008bb00000|100%| E|CS|TAMS 0x000000008ba00000, 0x000000008ba00000| Complete 
| 113|0x000000008bb00000, 0x000000008bc00000, 0x000000008bc00000|100%| E|CS|TAMS 0x000000008bb00000, 0x000000008bb00000| Complete 
| 114|0x000000008bc00000, 0x000000008bd00000, 0x000000008bd00000|100%| E|CS|TAMS 0x000000008bc00000, 0x000000008bc00000| Complete 
| 115|0x000000008bd00000, 0x000000008be00000, 0x000000008be00000|100%| E|CS|TAMS 0x000000008bd00000, 0x000000008bd00000| Complete 
| 116|0x000000008be00000, 0x000000008bf00000, 0x000000008bf00000|100%| E|CS|TAMS 0x000000008be00000, 0x000000008be00000| Complete 
| 117|0x000000008bf00000, 0x000000008c000000, 0x000000008c000000|100%| E|CS|TAMS 0x000000008bf00000, 0x000000008bf00000| Complete 
| 118|0x000000008c000000, 0x000000008c100000, 0x000000008c100000|100%| E|CS|TAMS 0x000000008c000000, 0x000000008c000000| Complete 
| 119|0x000000008c100000, 0x000000008c200000, 0x000000008c200000|100%| E|CS|TAMS 0x000000008c100000, 0x000000008c100000| Complete 
| 120|0x000000008c200000, 0x000000008c300000, 0x000000008c300000|100%| E|CS|TAMS 0x000000008c200000, 0x000000008c200000| Complete 
| 121|0x000000008c300000, 0x000000008c400000, 0x000000008c400000|100%| E|CS|TAMS 0x000000008c300000, 0x000000008c300000| Complete 
| 122|0x000000008c400000, 0x000000008c500000, 0x000000008c500000|100%| E|CS|TAMS 0x000000008c400000, 0x000000008c400000| Complete 
| 123|0x000000008c500000, 0x000000008c600000, 0x000000008c600000|100%| E|CS|TAMS 0x000000008c500000, 0x000000008c500000| Complete 
| 124|0x000000008c600000, 0x000000008c700000, 0x000000008c700000|100%| E|CS|TAMS 0x000000008c600000, 0x000000008c600000| Complete 
| 125|0x000000008c700000, 0x000000008c800000, 0x000000008c800000|100%| E|CS|TAMS 0x000000008c700000, 0x000000008c700000| Complete 
| 126|0x000000008c800000, 0x000000008c900000, 0x000000008c900000|100%| E|CS|TAMS 0x000000008c800000, 0x000000008c800000| Complete 
| 127|0x000000008c900000, 0x000000008ca00000, 0x000000008ca00000|100%| E|CS|TAMS 0x000000008c900000, 0x000000008c900000| Complete 
| 128|0x000000008ca00000, 0x000000008cb00000, 0x000000008cb00000|100%| E|CS|TAMS 0x000000008ca00000, 0x000000008ca00000| Complete 
| 129|0x000000008cb00000, 0x000000008cc00000, 0x000000008cc00000|100%| E|CS|TAMS 0x000000008cb00000, 0x000000008cb00000| Complete 
| 130|0x000000008cc00000, 0x000000008cd00000, 0x000000008cd00000|100%| E|CS|TAMS 0x000000008cc00000, 0x000000008cc00000| Complete 
| 131|0x000000008cd00000, 0x000000008ce00000, 0x000000008ce00000|100%| E|CS|TAMS 0x000000008cd00000, 0x000000008cd00000| Complete 
| 132|0x000000008ce00000, 0x000000008cf00000, 0x000000008cf00000|100%| E|CS|TAMS 0x000000008ce00000, 0x000000008ce00000| Complete 
| 133|0x000000008cf00000, 0x000000008d000000, 0x000000008d000000|100%| E|CS|TAMS 0x000000008cf00000, 0x000000008cf00000| Complete 
| 134|0x000000008d000000, 0x000000008d100000, 0x000000008d100000|100%| E|CS|TAMS 0x000000008d000000, 0x000000008d000000| Complete 
| 135|0x000000008d100000, 0x000000008d200000, 0x000000008d200000|100%| E|CS|TAMS 0x000000008d100000, 0x000000008d100000| Complete 
| 136|0x000000008d200000, 0x000000008d300000, 0x000000008d300000|100%| E|CS|TAMS 0x000000008d200000, 0x000000008d200000| Complete 
| 137|0x000000008d300000, 0x000000008d400000, 0x000000008d400000|100%| E|CS|TAMS 0x000000008d300000, 0x000000008d300000| Complete 
| 138|0x000000008d400000, 0x000000008d500000, 0x000000008d500000|100%| E|CS|TAMS 0x000000008d400000, 0x000000008d400000| Complete 
| 139|0x000000008d500000, 0x000000008d600000, 0x000000008d600000|100%| E|CS|TAMS 0x000000008d500000, 0x000000008d500000| Complete 
| 140|0x000000008d600000, 0x000000008d700000, 0x000000008d700000|100%| E|CS|TAMS 0x000000008d600000, 0x000000008d600000| Complete 
| 141|0x000000008d700000, 0x000000008d800000, 0x000000008d800000|100%| E|CS|TAMS 0x000000008d700000, 0x000000008d700000| Complete 
| 142|0x000000008d800000, 0x000000008d900000, 0x000000008d900000|100%| E|CS|TAMS 0x000000008d800000, 0x000000008d800000| Complete 
| 143|0x000000008d900000, 0x000000008da00000, 0x000000008da00000|100%| E|CS|TAMS 0x000000008d900000, 0x000000008d900000| Complete 
| 144|0x000000008da00000, 0x000000008db00000, 0x000000008db00000|100%| E|CS|TAMS 0x000000008da00000, 0x000000008da00000| Complete 
| 145|0x000000008db00000, 0x000000008dc00000, 0x000000008dc00000|100%| E|CS|TAMS 0x000000008db00000, 0x000000008db00000| Complete 
| 146|0x000000008dc00000, 0x000000008dd00000, 0x000000008dd00000|100%| E|CS|TAMS 0x000000008dc00000, 0x000000008dc00000| Complete 
| 147|0x000000008dd00000, 0x000000008de00000, 0x000000008de00000|100%| E|CS|TAMS 0x000000008dd00000, 0x000000008dd00000| Complete 
| 148|0x000000008de00000, 0x000000008df00000, 0x000000008df00000|100%| E|CS|TAMS 0x000000008de00000, 0x000000008de00000| Complete 
| 149|0x000000008df00000, 0x000000008e000000, 0x000000008e000000|100%| E|CS|TAMS 0x000000008df00000, 0x000000008df00000| Complete 
| 150|0x000000008e000000, 0x000000008e100000, 0x000000008e100000|100%| E|CS|TAMS 0x000000008e000000, 0x000000008e000000| Complete 
| 151|0x000000008e100000, 0x000000008e200000, 0x000000008e200000|100%| E|CS|TAMS 0x000000008e100000, 0x000000008e100000| Complete 
| 152|0x000000008e200000, 0x000000008e300000, 0x000000008e300000|100%| E|CS|TAMS 0x000000008e200000, 0x000000008e200000| Complete 
| 153|0x000000008e300000, 0x000000008e400000, 0x000000008e400000|100%| E|CS|TAMS 0x000000008e300000, 0x000000008e300000| Complete 
| 154|0x000000008e400000, 0x000000008e500000, 0x000000008e500000|100%| E|CS|TAMS 0x000000008e400000, 0x000000008e400000| Complete 
| 155|0x000000008e500000, 0x000000008e600000, 0x000000008e600000|100%| E|CS|TAMS 0x000000008e500000, 0x000000008e500000| Complete 
| 156|0x000000008e600000, 0x000000008e700000, 0x000000008e700000|100%| E|CS|TAMS 0x000000008e600000, 0x000000008e600000| Complete 
| 157|0x000000008e700000, 0x000000008e800000, 0x000000008e800000|100%| E|CS|TAMS 0x000000008e700000, 0x000000008e700000| Complete 
| 158|0x000000008e800000, 0x000000008e900000, 0x000000008e900000|100%| E|CS|TAMS 0x000000008e800000, 0x000000008e800000| Complete 
| 159|0x000000008e900000, 0x000000008ea00000, 0x000000008ea00000|100%| E|CS|TAMS 0x000000008e900000, 0x000000008e900000| Complete 
| 160|0x000000008ea00000, 0x000000008eb00000, 0x000000008eb00000|100%| E|CS|TAMS 0x000000008ea00000, 0x000000008ea00000| Complete 
| 161|0x000000008eb00000, 0x000000008ec00000, 0x000000008ec00000|100%| E|CS|TAMS 0x000000008eb00000, 0x000000008eb00000| Complete 
| 162|0x000000008ec00000, 0x000000008ed00000, 0x000000008ed00000|100%| E|  |TAMS 0x000000008ec00000, 0x000000008ec00000| Complete 
| 163|0x000000008ed00000, 0x000000008ee00000, 0x000000008ee00000|100%| E|CS|TAMS 0x000000008ed00000, 0x000000008ed00000| Complete 

Card table byte_map: [0x000001f220d10000,0x000001f2210f0000] _byte_map_base: 0x000001f2208eb000

Marking Bits (Prev, Next): (CMBitMap*) 0x000001f20a0d3c40, (CMBitMap*) 0x000001f20a0d3c00
 Prev Bits: [0x000001f2233b0000, 0x000001f225288000)
 Next Bits: [0x000001f2214d0000, 0x000001f2233a8000)

Polling page: 0x000001f209220000

Metaspace:

Usage:
  Non-class:     27.10 MB used.
      Class:      3.63 MB used.
       Both:     30.73 MB used.

Virtual space:
  Non-class space:       64.00 MB reserved,      27.31 MB ( 43%) committed,  1 nodes.
      Class space:        1.00 GB reserved,       3.81 MB ( <1%) committed,  1 nodes.
             Both:        1.06 GB reserved,      31.12 MB (  3%) committed. 

Chunk freelists:
   Non-Class:  4.67 MB
       Class:  12.21 MB
        Both:  16.89 MB

MaxMetaspaceSize: unlimited
CompressedClassSpaceSize: 1.00 GB
Initial GC threshold: 21.00 MB
Current GC threshold: 35.25 MB
CDS: on
MetaspaceReclaimPolicy: balanced
 - commit_granule_bytes: 65536.
 - commit_granule_words: 8192.
 - virtual_space_node_default_size: 8388608.
 - enlarge_chunks_in_place: 1.
 - new_chunks_are_fully_committed: 0.
 - uncommit_free_chunks: 1.
 - use_allocation_guard: 0.
 - handle_deallocations: 1.


Internal statistics:

num_allocs_failed_limit: 3.
num_arena_births: 410.
num_arena_deaths: 0.
num_vsnodes_births: 2.
num_vsnodes_deaths: 0.
num_space_committed: 498.
num_space_uncommitted: 0.
num_chunks_returned_to_freelist: 3.
num_chunks_taken_from_freelist: 1337.
num_chunk_merges: 3.
num_chunk_splits: 848.
num_chunks_enlarged: 566.
num_inconsistent_stats: 0.

CodeHeap 'non-profiled nmethods': size=120000Kb used=4202Kb max_used=4202Kb free=115797Kb
 bounds [0x000001f219400000, 0x000001f219820000, 0x000001f220930000]
CodeHeap 'profiled nmethods': size=120000Kb used=10979Kb max_used=10979Kb free=109020Kb
 bounds [0x000001f211930000, 0x000001f2123f0000, 0x000001f218e60000]
CodeHeap 'non-nmethods': size=5760Kb used=1307Kb max_used=1356Kb free=4452Kb
 bounds [0x000001f218e60000, 0x000001f2190d0000, 0x000001f219400000]
 total_blobs=5859 nmethods=5247 adapters=524
 compilation: enabled
              stopped_count=0, restarted_count=0
 full_count=0

Compilation events (20 events):
Event: 51.851 Thread 0x000001f22775a4b0 nmethod 6117 0x000001f2123e2410 code [0x000001f2123e25e0, 0x000001f2123e2958]
Event: 51.855 Thread 0x000001f22775a4b0 6118       3       java.util.ArrayList$ArrayListSpliterator::estimateSize (11 bytes)
Event: 51.855 Thread 0x000001f22775a4b0 nmethod 6118 0x000001f2123e2b10 code [0x000001f2123e2ca0, 0x000001f2123e2e58]
Event: 51.856 Thread 0x000001f22775a4b0 6119       3       com.sun.org.apache.xerces.internal.impl.XMLEntityManager$RewindableInputStream::<init> (48 bytes)
Event: 51.857 Thread 0x000001f22775a4b0 nmethod 6119 0x000001f2123e2f10 code [0x000001f2123e30c0, 0x000001f2123e3478]
Event: 51.857 Thread 0x000001f22775a4b0 6120       3       com.sun.org.apache.xerces.internal.impl.XMLEntityManager::getEncodingInfo (318 bytes)
Event: 51.857 Thread 0x000001f22775a4b0 nmethod 6120 0x000001f2123e3590 code [0x000001f2123e3800, 0x000001f2123e44f8]
Event: 51.857 Thread 0x000001f22775a4b0 6121       3       com.sun.org.apache.xerces.internal.impl.XMLEntityManager::createReader (581 bytes)
Event: 51.859 Thread 0x000001f227738430 6124   !   4       com.sun.org.apache.xerces.internal.parsers.XML11Configuration::<init> (1321 bytes)
Event: 51.861 Thread 0x000001f22775a4b0 nmethod 6121 0x000001f2123e4610 code [0x000001f2123e4b40, 0x000001f2123e7348]
Event: 51.861 Thread 0x000001f22775a4b0 6122       3       com.sun.org.apache.xerces.internal.impl.io.UTF8Reader::<init> (65 bytes)
Event: 51.862 Thread 0x000001f22775a4b0 nmethod 6122 0x000001f2123e7f90 code [0x000001f2123e8180, 0x000001f2123e8778]
Event: 51.862 Thread 0x000001f22775a4b0 6123       3       com.sun.org.apache.xerces.internal.impl.XMLEntityScanner::setEncoding (251 bytes)
Event: 51.864 Thread 0x000001f22775a4b0 nmethod 6123 0x000001f2123e8910 code [0x000001f2123e8c40, 0x000001f2123e9a78]
Event: 51.864 Thread 0x000001f22775a4b0 6125       3       com.sun.org.apache.xerces.internal.impl.XMLEntityScanner::skipString (107 bytes)
Event: 51.865 Thread 0x000001f22775a4b0 nmethod 6125 0x000001f2123ea010 code [0x000001f2123ea1e0, 0x000001f2123ea598]
Event: 51.901 Thread 0x000001f22775a4b0 6126       3       com.sun.org.apache.xerces.internal.parsers.XML11Configuration::reset (45 bytes)
Event: 51.902 Thread 0x000001f22775a4b0 nmethod 6126 0x000001f2123ea710 code [0x000001f2123ea8e0, 0x000001f2123eae28]
Event: 51.902 Thread 0x000001f22775a4b0 6127   !   3       com.sun.org.apache.xerces.internal.impl.dtd.XMLDTDValidator::init (138 bytes)
Event: 51.904 Thread 0x000001f22775a4b0 nmethod 6127 0x000001f2123eb010 code [0x000001f2123eb3c0, 0x000001f2123ed178]

GC Heap History (20 events):
Event: 49.476 GC heap before
{Heap before GC invocations=77 (full 0):
 garbage-first heap   total 167936K, used 117952K [0x0000000084a00000, 0x0000000100000000)
  region size 1024K, 98 young (100352K), 2 survivors (2048K)
 Metaspace       used 31428K, committed 31808K, reserved 1114112K
  class space    used 3719K, committed 3904K, reserved 1048576K
}
Event: 49.477 GC heap after
{Heap after GC invocations=78 (full 0):
 garbage-first heap   total 167936K, used 19837K [0x0000000084a00000, 0x0000000100000000)
  region size 1024K, 2 young (2048K), 2 survivors (2048K)
 Metaspace       used 31428K, committed 31808K, reserved 1114112K
  class space    used 3719K, committed 3904K, reserved 1048576K
}
Event: 49.760 GC heap before
{Heap before GC invocations=78 (full 0):
 garbage-first heap   total 167936K, used 117117K [0x0000000084a00000, 0x0000000100000000)
  region size 1024K, 98 young (100352K), 2 survivors (2048K)
 Metaspace       used 31432K, committed 31808K, reserved 1114112K
  class space    used 3719K, committed 3904K, reserved 1048576K
}
Event: 49.763 GC heap after
{Heap after GC invocations=79 (full 0):
 garbage-first heap   total 167936K, used 19692K [0x0000000084a00000, 0x0000000100000000)
  region size 1024K, 2 young (2048K), 2 survivors (2048K)
 Metaspace       used 31432K, committed 31808K, reserved 1114112K
  class space    used 3719K, committed 3904K, reserved 1048576K
}
Event: 50.035 GC heap before
{Heap before GC invocations=79 (full 0):
 garbage-first heap   total 167936K, used 116972K [0x0000000084a00000, 0x0000000100000000)
  region size 1024K, 98 young (100352K), 2 survivors (2048K)
 Metaspace       used 31435K, committed 31808K, reserved 1114112K
  class space    used 3719K, committed 3904K, reserved 1048576K
}
Event: 50.039 GC heap after
{Heap after GC invocations=80 (full 0):
 garbage-first heap   total 167936K, used 22527K [0x0000000084a00000, 0x0000000100000000)
  region size 1024K, 4 young (4096K), 4 survivors (4096K)
 Metaspace       used 31435K, committed 31808K, reserved 1114112K
  class space    used 3719K, committed 3904K, reserved 1048576K
}
Event: 50.322 GC heap before
{Heap before GC invocations=80 (full 0):
 garbage-first heap   total 167936K, used 118783K [0x0000000084a00000, 0x0000000100000000)
  region size 1024K, 98 young (100352K), 4 survivors (4096K)
 Metaspace       used 31438K, committed 31808K, reserved 1114112K
  class space    used 3719K, committed 3904K, reserved 1048576K
}
Event: 50.324 GC heap after
{Heap after GC invocations=81 (full 0):
 garbage-first heap   total 167936K, used 20024K [0x0000000084a00000, 0x0000000100000000)
  region size 1024K, 2 young (2048K), 2 survivors (2048K)
 Metaspace       used 31438K, committed 31808K, reserved 1114112K
  class space    used 3719K, committed 3904K, reserved 1048576K
}
Event: 50.604 GC heap before
{Heap before GC invocations=81 (full 0):
 garbage-first heap   total 167936K, used 118328K [0x0000000084a00000, 0x0000000100000000)
  region size 1024K, 98 young (100352K), 2 survivors (2048K)
 Metaspace       used 31438K, committed 31808K, reserved 1114112K
  class space    used 3719K, committed 3904K, reserved 1048576K
}
Event: 50.606 GC heap after
{Heap after GC invocations=82 (full 0):
 garbage-first heap   total 167936K, used 19057K [0x0000000084a00000, 0x0000000100000000)
  region size 1024K, 1 young (1024K), 1 survivors (1024K)
 Metaspace       used 31438K, committed 31808K, reserved 1114112K
  class space    used 3719K, committed 3904K, reserved 1048576K
}
Event: 50.842 GC heap before
{Heap before GC invocations=82 (full 0):
 garbage-first heap   total 167936K, used 118385K [0x0000000084a00000, 0x0000000100000000)
  region size 1024K, 98 young (100352K), 1 survivors (1024K)
 Metaspace       used 31447K, committed 31808K, reserved 1114112K
  class space    used 3719K, committed 3904K, reserved 1048576K
}
Event: 50.843 GC heap after
{Heap after GC invocations=83 (full 0):
 garbage-first heap   total 167936K, used 19824K [0x0000000084a00000, 0x0000000100000000)
  region size 1024K, 2 young (2048K), 2 survivors (2048K)
 Metaspace       used 31447K, committed 31808K, reserved 1114112K
  class space    used 3719K, committed 3904K, reserved 1048576K
}
Event: 51.125 GC heap before
{Heap before GC invocations=83 (full 0):
 garbage-first heap   total 167936K, used 118128K [0x0000000084a00000, 0x0000000100000000)
  region size 1024K, 98 young (100352K), 2 survivors (2048K)
 Metaspace       used 31458K, committed 31808K, reserved 1114112K
  class space    used 3719K, committed 3904K, reserved 1048576K
}
Event: 51.127 GC heap after
{Heap after GC invocations=84 (full 0):
 garbage-first heap   total 167936K, used 19693K [0x0000000084a00000, 0x0000000100000000)
  region size 1024K, 2 young (2048K), 2 survivors (2048K)
 Metaspace       used 31458K, committed 31808K, reserved 1114112K
  class space    used 3719K, committed 3904K, reserved 1048576K
}
Event: 51.419 GC heap before
{Heap before GC invocations=84 (full 0):
 garbage-first heap   total 167936K, used 116973K [0x0000000084a00000, 0x0000000100000000)
  region size 1024K, 98 young (100352K), 2 survivors (2048K)
 Metaspace       used 31459K, committed 31808K, reserved 1114112K
  class space    used 3719K, committed 3904K, reserved 1048576K
}
Event: 51.422 GC heap after
{Heap after GC invocations=85 (full 0):
 garbage-first heap   total 167936K, used 21740K [0x0000000084a00000, 0x0000000100000000)
  region size 1024K, 4 young (4096K), 4 survivors (4096K)
 Metaspace       used 31459K, committed 31808K, reserved 1114112K
  class space    used 3719K, committed 3904K, reserved 1048576K
}
Event: 51.712 GC heap before
{Heap before GC invocations=85 (full 0):
 garbage-first heap   total 167936K, used 117996K [0x0000000084a00000, 0x0000000100000000)
  region size 1024K, 98 young (100352K), 4 survivors (4096K)
 Metaspace       used 31468K, committed 31872K, reserved 1114112K
  class space    used 3719K, committed 3904K, reserved 1048576K
}
Event: 51.714 GC heap after
{Heap after GC invocations=86 (full 0):
 garbage-first heap   total 167936K, used 19844K [0x0000000084a00000, 0x0000000100000000)
  region size 1024K, 2 young (2048K), 2 survivors (2048K)
 Metaspace       used 31468K, committed 31872K, reserved 1114112K
  class space    used 3719K, committed 3904K, reserved 1048576K
}
Event: 51.990 GC heap before
{Heap before GC invocations=86 (full 0):
 garbage-first heap   total 167936K, used 117124K [0x0000000084a00000, 0x0000000100000000)
  region size 1024K, 98 young (100352K), 2 survivors (2048K)
 Metaspace       used 31470K, committed 31872K, reserved 1114112K
  class space    used 3720K, committed 3904K, reserved 1048576K
}
Event: 51.993 GC heap after
{Heap after GC invocations=87 (full 0):
 garbage-first heap   total 167936K, used 23100K [0x0000000084a00000, 0x0000000100000000)
  region size 1024K, 5 young (5120K), 5 survivors (5120K)
 Metaspace       used 31470K, committed 31872K, reserved 1114112K
  class space    used 3720K, committed 3904K, reserved 1048576K
}

Deoptimization events (20 events):
Event: 42.155 Thread 0x000001f20a07b450 DEOPT PACKING pc=0x000001f212142fa9 sp=0x0000005873efd810
Event: 42.155 Thread 0x000001f20a07b450 DEOPT UNPACKING pc=0x000001f218eb66e3 sp=0x0000005873efccb0 mode 0
Event: 42.558 Thread 0x000001f20a07b450 DEOPT PACKING pc=0x000001f211ce61ed sp=0x0000005873efd4e0
Event: 42.558 Thread 0x000001f20a07b450 DEOPT UNPACKING pc=0x000001f218eb66e3 sp=0x0000005873efc9d8 mode 0
Event: 42.686 Thread 0x000001f20a07b450 DEOPT PACKING pc=0x000001f21195c6bb sp=0x0000005873efd2a0
Event: 42.686 Thread 0x000001f20a07b450 DEOPT UNPACKING pc=0x000001f218eb66e3 sp=0x0000005873efc7b8 mode 0
Event: 42.842 Thread 0x000001f20a07b450 DEOPT PACKING pc=0x000001f212094f7d sp=0x0000005873efc3f0
Event: 42.842 Thread 0x000001f20a07b450 DEOPT UNPACKING pc=0x000001f218eb66e3 sp=0x0000005873efb878 mode 0
Event: 44.183 Thread 0x000001f20a07b450 DEOPT PACKING pc=0x000001f2122de9a8 sp=0x0000005873efcaf0
Event: 44.183 Thread 0x000001f20a07b450 DEOPT UNPACKING pc=0x000001f218eb66e3 sp=0x0000005873efbf90 mode 0
Event: 44.365 Thread 0x000001f20a07b450 Uncommon trap: trap_request=0xffffffcc fr.pc=0x000001f219782970 relative=0x0000000000000150
Event: 44.365 Thread 0x000001f20a07b450 Uncommon trap: reason=intrinsic_or_type_checked_inlining action=make_not_entrant pc=0x000001f219782970 method=java.util.ArrayList$SubList.toArray([Ljava/lang/Object;)[Ljava/lang/Object; @ 58 c2
Event: 44.365 Thread 0x000001f20a07b450 DEOPT PACKING pc=0x000001f219782970 sp=0x0000005873efd1c0
Event: 44.365 Thread 0x000001f20a07b450 DEOPT UNPACKING pc=0x000001f218eb5ba3 sp=0x0000005873efd160 mode 2
Event: 45.777 Thread 0x000001f20a07b450 DEOPT PACKING pc=0x000001f212373472 sp=0x0000005873efc740
Event: 45.777 Thread 0x000001f20a07b450 DEOPT UNPACKING pc=0x000001f218eb66e3 sp=0x0000005873efbbe0 mode 0
Event: 47.788 Thread 0x000001f20a07b450 Uncommon trap: trap_request=0xffffff6e fr.pc=0x000001f2197cba0c relative=0x00000000000002cc
Event: 47.788 Thread 0x000001f20a07b450 Uncommon trap: reason=loop_limit_check action=maybe_recompile pc=0x000001f2197cba0c method=com.sun.org.apache.xerces.internal.parsers.AbstractDOMParser.startElement(Lcom/sun/org/apache/xerces/internal/xni/QName;Lcom/sun/org/apache/xerces/internal/xni/XMLA
Event: 47.788 Thread 0x000001f20a07b450 DEOPT PACKING pc=0x000001f2197cba0c sp=0x0000005873efcea0
Event: 47.788 Thread 0x000001f20a07b450 DEOPT UNPACKING pc=0x000001f218eb5ba3 sp=0x0000005873efce40 mode 2

Classes unloaded (0 events):
No events

Classes redefined (0 events):
No events

Internal exceptions (20 events):
Event: 2.399 Thread 0x000001f20a07b450 Exception <a 'java/lang/NoSuchMethodError'{0x000000008ade8258}: 'java.lang.Object java.lang.invoke.DirectMethodHandle$Holder.invokeInterface(java.lang.Object, java.lang.Object, java.lang.Object, java.lang.Object)'> (0x000000008ade8258) 
thrown [s\open\src\hotspot\share\interpreter\linkResolver.cpp, line 759]
Event: 2.404 Thread 0x000001f20a07b450 Exception <a 'java/lang/IncompatibleClassChangeError'{0x000000008a8044c0}: Found class java.lang.Object, but interface was expected> (0x000000008a8044c0) 
thrown [s\open\src\hotspot\share\interpreter\linkResolver.cpp, line 826]
Event: 2.405 Thread 0x000001f20a07b450 Exception <a 'java/lang/NoSuchMethodError'{0x000000008a80abd8}: 'int java.lang.invoke.DirectMethodHandle$Holder.invokeSpecialIFC(java.lang.Object, java.lang.Object, java.lang.Object, java.lang.Object)'> (0x000000008a80abd8) 
thrown [s\open\src\hotspot\share\interpreter\linkResolver.cpp, line 759]
Event: 2.476 Thread 0x000001f20a07b450 Exception <a 'java/lang/NoSuchMethodError'{0x0000000087865aa0}: 'double java.lang.invoke.DirectMethodHandle$Holder.invokeVirtual(java.lang.Object, java.lang.Object)'> (0x0000000087865aa0) 
thrown [s\open\src\hotspot\share\interpreter\linkResolver.cpp, line 759]
Event: 2.477 Thread 0x000001f20a07b450 Exception <a 'java/lang/NoSuchMethodError'{0x000000008786c248}: 'float java.lang.invoke.DirectMethodHandle$Holder.invokeVirtual(java.lang.Object, java.lang.Object)'> (0x000000008786c248) 
thrown [s\open\src\hotspot\share\interpreter\linkResolver.cpp, line 759]
Event: 2.477 Thread 0x000001f20a07b450 Exception <a 'java/lang/NoSuchMethodError'{0x0000000087875228}: 'long java.lang.invoke.DirectMethodHandle$Holder.invokeVirtual(java.lang.Object, java.lang.Object)'> (0x0000000087875228) 
thrown [s\open\src\hotspot\share\interpreter\linkResolver.cpp, line 759]
Event: 2.482 Thread 0x000001f20a07b450 Exception <a 'java/lang/NoSuchMethodError'{0x00000000878ed338}: 'java.lang.Object java.lang.invoke.DirectMethodHandle$Holder.invokeVirtual(java.lang.Object, java.lang.Object, java.lang.Object)'> (0x00000000878ed338) 
thrown [s\open\src\hotspot\share\interpreter\linkResolver.cpp, line 759]
Event: 2.504 Thread 0x000001f20a07b450 Exception <a 'java/lang/NoSuchMethodError'{0x0000000087603dd0}: 'java.lang.Object java.lang.invoke.DirectMethodHandle$Holder.newInvokeSpecial(java.lang.Object, java.lang.Object, int, int)'> (0x0000000087603dd0) 
thrown [s\open\src\hotspot\share\interpreter\linkResolver.cpp, line 759]
Event: 2.505 Thread 0x000001f20a07b450 Exception <a 'java/lang/NoSuchMethodError'{0x000000008760ec10}: 'void java.lang.invoke.DirectMethodHandle$Holder.invokeStatic(java.lang.Object, java.lang.Object, int)'> (0x000000008760ec10) 
thrown [s\open\src\hotspot\share\interpreter\linkResolver.cpp, line 759]
Event: 2.580 Thread 0x000001f20a07b450 Exception <a 'java/lang/NoSuchMethodError'{0x000000008735cbc0}: 'void java.lang.invoke.DirectMethodHandle$Holder.invokeInterface(java.lang.Object, java.lang.Object, java.lang.Object, java.lang.Object, java.lang.Object)'> (0x000000008735cbc0) 
thrown [s\open\src\hotspot\share\interpreter\linkResolver.cpp, line 759]
Event: 2.623 Thread 0x000001f26e640390 Exception <a 'java/lang/NoSuchMethodError'{0x000000008723fa98}: 'java.lang.Object java.lang.invoke.DirectMethodHandle$Holder.invokeSpecial(java.lang.Object, java.lang.Object, java.lang.Object, java.lang.Object, int)'> (0x000000008723fa98) 
thrown [s\open\src\hotspot\share\interpreter\linkResolver.cpp, line 759]
Event: 2.623 Thread 0x000001f26e640390 Exception <a 'java/lang/NoSuchMethodError'{0x0000000087243660}: 'java.lang.Object java.lang.invoke.Invokers$Holder.linkToTargetMethod(java.lang.Object, java.lang.Object, int, java.lang.Object)'> (0x0000000087243660) 
thrown [s\open\src\hotspot\share\interpreter\linkResolver.cpp, line 759]
Event: 2.742 Thread 0x000001f26e640390 Exception <a 'java/lang/NoSuchMethodError'{0x0000000087192370}: 'void java.lang.invoke.DirectMethodHandle$Holder.invokeSpecial(java.lang.Object, java.lang.Object, java.lang.Object, java.lang.Object, java.lang.Object)'> (0x0000000087192370) 
thrown [s\open\src\hotspot\share\interpreter\linkResolver.cpp, line 759]
Event: 2.781 Thread 0x000001f26e640390 Exception <a 'java/lang/NoSuchMethodError'{0x00000000871bc310}: 'int java.lang.invoke.DirectMethodHandle$Holder.invokeStaticInit(java.lang.Object, int, int)'> (0x00000000871bc310) 
thrown [s\open\src\hotspot\share\interpreter\linkResolver.cpp, line 759]
Event: 2.785 Thread 0x000001f26e640390 Exception <a 'java/lang/NoSuchMethodError'{0x00000000871d0188}: 'void java.lang.invoke.DirectMethodHandle$Holder.invokeVirtual(java.lang.Object, java.lang.Object)'> (0x00000000871d0188) 
thrown [s\open\src\hotspot\share\interpreter\linkResolver.cpp, line 759]
Event: 8.598 Thread 0x000001f26e640390 Exception <a 'java/lang/NoSuchMethodError'{0x0000000086d963f0}: 'java.lang.Object java.lang.invoke.DirectMethodHandle$Holder.newInvokeSpecial(java.lang.Object, java.lang.Object, long, java.lang.Object, java.lang.Object, java.lang.Object)'> (0x0000000086d963f0) 
thrown [s\open\src\hotspot\share\interpreter\linkResolver.cpp, line 759]
Event: 8.607 Thread 0x000001f26e640390 Exception <a 'java/lang/NoSuchMethodError'{0x0000000086daea38}: 'void java.lang.invoke.DirectMethodHandle$Holder.invokeSpecial(java.lang.Object, java.lang.Object, java.lang.Object, java.lang.Object, java.lang.Object, java.lang.Object, java.lang.Object)'> (0x0000000086daea38) 
thrown [s\open\src\hotspot\share\interpreter\linkResolver.cpp, line 759]
Event: 8.718 Thread 0x000001f20a07b450 Exception <a 'java/lang/NoSuchMethodError'{0x0000000086b58730}: 'java.lang.Object java.lang.invoke.DirectMethodHandle$Holder.invokeSpecialIFC(java.lang.Object, java.lang.Object, java.lang.Object)'> (0x0000000086b58730) 
thrown [s\open\src\hotspot\share\interpreter\linkResolver.cpp, line 759]
Event: 27.177 Thread 0x000001f20a07b450 Implicit null exception at 0x000001f2194ede57 to 0x000001f2194ee0d8
Event: 35.749 Thread 0x000001f20a07b450 Exception <a 'java/lang/NoSuchMethodError'{0x00000000876fb7e8}: 'java.lang.Object java.lang.invoke.DirectMethodHandle$Holder.invokeVirtual(java.lang.Object, java.lang.Object, java.lang.Object, java.lang.Object)'> (0x00000000876fb7e8) 
thrown [s\open\src\hotspot\share\interpreter\linkResolver.cpp, line 759]

VM Operations (20 events):
Event: 49.476 Executing VM operation: G1CollectForAllocation
Event: 49.477 Executing VM operation: G1CollectForAllocation done
Event: 49.760 Executing VM operation: G1CollectForAllocation
Event: 49.763 Executing VM operation: G1CollectForAllocation done
Event: 50.035 Executing VM operation: G1CollectForAllocation
Event: 50.039 Executing VM operation: G1CollectForAllocation done
Event: 50.322 Executing VM operation: G1CollectForAllocation
Event: 50.324 Executing VM operation: G1CollectForAllocation done
Event: 50.604 Executing VM operation: G1CollectForAllocation
Event: 50.606 Executing VM operation: G1CollectForAllocation done
Event: 50.841 Executing VM operation: G1CollectForAllocation
Event: 50.843 Executing VM operation: G1CollectForAllocation done
Event: 51.125 Executing VM operation: G1CollectForAllocation
Event: 51.127 Executing VM operation: G1CollectForAllocation done
Event: 51.419 Executing VM operation: G1CollectForAllocation
Event: 51.422 Executing VM operation: G1CollectForAllocation done
Event: 51.712 Executing VM operation: G1CollectForAllocation
Event: 51.714 Executing VM operation: G1CollectForAllocation done
Event: 51.989 Executing VM operation: G1CollectForAllocation
Event: 51.993 Executing VM operation: G1CollectForAllocation done

Events (20 events):
Event: 39.737 Thread 0x000001f22775d4e0 flushing nmethod 0x000001f212246710
Event: 39.737 Thread 0x000001f22775d4e0 flushing nmethod 0x000001f212246c10
Event: 39.737 Thread 0x000001f22775d4e0 flushing nmethod 0x000001f212249710
Event: 39.737 Thread 0x000001f22775d4e0 flushing nmethod 0x000001f212249f90
Event: 39.737 Thread 0x000001f22775d4e0 flushing nmethod 0x000001f212286410
Event: 39.737 Thread 0x000001f22775d4e0 flushing nmethod 0x000001f212293a90
Event: 39.737 Thread 0x000001f22775d4e0 flushing nmethod 0x000001f212298510
Event: 39.737 Thread 0x000001f22775d4e0 flushing nmethod 0x000001f2122a2b10
Event: 39.737 Thread 0x000001f22775d4e0 flushing nmethod 0x000001f2122acf90
Event: 39.737 Thread 0x000001f22775d4e0 flushing nmethod 0x000001f2122aea90
Event: 39.737 Thread 0x000001f22775d4e0 flushing nmethod 0x000001f2122b1190
Event: 39.737 Thread 0x000001f22775d4e0 flushing nmethod 0x000001f2122b4b10
Event: 39.737 Thread 0x000001f22775d4e0 flushing nmethod 0x000001f2122bf310
Event: 39.737 Thread 0x000001f22775d4e0 flushing nmethod 0x000001f2122e6010
Event: 46.834 Thread 0x000001f22775d4e0 flushing nmethod 0x000001f211d19310
Event: 46.834 Thread 0x000001f22775d4e0 flushing nmethod 0x000001f211d1ae10
Event: 47.638 loading class jdk/internal/access/foreign/MemorySegmentProxy
Event: 47.639 loading class jdk/internal/access/foreign/MemorySegmentProxy done
Event: 51.858 loading class com/sun/org/apache/xerces/internal/xni/grammars/XMLGrammarPool
Event: 51.859 loading class com/sun/org/apache/xerces/internal/xni/grammars/XMLGrammarPool done


Dynamic libraries:
0x00007ff7a1670000 - 0x00007ff7a1680000 	C:\Program Files\Java\jdk-17\bin\java.exe
0x00007ff817070000 - 0x00007ff817287000 	C:\WINDOWS\SYSTEM32\ntdll.dll
0x00007ff8165b0000 - 0x00007ff816674000 	C:\WINDOWS\System32\KERNEL32.DLL
0x00007ff814a00000 - 0x00007ff814dac000 	C:\WINDOWS\System32\KERNELBASE.dll
0x00007ff814810000 - 0x00007ff814921000 	C:\WINDOWS\System32\ucrtbase.dll
0x00007fffe4660000 - 0x00007fffe4679000 	C:\Program Files\Java\jdk-17\bin\jli.dll
0x00007fffe4640000 - 0x00007fffe465b000 	C:\Program Files\Java\jdk-17\bin\VCRUNTIME140.dll
0x00007ff816680000 - 0x00007ff816732000 	C:\WINDOWS\System32\ADVAPI32.dll
0x00007ff8161b0000 - 0x00007ff816257000 	C:\WINDOWS\System32\msvcrt.dll
0x00007ff815ac0000 - 0x00007ff815b6a000 	C:\WINDOWS\System32\sechost.dll
0x00007ff8149d0000 - 0x00007ff8149f8000 	C:\WINDOWS\System32\bcrypt.dll
0x00007ff816410000 - 0x00007ff816525000 	C:\WINDOWS\System32\RPCRT4.dll
0x00007ff816df0000 - 0x00007ff816f9e000 	C:\WINDOWS\System32\USER32.dll
0x00007ff800800000 - 0x00007ff800a93000 	C:\WINDOWS\WinSxS\amd64_microsoft.windows.common-controls_6595b64144ccf1df_6.0.22621.3672_none_2713b9d173822955\COMCTL32.dll
0x00007ff8147e0000 - 0x00007ff814806000 	C:\WINDOWS\System32\win32u.dll
0x00007ff8168c0000 - 0x00007ff8168e9000 	C:\WINDOWS\System32\GDI32.dll
0x00007ff80a120000 - 0x00007ff80a12a000 	C:\WINDOWS\SYSTEM32\VERSION.dll
0x00007ff814460000 - 0x00007ff814579000 	C:\WINDOWS\System32\gdi32full.dll
0x00007ff814930000 - 0x00007ff8149ca000 	C:\WINDOWS\System32\msvcp_win.dll
0x00007fffe4610000 - 0x00007fffe461c000 	C:\Program Files\Java\jdk-17\bin\vcruntime140_1.dll
0x00007fffe4580000 - 0x00007fffe460e000 	C:\Program Files\Java\jdk-17\bin\msvcp140.dll
0x00007fffe39a0000 - 0x00007fffe457f000 	C:\Program Files\Java\jdk-17\bin\server\jvm.dll
0x00007fffe3990000 - 0x00007fffe3999000 	C:\WINDOWS\SYSTEM32\WSOCK32.dll
0x00007ff80a4e0000 - 0x00007ff80a514000 	C:\WINDOWS\SYSTEM32\WINMM.dll
0x00007ff815a90000 - 0x00007ff815a98000 	C:\WINDOWS\System32\PSAPI.DLL
0x00007ff815c70000 - 0x00007ff815ce1000 	C:\WINDOWS\System32\WS2_32.dll
0x00007ff813390000 - 0x00007ff8133a8000 	C:\WINDOWS\SYSTEM32\kernel.appcore.dll
0x00007fffe38a0000 - 0x00007fffe38aa000 	C:\Program Files\Java\jdk-17\bin\jimage.dll
0x00007ff811c60000 - 0x00007ff811e92000 	C:\WINDOWS\SYSTEM32\DBGHELP.DLL
0x00007ff8168f0000 - 0x00007ff816c78000 	C:\WINDOWS\System32\combase.dll
0x00007ff815d70000 - 0x00007ff815e47000 	C:\WINDOWS\System32\OLEAUT32.dll
0x00007ff808870000 - 0x00007ff8088a2000 	C:\WINDOWS\SYSTEM32\dbgcore.DLL
0x00007ff8146f0000 - 0x00007ff81476b000 	C:\WINDOWS\System32\bcryptPrimitives.dll
0x00007fffe3870000 - 0x00007fffe3895000 	C:\Program Files\Java\jdk-17\bin\java.dll
0x00007fffe3790000 - 0x00007fffe3867000 	C:\Program Files\Java\jdk-17\bin\jsvml.dll
0x00007ff814db0000 - 0x00007ff81560c000 	C:\WINDOWS\System32\SHELL32.dll
0x00007ff8122a0000 - 0x00007ff812b97000 	C:\WINDOWS\SYSTEM32\windows.storage.dll
0x00007ff812160000 - 0x00007ff81229f000 	C:\WINDOWS\SYSTEM32\wintypes.dll
0x00007ff816cf0000 - 0x00007ff816de4000 	C:\WINDOWS\System32\SHCORE.dll
0x00007ff816c80000 - 0x00007ff816cde000 	C:\WINDOWS\System32\shlwapi.dll
0x00007ff8142d0000 - 0x00007ff8142f1000 	C:\WINDOWS\SYSTEM32\profapi.dll
0x00007fffe3480000 - 0x00007fffe3499000 	C:\Program Files\Java\jdk-17\bin\net.dll
0x00007ff80b900000 - 0x00007ff80ba36000 	C:\WINDOWS\SYSTEM32\WINHTTP.dll
0x00007ff8137f0000 - 0x00007ff813859000 	C:\WINDOWS\system32\mswsock.dll
0x00007fffe3460000 - 0x00007fffe3476000 	C:\Program Files\Java\jdk-17\bin\nio.dll
0x00007fffe3440000 - 0x00007fffe3458000 	C:\Program Files\Java\jdk-17\bin\zip.dll
0x00007fffe1aa0000 - 0x00007fffe1ab0000 	C:\Program Files\Java\jdk-17\bin\verify.dll
0x00007ff813a90000 - 0x00007ff813aab000 	C:\WINDOWS\SYSTEM32\CRYPTSP.dll
0x00007ff8132f0000 - 0x00007ff813325000 	C:\WINDOWS\system32\rsaenh.dll
0x00007ff813a00000 - 0x00007ff813a0c000 	C:\WINDOWS\SYSTEM32\CRYPTBASE.dll
0x00007ff812e00000 - 0x00007ff812e2d000 	C:\WINDOWS\SYSTEM32\IPHLPAPI.DLL
0x00007ff815aa0000 - 0x00007ff815aa9000 	C:\WINDOWS\System32\NSI.dll
0x00007ff80b8e0000 - 0x00007ff80b8f9000 	C:\WINDOWS\SYSTEM32\dhcpcsvc6.DLL
0x00007ff80b8c0000 - 0x00007ff80b8df000 	C:\WINDOWS\SYSTEM32\dhcpcsvc.DLL
0x00007ff812e70000 - 0x00007ff812f68000 	C:\WINDOWS\SYSTEM32\DNSAPI.dll
0x00007fffe1b50000 - 0x00007fffe1b5e000 	C:\Program Files\Java\jdk-17\bin\sunmscapi.dll
0x00007ff814580000 - 0x00007ff8146e7000 	C:\WINDOWS\System32\CRYPT32.dll
0x00007ff813c60000 - 0x00007ff813c8e000 	C:\WINDOWS\SYSTEM32\ncrypt.dll
0x00007ff813c20000 - 0x00007ff813c57000 	C:\WINDOWS\SYSTEM32\NTASN1.dll
0x00007fffe1b40000 - 0x00007fffe1b48000 	C:\WINDOWS\system32\wshunix.dll
0x00007ff8094e0000 - 0x00007ff8094ea000 	C:\Windows\System32\rasadhlp.dll
0x00007ff809bb0000 - 0x00007ff809c33000 	C:\WINDOWS\System32\fwpuclnt.dll

dbghelp: loaded successfully - version: 4.0.5 - missing functions: none
symbol engine: initialized successfully - sym options: 0x614 - pdb path: .;C:\Program Files\Java\jdk-17\bin;C:\WINDOWS\SYSTEM32;C:\WINDOWS\WinSxS\amd64_microsoft.windows.common-controls_6595b64144ccf1df_6.0.22621.3672_none_2713b9d173822955;C:\Program Files\Java\jdk-17\bin\server

VM Arguments:
java_command: C:\Users\AC\git\RR_Web_Automation\RR\target\surefire\surefirebooter5847030790476682116.jar C:\Users\AC\git\RR_Web_Automation\RR\target\surefire\surefire18003410085462006467tmp C:\Users\AC\git\RR_Web_Automation\RR\target\surefire\surefire_09685447649650619738tmp
java_class_path (initial): C:\Users\AC\git\RR_Web_Automation\RR\target\surefire\surefirebooter5847030790476682116.jar
Launcher Type: SUN_STANDARD

[Global flags]
     intx CICompilerCount                          = 3                                         {product} {ergonomic}
     uint ConcGCThreads                            = 1                                         {product} {ergonomic}
     uint G1ConcRefinementThreads                  = 4                                         {product} {ergonomic}
   size_t G1HeapRegionSize                         = 1048576                                   {product} {ergonomic}
    uintx GCDrainStackTargetSize                   = 64                                        {product} {ergonomic}
   size_t InitialHeapSize                          = 130023424                                 {product} {ergonomic}
   size_t MarkStackSize                            = 4194304                                   {product} {ergonomic}
   size_t MaxHeapSize                              = 2069889024                                {product} {ergonomic}
   size_t MaxNewSize                               = 1241513984                                {product} {ergonomic}
   size_t MinHeapDeltaBytes                        = 1048576                                   {product} {ergonomic}
   size_t MinHeapSize                              = 8388608                                   {product} {ergonomic}
    uintx NonNMethodCodeHeapSize                   = 5832780                                {pd product} {ergonomic}
    uintx NonProfiledCodeHeapSize                  = 122912730                              {pd product} {ergonomic}
    uintx ProfiledCodeHeapSize                     = 122912730                              {pd product} {ergonomic}
    uintx ReservedCodeCacheSize                    = 251658240                              {pd product} {ergonomic}
     bool SegmentedCodeCache                       = true                                      {product} {ergonomic}
   size_t SoftMaxHeapSize                          = 2069889024                             {manageable} {ergonomic}
     bool UseCompressedClassPointers               = true                           {product lp64_product} {ergonomic}
     bool UseCompressedOops                        = true                           {product lp64_product} {ergonomic}
     bool UseG1GC                                  = true                                      {product} {ergonomic}
     bool UseLargePagesIndividualAllocation        = false                                  {pd product} {ergonomic}

Logging:
Log output configuration:
 #0: stdout all=warning uptime,level,tags
 #1: stderr all=off uptime,level,tags

Environment Variables:
PATH=C:\ProgramData\Jenkins\.jenkins\tools\hudson.tasks.Maven_MavenInstallation\maven3/bin;C:\Program Files\Common Files\Oracle\Java\javapath;C:\WINDOWS\system32;C:\WINDOWS;C:\WINDOWS\System32\Wbem;C:\WINDOWS\System32\WindowsPowerShell\v1.0\;C:\WINDOWS\System32\OpenSSH\;C:\Program Files\Java\jdk-17;C:\Program Files\Git\cmd;C:\Users\AC\git\RR_Web_Automation\RR\apache-maven-3.8.8-bin\apache-maven-3.8.8\bin;;C:\Program Files\Docker\Docker\resources\bin;C:\WINDOWS\system32\config\systemprofile\AppData\Local\Microsoft\WindowsApps
USERNAME=NEERU$
OS=Windows_NT
PROCESSOR_IDENTIFIER=Intel64 Family 6 Model 140 Stepping 1, GenuineIntel



---------------  S Y S T E M  ---------------

OS:
 Windows 11 , 64 bit Build 22621 (10.0.22621.3672)
OS uptime: 19 days 7:50 hours
Hyper-V role detected

CPU: total 4 (initial active 4) (2 cores per cpu, 2 threads per core) family 6 model 140 stepping 1 microcode 0x86, cx8, cmov, fxsr, ht, mmx, 3dnowpref, sse, sse2, sse3, ssse3, sse4.1, sse4.2, popcnt, lzcnt, tsc, tscinvbit, avx, avx2, aes, erms, clmul, bmi1, bmi2, adx, avx512f, avx512dq, avx512cd, avx512bw, avx512vl, sha, fma, vzeroupper, avx512_vpopcntdq, avx512_vpclmulqdq, avx512_vaes, avx512_vnni, clflush, clflushopt, clwb, avx512_vbmi2, avx512_vbmi, hv

Memory: 4k page, system-wide physical 7890M (351M free)
TotalPageFile size 32466M (AvailPageFile size 5M)
current process WorkingSet (physical memory assigned to process): 287M, peak: 287M
current process commit charge ("private bytes"): 323M, peak: 325M

vm_info: Java HotSpot(TM) 64-Bit Server VM (17.0.10+11-LTS-240) for windows-amd64 JRE (17.0.10+11-LTS-240), built on Dec 19 2023 21:47:25 by "mach5one" with MS VC++ 17.1 (VS2022)

END.
