#
# There is insufficient memory for the Java Runtime Environment to continue.
# Native memory allocation (malloc) failed to allocate 131088 bytes for Chunk::new
# Possible reasons:
#   The system is out of physical RAM or swap space
#   The process is running with CompressedOops enabled, and the Java Heap may be blocking the growth of the native heap
# Possible solutions:
#   Reduce memory load on the system
#   Increase physical memory or swap space
#   Check if swap backing store is full
#   Decrease Java heap size (-Xmx/-Xms)
#   Decrease number of Java threads
#   Decrease Java thread stack sizes (-Xss)
#   Set larger code cache with -XX:ReservedCodeCacheSize=
#   JVM is running with Unscaled Compressed Oops mode in which the Java heap is
#     placed in the first 4GB address space. The Java Heap base address is the
#     maximum limit for the native heap growth. Please use -XX:HeapBaseMinAddress
#     to set the Java Heap base and to place the Java Heap above 4GB virtual address.
# This output file may be truncated or incomplete.
#
#  Out of Memory Error (arena.cpp:189), pid=30864, tid=17960
#
# JRE version: Java(TM) SE Runtime Environment (17.0.10+11) (build 17.0.10+11-LTS-240)
# Java VM: Java HotSpot(TM) 64-Bit Server VM (17.0.10+11-LTS-240, mixed mode, sharing, tiered, compressed oops, compressed class ptrs, g1 gc, windows-amd64)
# No core dump will be written. Minidumps are not enabled by default on client versions of Windows
#

---------------  S U M M A R Y ------------

Command Line: jenkins.maven3.agent.Maven35Main C:\ProgramData\Jenkins\.jenkins\tools\hudson.tasks.Maven_MavenInstallation\maven3 C:\ProgramData\Jenkins\war\WEB-INF\lib\remoting-3206.vb_15dcf73f6a_9.jar C:\ProgramData\Jenkins\.jenkins\plugins\maven-plugin\WEB-INF\lib\maven35-interceptor-1.14.jar C:\ProgramData\Jenkins\.jenkins\plugins\maven-plugin\WEB-INF\lib\maven3-interceptor-commons-1.14.jar 64946

Host: 11th Gen Intel(R) Core(TM) i3-1115G4 @ 3.00GHz, 4 cores, 7G,  Windows 11 , 64 bit Build 22621 (10.0.22621.3527)
Time: Mon Jun  3 23:14:35 2024 India Standard Time elapsed time: 2.191975 seconds (0d 0h 0m 2s)

---------------  T H R E A D  ---------------

Current thread (0x0000022822e760f0):  JavaThread "C2 CompilerThread0" daemon [_thread_in_native, id=17960, stack(0x0000002f94c00000,0x0000002f94d00000)]


Current CompileTask:
C2:   2192 1353   !   4       java.io.ObjectOutputStream::writeObject0 (620 bytes)

Stack: [0x0000002f94c00000,0x0000002f94d00000]
Native frames: (J=compiled Java code, j=interpreted, Vv=VM code, C=native code)
V  [jvm.dll+0x677a5a]
V  [jvm.dll+0x7d8b2d]
V  [jvm.dll+0x7da48e]
V  [jvm.dll+0x7daaf3]
V  [jvm.dll+0x2455ff]
V  [jvm.dll+0xaaafb]
V  [jvm.dll+0xab09c]
V  [jvm.dll+0xaac14]
V  [jvm.dll+0x69b2b9]
V  [jvm.dll+0x218e70]
V  [jvm.dll+0x216c79]
V  [jvm.dll+0x1a3410]
V  [jvm.dll+0x226aeb]
V  [jvm.dll+0x224cab]
V  [jvm.dll+0x78e45c]
V  [jvm.dll+0x78888a]
V  [jvm.dll+0x676935]
C  [ucrtbase.dll+0x29333]
C  [KERNEL32.DLL+0x1257d]
C  [ntdll.dll+0x5aa48]


---------------  P R O C E S S  ---------------

Threads class SMR info:
_java_thread_list=0x00000228680af250, length=19, elements={
0x00000228057baf10, 0x0000022822e5c420, 0x0000022822e5d580, 0x0000022822e706c0,
0x0000022822e71080, 0x0000022822e73a50, 0x0000022822e74bb0, 0x0000022822e760f0,
0x0000022822e7a840, 0x0000022822e92140, 0x00000228680b1c10, 0x00000228680b11f0,
0x00000228680b2b40, 0x00000228680b1700, 0x00000228680b02c0, 0x00000228680afdb0,
0x00000228680af390, 0x00000228680b2120, 0x00000228680b07d0
}

Java Threads: ( => current thread )
  0x00000228057baf10 JavaThread "main" [_thread_blocked, id=1684, stack(0x0000002f93f00000,0x0000002f94000000)]
  0x0000022822e5c420 JavaThread "Reference Handler" daemon [_thread_blocked, id=30456, stack(0x0000002f94600000,0x0000002f94700000)]
  0x0000022822e5d580 JavaThread "Finalizer" daemon [_thread_blocked, id=13408, stack(0x0000002f94700000,0x0000002f94800000)]
  0x0000022822e706c0 JavaThread "Signal Dispatcher" daemon [_thread_blocked, id=18552, stack(0x0000002f94800000,0x0000002f94900000)]
  0x0000022822e71080 JavaThread "Attach Listener" daemon [_thread_blocked, id=1036, stack(0x0000002f94900000,0x0000002f94a00000)]
  0x0000022822e73a50 JavaThread "Service Thread" daemon [_thread_blocked, id=32008, stack(0x0000002f94a00000,0x0000002f94b00000)]
  0x0000022822e74bb0 JavaThread "Monitor Deflation Thread" daemon [_thread_blocked, id=36488, stack(0x0000002f94b00000,0x0000002f94c00000)]
=>0x0000022822e760f0 JavaThread "C2 CompilerThread0" daemon [_thread_in_native, id=17960, stack(0x0000002f94c00000,0x0000002f94d00000)]
  0x0000022822e7a840 JavaThread "C1 CompilerThread0" daemon [_thread_blocked, id=4680, stack(0x0000002f94d00000,0x0000002f94e00000)]
  0x0000022822e92140 JavaThread "Sweeper thread" daemon [_thread_blocked, id=29748, stack(0x0000002f94e00000,0x0000002f94f00000)]
  0x00000228680b1c10 JavaThread "Notification Thread" daemon [_thread_blocked, id=3152, stack(0x0000002f94f00000,0x0000002f95000000)]
  0x00000228680b11f0 JavaThread "Common-Cleaner" daemon [_thread_blocked, id=33776, stack(0x0000002f95100000,0x0000002f95200000)]
  0x00000228680b2b40 JavaThread "RemoteInvocationHandler [#1]" daemon [_thread_blocked, id=19188, stack(0x0000002f95200000,0x0000002f95300000)]
  0x00000228680b1700 JavaThread "Channel reader thread: channel" [_thread_in_native, id=32072, stack(0x0000002f95300000,0x0000002f95400000)]
  0x00000228680b02c0 JavaThread "pool-1-thread-1" [_thread_blocked, id=12788, stack(0x0000002f95400000,0x0000002f95500000)]
  0x00000228680afdb0 JavaThread "pool-1-thread-2" [_thread_blocked, id=35316, stack(0x0000002f95500000,0x0000002f95600000)]
  0x00000228680af390 JavaThread "pool-1-thread-3" [_thread_blocked, id=34084, stack(0x0000002f95600000,0x0000002f95700000)]
  0x00000228680b2120 JavaThread "pool-1-thread-4" [_thread_blocked, id=31408, stack(0x0000002f95700000,0x0000002f95800000)]
  0x00000228680b07d0 JavaThread "pool-1-thread-5 for channel id=10508" [_thread_in_vm, id=32220, stack(0x0000002f95800000,0x0000002f95900000)]

Other Threads:
  0x0000022822e52eb0 VMThread "VM Thread" [stack: 0x0000002f94500000,0x0000002f94600000] [id=37464]
  0x00000228680be3a0 WatcherThread [stack: 0x0000002f95000000,0x0000002f95100000] [id=34424]
  0x0000022805813dc0 GCTaskThread "GC Thread#0" [stack: 0x0000002f94000000,0x0000002f94100000] [id=19740]
  0x00000228689475c0 GCTaskThread "GC Thread#1" [stack: 0x0000002f95900000,0x0000002f95a00000] [id=13020]
  0x0000022868991160 GCTaskThread "GC Thread#2" [stack: 0x0000002f95a00000,0x0000002f95b00000] [id=30052]
  0x0000022868991420 GCTaskThread "GC Thread#3" [stack: 0x0000002f95b00000,0x0000002f95c00000] [id=29452]
  0x00000228058243d0 ConcurrentGCThread "G1 Main Marker" [stack: 0x0000002f94100000,0x0000002f94200000] [id=30568]
  0x0000022805824de0 ConcurrentGCThread "G1 Conc#0" [stack: 0x0000002f94200000,0x0000002f94300000] [id=30676]
  0x000002280588bb90 ConcurrentGCThread "G1 Refine#0" [stack: 0x0000002f94300000,0x0000002f94400000] [id=30428]
  0x000002286899ca40 ConcurrentGCThread "G1 Refine#1" [stack: 0x0000002f95c00000,0x0000002f95d00000] [id=35760]
  0x000002280588c5c0 ConcurrentGCThread "G1 Service" [stack: 0x0000002f94400000,0x0000002f94500000] [id=10356]

Threads with active compile tasks:
C2 CompilerThread0     2214 1353   !   4       java.io.ObjectOutputStream::writeObject0 (620 bytes)

VM state: not at safepoint (normal execution)

VM Mutex/Monitor currently owned by a thread:  ([mutex/lock_event])
[0x00000228057b48b0] Metaspace_lock - owner thread: 0x00000228680b07d0

Heap address: 0x0000000084a00000, size: 1974 MB, Compressed Oops mode: 32-bit

CDS archive(s) mapped at: [0x0000022823000000-0x0000022823bd0000-0x0000022823bd0000), size 12386304, SharedBaseAddress: 0x0000022823000000, ArchiveRelocationMode: 1.
Compressed class space mapped at: 0x0000022824000000-0x0000022864000000, reserved size: 1073741824
Narrow klass base: 0x0000022823000000, Narrow klass shift: 0, Narrow klass range: 0x100000000

GC Precious Log:
 CPUs: 4 total, 4 available
 Memory: 7890M
 Large Page Support: Disabled
 NUMA Support: Disabled
 Compressed Oops: Enabled (32-bit)
 Heap Region Size: 1M
 Heap Min Capacity: 8M
 Heap Initial Capacity: 124M
 Heap Max Capacity: 1974M
 Pre-touch: Disabled
 Parallel Workers: 4
 Concurrent Workers: 1
 Concurrent Refinement Workers: 4
 Periodic GC: Disabled

Heap:
 garbage-first heap   total 126976K, used 12227K [0x0000000084a00000, 0x0000000100000000)
  region size 1024K, 6 young (6144K), 1 survivors (1024K)
 Metaspace       used 5737K, committed 5952K, reserved 1114112K
  class space    used 582K, committed 704K, reserved 1048576K

Heap Regions: E=young(eden), S=young(survivor), O=old, HS=humongous(starts), HC=humongous(continues), CS=collection set, F=free, OA=open archive, CA=closed archive, TAMS=top-at-mark-start (previous, next)
|   0|0x0000000084a00000, 0x0000000084b00000, 0x0000000084b00000|100%|HS|  |TAMS 0x0000000084a00000, 0x0000000084a00000| Complete 
|   1|0x0000000084b00000, 0x0000000084c00000, 0x0000000084c00000|100%|HC|  |TAMS 0x0000000084b00000, 0x0000000084b00000| Complete 
|   2|0x0000000084c00000, 0x0000000084d00000, 0x0000000084d00000|100%|HS|  |TAMS 0x0000000084c00000, 0x0000000084c00000| Complete 
|   3|0x0000000084d00000, 0x0000000084e00000, 0x0000000084e00000|100%|HC|  |TAMS 0x0000000084d00000, 0x0000000084d00000| Complete 
|   4|0x0000000084e00000, 0x0000000084f00000, 0x0000000084f00000|100%| O|  |TAMS 0x0000000084e00000, 0x0000000084e00000| Untracked 
|   5|0x0000000084f00000, 0x0000000085000000, 0x0000000085000000|100%| O|  |TAMS 0x0000000084f00000, 0x0000000084f00000| Untracked 
|   6|0x0000000085000000, 0x0000000085100000, 0x0000000085100000|100%| O|  |TAMS 0x0000000085000000, 0x0000000085000000| Untracked 
|   7|0x0000000085100000, 0x0000000085145a00, 0x0000000085200000| 27%| O|  |TAMS 0x0000000085100000, 0x0000000085100000| Untracked 
|   8|0x0000000085200000, 0x0000000085200000, 0x0000000085300000|  0%| F|  |TAMS 0x0000000085200000, 0x0000000085200000| Untracked 
|   9|0x0000000085300000, 0x0000000085300000, 0x0000000085400000|  0%| F|  |TAMS 0x0000000085300000, 0x0000000085300000| Untracked 
|  10|0x0000000085400000, 0x0000000085400000, 0x0000000085500000|  0%| F|  |TAMS 0x0000000085400000, 0x0000000085400000| Untracked 
|  11|0x0000000085500000, 0x0000000085500000, 0x0000000085600000|  0%| F|  |TAMS 0x0000000085500000, 0x0000000085500000| Untracked 
|  12|0x0000000085600000, 0x0000000085600000, 0x0000000085700000|  0%| F|  |TAMS 0x0000000085600000, 0x0000000085600000| Untracked 
|  13|0x0000000085700000, 0x0000000085700000, 0x0000000085800000|  0%| F|  |TAMS 0x0000000085700000, 0x0000000085700000| Untracked 
|  14|0x0000000085800000, 0x0000000085800000, 0x0000000085900000|  0%| F|  |TAMS 0x0000000085800000, 0x0000000085800000| Untracked 
|  15|0x0000000085900000, 0x0000000085900000, 0x0000000085a00000|  0%| F|  |TAMS 0x0000000085900000, 0x0000000085900000| Untracked 
|  16|0x0000000085a00000, 0x0000000085a00000, 0x0000000085b00000|  0%| F|  |TAMS 0x0000000085a00000, 0x0000000085a00000| Untracked 
|  17|0x0000000085b00000, 0x0000000085b00000, 0x0000000085c00000|  0%| F|  |TAMS 0x0000000085b00000, 0x0000000085b00000| Untracked 
|  18|0x0000000085c00000, 0x0000000085c00000, 0x0000000085d00000|  0%| F|  |TAMS 0x0000000085c00000, 0x0000000085c00000| Untracked 
|  19|0x0000000085d00000, 0x0000000085d00000, 0x0000000085e00000|  0%| F|  |TAMS 0x0000000085d00000, 0x0000000085d00000| Untracked 
|  20|0x0000000085e00000, 0x0000000085e00000, 0x0000000085f00000|  0%| F|  |TAMS 0x0000000085e00000, 0x0000000085e00000| Untracked 
|  21|0x0000000085f00000, 0x0000000085f00000, 0x0000000086000000|  0%| F|  |TAMS 0x0000000085f00000, 0x0000000085f00000| Untracked 
|  22|0x0000000086000000, 0x0000000086000000, 0x0000000086100000|  0%| F|  |TAMS 0x0000000086000000, 0x0000000086000000| Untracked 
|  23|0x0000000086100000, 0x0000000086100000, 0x0000000086200000|  0%| F|  |TAMS 0x0000000086100000, 0x0000000086100000| Untracked 
|  24|0x0000000086200000, 0x0000000086200000, 0x0000000086300000|  0%| F|  |TAMS 0x0000000086200000, 0x0000000086200000| Untracked 
|  25|0x0000000086300000, 0x0000000086300000, 0x0000000086400000|  0%| F|  |TAMS 0x0000000086300000, 0x0000000086300000| Untracked 
|  26|0x0000000086400000, 0x0000000086400000, 0x0000000086500000|  0%| F|  |TAMS 0x0000000086400000, 0x0000000086400000| Untracked 
|  27|0x0000000086500000, 0x0000000086500000, 0x0000000086600000|  0%| F|  |TAMS 0x0000000086500000, 0x0000000086500000| Untracked 
|  28|0x0000000086600000, 0x0000000086600000, 0x0000000086700000|  0%| F|  |TAMS 0x0000000086600000, 0x0000000086600000| Untracked 
|  29|0x0000000086700000, 0x0000000086700000, 0x0000000086800000|  0%| F|  |TAMS 0x0000000086700000, 0x0000000086700000| Untracked 
|  30|0x0000000086800000, 0x0000000086800000, 0x0000000086900000|  0%| F|  |TAMS 0x0000000086800000, 0x0000000086800000| Untracked 
|  31|0x0000000086900000, 0x0000000086900000, 0x0000000086a00000|  0%| F|  |TAMS 0x0000000086900000, 0x0000000086900000| Untracked 
|  32|0x0000000086a00000, 0x0000000086a00000, 0x0000000086b00000|  0%| F|  |TAMS 0x0000000086a00000, 0x0000000086a00000| Untracked 
|  33|0x0000000086b00000, 0x0000000086b00000, 0x0000000086c00000|  0%| F|  |TAMS 0x0000000086b00000, 0x0000000086b00000| Untracked 
|  34|0x0000000086c00000, 0x0000000086c00000, 0x0000000086d00000|  0%| F|  |TAMS 0x0000000086c00000, 0x0000000086c00000| Untracked 
|  35|0x0000000086d00000, 0x0000000086d00000, 0x0000000086e00000|  0%| F|  |TAMS 0x0000000086d00000, 0x0000000086d00000| Untracked 
|  36|0x0000000086e00000, 0x0000000086e00000, 0x0000000086f00000|  0%| F|  |TAMS 0x0000000086e00000, 0x0000000086e00000| Untracked 
|  37|0x0000000086f00000, 0x0000000086f00000, 0x0000000087000000|  0%| F|  |TAMS 0x0000000086f00000, 0x0000000086f00000| Untracked 
|  38|0x0000000087000000, 0x0000000087000000, 0x0000000087100000|  0%| F|  |TAMS 0x0000000087000000, 0x0000000087000000| Untracked 
|  39|0x0000000087100000, 0x0000000087100000, 0x0000000087200000|  0%| F|  |TAMS 0x0000000087100000, 0x0000000087100000| Untracked 
|  40|0x0000000087200000, 0x0000000087200000, 0x0000000087300000|  0%| F|  |TAMS 0x0000000087200000, 0x0000000087200000| Untracked 
|  41|0x0000000087300000, 0x0000000087300000, 0x0000000087400000|  0%| F|  |TAMS 0x0000000087300000, 0x0000000087300000| Untracked 
|  42|0x0000000087400000, 0x0000000087400000, 0x0000000087500000|  0%| F|  |TAMS 0x0000000087400000, 0x0000000087400000| Untracked 
|  43|0x0000000087500000, 0x0000000087500000, 0x0000000087600000|  0%| F|  |TAMS 0x0000000087500000, 0x0000000087500000| Untracked 
|  44|0x0000000087600000, 0x0000000087600000, 0x0000000087700000|  0%| F|  |TAMS 0x0000000087600000, 0x0000000087600000| Untracked 
|  45|0x0000000087700000, 0x0000000087700000, 0x0000000087800000|  0%| F|  |TAMS 0x0000000087700000, 0x0000000087700000| Untracked 
|  46|0x0000000087800000, 0x0000000087800000, 0x0000000087900000|  0%| F|  |TAMS 0x0000000087800000, 0x0000000087800000| Untracked 
|  47|0x0000000087900000, 0x0000000087900000, 0x0000000087a00000|  0%| F|  |TAMS 0x0000000087900000, 0x0000000087900000| Untracked 
|  48|0x0000000087a00000, 0x0000000087a00000, 0x0000000087b00000|  0%| F|  |TAMS 0x0000000087a00000, 0x0000000087a00000| Untracked 
|  49|0x0000000087b00000, 0x0000000087b00000, 0x0000000087c00000|  0%| F|  |TAMS 0x0000000087b00000, 0x0000000087b00000| Untracked 
|  50|0x0000000087c00000, 0x0000000087c00000, 0x0000000087d00000|  0%| F|  |TAMS 0x0000000087c00000, 0x0000000087c00000| Untracked 
|  51|0x0000000087d00000, 0x0000000087d00000, 0x0000000087e00000|  0%| F|  |TAMS 0x0000000087d00000, 0x0000000087d00000| Untracked 
|  52|0x0000000087e00000, 0x0000000087e00000, 0x0000000087f00000|  0%| F|  |TAMS 0x0000000087e00000, 0x0000000087e00000| Untracked 
|  53|0x0000000087f00000, 0x0000000087f00000, 0x0000000088000000|  0%| F|  |TAMS 0x0000000087f00000, 0x0000000087f00000| Untracked 
|  54|0x0000000088000000, 0x0000000088000000, 0x0000000088100000|  0%| F|  |TAMS 0x0000000088000000, 0x0000000088000000| Untracked 
|  55|0x0000000088100000, 0x0000000088100000, 0x0000000088200000|  0%| F|  |TAMS 0x0000000088100000, 0x0000000088100000| Untracked 
|  56|0x0000000088200000, 0x0000000088200000, 0x0000000088300000|  0%| F|  |TAMS 0x0000000088200000, 0x0000000088200000| Untracked 
|  57|0x0000000088300000, 0x0000000088300000, 0x0000000088400000|  0%| F|  |TAMS 0x0000000088300000, 0x0000000088300000| Untracked 
|  58|0x0000000088400000, 0x0000000088400000, 0x0000000088500000|  0%| F|  |TAMS 0x0000000088400000, 0x0000000088400000| Untracked 
|  59|0x0000000088500000, 0x0000000088500000, 0x0000000088600000|  0%| F|  |TAMS 0x0000000088500000, 0x0000000088500000| Untracked 
|  60|0x0000000088600000, 0x0000000088600000, 0x0000000088700000|  0%| F|  |TAMS 0x0000000088600000, 0x0000000088600000| Untracked 
|  61|0x0000000088700000, 0x0000000088700000, 0x0000000088800000|  0%| F|  |TAMS 0x0000000088700000, 0x0000000088700000| Untracked 
|  62|0x0000000088800000, 0x0000000088800000, 0x0000000088900000|  0%| F|  |TAMS 0x0000000088800000, 0x0000000088800000| Untracked 
|  63|0x0000000088900000, 0x0000000088900000, 0x0000000088a00000|  0%| F|  |TAMS 0x0000000088900000, 0x0000000088900000| Untracked 
|  64|0x0000000088a00000, 0x0000000088a00000, 0x0000000088b00000|  0%| F|  |TAMS 0x0000000088a00000, 0x0000000088a00000| Untracked 
|  65|0x0000000088b00000, 0x0000000088b00000, 0x0000000088c00000|  0%| F|  |TAMS 0x0000000088b00000, 0x0000000088b00000| Untracked 
|  66|0x0000000088c00000, 0x0000000088c00000, 0x0000000088d00000|  0%| F|  |TAMS 0x0000000088c00000, 0x0000000088c00000| Untracked 
|  67|0x0000000088d00000, 0x0000000088d00000, 0x0000000088e00000|  0%| F|  |TAMS 0x0000000088d00000, 0x0000000088d00000| Untracked 
|  68|0x0000000088e00000, 0x0000000088e00000, 0x0000000088f00000|  0%| F|  |TAMS 0x0000000088e00000, 0x0000000088e00000| Untracked 
|  69|0x0000000088f00000, 0x0000000088f00000, 0x0000000089000000|  0%| F|  |TAMS 0x0000000088f00000, 0x0000000088f00000| Untracked 
|  70|0x0000000089000000, 0x0000000089000000, 0x0000000089100000|  0%| F|  |TAMS 0x0000000089000000, 0x0000000089000000| Untracked 
|  71|0x0000000089100000, 0x0000000089100000, 0x0000000089200000|  0%| F|  |TAMS 0x0000000089100000, 0x0000000089100000| Untracked 
|  72|0x0000000089200000, 0x0000000089200000, 0x0000000089300000|  0%| F|  |TAMS 0x0000000089200000, 0x0000000089200000| Untracked 
|  73|0x0000000089300000, 0x0000000089300000, 0x0000000089400000|  0%| F|  |TAMS 0x0000000089300000, 0x0000000089300000| Untracked 
|  74|0x0000000089400000, 0x0000000089400000, 0x0000000089500000|  0%| F|  |TAMS 0x0000000089400000, 0x0000000089400000| Untracked 
|  75|0x0000000089500000, 0x0000000089500000, 0x0000000089600000|  0%| F|  |TAMS 0x0000000089500000, 0x0000000089500000| Untracked 
|  76|0x0000000089600000, 0x0000000089600000, 0x0000000089700000|  0%| F|  |TAMS 0x0000000089600000, 0x0000000089600000| Untracked 
|  77|0x0000000089700000, 0x0000000089700000, 0x0000000089800000|  0%| F|  |TAMS 0x0000000089700000, 0x0000000089700000| Untracked 
|  78|0x0000000089800000, 0x0000000089800000, 0x0000000089900000|  0%| F|  |TAMS 0x0000000089800000, 0x0000000089800000| Untracked 
|  79|0x0000000089900000, 0x0000000089900000, 0x0000000089a00000|  0%| F|  |TAMS 0x0000000089900000, 0x0000000089900000| Untracked 
|  80|0x0000000089a00000, 0x0000000089a00000, 0x0000000089b00000|  0%| F|  |TAMS 0x0000000089a00000, 0x0000000089a00000| Untracked 
|  81|0x0000000089b00000, 0x0000000089b00000, 0x0000000089c00000|  0%| F|  |TAMS 0x0000000089b00000, 0x0000000089b00000| Untracked 
|  82|0x0000000089c00000, 0x0000000089c00000, 0x0000000089d00000|  0%| F|  |TAMS 0x0000000089c00000, 0x0000000089c00000| Untracked 
|  83|0x0000000089d00000, 0x0000000089d00000, 0x0000000089e00000|  0%| F|  |TAMS 0x0000000089d00000, 0x0000000089d00000| Untracked 
|  84|0x0000000089e00000, 0x0000000089e00000, 0x0000000089f00000|  0%| F|  |TAMS 0x0000000089e00000, 0x0000000089e00000| Untracked 
|  85|0x0000000089f00000, 0x0000000089f00000, 0x000000008a000000|  0%| F|  |TAMS 0x0000000089f00000, 0x0000000089f00000| Untracked 
|  86|0x000000008a000000, 0x000000008a000000, 0x000000008a100000|  0%| F|  |TAMS 0x000000008a000000, 0x000000008a000000| Untracked 
|  87|0x000000008a100000, 0x000000008a100000, 0x000000008a200000|  0%| F|  |TAMS 0x000000008a100000, 0x000000008a100000| Untracked 
|  88|0x000000008a200000, 0x000000008a200000, 0x000000008a300000|  0%| F|  |TAMS 0x000000008a200000, 0x000000008a200000| Untracked 
|  89|0x000000008a300000, 0x000000008a300000, 0x000000008a400000|  0%| F|  |TAMS 0x000000008a300000, 0x000000008a300000| Untracked 
|  90|0x000000008a400000, 0x000000008a400000, 0x000000008a500000|  0%| F|  |TAMS 0x000000008a400000, 0x000000008a400000| Untracked 
|  91|0x000000008a500000, 0x000000008a500000, 0x000000008a600000|  0%| F|  |TAMS 0x000000008a500000, 0x000000008a500000| Untracked 
|  92|0x000000008a600000, 0x000000008a600000, 0x000000008a700000|  0%| F|  |TAMS 0x000000008a600000, 0x000000008a600000| Untracked 
|  93|0x000000008a700000, 0x000000008a700000, 0x000000008a800000|  0%| F|  |TAMS 0x000000008a700000, 0x000000008a700000| Untracked 
|  94|0x000000008a800000, 0x000000008a800000, 0x000000008a900000|  0%| F|  |TAMS 0x000000008a800000, 0x000000008a800000| Untracked 
|  95|0x000000008a900000, 0x000000008a900000, 0x000000008aa00000|  0%| F|  |TAMS 0x000000008a900000, 0x000000008a900000| Untracked 
|  96|0x000000008aa00000, 0x000000008aa00000, 0x000000008ab00000|  0%| F|  |TAMS 0x000000008aa00000, 0x000000008aa00000| Untracked 
|  97|0x000000008ab00000, 0x000000008ab00000, 0x000000008ac00000|  0%| F|  |TAMS 0x000000008ab00000, 0x000000008ab00000| Untracked 
|  98|0x000000008ac00000, 0x000000008ac00000, 0x000000008ad00000|  0%| F|  |TAMS 0x000000008ac00000, 0x000000008ac00000| Untracked 
|  99|0x000000008ad00000, 0x000000008ad00000, 0x000000008ae00000|  0%| F|  |TAMS 0x000000008ad00000, 0x000000008ad00000| Untracked 
| 100|0x000000008ae00000, 0x000000008ae00000, 0x000000008af00000|  0%| F|  |TAMS 0x000000008ae00000, 0x000000008ae00000| Untracked 
| 101|0x000000008af00000, 0x000000008af00000, 0x000000008b000000|  0%| F|  |TAMS 0x000000008af00000, 0x000000008af00000| Untracked 
| 102|0x000000008b000000, 0x000000008b000000, 0x000000008b100000|  0%| F|  |TAMS 0x000000008b000000, 0x000000008b000000| Untracked 
| 103|0x000000008b100000, 0x000000008b100000, 0x000000008b200000|  0%| F|  |TAMS 0x000000008b100000, 0x000000008b100000| Untracked 
| 104|0x000000008b200000, 0x000000008b200000, 0x000000008b300000|  0%| F|  |TAMS 0x000000008b200000, 0x000000008b200000| Untracked 
| 105|0x000000008b300000, 0x000000008b300000, 0x000000008b400000|  0%| F|  |TAMS 0x000000008b300000, 0x000000008b300000| Untracked 
| 106|0x000000008b400000, 0x000000008b400000, 0x000000008b500000|  0%| F|  |TAMS 0x000000008b400000, 0x000000008b400000| Untracked 
| 107|0x000000008b500000, 0x000000008b500000, 0x000000008b600000|  0%| F|  |TAMS 0x000000008b500000, 0x000000008b500000| Untracked 
| 108|0x000000008b600000, 0x000000008b600000, 0x000000008b700000|  0%| F|  |TAMS 0x000000008b600000, 0x000000008b600000| Untracked 
| 109|0x000000008b700000, 0x000000008b700000, 0x000000008b800000|  0%| F|  |TAMS 0x000000008b700000, 0x000000008b700000| Untracked 
| 110|0x000000008b800000, 0x000000008b800000, 0x000000008b900000|  0%| F|  |TAMS 0x000000008b800000, 0x000000008b800000| Untracked 
| 111|0x000000008b900000, 0x000000008b9ab390, 0x000000008ba00000| 66%| S|CS|TAMS 0x000000008b900000, 0x000000008b900000| Complete 
| 112|0x000000008ba00000, 0x000000008ba00000, 0x000000008bb00000|  0%| F|  |TAMS 0x000000008ba00000, 0x000000008ba00000| Untracked 
| 113|0x000000008bb00000, 0x000000008bb00000, 0x000000008bc00000|  0%| F|  |TAMS 0x000000008bb00000, 0x000000008bb00000| Untracked 
| 114|0x000000008bc00000, 0x000000008bc00000, 0x000000008bd00000|  0%| F|  |TAMS 0x000000008bc00000, 0x000000008bc00000| Untracked 
| 115|0x000000008bd00000, 0x000000008bd00000, 0x000000008be00000|  0%| F|  |TAMS 0x000000008bd00000, 0x000000008bd00000| Untracked 
| 116|0x000000008be00000, 0x000000008be00000, 0x000000008bf00000|  0%| F|  |TAMS 0x000000008be00000, 0x000000008be00000| Untracked 
| 117|0x000000008bf00000, 0x000000008bf00000, 0x000000008c000000|  0%| F|  |TAMS 0x000000008bf00000, 0x000000008bf00000| Untracked 
| 118|0x000000008c000000, 0x000000008c000000, 0x000000008c100000|  0%| F|  |TAMS 0x000000008c000000, 0x000000008c000000| Untracked 
| 119|0x000000008c100000, 0x000000008c179fd8, 0x000000008c200000| 47%| E|  |TAMS 0x000000008c100000, 0x000000008c100000| Complete 
| 120|0x000000008c200000, 0x000000008c300000, 0x000000008c300000|100%| E|CS|TAMS 0x000000008c200000, 0x000000008c200000| Complete 
| 121|0x000000008c300000, 0x000000008c400000, 0x000000008c400000|100%| E|CS|TAMS 0x000000008c300000, 0x000000008c300000| Complete 
| 122|0x000000008c400000, 0x000000008c500000, 0x000000008c500000|100%| E|CS|TAMS 0x000000008c400000, 0x000000008c400000| Complete 
| 123|0x000000008c500000, 0x000000008c600000, 0x000000008c600000|100%| E|CS|TAMS 0x000000008c500000, 0x000000008c500000| Complete 

Card table byte_map: [0x000002281c450000,0x000002281c830000] _byte_map_base: 0x000002281c02b000

Marking Bits (Prev, Next): (CMBitMap*) 0x00000228058143e0, (CMBitMap*) 0x0000022805814420
 Prev Bits: [0x000002281cc10000, 0x000002281eae8000)
 Next Bits: [0x000002281eaf0000, 0x00000228209c8000)

Polling page: 0x0000022804f90000

Metaspace:

Usage:
  Non-class:      5.03 MB used.
      Class:    582.46 KB used.
       Both:      5.60 MB used.

Virtual space:
  Non-class space:       64.00 MB reserved,       5.12 MB (  8%) committed,  1 nodes.
      Class space:        1.00 GB reserved,     704.00 KB ( <1%) committed,  1 nodes.
             Both:        1.06 GB reserved,       5.81 MB ( <1%) committed. 

Chunk freelists:
   Non-Class:  9.98 MB
       Class:  15.34 MB
        Both:  25.32 MB

MaxMetaspaceSize: unlimited
CompressedClassSpaceSize: 1.00 GB
Initial GC threshold: 21.00 MB
Current GC threshold: 21.00 MB
CDS: on
MetaspaceReclaimPolicy: balanced
 - commit_granule_bytes: 65536.
 - commit_granule_words: 8192.
 - virtual_space_node_default_size: 8388608.
 - enlarge_chunks_in_place: 1.
 - new_chunks_are_fully_committed: 0.
 - uncommit_free_chunks: 1.
 - use_allocation_guard: 0.
 - handle_deallocations: 1.


Internal statistics:

num_allocs_failed_limit: 0.
num_arena_births: 238.
num_arena_deaths: 0.
num_vsnodes_births: 2.
num_vsnodes_deaths: 0.
num_space_committed: 93.
num_space_uncommitted: 0.
num_chunks_returned_to_freelist: 0.
num_chunks_taken_from_freelist: 482.
num_chunk_merges: 0.
num_chunk_splits: 252.
num_chunks_enlarged: 79.
num_inconsistent_stats: 0.

CodeHeap 'non-profiled nmethods': size=120000Kb used=481Kb max_used=481Kb free=119518Kb
 bounds [0x0000022814b40000, 0x0000022814db0000, 0x000002281c070000]
CodeHeap 'profiled nmethods': size=120000Kb used=2582Kb max_used=2582Kb free=117417Kb
 bounds [0x000002280d070000, 0x000002280d300000, 0x00000228145a0000]
CodeHeap 'non-nmethods': size=5760Kb used=1158Kb max_used=1188Kb free=4601Kb
 bounds [0x00000228145a0000, 0x0000022814810000, 0x0000022814b40000]
 total_blobs=1821 nmethods=1385 adapters=349
 compilation: enabled
              stopped_count=0, restarted_count=0
 full_count=0

Compilation events (20 events):
Event: 2.182 Thread 0x0000022822e7a840 1377       3       java.io.ObjectOutputStream$HandleTable::<init> (45 bytes)
Event: 2.182 Thread 0x0000022822e7a840 nmethod 1377 0x000002280d2eb590 code [0x000002280d2eb7a0, 0x000002280d2ec018]
Event: 2.183 Thread 0x0000022822e7a840 1378       3       java.nio.ByteBuffer::limit (8 bytes)
Event: 2.183 Thread 0x0000022822e7a840 nmethod 1378 0x000002280d2ec290 code [0x000002280d2ec420, 0x000002280d2ec568]
Event: 2.183 Thread 0x0000022822e7a840 1379       3       java.lang.reflect.AccessibleObject::verifyAccess (55 bytes)
Event: 2.184 Thread 0x0000022822e7a840 nmethod 1379 0x000002280d2ec610 code [0x000002280d2ec860, 0x000002280d2ed448]
Event: 2.184 Thread 0x0000022822e7a840 1380       3       hudson.remoting.ChunkedOutputStream::capacity (11 bytes)
Event: 2.184 Thread 0x0000022822e7a840 nmethod 1380 0x000002280d2ed710 code [0x000002280d2ed8a0, 0x000002280d2ed9b8]
Event: 2.184 Thread 0x0000022822e7a840 1381       3       java.nio.MappedByteBuffer::position (8 bytes)
Event: 2.184 Thread 0x0000022822e7a840 nmethod 1381 0x000002280d2eda90 code [0x000002280d2edc40, 0x000002280d2edde8]
Event: 2.185 Thread 0x0000022822e7a840 1382       3       java.io.ObjectOutputStream$BlockDataOutputStream::flush (12 bytes)
Event: 2.185 Thread 0x0000022822e7a840 nmethod 1382 0x000002280d2ede90 code [0x000002280d2ee040, 0x000002280d2ee258]
Event: 2.185 Thread 0x0000022822e7a840 1383       3       java.lang.invoke.DelegatingMethodHandle$Holder::reinvoke_L (20 bytes)
Event: 2.185 Thread 0x0000022822e7a840 nmethod 1383 0x000002280d2ee310 code [0x000002280d2ee4e0, 0x000002280d2ee958]
Event: 2.185 Thread 0x0000022822e7a840 1385       3       java.util.HashMap::removeNode (291 bytes)
Event: 2.186 Thread 0x0000022822e7a840 nmethod 1385 0x000002280d2eea90 code [0x000002280d2eed20, 0x000002280d2f0058]
Event: 2.186 Thread 0x0000022822e7a840 1384       3       java.util.HashMap::remove (26 bytes)
Event: 2.186 Thread 0x0000022822e7a840 nmethod 1384 0x000002280d2f0510 code [0x000002280d2f06e0, 0x000002280d2f0a58]
Event: 2.187 Thread 0x0000022822e7a840 1386   !   3       hudson.remoting.RemoteInvocationHandler::invoke (311 bytes)
Event: 2.190 Thread 0x0000022822e7a840 nmethod 1386 0x000002280d2f0b90 code [0x000002280d2f1140, 0x000002280d2f4198]

GC Heap History (4 events):
Event: 1.530 GC heap before
{Heap before GC invocations=0 (full 0):
 garbage-first heap   total 126976K, used 17408K [0x0000000084a00000, 0x0000000100000000)
  region size 1024K, 13 young (13312K), 0 survivors (0K)
 Metaspace       used 4090K, committed 4352K, reserved 1114112K
  class space    used 431K, committed 576K, reserved 1048576K
}
Event: 1.534 GC heap after
{Heap after GC invocations=1 (full 0):
 garbage-first heap   total 126976K, used 7452K [0x0000000084a00000, 0x0000000100000000)
  region size 1024K, 2 young (2048K), 2 survivors (2048K)
 Metaspace       used 4090K, committed 4352K, reserved 1114112K
  class space    used 431K, committed 576K, reserved 1048576K
}
Event: 2.084 GC heap before
{Heap before GC invocations=1 (full 0):
 garbage-first heap   total 126976K, used 18716K [0x0000000084a00000, 0x0000000100000000)
  region size 1024K, 14 young (14336K), 2 survivors (2048K)
 Metaspace       used 5440K, committed 5696K, reserved 1114112K
  class space    used 555K, committed 640K, reserved 1048576K
}
Event: 2.087 GC heap after
{Heap after GC invocations=2 (full 0):
 garbage-first heap   total 126976K, used 8131K [0x0000000084a00000, 0x0000000100000000)
  region size 1024K, 1 young (1024K), 1 survivors (1024K)
 Metaspace       used 5440K, committed 5696K, reserved 1114112K
  class space    used 555K, committed 640K, reserved 1048576K
}

Deoptimization events (20 events):
Event: 0.430 Thread 0x00000228680b07d0 DEOPT PACKING pc=0x000002280d0aa68c sp=0x0000002f958fce50
Event: 0.430 Thread 0x00000228680b07d0 DEOPT UNPACKING pc=0x00000228145f66e3 sp=0x0000002f958fc2e0 mode 0
Event: 0.430 Thread 0x00000228680b07d0 DEOPT PACKING pc=0x000002280d0aa68c sp=0x0000002f958fce50
Event: 0.430 Thread 0x00000228680b07d0 DEOPT UNPACKING pc=0x00000228145f66e3 sp=0x0000002f958fc2e0 mode 0
Event: 0.431 Thread 0x00000228680b07d0 DEOPT PACKING pc=0x000002280d0aa68c sp=0x0000002f958fce50
Event: 0.431 Thread 0x00000228680b07d0 DEOPT UNPACKING pc=0x00000228145f66e3 sp=0x0000002f958fc2e0 mode 0
Event: 0.432 Thread 0x00000228680b07d0 DEOPT PACKING pc=0x000002280d0aa68c sp=0x0000002f958fce50
Event: 0.432 Thread 0x00000228680b07d0 DEOPT UNPACKING pc=0x00000228145f66e3 sp=0x0000002f958fc2e0 mode 0
Event: 0.485 Thread 0x00000228680b07d0 Uncommon trap: trap_request=0xffffff45 fr.pc=0x0000022814b656e8 relative=0x0000000000000248
Event: 0.485 Thread 0x00000228680b07d0 Uncommon trap: reason=unstable_if action=reinterpret pc=0x0000022814b656e8 method=java.lang.String.startsWith(Ljava/lang/String;I)Z @ 1 c2
Event: 0.485 Thread 0x00000228680b07d0 DEOPT PACKING pc=0x0000022814b656e8 sp=0x0000002f958fc340
Event: 0.485 Thread 0x00000228680b07d0 DEOPT UNPACKING pc=0x00000228145f5ba3 sp=0x0000002f958fc2a8 mode 2
Event: 0.547 Thread 0x00000228680b1700 DEOPT PACKING pc=0x000002280d0c6ae5 sp=0x0000002f953fc2a0
Event: 0.547 Thread 0x00000228680b1700 DEOPT UNPACKING pc=0x00000228145f66e3 sp=0x0000002f953fb6f0 mode 0
Event: 1.867 Thread 0x00000228680b07d0 DEOPT PACKING pc=0x000002280d0b15fe sp=0x0000002f958f8660
Event: 1.867 Thread 0x00000228680b07d0 DEOPT UNPACKING pc=0x00000228145f66e3 sp=0x0000002f958f7ad0 mode 0
Event: 1.970 Thread 0x00000228680b07d0 DEOPT PACKING pc=0x000002280d0b15fe sp=0x0000002f958f4720
Event: 1.970 Thread 0x00000228680b07d0 DEOPT UNPACKING pc=0x00000228145f66e3 sp=0x0000002f958f3b90 mode 0
Event: 2.098 Thread 0x00000228680b07d0 DEOPT PACKING pc=0x000002280d0b15fe sp=0x0000002f958fba40
Event: 2.098 Thread 0x00000228680b07d0 DEOPT UNPACKING pc=0x00000228145f66e3 sp=0x0000002f958faeb0 mode 0

Classes unloaded (0 events):
No events

Classes redefined (0 events):
No events

Internal exceptions (16 events):
Event: 0.144 Thread 0x00000228057baf10 Exception <a 'java/lang/NoSuchMethodError'{0x000000008c4ad9e8}: 'int java.lang.invoke.DirectMethodHandle$Holder.invokeSpecial(java.lang.Object, java.lang.Object, java.lang.Object)'> (0x000000008c4ad9e8) 
thrown [s\open\src\hotspot\share\interpreter\linkResolver.cpp, line 759]
Event: 0.169 Thread 0x00000228057baf10 Exception <a 'java/lang/NoSuchMethodError'{0x000000008c4c1540}: 'java.lang.Object java.lang.invoke.DirectMethodHandle$Holder.invokeStaticInit(java.lang.Object)'> (0x000000008c4c1540) 
thrown [s\open\src\hotspot\share\interpreter\linkResolver.cpp, line 759]
Event: 0.180 Thread 0x00000228057baf10 Exception <a 'java/lang/NoSuchMethodError'{0x000000008c4cf960}: 'void java.lang.invoke.DirectMethodHandle$Holder.invokeStatic(java.lang.Object, java.lang.Object)'> (0x000000008c4cf960) 
thrown [s\open\src\hotspot\share\interpreter\linkResolver.cpp, line 759]
Event: 0.255 Thread 0x00000228057baf10 Exception <a 'sun/nio/fs/WindowsException'{0x000000008c21eeb8}> (0x000000008c21eeb8) 
thrown [s\open\src\hotspot\share\prims\jni.cpp, line 516]
Event: 0.343 Thread 0x00000228057baf10 Exception <a 'java/lang/NoSuchMethodError'{0x000000008c1709a8}: 'void java.lang.invoke.DirectMethodHandle$Holder.invokeStatic(java.lang.Object, java.lang.Object, java.lang.Object)'> (0x000000008c1709a8) 
thrown [s\open\src\hotspot\share\interpreter\linkResolver.cpp, line 759]
Event: 0.411 Thread 0x00000228680b07d0 Exception <a 'java/lang/NoSuchMethodError'{0x000000008be7b5c8}: 'java.lang.Object java.lang.invoke.DirectMethodHandle$Holder.invokeSpecial(java.lang.Object, java.lang.Object, java.lang.Object, java.lang.Object, int)'> (0x000000008be7b5c8) 
thrown [s\open\src\hotspot\share\interpreter\linkResolver.cpp, line 759]
Event: 0.412 Thread 0x00000228680b07d0 Exception <a 'java/lang/NoSuchMethodError'{0x000000008be7eee8}: 'java.lang.Object java.lang.invoke.Invokers$Holder.linkToTargetMethod(java.lang.Object, java.lang.Object, int, java.lang.Object)'> (0x000000008be7eee8) 
thrown [s\open\src\hotspot\share\interpreter\linkResolver.cpp, line 759]
Event: 0.481 Thread 0x00000228680b07d0 Exception <a 'java/lang/NoSuchMethodError'{0x000000008bc3ce20}: static [Ljava/lang/Object;.<clinit>()V> (0x000000008bc3ce20) 
thrown [s\open\src\hotspot\share\prims\jni.cpp, line 1107]
Event: 0.507 Thread 0x00000228680b07d0 Exception <a 'java/lang/NoSuchMethodError'{0x000000008bc914e8}: static [Ljava/lang/String;.<clinit>()V> (0x000000008bc914e8) 
thrown [s\open\src\hotspot\share\prims\jni.cpp, line 1107]
Event: 0.558 Thread 0x00000228680b07d0 Exception <a 'java/lang/NoSuchMethodError'{0x000000008bb05910}: 'java.lang.Object java.lang.invoke.DirectMethodHandle$Holder.invokeStatic(java.lang.Object, long, long)'> (0x000000008bb05910) 
thrown [s\open\src\hotspot\share\interpreter\linkResolver.cpp, line 759]
Event: 0.558 Thread 0x00000228680b07d0 Exception <a 'java/lang/NoSuchMethodError'{0x000000008bb0bb20}: 'java.lang.Object java.lang.invoke.DirectMethodHandle$Holder.newInvokeSpecial(java.lang.Object, long, long)'> (0x000000008bb0bb20) 
thrown [s\open\src\hotspot\share\interpreter\linkResolver.cpp, line 759]
Event: 0.566 Thread 0x00000228680b07d0 Exception <a 'java/lang/NoSuchMethodError'{0x000000008bb1f958}: static [Ljava/lang/StackTraceElement;.<clinit>()V> (0x000000008bb1f958) 
thrown [s\open\src\hotspot\share\prims\jni.cpp, line 1107]
Event: 0.568 Thread 0x00000228680b07d0 Exception <a 'java/lang/NoSuchMethodError'{0x000000008bb2a330}: static [B.<clinit>()V> (0x000000008bb2a330) 
thrown [s\open\src\hotspot\share\prims\jni.cpp, line 1107]
Event: 1.905 Thread 0x00000228680b07d0 Exception <a 'java/lang/ClassNotFoundException'{0x000000008bedbcb0}: sun/awt/resources/spi/awtProvider> (0x000000008bedbcb0) 
thrown [s\open\src\hotspot\share\classfile\systemDictionary.cpp, line 256]
Event: 1.915 Thread 0x00000228680b07d0 Exception <a 'java/io/FileNotFoundException'{0x000000008beecd98}> (0x000000008beecd98) 
thrown [s\open\src\hotspot\share\prims\jni.cpp, line 516]
Event: 1.920 Thread 0x00000228680b07d0 Exception <a 'java/io/FileNotFoundException'{0x000000008bd15fb8}> (0x000000008bd15fb8) 
thrown [s\open\src\hotspot\share\prims\jni.cpp, line 516]

VM Operations (16 events):
Event: 0.091 Executing VM operation: HandshakeAllThreads
Event: 0.091 Executing VM operation: HandshakeAllThreads done
Event: 0.384 Executing VM operation: HandshakeAllThreads
Event: 0.388 Executing VM operation: HandshakeAllThreads done
Event: 0.483 Executing VM operation: HandshakeAllThreads
Event: 0.483 Executing VM operation: HandshakeAllThreads done
Event: 1.484 Executing VM operation: Cleanup
Event: 1.484 Executing VM operation: Cleanup done
Event: 1.530 Executing VM operation: G1CollectForAllocation
Event: 1.534 Executing VM operation: G1CollectForAllocation done
Event: 1.801 Executing VM operation: HandshakeAllThreads
Event: 1.801 Executing VM operation: HandshakeAllThreads done
Event: 1.821 Executing VM operation: HandshakeAllThreads
Event: 1.821 Executing VM operation: HandshakeAllThreads done
Event: 2.084 Executing VM operation: G1CollectForAllocation
Event: 2.087 Executing VM operation: G1CollectForAllocation done

Events (20 events):
Event: 1.914 Loaded shared library C:\Program Files\Java\jdk-17\bin\awt.dll
Event: 1.914 loading class java/awt/Toolkit$1
Event: 1.914 loading class java/awt/Toolkit$1 done
Event: 1.920 loading class java/awt/Insets
Event: 1.920 loading class java/awt/Insets done
Event: 1.920 loading class java/awt/GraphicsEnvironment
Event: 1.921 loading class java/awt/GraphicsEnvironment done
Event: 1.921 loading class sun/awt/PlatformGraphicsInfo
Event: 1.921 loading class sun/awt/PlatformGraphicsInfo done
Event: 1.924 loading class java/util/stream/MatchOps$MatchKind
Event: 1.924 loading class java/util/stream/MatchOps$MatchKind done
Event: 1.924 loading class java/util/stream/MatchOps
Event: 1.925 loading class java/util/stream/MatchOps done
Event: 1.925 loading class java/util/stream/MatchOps$MatchOp
Event: 1.925 loading class java/util/stream/MatchOps$MatchOp done
Event: 1.925 loading class java/util/stream/MatchOps$BooleanTerminalSink
Event: 1.925 loading class java/util/stream/MatchOps$BooleanTerminalSink done
Event: 1.926 loading class java/util/stream/MatchOps$1MatchSink
Event: 1.926 loading class java/util/stream/MatchOps$1MatchSink done
Event: 1.934 Loaded shared library C:\Program Files\Java\jdk-17\bin\verify.dll


Dynamic libraries:
0x00007ff7dcf20000 - 0x00007ff7dcf30000 	C:\Program Files\Java\jdk-17\bin\java.exe
0x00007ffa31c10000 - 0x00007ffa31e27000 	C:\WINDOWS\SYSTEM32\ntdll.dll
0x00007ffa2f940000 - 0x00007ffa2fa04000 	C:\WINDOWS\System32\KERNEL32.DLL
0x00007ffa2f180000 - 0x00007ffa2f527000 	C:\WINDOWS\System32\KERNELBASE.dll
0x00007ffa072f0000 - 0x00007ffa07309000 	C:\Program Files\Java\jdk-17\bin\jli.dll
0x00007ffa071f0000 - 0x00007ffa0720b000 	C:\Program Files\Java\jdk-17\bin\VCRUNTIME140.dll
0x00007ffa2f7b0000 - 0x00007ffa2f8c1000 	C:\WINDOWS\System32\ucrtbase.dll
0x00007ffa30b20000 - 0x00007ffa30bd2000 	C:\WINDOWS\System32\ADVAPI32.dll
0x00007ffa303f0000 - 0x00007ffa30497000 	C:\WINDOWS\System32\msvcrt.dll
0x00007ffa2fa30000 - 0x00007ffa2fad8000 	C:\WINDOWS\System32\sechost.dll
0x00007ffa2f150000 - 0x00007ffa2f178000 	C:\WINDOWS\System32\bcrypt.dll
0x00007ffa30660000 - 0x00007ffa30775000 	C:\WINDOWS\System32\RPCRT4.dll
0x00007ffa30be0000 - 0x00007ffa30d8e000 	C:\WINDOWS\System32\USER32.dll
0x00007ffa1e540000 - 0x00007ffa1e7d3000 	C:\WINDOWS\WinSxS\amd64_microsoft.windows.common-controls_6595b64144ccf1df_6.0.22621.3527_none_270e469b73872a76\COMCTL32.dll
0x00007ffa30e40000 - 0x00007ffa30e69000 	C:\WINDOWS\System32\GDI32.dll
0x00007ffa2ef30000 - 0x00007ffa2ef56000 	C:\WINDOWS\System32\win32u.dll
0x00007ffa2f5f0000 - 0x00007ffa2f709000 	C:\WINDOWS\System32\gdi32full.dll
0x00007ffa21760000 - 0x00007ffa2176a000 	C:\WINDOWS\SYSTEM32\VERSION.dll
0x00007ffa2f710000 - 0x00007ffa2f7aa000 	C:\WINDOWS\System32\msvcp_win.dll
0x00007ffa070a0000 - 0x00007ffa070ac000 	C:\Program Files\Java\jdk-17\bin\vcruntime140_1.dll
0x00007ffa033c0000 - 0x00007ffa0344e000 	C:\Program Files\Java\jdk-17\bin\msvcp140.dll
0x00007ffa02420000 - 0x00007ffa02fff000 	C:\Program Files\Java\jdk-17\bin\server\jvm.dll
0x00007ffa070d0000 - 0x00007ffa070d9000 	C:\WINDOWS\SYSTEM32\WSOCK32.dll
0x00007ffa22910000 - 0x00007ffa22944000 	C:\WINDOWS\SYSTEM32\WINMM.dll
0x00007ffa30790000 - 0x00007ffa30798000 	C:\WINDOWS\System32\PSAPI.DLL
0x00007ffa304a0000 - 0x00007ffa30511000 	C:\WINDOWS\System32\WS2_32.dll
0x00007ffa2df20000 - 0x00007ffa2df38000 	C:\WINDOWS\SYSTEM32\kernel.appcore.dll
0x00007ffa03810000 - 0x00007ffa0381a000 	C:\Program Files\Java\jdk-17\bin\jimage.dll
0x00007ffa2c520000 - 0x00007ffa2c752000 	C:\WINDOWS\SYSTEM32\DBGHELP.DLL
0x00007ffa2fae0000 - 0x00007ffa2fe68000 	C:\WINDOWS\System32\combase.dll
0x00007ffa31940000 - 0x00007ffa31a17000 	C:\WINDOWS\System32\OLEAUT32.dll
0x00007ffa02050000 - 0x00007ffa02082000 	C:\WINDOWS\SYSTEM32\dbgcore.DLL
0x00007ffa2ef60000 - 0x00007ffa2efd9000 	C:\WINDOWS\System32\bcryptPrimitives.dll
0x00007ffa01fe0000 - 0x00007ffa02005000 	C:\Program Files\Java\jdk-17\bin\java.dll
0x00007ffa01f00000 - 0x00007ffa01fd7000 	C:\Program Files\Java\jdk-17\bin\jsvml.dll
0x00007ffa310e0000 - 0x00007ffa3193c000 	C:\WINDOWS\System32\SHELL32.dll
0x00007ffa2ce20000 - 0x00007ffa2d716000 	C:\WINDOWS\SYSTEM32\windows.storage.dll
0x00007ffa2cce0000 - 0x00007ffa2ce1e000 	C:\WINDOWS\SYSTEM32\wintypes.dll
0x00007ffa2fe70000 - 0x00007ffa2ff65000 	C:\WINDOWS\System32\SHCORE.dll
0x00007ffa30560000 - 0x00007ffa305be000 	C:\WINDOWS\System32\shlwapi.dll
0x00007ffa2ee60000 - 0x00007ffa2ee81000 	C:\WINDOWS\SYSTEM32\profapi.dll
0x00007ffa03e70000 - 0x00007ffa03e89000 	C:\Program Files\Java\jdk-17\bin\net.dll
0x00007ffa24b70000 - 0x00007ffa24ca6000 	C:\WINDOWS\SYSTEM32\WINHTTP.dll
0x00007ffa2e3a0000 - 0x00007ffa2e409000 	C:\WINDOWS\system32\mswsock.dll
0x00007ffa03310000 - 0x00007ffa03326000 	C:\Program Files\Java\jdk-17\bin\nio.dll
0x00007ffa01ea0000 - 0x00007ffa01eb8000 	C:\Program Files\Java\jdk-17\bin\zip.dll
0x00007ffa2d9c0000 - 0x00007ffa2d9ed000 	C:\WINDOWS\SYSTEM32\IPHLPAPI.DLL
0x00007ffa30780000 - 0x00007ffa30789000 	C:\WINDOWS\System32\NSI.dll
0x00007ffa24a50000 - 0x00007ffa24a69000 	C:\WINDOWS\SYSTEM32\dhcpcsvc6.DLL
0x00007ffa24a30000 - 0x00007ffa24a4f000 	C:\WINDOWS\SYSTEM32\dhcpcsvc.DLL
0x00007ffa2da40000 - 0x00007ffa2db38000 	C:\WINDOWS\SYSTEM32\DNSAPI.dll
0x00007ff9f0d00000 - 0x00007ff9f0e91000 	C:\Program Files\Java\jdk-17\bin\awt.dll
0x00007ffa2bda0000 - 0x00007ffa2be37000 	C:\WINDOWS\SYSTEM32\apphelp.dll
0x00007ffa03800000 - 0x00007ffa03810000 	C:\Program Files\Java\jdk-17\bin\verify.dll

dbghelp: loaded successfully - version: 4.0.5 - missing functions: none
symbol engine: initialized successfully - sym options: 0x614 - pdb path: .;C:\Program Files\Java\jdk-17\bin;C:\WINDOWS\SYSTEM32;C:\WINDOWS\WinSxS\amd64_microsoft.windows.common-controls_6595b64144ccf1df_6.0.22621.3527_none_270e469b73872a76;C:\Program Files\Java\jdk-17\bin\server

VM Arguments:
java_command: jenkins.maven3.agent.Maven35Main C:\ProgramData\Jenkins\.jenkins\tools\hudson.tasks.Maven_MavenInstallation\maven3 C:\ProgramData\Jenkins\war\WEB-INF\lib\remoting-3206.vb_15dcf73f6a_9.jar C:\ProgramData\Jenkins\.jenkins\plugins\maven-plugin\WEB-INF\lib\maven35-interceptor-1.14.jar C:\ProgramData\Jenkins\.jenkins\plugins\maven-plugin\WEB-INF\lib\maven3-interceptor-commons-1.14.jar 64946
java_class_path (initial): C:\ProgramData\Jenkins\.jenkins\plugins\maven-plugin\WEB-INF\lib\maven35-agent-1.14.jar;C:\ProgramData\Jenkins\.jenkins\tools\hudson.tasks.Maven_MavenInstallation\maven3\boot\plexus-classworlds-2.7.0.jar;C:\ProgramData\Jenkins\.jenkins\tools\hudson.tasks.Maven_MavenInstallation\maven3/conf/logging
Launcher Type: SUN_STANDARD

[Global flags]
     intx CICompilerCount                          = 3                                         {product} {ergonomic}
     uint ConcGCThreads                            = 1                                         {product} {ergonomic}
     uint G1ConcRefinementThreads                  = 4                                         {product} {ergonomic}
   size_t G1HeapRegionSize                         = 1048576                                   {product} {ergonomic}
    uintx GCDrainStackTargetSize                   = 64                                        {product} {ergonomic}
   size_t InitialHeapSize                          = 130023424                                 {product} {ergonomic}
   size_t MarkStackSize                            = 4194304                                   {product} {ergonomic}
   size_t MaxHeapSize                              = 2069889024                                {product} {ergonomic}
   size_t MaxNewSize                               = 1241513984                                {product} {ergonomic}
   size_t MinHeapDeltaBytes                        = 1048576                                   {product} {ergonomic}
   size_t MinHeapSize                              = 8388608                                   {product} {ergonomic}
    uintx NonNMethodCodeHeapSize                   = 5832780                                {pd product} {ergonomic}
    uintx NonProfiledCodeHeapSize                  = 122912730                              {pd product} {ergonomic}
    uintx ProfiledCodeHeapSize                     = 122912730                              {pd product} {ergonomic}
    uintx ReservedCodeCacheSize                    = 251658240                              {pd product} {ergonomic}
     bool SegmentedCodeCache                       = true                                      {product} {ergonomic}
   size_t SoftMaxHeapSize                          = 2069889024                             {manageable} {ergonomic}
     bool UseCompressedClassPointers               = true                           {product lp64_product} {ergonomic}
     bool UseCompressedOops                        = true                           {product lp64_product} {ergonomic}
     bool UseG1GC                                  = true                                      {product} {ergonomic}
     bool UseLargePagesIndividualAllocation        = false                                  {pd product} {ergonomic}

Logging:
Log output configuration:
 #0: stdout all=warning uptime,level,tags
 #1: stderr all=off uptime,level,tags

Environment Variables:
PATH=C:\ProgramData\Jenkins\.jenkins\tools\hudson.tasks.Maven_MavenInstallation\maven3/bin;C:\Program Files\Common Files\Oracle\Java\javapath;C:\WINDOWS\system32;C:\WINDOWS;C:\WINDOWS\System32\Wbem;C:\WINDOWS\System32\WindowsPowerShell\v1.0\;C:\WINDOWS\System32\OpenSSH\;C:\Program Files\Java\jdk-17;C:\Program Files\Git\cmd;C:\Users\AC\git\RR_Web_Automation\RR\apache-maven-3.8.8-bin\apache-maven-3.8.8\bin;;C:\Program Files\Docker\Docker\resources\bin;C:\WINDOWS\system32\config\systemprofile\AppData\Local\Microsoft\WindowsApps
USERNAME=NEERU$
OS=Windows_NT
PROCESSOR_IDENTIFIER=Intel64 Family 6 Model 140 Stepping 1, GenuineIntel



---------------  S Y S T E M  ---------------

OS:
 Windows 11 , 64 bit Build 22621 (10.0.22621.3527)
OS uptime: 13 days 12:17 hours
Hyper-V role detected

CPU: total 4 (initial active 4) (2 cores per cpu, 2 threads per core) family 6 model 140 stepping 1 microcode 0x86, cx8, cmov, fxsr, ht, mmx, 3dnowpref, sse, sse2, sse3, ssse3, sse4.1, sse4.2, popcnt, lzcnt, tsc, tscinvbit, avx, avx2, aes, erms, clmul, bmi1, bmi2, adx, avx512f, avx512dq, avx512cd, avx512bw, avx512vl, sha, fma, vzeroupper, avx512_vpopcntdq, avx512_vpclmulqdq, avx512_vaes, avx512_vnni, clflush, clflushopt, clwb, avx512_vbmi2, avx512_vbmi, hv

Memory: 4k page, system-wide physical 7890M (362M free)
TotalPageFile size 32466M (AvailPageFile size 3M)
current process WorkingSet (physical memory assigned to process): 79M, peak: 79M
current process commit charge ("private bytes"): 218M, peak: 218M

vm_info: Java HotSpot(TM) 64-Bit Server VM (17.0.10+11-LTS-240) for windows-amd64 JRE (17.0.10+11-LTS-240), built on Dec 19 2023 21:47:25 by "mach5one" with MS VC++ 17.1 (VS2022)

END.
