#
# There is insufficient memory for the Java Runtime Environment to continue.
# Native memory allocation (malloc) failed to allocate 1683856 bytes for Chunk::new
# Possible reasons:
#   The system is out of physical RAM or swap space
#   The process is running with CompressedOops enabled, and the Java Heap may be blocking the growth of the native heap
# Possible solutions:
#   Reduce memory load on the system
#   Increase physical memory or swap space
#   Check if swap backing store is full
#   Decrease Java heap size (-Xmx/-Xms)
#   Decrease number of Java threads
#   Decrease Java thread stack sizes (-Xss)
#   Set larger code cache with -XX:ReservedCodeCacheSize=
#   JVM is running with Unscaled Compressed Oops mode in which the Java heap is
#     placed in the first 4GB address space. The Java Heap base address is the
#     maximum limit for the native heap growth. Please use -XX:HeapBaseMinAddress
#     to set the Java Heap base and to place the Java Heap above 4GB virtual address.
# This output file may be truncated or incomplete.
#
#  Out of Memory Error (arena.cpp:191), pid=18132, tid=15844
#
# JRE version: OpenJDK Runtime Environment Temurin-17.0.10+7 (17.0.10+7) (build 17.0.10+7)
# Java VM: OpenJDK 64-Bit Server VM Temurin-17.0.10+7 (17.0.10+7, mixed mode, tiered, compressed oops, compressed class ptrs, g1 gc, windows-amd64)
# No core dump will be written. Minidumps are not enabled by default on client versions of Windows
#

---------------  S U M M A R Y ------------

Command Line: -ea -DsuiteFile=lookup.xml -Dfile.encoding=UTF-8 -Dstdout.encoding=UTF-8 -Dstderr.encoding=UTF-8 -XX:+ShowCodeDetailsInExceptionMessages org.testng.remote.RemoteTestNG -serport 58109 -protocol json -d C:\Users\AC\git\RR_Web_Automation\RR\test-output C:\Users\AC\git\RR_Web_Automation\RR\vendor_verification.xml

Host: 11th Gen Intel(R) Core(TM) i3-1115G4 @ 3.00GHz, 4 cores, 7G,  Windows 11 , 64 bit Build 22621 (10.0.22621.3672)
Time: Mon Jul  1 14:04:47 2024 India Standard Time elapsed time: 88.073844 seconds (0d 0h 1m 28s)

---------------  T H R E A D  ---------------

Current thread (0x000001a6da7790f0):  JavaThread "C2 CompilerThread0" daemon [_thread_in_native, id=15844, stack(0x0000003d48e00000,0x0000003d48f00000)]


Current CompileTask:
C2:  88074 5958       4       com.sun.org.apache.xerces.internal.dom.ElementNSImpl::getLocalName (16 bytes)

Stack: [0x0000003d48e00000,0x0000003d48f00000]
Native frames: (J=compiled Java code, j=interpreted, Vv=VM code, C=native code)
V  [jvm.dll+0x67d2c9]
V  [jvm.dll+0x834afa]
V  [jvm.dll+0x8365be]
V  [jvm.dll+0x836c23]
V  [jvm.dll+0x2477ff]
V  [jvm.dll+0xac514]
V  [jvm.dll+0xacb5c]
V  [jvm.dll+0x366782]
V  [jvm.dll+0x330bfa]
V  [jvm.dll+0x33009a]
V  [jvm.dll+0x219ef1]
V  [jvm.dll+0x219311]
V  [jvm.dll+0x1a502d]
V  [jvm.dll+0x2290de]
V  [jvm.dll+0x2272ac]
V  [jvm.dll+0x7e9bb7]
V  [jvm.dll+0x7e3fba]
V  [jvm.dll+0x67c1b5]
C  [ucrtbase.dll+0x29333]
C  [KERNEL32.DLL+0x1257d]
C  [ntdll.dll+0x5af28]


---------------  P R O C E S S  ---------------

Threads class SMR info:
_java_thread_list=0x000001a6df5fea10, length=21, elements={
0x000001a6be48cff0, 0x000001a6da6ee8c0, 0x000001a6da72d440, 0x000001a6da7714c0,
0x000001a6da771d90, 0x000001a6da774670, 0x000001a6da774f40, 0x000001a6da7790f0,
0x000001a6da78dec0, 0x000001a6da7dc370, 0x000001a6da8f3bf0, 0x000001a6da916740,
0x000001a6df1f54b0, 0x000001a6e0277d10, 0x000001a6e0766010, 0x000001a6dffbb470,
0x000001a6e110b7a0, 0x000001a6e110b290, 0x000001a6e110a870, 0x000001a6e110ad80,
0x000001a6e110c1c0
}

Java Threads: ( => current thread )
  0x000001a6be48cff0 JavaThread "main" [_thread_blocked, id=31520, stack(0x0000003d48100000,0x0000003d48200000)]
  0x000001a6da6ee8c0 JavaThread "Reference Handler" daemon [_thread_blocked, id=31872, stack(0x0000003d48800000,0x0000003d48900000)]
  0x000001a6da72d440 JavaThread "Finalizer" daemon [_thread_blocked, id=3692, stack(0x0000003d48900000,0x0000003d48a00000)]
  0x000001a6da7714c0 JavaThread "Signal Dispatcher" daemon [_thread_blocked, id=2104, stack(0x0000003d48a00000,0x0000003d48b00000)]
  0x000001a6da771d90 JavaThread "Attach Listener" daemon [_thread_blocked, id=11780, stack(0x0000003d48b00000,0x0000003d48c00000)]
  0x000001a6da774670 JavaThread "Service Thread" daemon [_thread_blocked, id=13276, stack(0x0000003d48c00000,0x0000003d48d00000)]
  0x000001a6da774f40 JavaThread "Monitor Deflation Thread" daemon [_thread_blocked, id=5280, stack(0x0000003d48d00000,0x0000003d48e00000)]
=>0x000001a6da7790f0 JavaThread "C2 CompilerThread0" daemon [_thread_in_native, id=15844, stack(0x0000003d48e00000,0x0000003d48f00000)]
  0x000001a6da78dec0 JavaThread "C1 CompilerThread0" daemon [_thread_blocked, id=31612, stack(0x0000003d48f00000,0x0000003d49000000)]
  0x000001a6da7dc370 JavaThread "Sweeper thread" daemon [_thread_blocked, id=7348, stack(0x0000003d49000000,0x0000003d49100000)]
  0x000001a6da8f3bf0 JavaThread "Notification Thread" daemon [_thread_blocked, id=7164, stack(0x0000003d49100000,0x0000003d49200000)]
  0x000001a6da916740 JavaThread "Common-Cleaner" daemon [_thread_blocked, id=14980, stack(0x0000003d49300000,0x0000003d49400000)]
  0x000001a6df1f54b0 JavaThread "ReaderThread" [_thread_in_native, id=25436, stack(0x0000003d49500000,0x0000003d49600000)]
  0x000001a6e0277d10 JavaThread "ForkJoinPool.commonPool-worker-1" daemon [_thread_blocked, id=35836, stack(0x0000003d49900000,0x0000003d49a00000)]
  0x000001a6e0766010 JavaThread "ForkJoinPool.commonPool-worker-2" daemon [_thread_blocked, id=29332, stack(0x0000003d49a00000,0x0000003d49b00000)]
  0x000001a6dffbb470 JavaThread "ForkJoinPool.commonPool-worker-3" daemon [_thread_blocked, id=24336, stack(0x0000003d49b00000,0x0000003d49c00000)]
  0x000001a6e110b7a0 JavaThread "HttpClient-1-SelectorManager" daemon [_thread_in_native, id=27740, stack(0x0000003d49d00000,0x0000003d49e00000)]
  0x000001a6e110b290 JavaThread "pool-1-thread-1" [_thread_blocked, id=3540, stack(0x0000003d49c00000,0x0000003d49d00000)]
  0x000001a6e110a870 JavaThread "pool-1-thread-2" [_thread_blocked, id=24844, stack(0x0000003d49f00000,0x0000003d4a000000)]
  0x000001a6e110ad80 JavaThread "Java2D Disposer" daemon [_thread_blocked, id=14908, stack(0x0000003d4a100000,0x0000003d4a200000)]
  0x000001a6e110c1c0 JavaThread "AWT-Windows" daemon [_thread_in_native, id=16520, stack(0x0000003d4a300000,0x0000003d4a400000)]

Other Threads:
  0x000001a6da6cf7c0 VMThread "VM Thread" [stack: 0x0000003d48700000,0x0000003d48800000] [id=10352]
  0x000001a6da8a0ca0 WatcherThread [stack: 0x0000003d49200000,0x0000003d49300000] [id=18964]
  0x000001a6c12122e0 GCTaskThread "GC Thread#0" [stack: 0x0000003d48200000,0x0000003d48300000] [id=23748]
  0x000001a6df537580 GCTaskThread "GC Thread#1" [stack: 0x0000003d49600000,0x0000003d49700000] [id=28456]
  0x000001a6df56d640 GCTaskThread "GC Thread#2" [stack: 0x0000003d49700000,0x0000003d49800000] [id=35548]
  0x000001a6df8d4510 GCTaskThread "GC Thread#3" [stack: 0x0000003d49800000,0x0000003d49900000] [id=18280]
  0x000001a6c12228f0 ConcurrentGCThread "G1 Main Marker" [stack: 0x0000003d48300000,0x0000003d48400000] [id=29516]
  0x000001a6c1223b20 ConcurrentGCThread "G1 Conc#0" [stack: 0x0000003d48400000,0x0000003d48500000] [id=12856]
  0x000001a6da56fcd0 ConcurrentGCThread "G1 Refine#0" [stack: 0x0000003d48500000,0x0000003d48600000] [id=5484]
  0x000001a6da571fe0 ConcurrentGCThread "G1 Service" [stack: 0x0000003d48600000,0x0000003d48700000] [id=35080]

Threads with active compile tasks:
C2 CompilerThread0    88151 5958       4       com.sun.org.apache.xerces.internal.dom.ElementNSImpl::getLocalName (16 bytes)

VM state: not at safepoint (normal execution)

VM Mutex/Monitor currently owned by a thread: None

Heap address: 0x0000000084a00000, size: 1974 MB, Compressed Oops mode: 32-bit

CDS archive(s) not mapped
Compressed class space mapped at: 0x0000000100000000-0x0000000140000000, reserved size: 1073741824
Narrow klass base: 0x0000000000000000, Narrow klass shift: 3, Narrow klass range: 0x140000000

GC Precious Log:
 CPUs: 4 total, 4 available
 Memory: 7890M
 Large Page Support: Disabled
 NUMA Support: Disabled
 Compressed Oops: Enabled (32-bit)
 Heap Region Size: 1M
 Heap Min Capacity: 8M
 Heap Initial Capacity: 124M
 Heap Max Capacity: 1974M
 Pre-touch: Disabled
 Parallel Workers: 4
 Concurrent Workers: 1
 Concurrent Refinement Workers: 4
 Periodic GC: Disabled

Heap:
 garbage-first heap   total 77824K, used 38619K [0x0000000084a00000, 0x0000000100000000)
  region size 1024K, 19 young (19456K), 4 survivors (4096K)
 Metaspace       used 43277K, committed 43648K, reserved 1114112K
  class space    used 4781K, committed 4992K, reserved 1048576K

Heap Regions: E=young(eden), S=young(survivor), O=old, HS=humongous(starts), HC=humongous(continues), CS=collection set, F=free, OA=open archive, CA=closed archive, TAMS=top-at-mark-start (previous, next)
|   0|0x0000000084a00000, 0x0000000084b00000, 0x0000000084b00000|100%|HS|  |TAMS 0x0000000084b00000, 0x0000000084a00000| Complete 
|   1|0x0000000084b00000, 0x0000000084c00000, 0x0000000084c00000|100%|HS|  |TAMS 0x0000000084c00000, 0x0000000084b00000| Complete 
|   2|0x0000000084c00000, 0x0000000084d00000, 0x0000000084d00000|100%| O|  |TAMS 0x0000000084d00000, 0x0000000084c00000| Untracked 
|   3|0x0000000084d00000, 0x0000000084e00000, 0x0000000084e00000|100%| O|  |TAMS 0x0000000084e00000, 0x0000000084d00000| Untracked 
|   4|0x0000000084e00000, 0x0000000084f00000, 0x0000000084f00000|100%| O|  |TAMS 0x0000000084f00000, 0x0000000084e00000| Untracked 
|   5|0x0000000084f00000, 0x0000000085000000, 0x0000000085000000|100%| O|  |TAMS 0x0000000085000000, 0x0000000084f00000| Untracked 
|   6|0x0000000085000000, 0x0000000085100000, 0x0000000085100000|100%| O|  |TAMS 0x0000000085100000, 0x0000000085000000| Untracked 
|   7|0x0000000085100000, 0x0000000085200000, 0x0000000085200000|100%| O|  |TAMS 0x0000000085200000, 0x0000000085100000| Untracked 
|   8|0x0000000085200000, 0x0000000085300000, 0x0000000085300000|100%| O|  |TAMS 0x0000000085300000, 0x0000000085200000| Untracked 
|   9|0x0000000085300000, 0x0000000085400000, 0x0000000085400000|100%| O|  |TAMS 0x0000000085300000, 0x0000000085300000| Untracked 
|  10|0x0000000085400000, 0x0000000085500000, 0x0000000085500000|100%| O|  |TAMS 0x0000000085500000, 0x0000000085400000| Untracked 
|  11|0x0000000085500000, 0x0000000085600000, 0x0000000085600000|100%| O|  |TAMS 0x0000000085600000, 0x0000000085500000| Untracked 
|  12|0x0000000085600000, 0x0000000085700000, 0x0000000085700000|100%| O|  |TAMS 0x0000000085700000, 0x0000000085600000| Untracked 
|  13|0x0000000085700000, 0x0000000085800000, 0x0000000085800000|100%| O|  |TAMS 0x0000000085700000, 0x0000000085700000| Untracked 
|  14|0x0000000085800000, 0x0000000085900000, 0x0000000085900000|100%| O|  |TAMS 0x0000000085800000, 0x0000000085800000| Untracked 
|  15|0x0000000085900000, 0x0000000085a00000, 0x0000000085a00000|100%| O|  |TAMS 0x0000000085900000, 0x0000000085900000| Untracked 
|  16|0x0000000085a00000, 0x0000000085b00000, 0x0000000085b00000|100%| O|  |TAMS 0x0000000085a00000, 0x0000000085a00000| Untracked 
|  17|0x0000000085b00000, 0x0000000085c00000, 0x0000000085c00000|100%| O|  |TAMS 0x0000000085b00000, 0x0000000085b00000| Untracked 
|  18|0x0000000085c00000, 0x0000000085d00000, 0x0000000085d00000|100%| O|  |TAMS 0x0000000085c00000, 0x0000000085c00000| Untracked 
|  19|0x0000000085d00000, 0x0000000085e00000, 0x0000000085e00000|100%| O|  |TAMS 0x0000000085d00000, 0x0000000085d00000| Untracked 
|  20|0x0000000085e00000, 0x0000000085e66e00, 0x0000000085f00000| 40%| O|  |TAMS 0x0000000085e00000, 0x0000000085e00000| Untracked 
|  21|0x0000000085f00000, 0x0000000085f00000, 0x0000000086000000|  0%| F|  |TAMS 0x0000000085f00000, 0x0000000085f00000| Untracked 
|  22|0x0000000086000000, 0x0000000086000000, 0x0000000086100000|  0%| F|  |TAMS 0x0000000086000000, 0x0000000086000000| Untracked 
|  23|0x0000000086100000, 0x0000000086100000, 0x0000000086200000|  0%| F|  |TAMS 0x0000000086100000, 0x0000000086100000| Untracked 
|  24|0x0000000086200000, 0x0000000086200000, 0x0000000086300000|  0%| F|  |TAMS 0x0000000086200000, 0x0000000086200000| Untracked 
|  25|0x0000000086300000, 0x0000000086300000, 0x0000000086400000|  0%| F|  |TAMS 0x0000000086300000, 0x0000000086300000| Untracked 
|  26|0x0000000086400000, 0x0000000086400000, 0x0000000086500000|  0%| F|  |TAMS 0x0000000086400000, 0x0000000086400000| Untracked 
|  27|0x0000000086500000, 0x0000000086500000, 0x0000000086600000|  0%| F|  |TAMS 0x0000000086500000, 0x0000000086500000| Untracked 
|  28|0x0000000086600000, 0x0000000086600000, 0x0000000086700000|  0%| F|  |TAMS 0x0000000086600000, 0x0000000086600000| Untracked 
|  29|0x0000000086700000, 0x0000000086700000, 0x0000000086800000|  0%| F|  |TAMS 0x0000000086700000, 0x0000000086700000| Untracked 
|  30|0x0000000086800000, 0x0000000086800000, 0x0000000086900000|  0%| F|  |TAMS 0x0000000086800000, 0x0000000086800000| Untracked 
|  31|0x0000000086900000, 0x000000008694fe90, 0x0000000086a00000| 31%| S|CS|TAMS 0x0000000086900000, 0x0000000086900000| Complete 
|  32|0x0000000086a00000, 0x0000000086b00000, 0x0000000086b00000|100%| S|CS|TAMS 0x0000000086a00000, 0x0000000086a00000| Complete 
|  33|0x0000000086b00000, 0x0000000086b00000, 0x0000000086c00000|  0%| F|  |TAMS 0x0000000086b00000, 0x0000000086b00000| Untracked 
|  34|0x0000000086c00000, 0x0000000086c00000, 0x0000000086d00000|  0%| F|  |TAMS 0x0000000086c00000, 0x0000000086c00000| Untracked 
|  35|0x0000000086d00000, 0x0000000086d00000, 0x0000000086e00000|  0%| F|  |TAMS 0x0000000086d00000, 0x0000000086d00000| Untracked 
|  36|0x0000000086e00000, 0x0000000086f00000, 0x0000000086f00000|100%| S|CS|TAMS 0x0000000086e00000, 0x0000000086e00000| Complete 
|  37|0x0000000086f00000, 0x0000000087000000, 0x0000000087000000|100%| S|CS|TAMS 0x0000000086f00000, 0x0000000086f00000| Complete 
|  38|0x0000000087000000, 0x0000000087000000, 0x0000000087100000|  0%| F|  |TAMS 0x0000000087000000, 0x0000000087000000| Untracked 
|  39|0x0000000087100000, 0x0000000087100000, 0x0000000087200000|  0%| F|  |TAMS 0x0000000087100000, 0x0000000087100000| Untracked 
|  40|0x0000000087200000, 0x0000000087200000, 0x0000000087300000|  0%| F|  |TAMS 0x0000000087200000, 0x0000000087200000| Untracked 
|  41|0x0000000087300000, 0x0000000087300000, 0x0000000087400000|  0%| F|  |TAMS 0x0000000087300000, 0x0000000087300000| Untracked 
|  42|0x0000000087400000, 0x0000000087400000, 0x0000000087500000|  0%| F|  |TAMS 0x0000000087400000, 0x0000000087400000| Untracked 
|  43|0x0000000087500000, 0x0000000087500000, 0x0000000087600000|  0%| F|  |TAMS 0x0000000087500000, 0x0000000087500000| Untracked 
|  44|0x0000000087600000, 0x0000000087600000, 0x0000000087700000|  0%| F|  |TAMS 0x0000000087600000, 0x0000000087600000| Untracked 
|  45|0x0000000087700000, 0x0000000087700000, 0x0000000087800000|  0%| F|  |TAMS 0x0000000087700000, 0x0000000087700000| Untracked 
|  46|0x0000000087800000, 0x0000000087800000, 0x0000000087900000|  0%| F|  |TAMS 0x0000000087800000, 0x0000000087800000| Untracked 
|  47|0x0000000087900000, 0x0000000087900000, 0x0000000087a00000|  0%| F|  |TAMS 0x0000000087900000, 0x0000000087900000| Untracked 
|  48|0x0000000087a00000, 0x0000000087a00000, 0x0000000087b00000|  0%| F|  |TAMS 0x0000000087a00000, 0x0000000087a00000| Untracked 
|  49|0x0000000087b00000, 0x0000000087b00000, 0x0000000087c00000|  0%| F|  |TAMS 0x0000000087b00000, 0x0000000087b00000| Untracked 
|  50|0x0000000087c00000, 0x0000000087c00000, 0x0000000087d00000|  0%| F|  |TAMS 0x0000000087c00000, 0x0000000087c00000| Untracked 
|  51|0x0000000087d00000, 0x0000000087d00000, 0x0000000087e00000|  0%| F|  |TAMS 0x0000000087d00000, 0x0000000087d00000| Untracked 
|  52|0x0000000087e00000, 0x0000000087e00000, 0x0000000087f00000|  0%| F|  |TAMS 0x0000000087e00000, 0x0000000087e00000| Untracked 
|  53|0x0000000087f00000, 0x0000000087f00000, 0x0000000088000000|  0%| F|  |TAMS 0x0000000087f00000, 0x0000000087f00000| Untracked 
|  54|0x0000000088000000, 0x0000000088000000, 0x0000000088100000|  0%| F|  |TAMS 0x0000000088000000, 0x0000000088000000| Untracked 
|  55|0x0000000088100000, 0x0000000088100000, 0x0000000088200000|  0%| F|  |TAMS 0x0000000088100000, 0x0000000088100000| Untracked 
|  56|0x0000000088200000, 0x0000000088200000, 0x0000000088300000|  0%| F|  |TAMS 0x0000000088200000, 0x0000000088200000| Untracked 
|  57|0x0000000088300000, 0x0000000088300000, 0x0000000088400000|  0%| F|  |TAMS 0x0000000088300000, 0x0000000088300000| Untracked 
|  58|0x0000000088400000, 0x0000000088400000, 0x0000000088500000|  0%| F|  |TAMS 0x0000000088400000, 0x0000000088400000| Untracked 
|  59|0x0000000088500000, 0x0000000088500000, 0x0000000088600000|  0%| F|  |TAMS 0x0000000088500000, 0x0000000088500000| Untracked 
|  60|0x0000000088600000, 0x0000000088600000, 0x0000000088700000|  0%| F|  |TAMS 0x0000000088600000, 0x0000000088600000| Untracked 
|  61|0x0000000088700000, 0x0000000088800000, 0x0000000088800000|100%| E|  |TAMS 0x0000000088700000, 0x0000000088700000| Complete 
|  62|0x0000000088800000, 0x0000000088900000, 0x0000000088900000|100%| E|CS|TAMS 0x0000000088800000, 0x0000000088800000| Complete 
|  63|0x0000000088900000, 0x0000000088a00000, 0x0000000088a00000|100%| E|CS|TAMS 0x0000000088900000, 0x0000000088900000| Complete 
|  64|0x0000000088a00000, 0x0000000088b00000, 0x0000000088b00000|100%| E|CS|TAMS 0x0000000088a00000, 0x0000000088a00000| Complete 
|  65|0x0000000088b00000, 0x0000000088c00000, 0x0000000088c00000|100%| E|CS|TAMS 0x0000000088b00000, 0x0000000088b00000| Complete 
|  66|0x0000000088c00000, 0x0000000088d00000, 0x0000000088d00000|100%| E|CS|TAMS 0x0000000088c00000, 0x0000000088c00000| Complete 
|  67|0x0000000088d00000, 0x0000000088e00000, 0x0000000088e00000|100%| E|CS|TAMS 0x0000000088d00000, 0x0000000088d00000| Complete 
|  68|0x0000000088e00000, 0x0000000088f00000, 0x0000000088f00000|100%| E|CS|TAMS 0x0000000088e00000, 0x0000000088e00000| Complete 
|  69|0x0000000088f00000, 0x0000000089000000, 0x0000000089000000|100%| E|CS|TAMS 0x0000000088f00000, 0x0000000088f00000| Complete 
|  70|0x0000000089000000, 0x0000000089100000, 0x0000000089100000|100%| E|CS|TAMS 0x0000000089000000, 0x0000000089000000| Complete 
|  71|0x0000000089100000, 0x0000000089200000, 0x0000000089200000|100%| E|CS|TAMS 0x0000000089100000, 0x0000000089100000| Complete 
|  98|0x000000008ac00000, 0x000000008ad00000, 0x000000008ad00000|100%| E|CS|TAMS 0x000000008ac00000, 0x000000008ac00000| Complete 
|  99|0x000000008ad00000, 0x000000008ae00000, 0x000000008ae00000|100%| E|CS|TAMS 0x000000008ad00000, 0x000000008ad00000| Complete 
| 100|0x000000008ae00000, 0x000000008af00000, 0x000000008af00000|100%| E|CS|TAMS 0x000000008ae00000, 0x000000008ae00000| Complete 
| 123|0x000000008c500000, 0x000000008c600000, 0x000000008c600000|100%| E|CS|TAMS 0x000000008c500000, 0x000000008c500000| Complete 

Card table byte_map: [0x000001a6d3c40000,0x000001a6d4020000] _byte_map_base: 0x000001a6d381b000

Marking Bits (Prev, Next): (CMBitMap*) 0x000001a6c1212900, (CMBitMap*) 0x000001a6c1212940
 Prev Bits: [0x000001a6d4400000, 0x000001a6d62d8000)
 Next Bits: [0x000001a6d62e0000, 0x000001a6d81b8000)

Polling page: 0x000001a6be840000

Metaspace:

Usage:
  Non-class:     37.59 MB used.
      Class:      4.67 MB used.
       Both:     42.26 MB used.

Virtual space:
  Non-class space:       64.00 MB reserved,      37.75 MB ( 59%) committed,  1 nodes.
      Class space:        1.00 GB reserved,       4.88 MB ( <1%) committed,  1 nodes.
             Both:        1.06 GB reserved,      42.62 MB (  4%) committed. 

Chunk freelists:
   Non-Class:  10.01 MB
       Class:  10.97 MB
        Both:  20.98 MB

MaxMetaspaceSize: unlimited
CompressedClassSpaceSize: 1.00 GB
Initial GC threshold: 21.00 MB
Current GC threshold: 58.69 MB
CDS: off
MetaspaceReclaimPolicy: balanced
 - commit_granule_bytes: 65536.
 - commit_granule_words: 8192.
 - virtual_space_node_default_size: 8388608.
 - enlarge_chunks_in_place: 1.
 - new_chunks_are_fully_committed: 0.
 - uncommit_free_chunks: 1.
 - use_allocation_guard: 0.
 - handle_deallocations: 1.


Internal statistics:

num_allocs_failed_limit: 6.
num_arena_births: 444.
num_arena_deaths: 0.
num_vsnodes_births: 2.
num_vsnodes_deaths: 0.
num_space_committed: 682.
num_space_uncommitted: 0.
num_chunks_returned_to_freelist: 6.
num_chunks_taken_from_freelist: 1461.
num_chunk_merges: 3.
num_chunk_splits: 916.
num_chunks_enlarged: 595.
num_inconsistent_stats: 0.

CodeHeap 'non-profiled nmethods': size=120000Kb used=3396Kb max_used=3396Kb free=116603Kb
 bounds [0x000001a6cc330000, 0x000001a6cc690000, 0x000001a6d3860000]
CodeHeap 'profiled nmethods': size=120000Kb used=10153Kb max_used=11652Kb free=109846Kb
 bounds [0x000001a6c4860000, 0x000001a6c53d0000, 0x000001a6cbd90000]
CodeHeap 'non-nmethods': size=5760Kb used=1345Kb max_used=1397Kb free=4414Kb
 bounds [0x000001a6cbd90000, 0x000001a6cc000000, 0x000001a6cc330000]
 total_blobs=5756 nmethods=5091 adapters=577
 compilation: enabled
              stopped_count=0, restarted_count=0
 full_count=0

Compilation events (20 events):
Event: 87.857 Thread 0x000001a6da78dec0 nmethod 5957 0x000001a6c4d5e490 code [0x000001a6c4d5e680, 0x000001a6c4d5ec68]
Event: 87.862 Thread 0x000001a6da7790f0 5958       4       com.sun.org.apache.xerces.internal.dom.ElementNSImpl::getLocalName (16 bytes)
Event: 87.862 Thread 0x000001a6da78dec0 5959       3       java.lang.String::regionMatches (189 bytes)
Event: 87.863 Thread 0x000001a6da78dec0 nmethod 5959 0x000001a6c4aef390 code [0x000001a6c4aef5e0, 0x000001a6c4af02b8]
Event: 87.865 Thread 0x000001a6da78dec0 5961       3       org.apache.poi.ooxml.POIXMLDocumentPart::<init> (37 bytes)
Event: 87.865 Thread 0x000001a6da78dec0 nmethod 5961 0x000001a6c4de9310 code [0x000001a6c4de94e0, 0x000001a6c4de99b8]
Event: 87.896 Thread 0x000001a6da78dec0 5963       3       org.apache.poi.xssf.model.SharedStringsTable::xmlText (10 bytes)
Event: 87.896 Thread 0x000001a6da78dec0 nmethod 5963 0x000001a6c4c8ce10 code [0x000001a6c4c8cfc0, 0x000001a6c4c8d1c8]
Event: 87.921 Thread 0x000001a6da78dec0 5965   !   3       org.openxmlformats.schemas.spreadsheetml.x2006.main.impl.CTRstImpl::sizeOfRArray (31 bytes)
Event: 87.922 Thread 0x000001a6da78dec0 nmethod 5965 0x000001a6c4899290 code [0x000001a6c48994e0, 0x000001a6c4899f78]
Event: 87.930 Thread 0x000001a6da78dec0 5966       3       java.text.SimpleDateFormat::compile (674 bytes)
Event: 87.935 Thread 0x000001a6da78dec0 nmethod 5966 0x000001a6c4b20b10 code [0x000001a6c4b21180, 0x000001a6c4b24978]
Event: 88.043 Thread 0x000001a6da78dec0 5967       3       org.openxmlformats.schemas.spreadsheetml.x2006.main.impl.CTNumFmtImpl::<init> (6 bytes)
Event: 88.043 Thread 0x000001a6da78dec0 nmethod 5967 0x000001a6c51e0790 code [0x000001a6c51e0960, 0x000001a6c51e0d88]
Event: 88.043 Thread 0x000001a6da78dec0 5968       3       org.openxmlformats.schemas.spreadsheetml.x2006.main.impl.STNumFmtIdImpl::<init> (7 bytes)
Event: 88.044 Thread 0x000001a6da78dec0 nmethod 5968 0x000001a6c52d3d10 code [0x000001a6c52d3ee0, 0x000001a6c52d4288]
Event: 88.048 Thread 0x000001a6da78dec0 5969   !   3       org.apache.xmlbeans.impl.store.Locale$SaxLoader::load (169 bytes)
Event: 88.053 Thread 0x000001a6da78dec0 nmethod 5969 0x000001a6c5293f10 code [0x000001a6c5294400, 0x000001a6c52969d8]
Event: 88.056 Thread 0x000001a6da78dec0 5970   !   3       org.apache.xmlbeans.impl.store.Locale::getSaxLoader (114 bytes)
Event: 88.057 Thread 0x000001a6da78dec0 nmethod 5970 0x000001a6c4b30f90 code [0x000001a6c4b31280, 0x000001a6c4b32438]

GC Heap History (20 events):
Event: 8.074 GC heap before
{Heap before GC invocations=6 (full 0):
 garbage-first heap   total 48128K, used 31031K [0x0000000084a00000, 0x0000000100000000)
  region size 1024K, 18 young (18432K), 1 survivors (1024K)
 Metaspace       used 32644K, committed 32960K, reserved 1114112K
  class space    used 3586K, committed 3712K, reserved 1048576K
}
Event: 8.078 GC heap after
{Heap after GC invocations=7 (full 0):
 garbage-first heap   total 48128K, used 15751K [0x0000000084a00000, 0x0000000100000000)
  region size 1024K, 3 young (3072K), 3 survivors (3072K)
 Metaspace       used 32644K, committed 32960K, reserved 1114112K
  class space    used 3586K, committed 3712K, reserved 1048576K
}
Event: 8.617 GC heap before
{Heap before GC invocations=7 (full 0):
 garbage-first heap   total 48128K, used 22919K [0x0000000084a00000, 0x0000000100000000)
  region size 1024K, 12 young (12288K), 3 survivors (3072K)
 Metaspace       used 35685K, committed 35968K, reserved 1114112K
  class space    used 3979K, committed 4096K, reserved 1048576K
}
Event: 8.622 GC heap after
{Heap after GC invocations=8 (full 0):
 garbage-first heap   total 48128K, used 16610K [0x0000000084a00000, 0x0000000100000000)
  region size 1024K, 1 young (1024K), 1 survivors (1024K)
 Metaspace       used 35685K, committed 35968K, reserved 1114112K
  class space    used 3979K, committed 4096K, reserved 1048576K
}
Event: 56.212 GC heap before
{Heap before GC invocations=9 (full 0):
 garbage-first heap   total 48128K, used 32994K [0x0000000084a00000, 0x0000000100000000)
  region size 1024K, 18 young (18432K), 1 survivors (1024K)
 Metaspace       used 37740K, committed 38080K, reserved 1114112K
  class space    used 4263K, committed 4416K, reserved 1048576K
}
Event: 56.229 GC heap after
{Heap after GC invocations=10 (full 0):
 garbage-first heap   total 48128K, used 17938K [0x0000000084a00000, 0x0000000100000000)
  region size 1024K, 3 young (3072K), 3 survivors (3072K)
 Metaspace       used 37740K, committed 38080K, reserved 1114112K
  class space    used 4263K, committed 4416K, reserved 1048576K
}
Event: 56.300 GC heap before
{Heap before GC invocations=10 (full 0):
 garbage-first heap   total 48128K, used 18962K [0x0000000084a00000, 0x0000000100000000)
  region size 1024K, 4 young (4096K), 3 survivors (3072K)
 Metaspace       used 37751K, committed 38080K, reserved 1114112K
  class space    used 4263K, committed 4416K, reserved 1048576K
}
Event: 56.311 GC heap after
{Heap after GC invocations=11 (full 0):
 garbage-first heap   total 48128K, used 17863K [0x0000000084a00000, 0x0000000100000000)
  region size 1024K, 1 young (1024K), 1 survivors (1024K)
 Metaspace       used 37751K, committed 38080K, reserved 1114112K
  class space    used 4263K, committed 4416K, reserved 1048576K
}
Event: 57.406 GC heap before
{Heap before GC invocations=11 (full 0):
 garbage-first heap   total 48128K, used 34247K [0x0000000084a00000, 0x0000000100000000)
  region size 1024K, 17 young (17408K), 1 survivors (1024K)
 Metaspace       used 38185K, committed 38464K, reserved 1114112K
  class space    used 4286K, committed 4416K, reserved 1048576K
}
Event: 57.415 GC heap after
{Heap after GC invocations=12 (full 0):
 garbage-first heap   total 48128K, used 20763K [0x0000000084a00000, 0x0000000100000000)
  region size 1024K, 3 young (3072K), 3 survivors (3072K)
 Metaspace       used 38185K, committed 38464K, reserved 1114112K
  class space    used 4286K, committed 4416K, reserved 1048576K
}
Event: 58.121 GC heap before
{Heap before GC invocations=12 (full 0):
 garbage-first heap   total 48128K, used 34075K [0x0000000084a00000, 0x0000000100000000)
  region size 1024K, 17 young (17408K), 3 survivors (3072K)
 Metaspace       used 38303K, committed 38656K, reserved 1114112K
  class space    used 4286K, committed 4416K, reserved 1048576K
}
Event: 58.132 GC heap after
{Heap after GC invocations=13 (full 0):
 garbage-first heap   total 48128K, used 21893K [0x0000000084a00000, 0x0000000100000000)
  region size 1024K, 2 young (2048K), 2 survivors (2048K)
 Metaspace       used 38303K, committed 38656K, reserved 1114112K
  class space    used 4286K, committed 4416K, reserved 1048576K
}
Event: 69.213 GC heap before
{Heap before GC invocations=13 (full 0):
 garbage-first heap   total 48128K, used 35205K [0x0000000084a00000, 0x0000000100000000)
  region size 1024K, 15 young (15360K), 2 survivors (2048K)
 Metaspace       used 39834K, committed 40128K, reserved 1114112K
  class space    used 4419K, committed 4544K, reserved 1048576K
}
Event: 69.215 GC heap after
{Heap after GC invocations=14 (full 0):
 garbage-first heap   total 77824K, used 21560K [0x0000000084a00000, 0x0000000100000000)
  region size 1024K, 1 young (1024K), 1 survivors (1024K)
 Metaspace       used 39834K, committed 40128K, reserved 1114112K
  class space    used 4419K, committed 4544K, reserved 1048576K
}
Event: 78.490 GC heap before
{Heap before GC invocations=14 (full 0):
 garbage-first heap   total 77824K, used 57400K [0x0000000084a00000, 0x0000000100000000)
  region size 1024K, 36 young (36864K), 1 survivors (1024K)
 Metaspace       used 42570K, committed 43008K, reserved 1114112K
  class space    used 4757K, committed 4992K, reserved 1048576K
}
Event: 78.497 GC heap after
{Heap after GC invocations=15 (full 0):
 garbage-first heap   total 77824K, used 23481K [0x0000000084a00000, 0x0000000100000000)
  region size 1024K, 3 young (3072K), 3 survivors (3072K)
 Metaspace       used 42570K, committed 43008K, reserved 1114112K
  class space    used 4757K, committed 4992K, reserved 1048576K
}
Event: 82.124 GC heap before
{Heap before GC invocations=15 (full 0):
 garbage-first heap   total 77824K, used 61369K [0x0000000084a00000, 0x0000000100000000)
  region size 1024K, 40 young (40960K), 3 survivors (3072K)
 Metaspace       used 43021K, committed 43456K, reserved 1114112K
  class space    used 4769K, committed 4992K, reserved 1048576K
}
Event: 82.130 GC heap after
{Heap after GC invocations=16 (full 0):
 garbage-first heap   total 77824K, used 23749K [0x0000000084a00000, 0x0000000100000000)
  region size 1024K, 3 young (3072K), 3 survivors (3072K)
 Metaspace       used 43021K, committed 43456K, reserved 1114112K
  class space    used 4769K, committed 4992K, reserved 1048576K
}
Event: 86.627 GC heap before
{Heap before GC invocations=16 (full 0):
 garbage-first heap   total 77824K, used 62661K [0x0000000084a00000, 0x0000000100000000)
  region size 1024K, 41 young (41984K), 3 survivors (3072K)
 Metaspace       used 43200K, committed 43648K, reserved 1114112K
  class space    used 4772K, committed 4992K, reserved 1048576K
}
Event: 86.631 GC heap after
{Heap after GC invocations=17 (full 0):
 garbage-first heap   total 77824K, used 24283K [0x0000000084a00000, 0x0000000100000000)
  region size 1024K, 4 young (4096K), 4 survivors (4096K)
 Metaspace       used 43200K, committed 43648K, reserved 1114112K
  class space    used 4772K, committed 4992K, reserved 1048576K
}

Dll operation events (9 events):
Event: 0.033 Loaded shared library C:\Users\AC\.p2\pool\plugins\org.eclipse.justj.openjdk.hotspot.jre.full.win32.x86_64_17.0.10.v20240120-1143\jre\bin\java.dll
Event: 0.395 Loaded shared library C:\Users\AC\.p2\pool\plugins\org.eclipse.justj.openjdk.hotspot.jre.full.win32.x86_64_17.0.10.v20240120-1143\jre\bin\net.dll
Event: 0.399 Loaded shared library C:\Users\AC\.p2\pool\plugins\org.eclipse.justj.openjdk.hotspot.jre.full.win32.x86_64_17.0.10.v20240120-1143\jre\bin\nio.dll
Event: 0.414 Loaded shared library C:\Users\AC\.p2\pool\plugins\org.eclipse.justj.openjdk.hotspot.jre.full.win32.x86_64_17.0.10.v20240120-1143\jre\bin\zip.dll
Event: 0.601 Loaded shared library C:\Users\AC\.p2\pool\plugins\org.eclipse.justj.openjdk.hotspot.jre.full.win32.x86_64_17.0.10.v20240120-1143\jre\bin\jimage.dll
Event: 1.103 Loaded shared library C:\Users\AC\.p2\pool\plugins\org.eclipse.justj.openjdk.hotspot.jre.full.win32.x86_64_17.0.10.v20240120-1143\jre\bin\extnet.dll
Event: 3.261 Loaded shared library C:\Users\AC\.p2\pool\plugins\org.eclipse.justj.openjdk.hotspot.jre.full.win32.x86_64_17.0.10.v20240120-1143\jre\bin\verify.dll
Event: 7.289 Loaded shared library C:\Users\AC\.p2\pool\plugins\org.eclipse.justj.openjdk.hotspot.jre.full.win32.x86_64_17.0.10.v20240120-1143\jre\bin\sunmscapi.dll
Event: 65.940 Loaded shared library C:\Users\AC\.p2\pool\plugins\org.eclipse.justj.openjdk.hotspot.jre.full.win32.x86_64_17.0.10.v20240120-1143\jre\bin\awt.dll

Deoptimization events (20 events):
Event: 84.640 Thread 0x000001a6be48cff0 Uncommon trap: trap_request=0xffffffbe fr.pc=0x000001a6cc487880 relative=0x0000000000000540
Event: 84.640 Thread 0x000001a6be48cff0 Uncommon trap: reason=profile_predicate action=maybe_recompile pc=0x000001a6cc487880 method=java.net.URI.needsNormalization(Ljava/lang/String;)I @ 126 c2
Event: 84.641 Thread 0x000001a6be48cff0 DEOPT PACKING pc=0x000001a6cc487880 sp=0x0000003d481fd2e0
Event: 84.641 Thread 0x000001a6be48cff0 DEOPT UNPACKING pc=0x000001a6cbdea1a3 sp=0x0000003d481fd270 mode 2
Event: 85.825 Thread 0x000001a6be48cff0 DEOPT PACKING pc=0x000001a6c52f9d8b sp=0x0000003d481fd5e0
Event: 85.825 Thread 0x000001a6be48cff0 DEOPT UNPACKING pc=0x000001a6cbdeace3 sp=0x0000003d481fcae8 mode 0
Event: 86.212 Thread 0x000001a6be48cff0 DEOPT PACKING pc=0x000001a6c53bfef2 sp=0x0000003d481fd170
Event: 86.212 Thread 0x000001a6be48cff0 DEOPT UNPACKING pc=0x000001a6cbdeace3 sp=0x0000003d481fc670 mode 0
Event: 86.855 Thread 0x000001a6be48cff0 Uncommon trap: trap_request=0xffffffcc fr.pc=0x000001a6cc4af0a0 relative=0x0000000000000200
Event: 86.855 Thread 0x000001a6be48cff0 Uncommon trap: reason=intrinsic_or_type_checked_inlining action=make_not_entrant pc=0x000001a6cc4af0a0 method=java.util.ArrayList.toArray([Ljava/lang/Object;)[Ljava/lang/Object; @ 36 c2
Event: 86.855 Thread 0x000001a6be48cff0 DEOPT PACKING pc=0x000001a6cc4af0a0 sp=0x0000003d481fd310
Event: 86.855 Thread 0x000001a6be48cff0 DEOPT UNPACKING pc=0x000001a6cbdea1a3 sp=0x0000003d481fd2b0 mode 2
Event: 86.911 Thread 0x000001a6be48cff0 Uncommon trap: trap_request=0xffffffdc fr.pc=0x000001a6cc4ae5a0 relative=0x0000000000000280
Event: 86.911 Thread 0x000001a6be48cff0 Uncommon trap: reason=class_check action=make_not_entrant pc=0x000001a6cc4ae5a0 method=java.util.ArrayList.toArray([Ljava/lang/Object;)[Ljava/lang/Object; @ 21 c2
Event: 86.911 Thread 0x000001a6be48cff0 DEOPT PACKING pc=0x000001a6cc4ae5a0 sp=0x0000003d481fd9a0
Event: 86.911 Thread 0x000001a6be48cff0 DEOPT UNPACKING pc=0x000001a6cbdea1a3 sp=0x0000003d481fd970 mode 2
Event: 87.262 Thread 0x000001a6be48cff0 Uncommon trap: trap_request=0xfffffff4 fr.pc=0x000001a6cc675968 relative=0x00000000000013c8
Event: 87.262 Thread 0x000001a6be48cff0 Uncommon trap: reason=null_check action=make_not_entrant pc=0x000001a6cc675968 method=com.sun.org.apache.xerces.internal.dom.ElementImpl.getDefaultAttributes()Lcom/sun/org/apache/xerces/internal/dom/NamedNodeMapImpl; @ 7 c2
Event: 87.262 Thread 0x000001a6be48cff0 DEOPT PACKING pc=0x000001a6cc675968 sp=0x0000003d481fd6d0
Event: 87.262 Thread 0x000001a6be48cff0 DEOPT UNPACKING pc=0x000001a6cbdea1a3 sp=0x0000003d481fd598 mode 2

Classes unloaded (0 events):
No events

Classes redefined (0 events):
No events

Internal exceptions (20 events):
Event: 8.093 Thread 0x000001a6be48cff0 Exception <a 'java/lang/NoSuchMethodError'{0x000000008c551298}: 'void java.lang.invoke.DirectMethodHandle$Holder.invokeInterface(java.lang.Object, java.lang.Object, java.lang.Object, java.lang.Object, java.lang.Object)'> (0x000000008c551298) 
thrown [s\src\hotspot\share\interpreter\linkResolver.cpp, line 759]
Event: 8.161 Thread 0x000001a6e110b290 Exception <a 'java/lang/NoSuchMethodError'{0x000000008ad666b8}: 'java.lang.Object java.lang.invoke.DirectMethodHandle$Holder.invokeSpecial(java.lang.Object, java.lang.Object, java.lang.Object, java.lang.Object, int)'> (0x000000008ad666b8) 
thrown [s\src\hotspot\share\interpreter\linkResolver.cpp, line 759]
Event: 8.162 Thread 0x000001a6e110b290 Exception <a 'java/lang/NoSuchMethodError'{0x000000008ad6a280}: 'java.lang.Object java.lang.invoke.Invokers$Holder.linkToTargetMethod(java.lang.Object, java.lang.Object, int, java.lang.Object)'> (0x000000008ad6a280) 
thrown [s\src\hotspot\share\interpreter\linkResolver.cpp, line 759]
Event: 8.264 Thread 0x000001a6e110b290 Exception <a 'java/lang/NoSuchMethodError'{0x00000000874670e0}: 'void java.lang.invoke.DirectMethodHandle$Holder.invokeSpecial(java.lang.Object, java.lang.Object, java.lang.Object, java.lang.Object, java.lang.Object)'> (0x00000000874670e0) 
thrown [s\src\hotspot\share\interpreter\linkResolver.cpp, line 759]
Event: 8.296 Thread 0x000001a6e110b290 Exception <a 'java/lang/NoSuchMethodError'{0x00000000874dbc28}: 'int java.lang.invoke.DirectMethodHandle$Holder.invokeStaticInit(java.lang.Object, int, int)'> (0x00000000874dbc28) 
thrown [s\src\hotspot\share\interpreter\linkResolver.cpp, line 759]
Event: 8.303 Thread 0x000001a6e110b290 Exception <a 'java/lang/NoSuchMethodError'{0x000000008731a9e0}: 'void java.lang.invoke.DirectMethodHandle$Holder.invokeVirtual(java.lang.Object, java.lang.Object)'> (0x000000008731a9e0) 
thrown [s\src\hotspot\share\interpreter\linkResolver.cpp, line 759]
Event: 8.481 Thread 0x000001a6e110b290 Implicit null exception at 0x000001a6cc4b82e8 to 0x000001a6cc4b8468
Event: 36.577 Thread 0x000001a6e110b290 Exception <a 'java/lang/NoSuchMethodError'{0x000000008ad03ae0}: 'java.lang.Object java.lang.invoke.DirectMethodHandle$Holder.newInvokeSpecial(java.lang.Object, java.lang.Object, long, java.lang.Object, java.lang.Object, java.lang.Object)'> (0x000000008ad03ae0) 
thrown [s\src\hotspot\share\interpreter\linkResolver.cpp, line 759]
Event: 36.596 Thread 0x000001a6e110b290 Exception <a 'java/lang/NoSuchMethodError'{0x000000008ad293a8}: 'void java.lang.invoke.DirectMethodHandle$Holder.invokeSpecial(java.lang.Object, java.lang.Object, java.lang.Object, java.lang.Object, java.lang.Object, java.lang.Object, java.lang.Object)'> (0x000000008ad293a8) 
thrown [s\src\hotspot\share\interpreter\linkResolver.cpp, line 759]
Event: 37.111 Thread 0x000001a6be48cff0 Exception <a 'java/lang/NoSuchMethodError'{0x0000000087454bd0}: 'java.lang.Object java.lang.invoke.DirectMethodHandle$Holder.invokeSpecialIFC(java.lang.Object, java.lang.Object, java.lang.Object)'> (0x0000000087454bd0) 
thrown [s\src\hotspot\share\interpreter\linkResolver.cpp, line 759]
Event: 62.066 Thread 0x000001a6be48cff0 Implicit null exception at 0x000001a6cc44a757 to 0x000001a6cc44a9d8
Event: 62.414 Thread 0x000001a6be48cff0 Implicit null exception at 0x000001a6cc39b457 to 0x000001a6cc39b6a8
Event: 65.903 Thread 0x000001a6be48cff0 Exception <a 'java/lang/ClassNotFoundException'{0x0000000087087f28}: sun/awt/resources/spi/awtProvider> (0x0000000087087f28) 
thrown [s\src\hotspot\share\classfile\systemDictionary.cpp, line 256]
Event: 65.946 Thread 0x000001a6be48cff0 Exception <a 'java/io/FileNotFoundException'{0x000000008708b020}> (0x000000008708b020) 
thrown [s\src\hotspot\share\prims\jni.cpp, line 516]
Event: 65.948 Thread 0x000001a6be48cff0 Exception <a 'java/io/FileNotFoundException'{0x000000008708c838}> (0x000000008708c838) 
thrown [s\src\hotspot\share\prims\jni.cpp, line 516]
Event: 77.453 Thread 0x000001a6be48cff0 Exception <a 'java/lang/NoSuchMethodError'{0x0000000087b2d548}: 'java.lang.Object java.lang.invoke.DirectMethodHandle$Holder.invokeVirtual(java.lang.Object, java.lang.Object, java.lang.Object, java.lang.Object)'> (0x0000000087b2d548) 
thrown [s\src\hotspot\share\interpreter\linkResolver.cpp, line 759]
Event: 78.218 Thread 0x000001a6be48cff0 Implicit null exception at 0x000001a6cc38f16a to 0x000001a6cc38f328
Event: 78.222 Thread 0x000001a6be48cff0 Implicit null exception at 0x000001a6cc3862ea to 0x000001a6cc386494
Event: 78.227 Thread 0x000001a6be48cff0 Implicit null exception at 0x000001a6cc37ea8f to 0x000001a6cc37eb05
Event: 87.262 Thread 0x000001a6be48cff0 Implicit null exception at 0x000001a6cc674d70 to 0x000001a6cc675954

VM Operations (20 events):
Event: 81.569 Executing VM operation: HandshakeAllThreads
Event: 81.569 Executing VM operation: HandshakeAllThreads done
Event: 81.647 Executing VM operation: HandshakeAllThreads
Event: 81.673 Executing VM operation: HandshakeAllThreads done
Event: 81.708 Executing VM operation: HandshakeAllThreads
Event: 81.708 Executing VM operation: HandshakeAllThreads done
Event: 82.124 Executing VM operation: G1CollectForAllocation
Event: 82.130 Executing VM operation: G1CollectForAllocation done
Event: 83.138 Executing VM operation: Cleanup
Event: 83.138 Executing VM operation: Cleanup done
Event: 84.153 Executing VM operation: Cleanup
Event: 84.153 Executing VM operation: Cleanup done
Event: 85.161 Executing VM operation: Cleanup
Event: 85.161 Executing VM operation: Cleanup done
Event: 86.175 Executing VM operation: Cleanup
Event: 86.175 Executing VM operation: Cleanup done
Event: 86.627 Executing VM operation: G1CollectForAllocation
Event: 86.631 Executing VM operation: G1CollectForAllocation done
Event: 87.639 Executing VM operation: Cleanup
Event: 87.640 Executing VM operation: Cleanup done

Events (20 events):
Event: 81.720 Thread 0x000001a6da7dc370 flushing nmethod 0x000001a6c52a3a10
Event: 81.720 Thread 0x000001a6da7dc370 flushing nmethod 0x000001a6c52a4190
Event: 81.720 Thread 0x000001a6da7dc370 flushing nmethod 0x000001a6c52a4710
Event: 81.720 Thread 0x000001a6da7dc370 flushing nmethod 0x000001a6c52a6110
Event: 81.720 Thread 0x000001a6da7dc370 flushing nmethod 0x000001a6c52a6610
Event: 81.720 Thread 0x000001a6da7dc370 flushing nmethod 0x000001a6c52cc990
Event: 81.720 Thread 0x000001a6da7dc370 flushing nmethod 0x000001a6c52cea10
Event: 81.720 Thread 0x000001a6da7dc370 flushing nmethod 0x000001a6c52cf010
Event: 81.720 Thread 0x000001a6da7dc370 flushing nmethod 0x000001a6c52d0810
Event: 81.720 Thread 0x000001a6da7dc370 flushing nmethod 0x000001a6c52d3090
Event: 81.720 Thread 0x000001a6da7dc370 flushing nmethod 0x000001a6c52d3d10
Event: 81.720 Thread 0x000001a6da7dc370 flushing nmethod 0x000001a6c52d4090
Event: 83.677 loading class jdk/internal/access/foreign/MemorySegmentProxy
Event: 83.732 loading class jdk/internal/access/foreign/MemorySegmentProxy done
Event: 87.696 loading class sun/security/ssl/Alert
Event: 87.708 loading class sun/security/ssl/Alert done
Event: 87.708 loading class sun/security/ssl/Alert$AlertConsumer
Event: 87.709 loading class sun/security/ssl/Alert$AlertConsumer done
Event: 87.709 loading class sun/security/ssl/Alert$Level
Event: 87.709 loading class sun/security/ssl/Alert$Level done


Dynamic libraries:
0x00007ff6861d0000 - 0x00007ff6861de000 	C:\Users\AC\.p2\pool\plugins\org.eclipse.justj.openjdk.hotspot.jre.full.win32.x86_64_17.0.10.v20240120-1143\jre\bin\javaw.exe
0x00007ff817070000 - 0x00007ff817287000 	C:\WINDOWS\SYSTEM32\ntdll.dll
0x00007ff8165b0000 - 0x00007ff816674000 	C:\WINDOWS\System32\KERNEL32.DLL
0x00007ff814a00000 - 0x00007ff814dac000 	C:\WINDOWS\System32\KERNELBASE.dll
0x00007fffd5f60000 - 0x00007fffd603b000 	C:\Program Files\Bitdefender\Endpoint Security\bdhkm\dlls_267038596284932272\bdhkm64.dll
0x00007fffd5da0000 - 0x00007fffd5f53000 	C:\Program Files\Bitdefender\Endpoint Security\atcuf\dlls_267239223380362243\atcuf64.dll
0x00007ff814810000 - 0x00007ff814921000 	C:\WINDOWS\System32\ucrtbase.dll
0x00007ffffa070000 - 0x00007ffffa087000 	C:\Users\AC\.p2\pool\plugins\org.eclipse.justj.openjdk.hotspot.jre.full.win32.x86_64_17.0.10.v20240120-1143\jre\bin\jli.dll
0x00007ff816df0000 - 0x00007ff816f9e000 	C:\WINDOWS\System32\USER32.dll
0x00007ff8147e0000 - 0x00007ff814806000 	C:\WINDOWS\System32\win32u.dll
0x00007ff8168c0000 - 0x00007ff8168e9000 	C:\WINDOWS\System32\GDI32.dll
0x00007ff814460000 - 0x00007ff814579000 	C:\WINDOWS\System32\gdi32full.dll
0x00007ff814930000 - 0x00007ff8149ca000 	C:\WINDOWS\System32\msvcp_win.dll
0x00007ffff7f90000 - 0x00007ffff7fab000 	C:\Users\AC\.p2\pool\plugins\org.eclipse.justj.openjdk.hotspot.jre.full.win32.x86_64_17.0.10.v20240120-1143\jre\bin\VCRUNTIME140.dll
0x00007ff800800000 - 0x00007ff800a93000 	C:\WINDOWS\WinSxS\amd64_microsoft.windows.common-controls_6595b64144ccf1df_6.0.22621.3672_none_2713b9d173822955\COMCTL32.dll
0x00007ff8161b0000 - 0x00007ff816257000 	C:\WINDOWS\System32\msvcrt.dll
0x00007ff815f00000 - 0x00007ff815f31000 	C:\WINDOWS\System32\IMM32.DLL
0x00007ff806fd0000 - 0x00007ff806fdc000 	C:\Users\AC\.p2\pool\plugins\org.eclipse.justj.openjdk.hotspot.jre.full.win32.x86_64_17.0.10.v20240120-1143\jre\bin\vcruntime140_1.dll
0x00007fffc5530000 - 0x00007fffc55bd000 	C:\Users\AC\.p2\pool\plugins\org.eclipse.justj.openjdk.hotspot.jre.full.win32.x86_64_17.0.10.v20240120-1143\jre\bin\msvcp140.dll
0x00007fff890f0000 - 0x00007fff89d52000 	C:\Users\AC\.p2\pool\plugins\org.eclipse.justj.openjdk.hotspot.jre.full.win32.x86_64_17.0.10.v20240120-1143\jre\bin\server\jvm.dll
0x00007ff816680000 - 0x00007ff816732000 	C:\WINDOWS\System32\ADVAPI32.dll
0x00007ff815ac0000 - 0x00007ff815b6a000 	C:\WINDOWS\System32\sechost.dll
0x00007ff8149d0000 - 0x00007ff8149f8000 	C:\WINDOWS\System32\bcrypt.dll
0x00007ff816410000 - 0x00007ff816525000 	C:\WINDOWS\System32\RPCRT4.dll
0x00007ff814260000 - 0x00007ff8142ad000 	C:\WINDOWS\SYSTEM32\POWRPROF.dll
0x00007fffe3990000 - 0x00007fffe3999000 	C:\WINDOWS\SYSTEM32\WSOCK32.dll
0x00007ff815c70000 - 0x00007ff815ce1000 	C:\WINDOWS\System32\WS2_32.dll
0x00007ff80a4e0000 - 0x00007ff80a514000 	C:\WINDOWS\SYSTEM32\WINMM.dll
0x00007ff80a120000 - 0x00007ff80a12a000 	C:\WINDOWS\SYSTEM32\VERSION.dll
0x00007ff814240000 - 0x00007ff814253000 	C:\WINDOWS\SYSTEM32\UMPDC.dll
0x00007ff813390000 - 0x00007ff8133a8000 	C:\WINDOWS\SYSTEM32\kernel.appcore.dll
0x00007ff809900000 - 0x00007ff80990a000 	C:\Users\AC\.p2\pool\plugins\org.eclipse.justj.openjdk.hotspot.jre.full.win32.x86_64_17.0.10.v20240120-1143\jre\bin\jimage.dll
0x00007ff811c60000 - 0x00007ff811e92000 	C:\WINDOWS\SYSTEM32\DBGHELP.DLL
0x00007ff8168f0000 - 0x00007ff816c78000 	C:\WINDOWS\System32\combase.dll
0x00007ff815d70000 - 0x00007ff815e47000 	C:\WINDOWS\System32\OLEAUT32.dll
0x00007ff808870000 - 0x00007ff8088a2000 	C:\WINDOWS\SYSTEM32\dbgcore.DLL
0x00007ff8146f0000 - 0x00007ff81476b000 	C:\WINDOWS\System32\bcryptPrimitives.dll
0x00007ff807d30000 - 0x00007ff807d55000 	C:\Users\AC\.p2\pool\plugins\org.eclipse.justj.openjdk.hotspot.jre.full.win32.x86_64_17.0.10.v20240120-1143\jre\bin\java.dll
0x00007ff808f30000 - 0x00007ff808f48000 	C:\Users\AC\.p2\pool\plugins\org.eclipse.justj.openjdk.hotspot.jre.full.win32.x86_64_17.0.10.v20240120-1143\jre\bin\zip.dll
0x00007ff814db0000 - 0x00007ff81560c000 	C:\WINDOWS\System32\SHELL32.dll
0x00007ff8122a0000 - 0x00007ff812b97000 	C:\WINDOWS\SYSTEM32\windows.storage.dll
0x00007ff812160000 - 0x00007ff81229f000 	C:\WINDOWS\SYSTEM32\wintypes.dll
0x00007ff816cf0000 - 0x00007ff816de4000 	C:\WINDOWS\System32\SHCORE.dll
0x00007ff816c80000 - 0x00007ff816cde000 	C:\WINDOWS\System32\shlwapi.dll
0x00007ff8142d0000 - 0x00007ff8142f1000 	C:\WINDOWS\SYSTEM32\profapi.dll
0x00007ff807eb0000 - 0x00007ff807ec9000 	C:\Users\AC\.p2\pool\plugins\org.eclipse.justj.openjdk.hotspot.jre.full.win32.x86_64_17.0.10.v20240120-1143\jre\bin\net.dll
0x00007ff80b900000 - 0x00007ff80ba36000 	C:\WINDOWS\SYSTEM32\WINHTTP.dll
0x00007ff8137f0000 - 0x00007ff813859000 	C:\WINDOWS\system32\mswsock.dll
0x00007ffffa4d0000 - 0x00007ffffa4e6000 	C:\Users\AC\.p2\pool\plugins\org.eclipse.justj.openjdk.hotspot.jre.full.win32.x86_64_17.0.10.v20240120-1143\jre\bin\nio.dll
0x00007ff812e70000 - 0x00007ff812f68000 	C:\WINDOWS\SYSTEM32\DNSAPI.dll
0x00007ff812e00000 - 0x00007ff812e2d000 	C:\WINDOWS\SYSTEM32\IPHLPAPI.DLL
0x00007ff815aa0000 - 0x00007ff815aa9000 	C:\WINDOWS\System32\NSI.dll
0x00007ff8094e0000 - 0x00007ff8094ea000 	C:\Windows\System32\rasadhlp.dll
0x00007ff809bb0000 - 0x00007ff809c33000 	C:\WINDOWS\System32\fwpuclnt.dll
0x00007ff8088f0000 - 0x00007ff8088f9000 	C:\Users\AC\.p2\pool\plugins\org.eclipse.justj.openjdk.hotspot.jre.full.win32.x86_64_17.0.10.v20240120-1143\jre\bin\extnet.dll
0x00007ff813a90000 - 0x00007ff813aab000 	C:\WINDOWS\SYSTEM32\CRYPTSP.dll
0x00007ff8132f0000 - 0x00007ff813325000 	C:\WINDOWS\system32\rsaenh.dll
0x00007ff813890000 - 0x00007ff8138b8000 	C:\WINDOWS\SYSTEM32\USERENV.dll
0x00007ff813a00000 - 0x00007ff813a0c000 	C:\WINDOWS\SYSTEM32\CRYPTBASE.dll
0x00007ff80b8e0000 - 0x00007ff80b8f9000 	C:\WINDOWS\SYSTEM32\dhcpcsvc6.DLL
0x00007ff80b8c0000 - 0x00007ff80b8df000 	C:\WINDOWS\SYSTEM32\dhcpcsvc.DLL
0x00007ff808040000 - 0x00007ff808050000 	C:\Users\AC\.p2\pool\plugins\org.eclipse.justj.openjdk.hotspot.jre.full.win32.x86_64_17.0.10.v20240120-1143\jre\bin\verify.dll
0x00007ff807b80000 - 0x00007ff807b8e000 	C:\Users\AC\.p2\pool\plugins\org.eclipse.justj.openjdk.hotspot.jre.full.win32.x86_64_17.0.10.v20240120-1143\jre\bin\sunmscapi.dll
0x00007ff814580000 - 0x00007ff8146e7000 	C:\WINDOWS\System32\CRYPT32.dll
0x00007ff813c60000 - 0x00007ff813c8e000 	C:\WINDOWS\SYSTEM32\ncrypt.dll
0x00007ff813c20000 - 0x00007ff813c57000 	C:\WINDOWS\SYSTEM32\NTASN1.dll
0x00007fffe1b40000 - 0x00007fffe1b48000 	C:\WINDOWS\system32\wshunix.dll
0x00007fffaf240000 - 0x00007fffaf3d0000 	C:\Users\AC\.p2\pool\plugins\org.eclipse.justj.openjdk.hotspot.jre.full.win32.x86_64_17.0.10.v20240120-1143\jre\bin\awt.dll
0x00007ff80e770000 - 0x00007ff80e807000 	C:\WINDOWS\SYSTEM32\apphelp.dll
0x00007ff811720000 - 0x00007ff81174b000 	C:\WINDOWS\system32\DWMAPI.DLL
0x00007ff8112b0000 - 0x00007ff81135a000 	C:\WINDOWS\system32\uxtheme.dll
0x00007ffff8ef0000 - 0x00007ffff8ff0000 	C:\WINDOWS\system32\opengl32.dll
0x00007ff807650000 - 0x00007ff80767d000 	C:\WINDOWS\SYSTEM32\GLU32.dll
0x00007ff8113b0000 - 0x00007ff8113e9000 	C:\WINDOWS\SYSTEM32\dxcore.dll
0x00007ff816760000 - 0x00007ff8168b3000 	C:\WINDOWS\System32\MSCTF.dll
0x00007ff816260000 - 0x00007ff816405000 	C:\WINDOWS\System32\ole32.dll

dbghelp: loaded successfully - version: 4.0.5 - missing functions: none
symbol engine: initialized successfully - sym options: 0x614 - pdb path: .;C:\Users\AC\.p2\pool\plugins\org.eclipse.justj.openjdk.hotspot.jre.full.win32.x86_64_17.0.10.v20240120-1143\jre\bin;C:\WINDOWS\SYSTEM32;C:\Program Files\Bitdefender\Endpoint Security\bdhkm\dlls_267038596284932272;C:\Program Files\Bitdefender\Endpoint Security\atcuf\dlls_267239223380362243;C:\WINDOWS\WinSxS\amd64_microsoft.windows.common-controls_6595b64144ccf1df_6.0.22621.3672_none_2713b9d173822955;C:\Users\AC\.p2\pool\plugins\org.eclipse.justj.openjdk.hotspot.jre.full.win32.x86_64_17.0.10.v20240120-1143\jre\bin\server

VM Arguments:
jvm_args: -ea -DsuiteFile=lookup.xml -Dfile.encoding=UTF-8 -Dstdout.encoding=UTF-8 -Dstderr.encoding=UTF-8 -XX:+ShowCodeDetailsInExceptionMessages 
java_command: org.testng.remote.RemoteTestNG -serport 58109 -protocol json -d C:\Users\AC\git\RR_Web_Automation\RR\test-output C:\Users\AC\git\RR_Web_Automation\RR\vendor_verification.xml
java_class_path (initial): C:\Users\AC\eclipse\java-2024-03\eclipse\configuration\org.eclipse.osgi\526\0\.cp\lib\testng-remote.jar;C:\Users\AC\git\RR_Web_Automation\RR\target\test-classes;C:\Users\AC\git\RR_Web_Automation\RR\target\classes;C:\Users\AC\.m2\repository\org\testng\testng\7.5.1\testng-7.5.1.jar;C:\Users\AC\.m2\repository\com\google\code\findbugs\jsr305\3.0.1\jsr305-3.0.1.jar;C:\Users\AC\.m2\repository\com\beust\jcommander\1.78\jcommander-1.78.jar;C:\Users\AC\.m2\repository\org\webjars\jquery\3.5.1\jquery-3.5.1.jar;C:\Users\AC\.m2\repository\org\im4java\im4java\1.4.0\im4java-1.4.0.jar;C:\Users\AC\.m2\repository\org\apache\poi\poi\4.1.1\poi-4.1.1.jar;C:\Users\AC\.m2\repository\commons-codec\commons-codec\1.13\commons-codec-1.13.jar;C:\Users\AC\.m2\repository\org\apache\commons\commons-collections4\4.4\commons-collections4-4.4.jar;C:\Users\AC\.m2\repository\org\apache\commons\commons-math3\3.6.1\commons-math3-3.6.1.jar;C:\Users\AC\.m2\repository\org\apache\poi\poi-ooxml\4.1.1\poi-ooxml-4.1.1.jar;C:\Users\AC\.m2\repository\org\apache\poi\poi-ooxml-schemas\4.1.1\poi-ooxml-schemas-4.1.1.jar;C:\Users\AC\.m2\repository\org\apache\xmlbeans\xmlbeans\3.1.0\xmlbeans-3.1.0.jar;C:\Users\AC\.m2\repository\org\apache\commons\commons-compress\1.19\commons-compress-1.19.jar;C:\Users\AC\.m2\repository\com\github\virtuald\curvesapi\1.06\curvesapi-1.06.jar;C:\Users\AC\.m2\repository\org\seleniumhq\selenium\selenium-java\4.16.0\selenium-java-4.16.0.jar;C:\Users\AC\.m2\repository\org\seleniumhq\selenium\selenium-api\4.16.0\selenium-api-4.16.0.jar;C:\Users\AC\.m2\repository\org\seleniumhq\selenium\selenium-chrome-driver\4.16.0\selenium-chrome-driver-4.16.0.jar;C:\Users\AC\.m2\repository\com\google\auto\service\auto-service-annotations\1.1.1\auto-service-annotations-1.1.1.jar;C:\Users\AC\.m2\repository\org\seleniumhq\selenium\selenium-chromium-driver\4.16.0\selenium-chromium-driver-4.16.0.jar;C:\Users\AC\.m2\repository\org\seleniumhq\selenium\selenium-json\4.16.0\selenium-json
Launcher Type: SUN_STANDARD

[Global flags]
     intx CICompilerCount                          = 3                                         {product} {ergonomic}
     uint ConcGCThreads                            = 1                                         {product} {ergonomic}
     uint G1ConcRefinementThreads                  = 4                                         {product} {ergonomic}
   size_t G1HeapRegionSize                         = 1048576                                   {product} {ergonomic}
    uintx GCDrainStackTargetSize                   = 64                                        {product} {ergonomic}
   size_t InitialHeapSize                          = 130023424                                 {product} {ergonomic}
   size_t MarkStackSize                            = 4194304                                   {product} {ergonomic}
   size_t MaxHeapSize                              = 2069889024                                {product} {ergonomic}
   size_t MaxNewSize                               = 1241513984                                {product} {ergonomic}
   size_t MinHeapDeltaBytes                        = 1048576                                   {product} {ergonomic}
   size_t MinHeapSize                              = 8388608                                   {product} {ergonomic}
    uintx NonNMethodCodeHeapSize                   = 5832780                                {pd product} {ergonomic}
    uintx NonProfiledCodeHeapSize                  = 122912730                              {pd product} {ergonomic}
    uintx ProfiledCodeHeapSize                     = 122912730                              {pd product} {ergonomic}
    uintx ReservedCodeCacheSize                    = 251658240                              {pd product} {ergonomic}
     bool SegmentedCodeCache                       = true                                      {product} {ergonomic}
     bool ShowCodeDetailsInExceptionMessages       = true                                   {manageable} {command line}
   size_t SoftMaxHeapSize                          = 2069889024                             {manageable} {ergonomic}
     bool UseCompressedClassPointers               = true                           {product lp64_product} {ergonomic}
     bool UseCompressedOops                        = true                           {product lp64_product} {ergonomic}
     bool UseG1GC                                  = true                                      {product} {ergonomic}
     bool UseLargePagesIndividualAllocation        = false                                  {pd product} {ergonomic}

Logging:
Log output configuration:
 #0: stdout all=warning uptime,level,tags
 #1: stderr all=off uptime,level,tags

Environment Variables:
PATH=C:/Users/AC/.p2/pool/plugins/org.eclipse.justj.openjdk.hotspot.jre.full.win32.x86_64_17.0.10.v20240120-1143/jre/bin/server;C:/Users/AC/.p2/pool/plugins/org.eclipse.justj.openjdk.hotspot.jre.full.win32.x86_64_17.0.10.v20240120-1143/jre/bin;C:\Program Files\Common Files\Oracle\Java\javapath;C:\WINDOWS\system32;C:\WINDOWS;C:\WINDOWS\System32\Wbem;C:\WINDOWS\System32\WindowsPowerShell\v1.0\;C:\WINDOWS\System32\OpenSSH\;C:\Program Files\Java\jdk-17;C:\Program Files\Git\cmd;C:\Users\AC\git\RR_Web_Automation\RR\apache-maven-3.8.8-bin\apache-maven-3.8.8\bin;;C:\Program Files\Docker\Docker\resources\bin;C:\Users\AC\AppData\Local\Microsoft\WindowsApps;C:\Users\AC\AppData\Local\GitHubDesktop\bin;C:\WINDOWS\System32;
USERNAME=AC
OS=Windows_NT
PROCESSOR_IDENTIFIER=Intel64 Family 6 Model 140 Stepping 1, GenuineIntel
TMP=C:\Users\AC\AppData\Local\Temp
TEMP=C:\Users\AC\AppData\Local\Temp



Periodic native trim disabled


---------------  S Y S T E M  ---------------

OS:
 Windows 11 , 64 bit Build 22621 (10.0.22621.3672)
OS uptime: 19 days 2:26 hours
Hyper-V role detected

CPU: total 4 (initial active 4) (2 cores per cpu, 2 threads per core) family 6 model 140 stepping 1 microcode 0x86, cx8, cmov, fxsr, ht, mmx, 3dnowpref, sse, sse2, sse3, ssse3, sse4.1, sse4.2, popcnt, lzcnt, tsc, tscinvbit, avx, avx2, aes, erms, clmul, bmi1, bmi2, adx, avx512f, avx512dq, avx512cd, avx512bw, avx512vl, sha, fma, vzeroupper, avx512_vpopcntdq, avx512_vpclmulqdq, avx512_vaes, avx512_vnni, clflush, clflushopt, clwb, avx512_vbmi2, avx512_vbmi, hv
Processor Information for processor 0
  Max Mhz: 2995, Current Mhz: 2995, Mhz Limit: 2995
Processor Information for processor 1
  Max Mhz: 2995, Current Mhz: 998, Mhz Limit: 2995
Processor Information for processor 2
  Max Mhz: 2995, Current Mhz: 2995, Mhz Limit: 2995
Processor Information for processor 3
  Max Mhz: 2995, Current Mhz: 2995, Mhz Limit: 2995

Memory: 4k page, system-wide physical 7890M (294M free)
TotalPageFile size 32466M (AvailPageFile size 13M)
current process WorkingSet (physical memory assigned to process): 172M, peak: 178M
current process commit charge ("private bytes"): 233M, peak: 240M

vm_info: OpenJDK 64-Bit Server VM (17.0.10+7) for windows-amd64 JRE (17.0.10+7), built on Jan 16 2024 23:25:11 by "admin" with MS VC++ 16.10 / 16.11 (VS2019)

END.
