#
# There is insufficient memory for the Java Runtime Environment to continue.
# Native memory allocation (malloc) failed to allocate 986736 bytes for Chunk::new
# Possible reasons:
#   The system is out of physical RAM or swap space
#   The process is running with CompressedOops enabled, and the Java Heap may be blocking the growth of the native heap
# Possible solutions:
#   Reduce memory load on the system
#   Increase physical memory or swap space
#   Check if swap backing store is full
#   Decrease Java heap size (-Xmx/-Xms)
#   Decrease number of Java threads
#   Decrease Java thread stack sizes (-Xss)
#   Set larger code cache with -XX:ReservedCodeCacheSize=
#   JVM is running with Unscaled Compressed Oops mode in which the Java heap is
#     placed in the first 4GB address space. The Java Heap base address is the
#     maximum limit for the native heap growth. Please use -XX:HeapBaseMinAddress
#     to set the Java Heap base and to place the Java Heap above 4GB virtual address.
# This output file may be truncated or incomplete.
#
#  Out of Memory Error (arena.cpp:189), pid=17396, tid=29724
#
# JRE version: Java(TM) SE Runtime Environment (17.0.10+11) (build 17.0.10+11-LTS-240)
# Java VM: Java HotSpot(TM) 64-Bit Server VM (17.0.10+11-LTS-240, mixed mode, sharing, tiered, compressed oops, compressed class ptrs, g1 gc, windows-amd64)
# No core dump will be written. Minidumps are not enabled by default on client versions of Windows
#

---------------  S U M M A R Y ------------

Command Line: jenkins.maven3.agent.Maven35Main C:\ProgramData\Jenkins\.jenkins\tools\hudson.tasks.Maven_MavenInstallation\maven3 C:\ProgramData\Jenkins\war\WEB-INF\lib\remoting-3206.vb_15dcf73f6a_9.jar C:\ProgramData\Jenkins\.jenkins\plugins\maven-plugin\WEB-INF\lib\maven35-interceptor-1.14.jar C:\ProgramData\Jenkins\.jenkins\plugins\maven-plugin\WEB-INF\lib\maven3-interceptor-commons-1.14.jar 58014

Host: 11th Gen Intel(R) Core(TM) i3-1115G4 @ 3.00GHz, 4 cores, 7G,  Windows 11 , 64 bit Build 22621 (10.0.22621.3672)
Time: Mon Jul  1 14:05:22 2024 India Standard Time elapsed time: 220.208308 seconds (0d 0h 3m 40s)

---------------  T H R E A D  ---------------

Current thread (0x00000178b2355fb0):  JavaThread "C2 CompilerThread0" daemon [_thread_in_native, id=29724, stack(0x00000007f5600000,0x00000007f5700000)]


Current CompileTask:
C2: 220209 9761       4       java.io.ObjectInputStream::readClassDesc (121 bytes)

Stack: [0x00000007f5600000,0x00000007f5700000]
Native frames: (J=compiled Java code, j=interpreted, Vv=VM code, C=native code)
V  [jvm.dll+0x677a5a]
V  [jvm.dll+0x7d8b2d]
V  [jvm.dll+0x7da48e]
V  [jvm.dll+0x7daaf3]
V  [jvm.dll+0x2455ff]
V  [jvm.dll+0xaaafb]
V  [jvm.dll+0xab09c]
V  [jvm.dll+0x2aafef]
V  [jvm.dll+0x57fd55]
V  [jvm.dll+0x220472]
V  [jvm.dll+0x21954d]
V  [jvm.dll+0x216c79]
V  [jvm.dll+0x1a3410]
V  [jvm.dll+0x226aeb]
V  [jvm.dll+0x224cab]
V  [jvm.dll+0x78e45c]
V  [jvm.dll+0x78888a]
V  [jvm.dll+0x676935]
C  [ucrtbase.dll+0x29333]
C  [KERNEL32.DLL+0x1257d]
C  [ntdll.dll+0x5af28]


---------------  P R O C E S S  ---------------

Threads class SMR info:
_java_thread_list=0x00000178fa41c560, length=25, elements={
0x0000017894c9afa0, 0x00000178b233b590, 0x00000178b233bf50, 0x00000178b23514c0,
0x00000178b2351e80, 0x00000178b2354850, 0x00000178b2355210, 0x00000178b2355fb0,
0x00000178b2356a60, 0x00000178b238c760, 0x00000178b2593cf0, 0x00000178b2596c90,
0x00000178b27fc110, 0x00000178b2802b50, 0x00000178b28084d0, 0x00000178f9582980,
0x00000178f89142e0, 0x00000178f890ecd0, 0x00000178f8913dd0, 0x00000178f8912ea0,
0x00000178f8915210, 0x00000178f8915720, 0x00000178f8911a60, 0x00000178f890f6f0,
0x00000178f890f1e0
}

Java Threads: ( => current thread )
  0x0000017894c9afa0 JavaThread "main" [_thread_blocked, id=27700, stack(0x00000007f4900000,0x00000007f4a00000)]
  0x00000178b233b590 JavaThread "Reference Handler" daemon [_thread_blocked, id=8976, stack(0x00000007f5000000,0x00000007f5100000)]
  0x00000178b233bf50 JavaThread "Finalizer" daemon [_thread_blocked, id=5436, stack(0x00000007f5100000,0x00000007f5200000)]
  0x00000178b23514c0 JavaThread "Signal Dispatcher" daemon [_thread_blocked, id=18220, stack(0x00000007f5200000,0x00000007f5300000)]
  0x00000178b2351e80 JavaThread "Attach Listener" daemon [_thread_blocked, id=24056, stack(0x00000007f5300000,0x00000007f5400000)]
  0x00000178b2354850 JavaThread "Service Thread" daemon [_thread_blocked, id=23084, stack(0x00000007f5400000,0x00000007f5500000)]
  0x00000178b2355210 JavaThread "Monitor Deflation Thread" daemon [_thread_blocked, id=16444, stack(0x00000007f5500000,0x00000007f5600000)]
=>0x00000178b2355fb0 JavaThread "C2 CompilerThread0" daemon [_thread_in_native, id=29724, stack(0x00000007f5600000,0x00000007f5700000)]
  0x00000178b2356a60 JavaThread "C1 CompilerThread0" daemon [_thread_blocked, id=27308, stack(0x00000007f5700000,0x00000007f5800000)]
  0x00000178b238c760 JavaThread "Sweeper thread" daemon [_thread_blocked, id=12924, stack(0x00000007f5800000,0x00000007f5900000)]
  0x00000178b2593cf0 JavaThread "Notification Thread" daemon [_thread_blocked, id=30580, stack(0x00000007f5900000,0x00000007f5a00000)]
  0x00000178b2596c90 JavaThread "Common-Cleaner" daemon [_thread_blocked, id=16596, stack(0x00000007f5b00000,0x00000007f5c00000)]
  0x00000178b27fc110 JavaThread "RemoteInvocationHandler [#1]" daemon [_thread_blocked, id=28268, stack(0x00000007f5c00000,0x00000007f5d00000)]
  0x00000178b2802b50 JavaThread "Channel reader thread: channel" [_thread_in_native, id=22296, stack(0x00000007f5d00000,0x00000007f5e00000)]
  0x00000178b28084d0 JavaThread "pool-1-thread-1 for channel id=7844" [_thread_in_native, id=12584, stack(0x00000007f5e00000,0x00000007f5f00000)]
  0x00000178f9582980 JavaThread "resolver-1" daemon [_thread_blocked, id=9276, stack(0x00000007f6800000,0x00000007f6900000)]
  0x00000178f89142e0 JavaThread "resolver-2" daemon [_thread_blocked, id=10256, stack(0x00000007f6900000,0x00000007f6a00000)]
  0x00000178f890ecd0 JavaThread "resolver-3" daemon [_thread_blocked, id=14724, stack(0x00000007f6a00000,0x00000007f6b00000)]
  0x00000178f8913dd0 JavaThread "resolver-4" daemon [_thread_blocked, id=34436, stack(0x00000007f6b00000,0x00000007f6c00000)]
  0x00000178f8912ea0 JavaThread "resolver-5" daemon [_thread_blocked, id=27620, stack(0x00000007f6c00000,0x00000007f6d00000)]
  0x00000178f8915210 JavaThread "ping-timer-10sec" daemon [_thread_blocked, id=5068, stack(0x00000007f6d00000,0x00000007f6e00000)]
  0x00000178f8915720 JavaThread "ThreadedStreamConsumer" daemon [_thread_blocked, id=31812, stack(0x00000007f6e00000,0x00000007f6f00000)]
  0x00000178f8911a60 JavaThread "Thread-1" [_thread_blocked, id=3280, stack(0x00000007f6f00000,0x00000007f7000000)]
  0x00000178f890f6f0 JavaThread "Thread-2" [_thread_in_native, id=25664, stack(0x00000007f7000000,0x00000007f7100000)]
  0x00000178f890f1e0 JavaThread "Thread-3" [_thread_in_native, id=31820, stack(0x00000007f7100000,0x00000007f7200000)]

Other Threads:
  0x00000178b2337450 VMThread "VM Thread" [stack: 0x00000007f4f00000,0x00000007f5000000] [id=23644]
  0x00000178b25961e0 WatcherThread [stack: 0x00000007f5a00000,0x00000007f5b00000] [id=6676]
  0x0000017894cf3d30 GCTaskThread "GC Thread#0" [stack: 0x00000007f4a00000,0x00000007f4b00000] [id=29780]
  0x00000178f847d580 GCTaskThread "GC Thread#1" [stack: 0x00000007f6200000,0x00000007f6300000] [id=5516]
  0x00000178f847d840 GCTaskThread "GC Thread#2" [stack: 0x00000007f6300000,0x00000007f6400000] [id=15748]
  0x00000178f847db00 GCTaskThread "GC Thread#3" [stack: 0x00000007f6400000,0x00000007f6500000] [id=14496]
  0x0000017894d04340 ConcurrentGCThread "G1 Main Marker" [stack: 0x00000007f4b00000,0x00000007f4c00000] [id=33384]
  0x0000017894d04d50 ConcurrentGCThread "G1 Conc#0" [stack: 0x00000007f4c00000,0x00000007f4d00000] [id=29000]
  0x0000017894d6cbd0 ConcurrentGCThread "G1 Refine#0" [stack: 0x00000007f4d00000,0x00000007f4e00000] [id=30312]
  0x00000178f84f8330 ConcurrentGCThread "G1 Refine#1" [stack: 0x00000007f6500000,0x00000007f6600000] [id=23052]
  0x0000017894d6d600 ConcurrentGCThread "G1 Service" [stack: 0x00000007f4e00000,0x00000007f4f00000] [id=27260]

Threads with active compile tasks:
C2 CompilerThread0   220339 9761       4       java.io.ObjectInputStream::readClassDesc (121 bytes)

VM state: not at safepoint (normal execution)

VM Mutex/Monitor currently owned by a thread: None

Heap address: 0x0000000084a00000, size: 1974 MB, Compressed Oops mode: 32-bit

CDS archive(s) mapped at: [0x00000178b3000000-0x00000178b3bd0000-0x00000178b3bd0000), size 12386304, SharedBaseAddress: 0x00000178b3000000, ArchiveRelocationMode: 1.
Compressed class space mapped at: 0x00000178b4000000-0x00000178f4000000, reserved size: 1073741824
Narrow klass base: 0x00000178b3000000, Narrow klass shift: 0, Narrow klass range: 0x100000000

GC Precious Log:
 CPUs: 4 total, 4 available
 Memory: 7890M
 Large Page Support: Disabled
 NUMA Support: Disabled
 Compressed Oops: Enabled (32-bit)
 Heap Region Size: 1M
 Heap Min Capacity: 8M
 Heap Initial Capacity: 124M
 Heap Max Capacity: 1974M
 Pre-touch: Disabled
 Parallel Workers: 4
 Concurrent Workers: 1
 Concurrent Refinement Workers: 4
 Periodic GC: Disabled

Heap:
 garbage-first heap   total 109568K, used 83846K [0x0000000084a00000, 0x0000000100000000)
  region size 1024K, 24 young (24576K), 2 survivors (2048K)
 Metaspace       used 35438K, committed 35904K, reserved 1114112K
  class space    used 3814K, committed 4032K, reserved 1048576K

Heap Regions: E=young(eden), S=young(survivor), O=old, HS=humongous(starts), HC=humongous(continues), CS=collection set, F=free, OA=open archive, CA=closed archive, TAMS=top-at-mark-start (previous, next)
|   0|0x0000000084a00000, 0x0000000084b00000, 0x0000000084b00000|100%|HS|  |TAMS 0x0000000084b00000, 0x0000000084a00000| Complete 
|   1|0x0000000084b00000, 0x0000000084c00000, 0x0000000084c00000|100%|HC|  |TAMS 0x0000000084c00000, 0x0000000084b00000| Complete 
|   2|0x0000000084c00000, 0x0000000084d00000, 0x0000000084d00000|100%|HS|  |TAMS 0x0000000084d00000, 0x0000000084c00000| Complete 
|   3|0x0000000084d00000, 0x0000000084e00000, 0x0000000084e00000|100%|HC|  |TAMS 0x0000000084e00000, 0x0000000084d00000| Complete 
|   4|0x0000000084e00000, 0x0000000084f00000, 0x0000000084f00000|100%| O|  |TAMS 0x0000000084f00000, 0x0000000084e00000| Untracked 
|   5|0x0000000084f00000, 0x0000000085000000, 0x0000000085000000|100%| O|  |TAMS 0x0000000085000000, 0x0000000084f00000| Untracked 
|   6|0x0000000085000000, 0x0000000085100000, 0x0000000085100000|100%| O|  |TAMS 0x0000000085100000, 0x0000000085000000| Untracked 
|   7|0x0000000085100000, 0x0000000085200000, 0x0000000085200000|100%| O|  |TAMS 0x0000000085200000, 0x0000000085100000| Untracked 
|   8|0x0000000085200000, 0x0000000085300000, 0x0000000085300000|100%| O|  |TAMS 0x0000000085300000, 0x0000000085200000| Untracked 
|   9|0x0000000085300000, 0x0000000085300000, 0x0000000085400000|  0%| F|  |TAMS 0x0000000085300000, 0x0000000085300000| Untracked 
|  10|0x0000000085400000, 0x0000000085500000, 0x0000000085500000|100%| O|  |TAMS 0x0000000085500000, 0x0000000085400000| Untracked 
|  11|0x0000000085500000, 0x0000000085600000, 0x0000000085600000|100%| O|  |TAMS 0x0000000085600000, 0x0000000085500000| Untracked 
|  12|0x0000000085600000, 0x0000000085700000, 0x0000000085700000|100%| O|  |TAMS 0x0000000085700000, 0x0000000085600000| Untracked 
|  13|0x0000000085700000, 0x0000000085800000, 0x0000000085800000|100%| O|  |TAMS 0x0000000085800000, 0x0000000085700000| Untracked 
|  14|0x0000000085800000, 0x0000000085900000, 0x0000000085900000|100%| O|  |TAMS 0x0000000085900000, 0x0000000085800000| Untracked 
|  15|0x0000000085900000, 0x0000000085a00000, 0x0000000085a00000|100%| O|  |TAMS 0x0000000085a00000, 0x0000000085900000| Untracked 
|  16|0x0000000085a00000, 0x0000000085b00000, 0x0000000085b00000|100%| O|  |TAMS 0x0000000085b00000, 0x0000000085a00000| Untracked 
|  17|0x0000000085b00000, 0x0000000085c00000, 0x0000000085c00000|100%| O|  |TAMS 0x0000000085c00000, 0x0000000085b00000| Untracked 
|  18|0x0000000085c00000, 0x0000000085d00000, 0x0000000085d00000|100%| O|  |TAMS 0x0000000085d00000, 0x0000000085c00000| Untracked 
|  19|0x0000000085d00000, 0x0000000085e00000, 0x0000000085e00000|100%| O|  |TAMS 0x0000000085e00000, 0x0000000085d00000| Untracked 
|  20|0x0000000085e00000, 0x0000000085f00000, 0x0000000085f00000|100%| O|  |TAMS 0x0000000085f00000, 0x0000000085e00000| Untracked 
|  21|0x0000000085f00000, 0x0000000085f00000, 0x0000000086000000|  0%| F|  |TAMS 0x0000000085f00000, 0x0000000085f00000| Untracked 
|  22|0x0000000086000000, 0x0000000086100000, 0x0000000086100000|100%| O|  |TAMS 0x0000000086100000, 0x0000000086000000| Untracked 
|  23|0x0000000086100000, 0x0000000086200000, 0x0000000086200000|100%| O|  |TAMS 0x0000000086200000, 0x0000000086100000| Untracked 
|  24|0x0000000086200000, 0x0000000086300000, 0x0000000086300000|100%| O|  |TAMS 0x0000000086300000, 0x0000000086200000| Untracked 
|  25|0x0000000086300000, 0x0000000086400000, 0x0000000086400000|100%| O|  |TAMS 0x0000000086400000, 0x0000000086300000| Untracked 
|  26|0x0000000086400000, 0x0000000086500000, 0x0000000086500000|100%| O|  |TAMS 0x0000000086500000, 0x0000000086400000| Untracked 
|  27|0x0000000086500000, 0x0000000086600000, 0x0000000086600000|100%| O|  |TAMS 0x0000000086600000, 0x0000000086500000| Untracked 
|  28|0x0000000086600000, 0x0000000086700000, 0x0000000086700000|100%| O|  |TAMS 0x0000000086700000, 0x0000000086600000| Complete 
|  29|0x0000000086700000, 0x0000000086800000, 0x0000000086800000|100%| O|  |TAMS 0x0000000086800000, 0x0000000086700000| Untracked 
|  30|0x0000000086800000, 0x0000000086900000, 0x0000000086900000|100%| O|  |TAMS 0x0000000086900000, 0x0000000086800000| Untracked 
|  31|0x0000000086900000, 0x0000000086a00000, 0x0000000086a00000|100%|HS|  |TAMS 0x0000000086a00000, 0x0000000086900000| Complete 
|  32|0x0000000086a00000, 0x0000000086b00000, 0x0000000086b00000|100%| O|  |TAMS 0x0000000086b00000, 0x0000000086a00000| Complete 
|  33|0x0000000086b00000, 0x0000000086c00000, 0x0000000086c00000|100%| O|  |TAMS 0x0000000086c00000, 0x0000000086b00000| Untracked 
|  34|0x0000000086c00000, 0x0000000086d00000, 0x0000000086d00000|100%| O|  |TAMS 0x0000000086d00000, 0x0000000086c00000| Complete 
|  35|0x0000000086d00000, 0x0000000086e00000, 0x0000000086e00000|100%|HS|  |TAMS 0x0000000086e00000, 0x0000000086d00000| Complete 
|  36|0x0000000086e00000, 0x0000000086f00000, 0x0000000086f00000|100%| O|  |TAMS 0x0000000086f00000, 0x0000000086e00000| Untracked 
|  37|0x0000000086f00000, 0x0000000087000000, 0x0000000087000000|100%| O|  |TAMS 0x0000000087000000, 0x0000000086f00000| Untracked 
|  38|0x0000000087000000, 0x0000000087100000, 0x0000000087100000|100%| O|  |TAMS 0x0000000087100000, 0x0000000087000000| Untracked 
|  39|0x0000000087100000, 0x0000000087200000, 0x0000000087200000|100%| O|  |TAMS 0x0000000087200000, 0x0000000087100000| Untracked 
|  40|0x0000000087200000, 0x0000000087200000, 0x0000000087300000|  0%| F|  |TAMS 0x0000000087200000, 0x0000000087200000| Untracked 
|  41|0x0000000087300000, 0x0000000087400000, 0x0000000087400000|100%| O|  |TAMS 0x0000000087400000, 0x0000000087300000| Untracked 
|  42|0x0000000087400000, 0x0000000087500000, 0x0000000087500000|100%| O|  |TAMS 0x0000000087500000, 0x0000000087400000| Untracked 
|  43|0x0000000087500000, 0x0000000087600000, 0x0000000087600000|100%| O|  |TAMS 0x0000000087600000, 0x0000000087500000| Untracked 
|  44|0x0000000087600000, 0x0000000087700000, 0x0000000087700000|100%| O|  |TAMS 0x0000000087700000, 0x0000000087600000| Untracked 
|  45|0x0000000087700000, 0x0000000087800000, 0x0000000087800000|100%| O|  |TAMS 0x0000000087800000, 0x0000000087700000| Untracked 
|  46|0x0000000087800000, 0x0000000087900000, 0x0000000087900000|100%| O|  |TAMS 0x0000000087900000, 0x0000000087800000| Untracked 
|  47|0x0000000087900000, 0x0000000087a00000, 0x0000000087a00000|100%| O|  |TAMS 0x0000000087a00000, 0x0000000087900000| Untracked 
|  48|0x0000000087a00000, 0x0000000087b00000, 0x0000000087b00000|100%| O|  |TAMS 0x0000000087b00000, 0x0000000087a00000| Untracked 
|  49|0x0000000087b00000, 0x0000000087c00000, 0x0000000087c00000|100%| O|  |TAMS 0x0000000087c00000, 0x0000000087b00000| Untracked 
|  50|0x0000000087c00000, 0x0000000087d00000, 0x0000000087d00000|100%| O|  |TAMS 0x0000000087d00000, 0x0000000087c00000| Untracked 
|  51|0x0000000087d00000, 0x0000000087e00000, 0x0000000087e00000|100%| O|  |TAMS 0x0000000087e00000, 0x0000000087d00000| Untracked 
|  52|0x0000000087e00000, 0x0000000087f00000, 0x0000000087f00000|100%| O|  |TAMS 0x0000000087f00000, 0x0000000087e00000| Untracked 
|  53|0x0000000087f00000, 0x0000000088000000, 0x0000000088000000|100%| O|  |TAMS 0x0000000088000000, 0x0000000087f00000| Untracked 
|  54|0x0000000088000000, 0x0000000088100000, 0x0000000088100000|100%| O|  |TAMS 0x0000000088100000, 0x0000000088000000| Untracked 
|  55|0x0000000088100000, 0x0000000088200000, 0x0000000088200000|100%| O|  |TAMS 0x0000000088200000, 0x0000000088100000| Untracked 
|  56|0x0000000088200000, 0x0000000088300000, 0x0000000088300000|100%|HS|  |TAMS 0x0000000088300000, 0x0000000088200000| Complete 
|  57|0x0000000088300000, 0x0000000088400000, 0x0000000088400000|100%|HC|  |TAMS 0x0000000088400000, 0x0000000088300000| Complete 
|  58|0x0000000088400000, 0x0000000088500000, 0x0000000088500000|100%| O|  |TAMS 0x0000000088500000, 0x0000000088400000| Untracked 
|  59|0x0000000088500000, 0x0000000088600000, 0x0000000088600000|100%| O|  |TAMS 0x0000000088600000, 0x0000000088500000| Untracked 
|  60|0x0000000088600000, 0x00000000886f2c00, 0x0000000088700000| 94%| O|  |TAMS 0x00000000886f2c00, 0x0000000088600000| Untracked 
|  61|0x0000000088700000, 0x0000000088700000, 0x0000000088800000|  0%| F|  |TAMS 0x0000000088700000, 0x0000000088700000| Untracked 
|  62|0x0000000088800000, 0x0000000088800000, 0x0000000088900000|  0%| F|  |TAMS 0x0000000088800000, 0x0000000088800000| Untracked 
|  63|0x0000000088900000, 0x0000000088900000, 0x0000000088a00000|  0%| F|  |TAMS 0x0000000088900000, 0x0000000088900000| Untracked 
|  64|0x0000000088a00000, 0x0000000088a00000, 0x0000000088b00000|  0%| F|  |TAMS 0x0000000088a00000, 0x0000000088a00000| Untracked 
|  65|0x0000000088b00000, 0x0000000088b00000, 0x0000000088c00000|  0%| F|  |TAMS 0x0000000088b00000, 0x0000000088b00000| Untracked 
|  66|0x0000000088c00000, 0x0000000088c00000, 0x0000000088d00000|  0%| F|  |TAMS 0x0000000088c00000, 0x0000000088c00000| Untracked 
|  67|0x0000000088d00000, 0x0000000088d00000, 0x0000000088e00000|  0%| F|  |TAMS 0x0000000088d00000, 0x0000000088d00000| Untracked 
|  68|0x0000000088e00000, 0x0000000088e00000, 0x0000000088f00000|  0%| F|  |TAMS 0x0000000088e00000, 0x0000000088e00000| Untracked 
|  69|0x0000000088f00000, 0x0000000088f00000, 0x0000000089000000|  0%| F|  |TAMS 0x0000000088f00000, 0x0000000088f00000| Untracked 
|  70|0x0000000089000000, 0x0000000089000000, 0x0000000089100000|  0%| F|  |TAMS 0x0000000089000000, 0x0000000089000000| Untracked 
|  71|0x0000000089100000, 0x0000000089100000, 0x0000000089200000|  0%| F|  |TAMS 0x0000000089100000, 0x0000000089100000| Untracked 
|  72|0x0000000089200000, 0x0000000089200000, 0x0000000089300000|  0%| F|  |TAMS 0x0000000089200000, 0x0000000089200000| Untracked 
|  73|0x0000000089300000, 0x0000000089300000, 0x0000000089400000|  0%| F|  |TAMS 0x0000000089300000, 0x0000000089300000| Untracked 
|  74|0x0000000089400000, 0x0000000089400000, 0x0000000089500000|  0%| F|  |TAMS 0x0000000089400000, 0x0000000089400000| Untracked 
|  75|0x0000000089500000, 0x0000000089500000, 0x0000000089600000|  0%| F|  |TAMS 0x0000000089500000, 0x0000000089500000| Untracked 
|  76|0x0000000089600000, 0x0000000089600000, 0x0000000089700000|  0%| F|  |TAMS 0x0000000089600000, 0x0000000089600000| Untracked 
|  77|0x0000000089700000, 0x0000000089700000, 0x0000000089800000|  0%| F|  |TAMS 0x0000000089700000, 0x0000000089700000| Untracked 
|  78|0x0000000089800000, 0x00000000898eeec8, 0x0000000089900000| 93%| S|CS|TAMS 0x0000000089800000, 0x0000000089800000| Complete 
|  79|0x0000000089900000, 0x0000000089a00000, 0x0000000089a00000|100%| S|CS|TAMS 0x0000000089900000, 0x0000000089900000| Complete 
|  80|0x0000000089a00000, 0x0000000089a00000, 0x0000000089b00000|  0%| F|  |TAMS 0x0000000089a00000, 0x0000000089a00000| Untracked 
|  81|0x0000000089b00000, 0x0000000089b00000, 0x0000000089c00000|  0%| F|  |TAMS 0x0000000089b00000, 0x0000000089b00000| Untracked 
|  82|0x0000000089c00000, 0x0000000089c00000, 0x0000000089d00000|  0%| F|  |TAMS 0x0000000089c00000, 0x0000000089c00000| Untracked 
|  83|0x0000000089d00000, 0x0000000089d00000, 0x0000000089e00000|  0%| F|  |TAMS 0x0000000089d00000, 0x0000000089d00000| Untracked 
|  84|0x0000000089e00000, 0x0000000089e521a8, 0x0000000089f00000| 32%| E|  |TAMS 0x0000000089e00000, 0x0000000089e00000| Complete 
|  85|0x0000000089f00000, 0x000000008a000000, 0x000000008a000000|100%| E|CS|TAMS 0x0000000089f00000, 0x0000000089f00000| Complete 
|  86|0x000000008a000000, 0x000000008a100000, 0x000000008a100000|100%| E|CS|TAMS 0x000000008a000000, 0x000000008a000000| Complete 
|  87|0x000000008a100000, 0x000000008a200000, 0x000000008a200000|100%| E|CS|TAMS 0x000000008a100000, 0x000000008a100000| Complete 
|  88|0x000000008a200000, 0x000000008a300000, 0x000000008a300000|100%| E|CS|TAMS 0x000000008a200000, 0x000000008a200000| Complete 
|  89|0x000000008a300000, 0x000000008a400000, 0x000000008a400000|100%| E|CS|TAMS 0x000000008a300000, 0x000000008a300000| Complete 
|  90|0x000000008a400000, 0x000000008a500000, 0x000000008a500000|100%| E|CS|TAMS 0x000000008a400000, 0x000000008a400000| Complete 
|  91|0x000000008a500000, 0x000000008a600000, 0x000000008a600000|100%| E|CS|TAMS 0x000000008a500000, 0x000000008a500000| Complete 
|  92|0x000000008a600000, 0x000000008a700000, 0x000000008a700000|100%| E|CS|TAMS 0x000000008a600000, 0x000000008a600000| Complete 
|  93|0x000000008a700000, 0x000000008a800000, 0x000000008a800000|100%| E|CS|TAMS 0x000000008a700000, 0x000000008a700000| Complete 
|  94|0x000000008a800000, 0x000000008a900000, 0x000000008a900000|100%| E|CS|TAMS 0x000000008a800000, 0x000000008a800000| Complete 
|  95|0x000000008a900000, 0x000000008aa00000, 0x000000008aa00000|100%| E|CS|TAMS 0x000000008a900000, 0x000000008a900000| Complete 
|  96|0x000000008aa00000, 0x000000008ab00000, 0x000000008ab00000|100%| E|CS|TAMS 0x000000008aa00000, 0x000000008aa00000| Complete 
|  97|0x000000008ab00000, 0x000000008ac00000, 0x000000008ac00000|100%| E|CS|TAMS 0x000000008ab00000, 0x000000008ab00000| Complete 
|  98|0x000000008ac00000, 0x000000008ad00000, 0x000000008ad00000|100%| E|CS|TAMS 0x000000008ac00000, 0x000000008ac00000| Complete 
|  99|0x000000008ad00000, 0x000000008ae00000, 0x000000008ae00000|100%| E|CS|TAMS 0x000000008ad00000, 0x000000008ad00000| Complete 
| 100|0x000000008ae00000, 0x000000008af00000, 0x000000008af00000|100%| E|CS|TAMS 0x000000008ae00000, 0x000000008ae00000| Complete 
| 101|0x000000008af00000, 0x000000008b000000, 0x000000008b000000|100%| E|CS|TAMS 0x000000008af00000, 0x000000008af00000| Complete 
| 102|0x000000008b000000, 0x000000008b100000, 0x000000008b100000|100%| E|CS|TAMS 0x000000008b000000, 0x000000008b000000| Complete 
| 103|0x000000008b100000, 0x000000008b200000, 0x000000008b200000|100%| E|CS|TAMS 0x000000008b100000, 0x000000008b100000| Complete 
| 104|0x000000008b200000, 0x000000008b300000, 0x000000008b300000|100%| E|CS|TAMS 0x000000008b200000, 0x000000008b200000| Complete 
| 123|0x000000008c500000, 0x000000008c600000, 0x000000008c600000|100%| E|CS|TAMS 0x000000008c500000, 0x000000008c500000| Complete 
|1973|0x00000000fff00000, 0x0000000100000000, 0x0000000100000000|100%| O|  |TAMS 0x0000000100000000, 0x00000000fff00000| Untracked 

Card table byte_map: [0x00000178ab930000,0x00000178abd10000] _byte_map_base: 0x00000178ab50b000

Marking Bits (Prev, Next): (CMBitMap*) 0x0000017894cf4350, (CMBitMap*) 0x0000017894cf4390
 Prev Bits: [0x00000178ac0f0000, 0x00000178adfc8000)
 Next Bits: [0x00000178adfd0000, 0x00000178afea8000)

Polling page: 0x0000017894470000

Metaspace:

Usage:
  Non-class:     30.88 MB used.
      Class:      3.72 MB used.
       Both:     34.61 MB used.

Virtual space:
  Non-class space:       64.00 MB reserved,      31.12 MB ( 49%) committed,  1 nodes.
      Class space:        1.00 GB reserved,       3.94 MB ( <1%) committed,  1 nodes.
             Both:        1.06 GB reserved,      35.06 MB (  3%) committed. 

Chunk freelists:
   Non-Class:  512.00 KB
       Class:  12.02 MB
        Both:  12.52 MB

MaxMetaspaceSize: unlimited
CompressedClassSpaceSize: 1.00 GB
Initial GC threshold: 21.00 MB
Current GC threshold: 56.69 MB
CDS: on
MetaspaceReclaimPolicy: balanced
 - commit_granule_bytes: 65536.
 - commit_granule_words: 8192.
 - virtual_space_node_default_size: 8388608.
 - enlarge_chunks_in_place: 1.
 - new_chunks_are_fully_committed: 0.
 - uncommit_free_chunks: 1.
 - use_allocation_guard: 0.
 - handle_deallocations: 1.


Internal statistics:

num_allocs_failed_limit: 3.
num_arena_births: 448.
num_arena_deaths: 0.
num_vsnodes_births: 2.
num_vsnodes_deaths: 0.
num_space_committed: 561.
num_space_uncommitted: 0.
num_chunks_returned_to_freelist: 3.
num_chunks_taken_from_freelist: 1816.
num_chunk_merges: 3.
num_chunk_splits: 1214.
num_chunks_enlarged: 826.
num_inconsistent_stats: 0.

CodeHeap 'non-profiled nmethods': size=120000Kb used=5584Kb max_used=5584Kb free=114415Kb
 bounds [0x00000178a4020000, 0x00000178a45a0000, 0x00000178ab550000]
CodeHeap 'profiled nmethods': size=120000Kb used=18708Kb max_used=18708Kb free=101291Kb
 bounds [0x000001789c550000, 0x000001789d7a0000, 0x00000178a3a80000]
CodeHeap 'non-nmethods': size=5760Kb used=1245Kb max_used=1296Kb free=4514Kb
 bounds [0x00000178a3a80000, 0x00000178a3cf0000, 0x00000178a4020000]
 total_blobs=8703 nmethods=8160 adapters=455
 compilation: enabled
              stopped_count=0, restarted_count=0
 full_count=0

Compilation events (20 events):
Event: 159.402 Thread 0x00000178b2355fb0 nmethod 9753 0x00000178a4592b10 code [0x00000178a4592c80, 0x00000178a4592e18]
Event: 165.190 Thread 0x00000178b2355fb0 9754       4       java.util.concurrent.ThreadPoolExecutor::beforeExecute (1 bytes)
Event: 165.190 Thread 0x00000178b2355fb0 nmethod 9754 0x00000178a4592e90 code [0x00000178a4593000, 0x00000178a4593078]
Event: 165.285 Thread 0x00000178b2355fb0 9755       4       java.util.concurrent.ThreadPoolExecutor::afterExecute (1 bytes)
Event: 165.285 Thread 0x00000178b2355fb0 nmethod 9755 0x00000178a4593190 code [0x00000178a4593300, 0x00000178a4593378]
Event: 172.585 Thread 0x00000178b2355fb0 9756       4       jdk.internal.misc.Unsafe::putIntOpaque (9 bytes)
Event: 172.586 Thread 0x00000178b2355fb0 nmethod 9756 0x00000178a4593490 code [0x00000178a4593600, 0x00000178a4593698]
Event: 173.185 Thread 0x00000178b2355fb0 9757       4       java.util.concurrent.locks.AbstractQueuedSynchronizer$Node::setStatusRelaxed (12 bytes)
Event: 173.187 Thread 0x00000178b2355fb0 nmethod 9757 0x00000178a4593790 code [0x00000178a4593900, 0x00000178a4593978]
Event: 190.883 Thread 0x00000178b2355fb0 9758       4       java.util.concurrent.locks.AbstractQueuedSynchronizer::signalNext (34 bytes)
Event: 190.892 Thread 0x00000178b2355fb0 nmethod 9758 0x00000178a4593a90 code [0x00000178a4593c20, 0x00000178a4593ce8]
Event: 197.194 Thread 0x00000178b2356a60 9759       1       org.apache.maven.surefire.shade.org.apache.maven.shared.utils.cli.AbstractStreamHandler::isDone (5 bytes)
Event: 197.202 Thread 0x00000178b2356a60 nmethod 9759 0x00000178a4593e10 code [0x00000178a4593fa0, 0x00000178a4594078]
Event: 219.175 Thread 0x00000178b2356a60 9760       3       hudson.remoting.Channel::isInClosed (13 bytes)
Event: 219.180 Thread 0x00000178b2356a60 nmethod 9760 0x000001789d52fb10 code [0x000001789d52fca0, 0x000001789d52fe18]
Event: 219.727 Thread 0x00000178b2355fb0 9761       4       java.io.ObjectInputStream::readClassDesc (121 bytes)
Event: 220.103 Thread 0x00000178b2356a60 9763       3       java.lang.Throwable::readObject (236 bytes)
Event: 220.117 Thread 0x00000178b2356a60 nmethod 9763 0x000001789d794190 code [0x000001789d794520, 0x000001789d796168]
Event: 220.117 Thread 0x00000178b2356a60 9764   !   3       java.io.ObjectStreamClass::invokeReadObject (93 bytes)
Event: 220.137 Thread 0x00000178b2356a60 nmethod 9764 0x000001789d796a90 code [0x000001789d796d40, 0x000001789d797dc8]

GC Heap History (20 events):
Event: 32.385 GC heap before
{Heap before GC invocations=11 (full 0):
 garbage-first heap   total 89088K, used 64707K [0x0000000084a00000, 0x0000000100000000)
  region size 1024K, 27 young (27648K), 1 survivors (1024K)
 Metaspace       used 29848K, committed 30272K, reserved 1114112K
  class space    used 3358K, committed 3584K, reserved 1048576K
}
Event: 32.391 GC heap after
{Heap after GC invocations=12 (full 0):
 garbage-first heap   total 89088K, used 46651K [0x0000000084a00000, 0x0000000100000000)
  region size 1024K, 4 young (4096K), 4 survivors (4096K)
 Metaspace       used 29848K, committed 30272K, reserved 1114112K
  class space    used 3358K, committed 3584K, reserved 1048576K
}
Event: 33.681 GC heap before
{Heap before GC invocations=12 (full 0):
 garbage-first heap   total 89088K, used 65083K [0x0000000084a00000, 0x0000000100000000)
  region size 1024K, 23 young (23552K), 4 survivors (4096K)
 Metaspace       used 30386K, committed 30848K, reserved 1114112K
  class space    used 3410K, committed 3584K, reserved 1048576K
}
Event: 33.693 GC heap after
{Heap after GC invocations=13 (full 0):
 garbage-first heap   total 89088K, used 51661K [0x0000000084a00000, 0x0000000100000000)
  region size 1024K, 3 young (3072K), 3 survivors (3072K)
 Metaspace       used 30386K, committed 30848K, reserved 1114112K
  class space    used 3410K, committed 3584K, reserved 1048576K
}
Event: 33.988 GC heap before
{Heap before GC invocations=14 (full 0):
 garbage-first heap   total 92160K, used 61901K [0x0000000084a00000, 0x0000000100000000)
  region size 1024K, 14 young (14336K), 3 survivors (3072K)
 Metaspace       used 30468K, committed 30912K, reserved 1114112K
  class space    used 3412K, committed 3584K, reserved 1048576K
}
Event: 33.996 GC heap after
{Heap after GC invocations=15 (full 0):
 garbage-first heap   total 92160K, used 54311K [0x0000000084a00000, 0x0000000100000000)
  region size 1024K, 3 young (3072K), 3 survivors (3072K)
 Metaspace       used 30468K, committed 30912K, reserved 1114112K
  class space    used 3412K, committed 3584K, reserved 1048576K
}
Event: 34.497 GC heap before
{Heap before GC invocations=16 (full 0):
 garbage-first heap   total 96256K, used 71719K [0x0000000084a00000, 0x0000000100000000)
  region size 1024K, 19 young (19456K), 3 survivors (3072K)
 Metaspace       used 30667K, committed 31104K, reserved 1114112K
  class space    used 3425K, committed 3648K, reserved 1048576K
}
Event: 34.508 GC heap after
{Heap after GC invocations=17 (full 0):
 garbage-first heap   total 96256K, used 58025K [0x0000000084a00000, 0x0000000100000000)
  region size 1024K, 3 young (3072K), 3 survivors (3072K)
 Metaspace       used 30667K, committed 31104K, reserved 1114112K
  class space    used 3425K, committed 3648K, reserved 1048576K
}
Event: 35.206 GC heap before
{Heap before GC invocations=17 (full 0):
 garbage-first heap   total 96256K, used 72361K [0x0000000084a00000, 0x0000000100000000)
  region size 1024K, 18 young (18432K), 3 survivors (3072K)
 Metaspace       used 31627K, committed 32064K, reserved 1114112K
  class space    used 3538K, committed 3712K, reserved 1048576K
}
Event: 35.214 GC heap after
{Heap after GC invocations=18 (full 0):
 garbage-first heap   total 96256K, used 59695K [0x0000000084a00000, 0x0000000100000000)
  region size 1024K, 2 young (2048K), 2 survivors (2048K)
 Metaspace       used 31627K, committed 32064K, reserved 1114112K
  class space    used 3538K, committed 3712K, reserved 1048576K
}
Event: 36.325 GC heap before
{Heap before GC invocations=19 (full 0):
 garbage-first heap   total 106496K, used 78127K [0x0000000084a00000, 0x0000000100000000)
  region size 1024K, 18 young (18432K), 2 survivors (2048K)
 Metaspace       used 32680K, committed 33088K, reserved 1114112K
  class space    used 3620K, committed 3840K, reserved 1048576K
}
Event: 36.332 GC heap after
{Heap after GC invocations=20 (full 0):
 garbage-first heap   total 106496K, used 62161K [0x0000000084a00000, 0x0000000100000000)
  region size 1024K, 3 young (3072K), 3 survivors (3072K)
 Metaspace       used 32680K, committed 33088K, reserved 1114112K
  class space    used 3620K, committed 3840K, reserved 1048576K
}
Event: 39.424 GC heap before
{Heap before GC invocations=20 (full 0):
 garbage-first heap   total 106496K, used 83665K [0x0000000084a00000, 0x0000000100000000)
  region size 1024K, 24 young (24576K), 3 survivors (3072K)
 Metaspace       used 33048K, committed 33536K, reserved 1114112K
  class space    used 3622K, committed 3840K, reserved 1048576K
}
Event: 39.432 GC heap after
{Heap after GC invocations=21 (full 0):
 garbage-first heap   total 106496K, used 62813K [0x0000000084a00000, 0x0000000100000000)
  region size 1024K, 1 young (1024K), 1 survivors (1024K)
 Metaspace       used 33048K, committed 33536K, reserved 1114112K
  class space    used 3622K, committed 3840K, reserved 1048576K
}
Event: 41.016 GC heap before
{Heap before GC invocations=22 (full 0):
 garbage-first heap   total 109568K, used 85341K [0x0000000084a00000, 0x0000000100000000)
  region size 1024K, 23 young (23552K), 1 survivors (1024K)
 Metaspace       used 33202K, committed 33664K, reserved 1114112K
  class space    used 3623K, committed 3840K, reserved 1048576K
}
Event: 41.021 GC heap after
{Heap after GC invocations=23 (full 0):
 garbage-first heap   total 109568K, used 63106K [0x0000000084a00000, 0x0000000100000000)
  region size 1024K, 1 young (1024K), 1 survivors (1024K)
 Metaspace       used 33202K, committed 33664K, reserved 1114112K
  class space    used 3623K, committed 3840K, reserved 1048576K
}
Event: 41.178 GC heap before
{Heap before GC invocations=23 (full 0):
 garbage-first heap   total 109568K, used 67202K [0x0000000084a00000, 0x0000000100000000)
  region size 1024K, 5 young (5120K), 1 survivors (1024K)
 Metaspace       used 33213K, committed 33664K, reserved 1114112K
  class space    used 3623K, committed 3840K, reserved 1048576K
}
Event: 41.182 GC heap after
{Heap after GC invocations=24 (full 0):
 garbage-first heap   total 109568K, used 62918K [0x0000000084a00000, 0x0000000100000000)
  region size 1024K, 1 young (1024K), 1 survivors (1024K)
 Metaspace       used 33213K, committed 33664K, reserved 1114112K
  class space    used 3623K, committed 3840K, reserved 1048576K
}
Event: 44.891 GC heap before
{Heap before GC invocations=24 (full 0):
 garbage-first heap   total 109568K, used 87494K [0x0000000084a00000, 0x0000000100000000)
  region size 1024K, 26 young (26624K), 1 survivors (1024K)
 Metaspace       used 34336K, committed 34816K, reserved 1114112K
  class space    used 3711K, committed 3904K, reserved 1048576K
}
Event: 44.897 GC heap after
{Heap after GC invocations=25 (full 0):
 garbage-first heap   total 109568K, used 62342K [0x0000000084a00000, 0x0000000100000000)
  region size 1024K, 2 young (2048K), 2 survivors (2048K)
 Metaspace       used 34336K, committed 34816K, reserved 1114112K
  class space    used 3711K, committed 3904K, reserved 1048576K
}

Deoptimization events (20 events):
Event: 48.747 Thread 0x00000178b28084d0 DEOPT PACKING pc=0x00000178a4169c5c sp=0x00000007f5efc4f0
Event: 48.747 Thread 0x00000178b28084d0 DEOPT UNPACKING pc=0x00000178a3ad5ba3 sp=0x00000007f5efc4d0 mode 2
Event: 48.747 Thread 0x00000178b28084d0 Uncommon trap: trap_request=0xffffffbe fr.pc=0x00000178a4169c5c relative=0x0000000000001e7c
Event: 48.747 Thread 0x00000178b28084d0 Uncommon trap: reason=profile_predicate action=maybe_recompile pc=0x00000178a4169c5c method=java.util.TimSort.binarySort([Ljava/lang/Object;IIILjava/util/Comparator;)V @ 34 c2
Event: 48.747 Thread 0x00000178b28084d0 DEOPT PACKING pc=0x00000178a4169c5c sp=0x00000007f5efc4f0
Event: 48.747 Thread 0x00000178b28084d0 DEOPT UNPACKING pc=0x00000178a3ad5ba3 sp=0x00000007f5efc4d0 mode 2
Event: 48.748 Thread 0x00000178b28084d0 Uncommon trap: trap_request=0xffffffbe fr.pc=0x00000178a4169c5c relative=0x0000000000001e7c
Event: 48.748 Thread 0x00000178b28084d0 Uncommon trap: reason=profile_predicate action=maybe_recompile pc=0x00000178a4169c5c method=java.util.TimSort.binarySort([Ljava/lang/Object;IIILjava/util/Comparator;)V @ 34 c2
Event: 48.748 Thread 0x00000178b28084d0 DEOPT PACKING pc=0x00000178a4169c5c sp=0x00000007f5efc4f0
Event: 48.748 Thread 0x00000178b28084d0 DEOPT UNPACKING pc=0x00000178a3ad5ba3 sp=0x00000007f5efc4d0 mode 2
Event: 53.030 Thread 0x00000178f890f6f0 Uncommon trap: trap_request=0xffffff45 fr.pc=0x00000178a419ca74 relative=0x0000000000002134
Event: 53.030 Thread 0x00000178f890f6f0 Uncommon trap: reason=unstable_if action=reinterpret pc=0x00000178a419ca74 method=java.io.BufferedReader.readLine(Z[Z)Ljava/lang/String; @ 286 c2
Event: 53.030 Thread 0x00000178f890f6f0 DEOPT PACKING pc=0x00000178a419ca74 sp=0x00000007f70ff030
Event: 53.030 Thread 0x00000178f890f6f0 DEOPT UNPACKING pc=0x00000178a3ad5ba3 sp=0x00000007f70ff000 mode 2
Event: 53.057 Thread 0x00000178f8915720 Uncommon trap: trap_request=0xffffff45 fr.pc=0x00000178a4231104 relative=0x0000000000000744
Event: 53.057 Thread 0x00000178f8915720 Uncommon trap: reason=unstable_if action=reinterpret pc=0x00000178a4231104 method=java.util.StringTokenizer.nextToken()Ljava/lang/String; @ 5 c2
Event: 53.057 Thread 0x00000178f8915720 DEOPT PACKING pc=0x00000178a4231104 sp=0x00000007f6eff050
Event: 53.057 Thread 0x00000178f8915720 DEOPT UNPACKING pc=0x00000178a3ad5ba3 sp=0x00000007f6eff020 mode 2
Event: 62.039 Thread 0x00000178b27fc110 DEOPT PACKING pc=0x000001789d24ddb1 sp=0x00000007f5cfef60
Event: 62.039 Thread 0x00000178b27fc110 DEOPT UNPACKING pc=0x00000178a3ad66e3 sp=0x00000007f5cfe588 mode 0

Classes unloaded (0 events):
No events

Classes redefined (0 events):
No events

Internal exceptions (20 events):
Event: 40.741 Thread 0x00000178b28084d0 Exception <a 'sun/nio/fs/WindowsException'{0x000000008a6ab168}> (0x000000008a6ab168) 
thrown [s\open\src\hotspot\share\prims\jni.cpp, line 516]
Event: 40.897 Thread 0x00000178b28084d0 Exception <a 'sun/nio/fs/WindowsException'{0x000000008a215640}> (0x000000008a215640) 
thrown [s\open\src\hotspot\share\prims\jni.cpp, line 516]
Event: 40.918 Thread 0x00000178b28084d0 Exception <a 'sun/nio/fs/WindowsException'{0x000000008a2fe5e0}> (0x000000008a2fe5e0) 
thrown [s\open\src\hotspot\share\prims\jni.cpp, line 516]
Event: 40.999 Thread 0x00000178b28084d0 Exception <a 'sun/nio/fs/WindowsException'{0x0000000089e878c0}> (0x0000000089e878c0) 
thrown [s\open\src\hotspot\share\prims\jni.cpp, line 516]
Event: 41.028 Thread 0x00000178b28084d0 Exception <a 'sun/nio/fs/WindowsException'{0x000000008c534be0}> (0x000000008c534be0) 
thrown [s\open\src\hotspot\share\prims\jni.cpp, line 516]
Event: 41.028 Thread 0x00000178b28084d0 Exception <a 'sun/nio/fs/WindowsException'{0x000000008c5352d8}> (0x000000008c5352d8) 
thrown [s\open\src\hotspot\share\prims\jni.cpp, line 516]
Event: 41.076 Thread 0x00000178b28084d0 Exception <a 'sun/nio/fs/WindowsException'{0x000000008b224f50}> (0x000000008b224f50) 
thrown [s\open\src\hotspot\share\prims\jni.cpp, line 516]
Event: 41.107 Thread 0x00000178b28084d0 Exception <a 'sun/nio/fs/WindowsException'{0x000000008b128808}> (0x000000008b128808) 
thrown [s\open\src\hotspot\share\prims\jni.cpp, line 516]
Event: 41.264 Thread 0x00000178b28084d0 Exception <a 'sun/nio/fs/WindowsException'{0x000000008ae95a48}> (0x000000008ae95a48) 
thrown [s\open\src\hotspot\share\prims\jni.cpp, line 516]
Event: 41.264 Thread 0x00000178b28084d0 Exception <a 'sun/nio/fs/WindowsException'{0x000000008ae96150}> (0x000000008ae96150) 
thrown [s\open\src\hotspot\share\prims\jni.cpp, line 516]
Event: 41.415 Thread 0x00000178b28084d0 Exception <a 'sun/nio/fs/WindowsException'{0x000000008ac113c8}> (0x000000008ac113c8) 
thrown [s\open\src\hotspot\share\prims\jni.cpp, line 516]
Event: 41.455 Thread 0x00000178b28084d0 Exception <a 'sun/nio/fs/WindowsException'{0x000000008acd9ca0}> (0x000000008acd9ca0) 
thrown [s\open\src\hotspot\share\prims\jni.cpp, line 516]
Event: 44.576 Thread 0x00000178b28084d0 Exception <a 'java/lang/NoSuchMethodError'{0x0000000089b8e138}: 'java.lang.String org.apache.maven.execution.MavenExecutionRequest.getFailureBehavior()'> (0x0000000089b8e138) 
thrown [s\open\src\hotspot\share\interpreter\linkResolver.cpp, line 855]
Event: 48.144 Thread 0x00000178b28084d0 Exception <a 'java/lang/NoSuchMethodError'{0x000000008a3c2b88}: 'java.lang.Object java.lang.invoke.DirectMethodHandle$Holder.invokeStaticInit(java.lang.Object, java.lang.Object, int, int, int, int)'> (0x000000008a3c2b88) 
thrown [s\open\src\hotspot\share\interpreter\linkResolver.cpp, line 759]
Event: 50.040 Thread 0x00000178b28084d0 Exception <a 'java/lang/NoSuchMethodError'{0x000000008a147198}: 'void java.lang.invoke.DirectMethodHandle$Holder.invokeStatic(java.lang.Object, long)'> (0x000000008a147198) 
thrown [s\open\src\hotspot\share\interpreter\linkResolver.cpp, line 759]
Event: 50.040 Thread 0x00000178b28084d0 Exception <a 'java/lang/NoSuchMethodError'{0x000000008a14ca90}: 'java.lang.Object java.lang.invoke.DirectMethodHandle$Holder.newInvokeSpecial(java.lang.Object, long)'> (0x000000008a14ca90) 
thrown [s\open\src\hotspot\share\interpreter\linkResolver.cpp, line 759]
Event: 50.049 Thread 0x00000178b28084d0 Exception <a 'java/lang/NoSuchMethodError'{0x000000008a153f28}: 'java.lang.Object java.lang.invoke.DirectMethodHandle$Holder.invokeStatic(java.lang.Object, java.lang.Object, long, java.lang.Object)'> (0x000000008a153f28) 
thrown [s\open\src\hotspot\share\interpreter\linkResolver.cpp, line 759]
Event: 50.050 Thread 0x00000178b28084d0 Exception <a 'java/lang/NoSuchMethodError'{0x000000008a157c68}: 'java.lang.Object java.lang.invoke.DirectMethodHandle$Holder.invokeStaticInit(java.lang.Object, java.lang.Object, long, java.lang.Object)'> (0x000000008a157c68) 
thrown [s\open\src\hotspot\share\interpreter\linkResolver.cpp, line 759]
Event: 50.050 Thread 0x00000178b28084d0 Exception <a 'java/lang/NoSuchMethodError'{0x000000008a15e520}: 'java.lang.Object java.lang.invoke.DirectMethodHandle$Holder.newInvokeSpecial(java.lang.Object, java.lang.Object, long)'> (0x000000008a15e520) 
thrown [s\open\src\hotspot\share\interpreter\linkResolver.cpp, line 759]
Event: 50.051 Thread 0x00000178b28084d0 Exception <a 'java/lang/NoSuchMethodError'{0x000000008a162338}: 'java.lang.Object java.lang.invoke.Invokers$Holder.linkToTargetMethod(java.lang.Object, long, java.lang.Object)'> (0x000000008a162338) 
thrown [s\open\src\hotspot\share\interpreter\linkResolver.cpp, line 759]

VM Operations (20 events):
Event: 53.060 Executing VM operation: Cleanup
Event: 53.060 Executing VM operation: Cleanup done
Event: 59.063 Executing VM operation: Cleanup
Event: 59.063 Executing VM operation: Cleanup done
Event: 60.289 Executing VM operation: HandshakeAllThreads
Event: 60.289 Executing VM operation: HandshakeAllThreads done
Event: 71.294 Executing VM operation: Cleanup
Event: 71.294 Executing VM operation: Cleanup done
Event: 72.295 Executing VM operation: Cleanup
Event: 72.295 Executing VM operation: Cleanup done
Event: 74.295 Executing VM operation: Cleanup
Event: 74.296 Executing VM operation: Cleanup done
Event: 76.296 Executing VM operation: Cleanup
Event: 76.296 Executing VM operation: Cleanup done
Event: 77.296 Executing VM operation: Cleanup
Event: 77.296 Executing VM operation: Cleanup done
Event: 113.318 Executing VM operation: Cleanup
Event: 113.318 Executing VM operation: Cleanup done
Event: 160.347 Executing VM operation: Cleanup
Event: 160.351 Executing VM operation: Cleanup done

Events (20 events):
Event: 50.060 loading class jdk/internal/event/ProcessStartEvent
Event: 50.064 loading class jdk/internal/event/ProcessStartEvent done
Event: 50.071 Thread 0x00000178f8911a60 Thread added: 0x00000178f8911a60
Event: 50.072 Thread 0x00000178f890f6f0 Thread added: 0x00000178f890f6f0
Event: 50.072 Thread 0x00000178f890f1e0 Thread added: 0x00000178f890f1e0
Event: 53.052 loading class java/io/SequenceInputStream
Event: 53.055 loading class java/io/SequenceInputStream done
Event: 58.291 loading class sun/nio/cs/ThreadLocalCoders
Event: 58.292 loading class sun/nio/cs/ThreadLocalCoders done
Event: 58.292 loading class sun/nio/cs/ThreadLocalCoders$1
Event: 58.313 loading class sun/nio/cs/ThreadLocalCoders$Cache
Event: 58.313 loading class sun/nio/cs/ThreadLocalCoders$Cache done
Event: 58.313 loading class sun/nio/cs/ThreadLocalCoders$1 done
Event: 58.313 loading class sun/nio/cs/ThreadLocalCoders$2
Event: 58.313 loading class sun/nio/cs/ThreadLocalCoders$2 done
Event: 58.329 loading class sun/nio/cs/UTF_8$Encoder
Event: 58.331 loading class sun/nio/cs/UTF_8$Encoder done
Event: 64.340 Thread 0x00000178b2808e90 Thread exited: 0x00000178b2808e90
Event: 74.682 Thread 0x00000178b28089b0 Thread exited: 0x00000178b28089b0
Event: 83.320 Thread 0x00000178f8435560 Thread exited: 0x00000178f8435560


Dynamic libraries:
0x00007ff7a1670000 - 0x00007ff7a1680000 	C:\Program Files\Java\jdk-17\bin\java.exe
0x00007ff817070000 - 0x00007ff817287000 	C:\WINDOWS\SYSTEM32\ntdll.dll
0x00007ff8165b0000 - 0x00007ff816674000 	C:\WINDOWS\System32\KERNEL32.DLL
0x00007ff814a00000 - 0x00007ff814dac000 	C:\WINDOWS\System32\KERNELBASE.dll
0x00007ff814810000 - 0x00007ff814921000 	C:\WINDOWS\System32\ucrtbase.dll
0x00007fffe4660000 - 0x00007fffe4679000 	C:\Program Files\Java\jdk-17\bin\jli.dll
0x00007ff816680000 - 0x00007ff816732000 	C:\WINDOWS\System32\ADVAPI32.dll
0x00007ff8161b0000 - 0x00007ff816257000 	C:\WINDOWS\System32\msvcrt.dll
0x00007ff815ac0000 - 0x00007ff815b6a000 	C:\WINDOWS\System32\sechost.dll
0x00007ff8149d0000 - 0x00007ff8149f8000 	C:\WINDOWS\System32\bcrypt.dll
0x00007ff816410000 - 0x00007ff816525000 	C:\WINDOWS\System32\RPCRT4.dll
0x00007fffe4640000 - 0x00007fffe465b000 	C:\Program Files\Java\jdk-17\bin\VCRUNTIME140.dll
0x00007ff816df0000 - 0x00007ff816f9e000 	C:\WINDOWS\System32\USER32.dll
0x00007ff8147e0000 - 0x00007ff814806000 	C:\WINDOWS\System32\win32u.dll
0x00007ff8168c0000 - 0x00007ff8168e9000 	C:\WINDOWS\System32\GDI32.dll
0x00007ff814460000 - 0x00007ff814579000 	C:\WINDOWS\System32\gdi32full.dll
0x00007ff814930000 - 0x00007ff8149ca000 	C:\WINDOWS\System32\msvcp_win.dll
0x00007ff800800000 - 0x00007ff800a93000 	C:\WINDOWS\WinSxS\amd64_microsoft.windows.common-controls_6595b64144ccf1df_6.0.22621.3672_none_2713b9d173822955\COMCTL32.dll
0x00007ff80a120000 - 0x00007ff80a12a000 	C:\WINDOWS\SYSTEM32\VERSION.dll
0x00007fffe4610000 - 0x00007fffe461c000 	C:\Program Files\Java\jdk-17\bin\vcruntime140_1.dll
0x00007fffe4580000 - 0x00007fffe460e000 	C:\Program Files\Java\jdk-17\bin\msvcp140.dll
0x00007fffe39a0000 - 0x00007fffe457f000 	C:\Program Files\Java\jdk-17\bin\server\jvm.dll
0x00007ff815a90000 - 0x00007ff815a98000 	C:\WINDOWS\System32\PSAPI.DLL
0x00007fffe3990000 - 0x00007fffe3999000 	C:\WINDOWS\SYSTEM32\WSOCK32.dll
0x00007ff80a4e0000 - 0x00007ff80a514000 	C:\WINDOWS\SYSTEM32\WINMM.dll
0x00007ff815c70000 - 0x00007ff815ce1000 	C:\WINDOWS\System32\WS2_32.dll
0x00007ff813390000 - 0x00007ff8133a8000 	C:\WINDOWS\SYSTEM32\kernel.appcore.dll
0x00007fffe38a0000 - 0x00007fffe38aa000 	C:\Program Files\Java\jdk-17\bin\jimage.dll
0x00007ff811c60000 - 0x00007ff811e92000 	C:\WINDOWS\SYSTEM32\DBGHELP.DLL
0x00007ff8168f0000 - 0x00007ff816c78000 	C:\WINDOWS\System32\combase.dll
0x00007ff815d70000 - 0x00007ff815e47000 	C:\WINDOWS\System32\OLEAUT32.dll
0x00007ff808870000 - 0x00007ff8088a2000 	C:\WINDOWS\SYSTEM32\dbgcore.DLL
0x00007ff8146f0000 - 0x00007ff81476b000 	C:\WINDOWS\System32\bcryptPrimitives.dll
0x00007fffe3870000 - 0x00007fffe3895000 	C:\Program Files\Java\jdk-17\bin\java.dll
0x00007fffe3790000 - 0x00007fffe3867000 	C:\Program Files\Java\jdk-17\bin\jsvml.dll
0x00007ff814db0000 - 0x00007ff81560c000 	C:\WINDOWS\System32\SHELL32.dll
0x00007ff8122a0000 - 0x00007ff812b97000 	C:\WINDOWS\SYSTEM32\windows.storage.dll
0x00007ff812160000 - 0x00007ff81229f000 	C:\WINDOWS\SYSTEM32\wintypes.dll
0x00007ff816cf0000 - 0x00007ff816de4000 	C:\WINDOWS\System32\SHCORE.dll
0x00007ff816c80000 - 0x00007ff816cde000 	C:\WINDOWS\System32\shlwapi.dll
0x00007ff8142d0000 - 0x00007ff8142f1000 	C:\WINDOWS\SYSTEM32\profapi.dll
0x00007fffe3480000 - 0x00007fffe3499000 	C:\Program Files\Java\jdk-17\bin\net.dll
0x00007ff80b900000 - 0x00007ff80ba36000 	C:\WINDOWS\SYSTEM32\WINHTTP.dll
0x00007ff8137f0000 - 0x00007ff813859000 	C:\WINDOWS\system32\mswsock.dll
0x00007fffe3460000 - 0x00007fffe3476000 	C:\Program Files\Java\jdk-17\bin\nio.dll
0x00007fffe3440000 - 0x00007fffe3458000 	C:\Program Files\Java\jdk-17\bin\zip.dll
0x00007ff812e00000 - 0x00007ff812e2d000 	C:\WINDOWS\SYSTEM32\IPHLPAPI.DLL
0x00007ff815aa0000 - 0x00007ff815aa9000 	C:\WINDOWS\System32\NSI.dll
0x00007ff80b8e0000 - 0x00007ff80b8f9000 	C:\WINDOWS\SYSTEM32\dhcpcsvc6.DLL
0x00007ff80b8c0000 - 0x00007ff80b8df000 	C:\WINDOWS\SYSTEM32\dhcpcsvc.DLL
0x00007ff812e70000 - 0x00007ff812f68000 	C:\WINDOWS\SYSTEM32\DNSAPI.dll
0x00007fffe0e90000 - 0x00007fffe1021000 	C:\Program Files\Java\jdk-17\bin\awt.dll
0x00007ff80e770000 - 0x00007ff80e807000 	C:\WINDOWS\SYSTEM32\apphelp.dll
0x00007fffe1aa0000 - 0x00007fffe1ab0000 	C:\Program Files\Java\jdk-17\bin\verify.dll
0x0000000069ac0000 - 0x0000000069ae4000 	C:\Windows\Temp\jansi-2.4.0-d8041a34b5811ca4-jansi.dll
0x00007ff813a90000 - 0x00007ff813aab000 	C:\WINDOWS\SYSTEM32\CRYPTSP.dll
0x00007ff8132f0000 - 0x00007ff813325000 	C:\WINDOWS\system32\rsaenh.dll
0x00007ff813a00000 - 0x00007ff813a0c000 	C:\WINDOWS\SYSTEM32\CRYPTBASE.dll

dbghelp: loaded successfully - version: 4.0.5 - missing functions: none
symbol engine: initialized successfully - sym options: 0x614 - pdb path: .;C:\Program Files\Java\jdk-17\bin;C:\WINDOWS\SYSTEM32;C:\WINDOWS\WinSxS\amd64_microsoft.windows.common-controls_6595b64144ccf1df_6.0.22621.3672_none_2713b9d173822955;C:\Program Files\Java\jdk-17\bin\server;C:\Windows\Temp

VM Arguments:
java_command: jenkins.maven3.agent.Maven35Main C:\ProgramData\Jenkins\.jenkins\tools\hudson.tasks.Maven_MavenInstallation\maven3 C:\ProgramData\Jenkins\war\WEB-INF\lib\remoting-3206.vb_15dcf73f6a_9.jar C:\ProgramData\Jenkins\.jenkins\plugins\maven-plugin\WEB-INF\lib\maven35-interceptor-1.14.jar C:\ProgramData\Jenkins\.jenkins\plugins\maven-plugin\WEB-INF\lib\maven3-interceptor-commons-1.14.jar 58014
java_class_path (initial): C:\ProgramData\Jenkins\.jenkins\plugins\maven-plugin\WEB-INF\lib\maven35-agent-1.14.jar;C:\ProgramData\Jenkins\.jenkins\tools\hudson.tasks.Maven_MavenInstallation\maven3\boot\plexus-classworlds-2.7.0.jar;C:\ProgramData\Jenkins\.jenkins\tools\hudson.tasks.Maven_MavenInstallation\maven3/conf/logging
Launcher Type: SUN_STANDARD

[Global flags]
     intx CICompilerCount                          = 3                                         {product} {ergonomic}
     uint ConcGCThreads                            = 1                                         {product} {ergonomic}
     uint G1ConcRefinementThreads                  = 4                                         {product} {ergonomic}
   size_t G1HeapRegionSize                         = 1048576                                   {product} {ergonomic}
    uintx GCDrainStackTargetSize                   = 64                                        {product} {ergonomic}
   size_t InitialHeapSize                          = 130023424                                 {product} {ergonomic}
   size_t MarkStackSize                            = 4194304                                   {product} {ergonomic}
   size_t MaxHeapSize                              = 2069889024                                {product} {ergonomic}
   size_t MaxNewSize                               = 1241513984                                {product} {ergonomic}
   size_t MinHeapDeltaBytes                        = 1048576                                   {product} {ergonomic}
   size_t MinHeapSize                              = 8388608                                   {product} {ergonomic}
    uintx NonNMethodCodeHeapSize                   = 5832780                                {pd product} {ergonomic}
    uintx NonProfiledCodeHeapSize                  = 122912730                              {pd product} {ergonomic}
    uintx ProfiledCodeHeapSize                     = 122912730                              {pd product} {ergonomic}
    uintx ReservedCodeCacheSize                    = 251658240                              {pd product} {ergonomic}
     bool SegmentedCodeCache                       = true                                      {product} {ergonomic}
   size_t SoftMaxHeapSize                          = 2069889024                             {manageable} {ergonomic}
     bool UseCompressedClassPointers               = true                           {product lp64_product} {ergonomic}
     bool UseCompressedOops                        = true                           {product lp64_product} {ergonomic}
     bool UseG1GC                                  = true                                      {product} {ergonomic}
     bool UseLargePagesIndividualAllocation        = false                                  {pd product} {ergonomic}

Logging:
Log output configuration:
 #0: stdout all=warning uptime,level,tags
 #1: stderr all=off uptime,level,tags

Environment Variables:
PATH=C:\ProgramData\Jenkins\.jenkins\tools\hudson.tasks.Maven_MavenInstallation\maven3/bin;C:\Program Files\Common Files\Oracle\Java\javapath;C:\WINDOWS\system32;C:\WINDOWS;C:\WINDOWS\System32\Wbem;C:\WINDOWS\System32\WindowsPowerShell\v1.0\;C:\WINDOWS\System32\OpenSSH\;C:\Program Files\Java\jdk-17;C:\Program Files\Git\cmd;C:\Users\AC\git\RR_Web_Automation\RR\apache-maven-3.8.8-bin\apache-maven-3.8.8\bin;;C:\Program Files\Docker\Docker\resources\bin;C:\WINDOWS\system32\config\systemprofile\AppData\Local\Microsoft\WindowsApps
USERNAME=NEERU$
OS=Windows_NT
PROCESSOR_IDENTIFIER=Intel64 Family 6 Model 140 Stepping 1, GenuineIntel



---------------  S Y S T E M  ---------------

OS:
 Windows 11 , 64 bit Build 22621 (10.0.22621.3672)
OS uptime: 19 days 2:26 hours
Hyper-V role detected

CPU: total 4 (initial active 4) (2 cores per cpu, 2 threads per core) family 6 model 140 stepping 1 microcode 0x86, cx8, cmov, fxsr, ht, mmx, 3dnowpref, sse, sse2, sse3, ssse3, sse4.1, sse4.2, popcnt, lzcnt, tsc, tscinvbit, avx, avx2, aes, erms, clmul, bmi1, bmi2, adx, avx512f, avx512dq, avx512cd, avx512bw, avx512vl, sha, fma, vzeroupper, avx512_vpopcntdq, avx512_vpclmulqdq, avx512_vaes, avx512_vnni, clflush, clflushopt, clwb, avx512_vbmi2, avx512_vbmi, hv

Memory: 4k page, system-wide physical 7890M (80M free)
TotalPageFile size 32466M (AvailPageFile size 5M)
current process WorkingSet (physical memory assigned to process): 33M, peak: 272M
current process commit charge ("private bytes"): 280M, peak: 305M

vm_info: Java HotSpot(TM) 64-Bit Server VM (17.0.10+11-LTS-240) for windows-amd64 JRE (17.0.10+11-LTS-240), built on Dec 19 2023 21:47:25 by "mach5one" with MS VC++ 17.1 (VS2022)

END.
