#
# There is insufficient memory for the Java Runtime Environment to continue.
# Native memory allocation (malloc) failed to allocate 904816 bytes for Chunk::new
# Possible reasons:
#   The system is out of physical RAM or swap space
#   The process is running with CompressedOops enabled, and the Java Heap may be blocking the growth of the native heap
# Possible solutions:
#   Reduce memory load on the system
#   Increase physical memory or swap space
#   Check if swap backing store is full
#   Decrease Java heap size (-Xmx/-Xms)
#   Decrease number of Java threads
#   Decrease Java thread stack sizes (-Xss)
#   Set larger code cache with -XX:ReservedCodeCacheSize=
#   JVM is running with Unscaled Compressed Oops mode in which the Java heap is
#     placed in the first 4GB address space. The Java Heap base address is the
#     maximum limit for the native heap growth. Please use -XX:HeapBaseMinAddress
#     to set the Java Heap base and to place the Java Heap above 4GB virtual address.
# This output file may be truncated or incomplete.
#
#  Out of Memory Error (arena.cpp:189), pid=2556, tid=3864
#
# JRE version: Java(TM) SE Runtime Environment (17.0.10+11) (build 17.0.10+11-LTS-240)
# Java VM: Java HotSpot(TM) 64-Bit Server VM (17.0.10+11-LTS-240, mixed mode, sharing, tiered, compressed oops, compressed class ptrs, g1 gc, windows-amd64)
# No core dump will be written. Minidumps are not enabled by default on client versions of Windows
#

---------------  S U M M A R Y ------------

Command Line: C:\Users\AC\git\RR_Web_Automation\RR\target\surefire\surefirebooter14470156229789084640.jar C:\Users\AC\git\RR_Web_Automation\RR\target\surefire\surefire8242644717055256369tmp C:\Users\AC\git\RR_Web_Automation\RR\target\surefire\surefire_03723483964700722122tmp

Host: 11th Gen Intel(R) Core(TM) i3-1115G4 @ 3.00GHz, 4 cores, 7G,  Windows 11 , 64 bit Build 22621 (10.0.22621.3672)
Time: Mon Jul  1 16:41:20 2024 India Standard Time elapsed time: 64.655104 seconds (0d 0h 1m 4s)

---------------  T H R E A D  ---------------

Current thread (0x00000214ff9bba80):  JavaThread "C2 CompilerThread0" daemon [_thread_in_native, id=3864, stack(0x000000eed4700000,0x000000eed4800000)]


Current CompileTask:
C2:  64655 6374       4       java.util.ServiceLoader$ModuleServicesLookupIterator::iteratorFor (191 bytes)

Stack: [0x000000eed4700000,0x000000eed4800000]
Native frames: (J=compiled Java code, j=interpreted, Vv=VM code, C=native code)
V  [jvm.dll+0x677a5a]
V  [jvm.dll+0x7d8b2d]
V  [jvm.dll+0x7da48e]
V  [jvm.dll+0x7daaf3]
V  [jvm.dll+0x2455ff]
V  [jvm.dll+0xaaafb]
V  [jvm.dll+0xab09c]
V  [jvm.dll+0x361b5f]
V  [jvm.dll+0x32c211]
V  [jvm.dll+0x32b6aa]
V  [jvm.dll+0x21794f]
V  [jvm.dll+0x216d81]
V  [jvm.dll+0x1a3410]
V  [jvm.dll+0x226aeb]
V  [jvm.dll+0x224cab]
V  [jvm.dll+0x78e45c]
V  [jvm.dll+0x78888a]
V  [jvm.dll+0x676935]
C  [ucrtbase.dll+0x29333]
C  [KERNEL32.DLL+0x1257d]
C  [ntdll.dll+0x5af28]


---------------  P R O C E S S  ---------------

Threads class SMR info:
_java_thread_list=0x00000214e23de810, length=17, elements={
0x00000214fbb89fd0, 0x00000214ff99dce0, 0x00000214ff99e6a0, 0x00000214ff9b3370,
0x00000214ff9b3c40, 0x00000214ff9b6a10, 0x00000214ff9b73d0, 0x00000214ff9bba80,
0x00000214ff9c6160, 0x00000214ff9ce760, 0x000002149a8872f0, 0x000002149a889a70,
0x000002149a8be110, 0x000002149a8c4340, 0x00000214e0cc6010, 0x00000214e110c5b0,
0x00000214e0c06530
}

Java Threads: ( => current thread )
  0x00000214fbb89fd0 JavaThread "main" [_thread_in_Java, id=29900, stack(0x000000eed3a00000,0x000000eed3b00000)]
  0x00000214ff99dce0 JavaThread "Reference Handler" daemon [_thread_blocked, id=15288, stack(0x000000eed4100000,0x000000eed4200000)]
  0x00000214ff99e6a0 JavaThread "Finalizer" daemon [_thread_blocked, id=10140, stack(0x000000eed4200000,0x000000eed4300000)]
  0x00000214ff9b3370 JavaThread "Signal Dispatcher" daemon [_thread_blocked, id=3976, stack(0x000000eed4300000,0x000000eed4400000)]
  0x00000214ff9b3c40 JavaThread "Attach Listener" daemon [_thread_blocked, id=13392, stack(0x000000eed4400000,0x000000eed4500000)]
  0x00000214ff9b6a10 JavaThread "Service Thread" daemon [_thread_blocked, id=11888, stack(0x000000eed4500000,0x000000eed4600000)]
  0x00000214ff9b73d0 JavaThread "Monitor Deflation Thread" daemon [_thread_blocked, id=5640, stack(0x000000eed4600000,0x000000eed4700000)]
=>0x00000214ff9bba80 JavaThread "C2 CompilerThread0" daemon [_thread_in_native, id=3864, stack(0x000000eed4700000,0x000000eed4800000)]
  0x00000214ff9c6160 JavaThread "C1 CompilerThread0" daemon [_thread_blocked, id=20448, stack(0x000000eed4800000,0x000000eed4900000)]
  0x00000214ff9ce760 JavaThread "Sweeper thread" daemon [_thread_blocked, id=34960, stack(0x000000eed4900000,0x000000eed4a00000)]
  0x000002149a8872f0 JavaThread "Notification Thread" daemon [_thread_blocked, id=35644, stack(0x000000eed4a00000,0x000000eed4b00000)]
  0x000002149a889a70 JavaThread "Common-Cleaner" daemon [_thread_blocked, id=11100, stack(0x000000eed4c00000,0x000000eed4d00000)]
  0x000002149a8be110 JavaThread "last-ditch-daemon-shutdown-thread-30sec" daemon [_thread_blocked, id=868, stack(0x000000eed4d00000,0x000000eed4e00000)]
  0x000002149a8c4340 JavaThread "surefire-forkedjvm-command-thread" daemon [_thread_in_native, id=23392, stack(0x000000eed4e00000,0x000000eed4f00000)]
  0x00000214e0cc6010 JavaThread "ForkJoinPool.commonPool-worker-1" daemon [_thread_blocked, id=34660, stack(0x000000eed5300000,0x000000eed5400000)]
  0x00000214e110c5b0 JavaThread "HttpClient-1-SelectorManager" daemon [_thread_in_native, id=21204, stack(0x000000eed5400000,0x000000eed5500000)]
  0x00000214e0c06530 JavaThread "pool-1-thread-1" [_thread_blocked, id=9324, stack(0x000000eed5500000,0x000000eed5600000)]

Other Threads:
  0x00000214ff99a340 VMThread "VM Thread" [stack: 0x000000eed4000000,0x000000eed4100000] [id=22260]
  0x000002149a8897e0 WatcherThread [stack: 0x000000eed4b00000,0x000000eed4c00000] [id=25244]
  0x00000214fca13e90 GCTaskThread "GC Thread#0" [stack: 0x000000eed3b00000,0x000000eed3c00000] [id=14564]
  0x000002149aa45560 GCTaskThread "GC Thread#1" [stack: 0x000000eed4f00000,0x000000eed5000000] [id=30216]
  0x00000214e03ac700 GCTaskThread "GC Thread#2" [stack: 0x000000eed5000000,0x000000eed5100000] [id=24168]
  0x00000214e03ac9c0 GCTaskThread "GC Thread#3" [stack: 0x000000eed5100000,0x000000eed5200000] [id=10052]
  0x00000214fca244a0 ConcurrentGCThread "G1 Main Marker" [stack: 0x000000eed3c00000,0x000000eed3d00000] [id=35776]
  0x00000214fca25ec0 ConcurrentGCThread "G1 Conc#0" [stack: 0x000000eed3d00000,0x000000eed3e00000] [id=26800]
  0x00000214fca8ec80 ConcurrentGCThread "G1 Refine#0" [stack: 0x000000eed3e00000,0x000000eed3f00000] [id=13408]
  0x00000214ff8407c0 ConcurrentGCThread "G1 Service" [stack: 0x000000eed3f00000,0x000000eed4000000] [id=19036]

Threads with active compile tasks:
C2 CompilerThread0    64706 6374       4       java.util.ServiceLoader$ModuleServicesLookupIterator::iteratorFor (191 bytes)
C1 CompilerThread0    64707 6376   !   3       org.openxmlformats.schemas.spreadsheetml.x2006.main.impl.CTStylesheetImpl::getColors (47 bytes)

VM state: not at safepoint (normal execution)

VM Mutex/Monitor currently owned by a thread: None

Heap address: 0x0000000084a00000, size: 1974 MB, Compressed Oops mode: 32-bit

CDS archive(s) mapped at: [0x000002149b000000-0x000002149bbd0000-0x000002149bbd0000), size 12386304, SharedBaseAddress: 0x000002149b000000, ArchiveRelocationMode: 1.
Compressed class space mapped at: 0x000002149c000000-0x00000214dc000000, reserved size: 1073741824
Narrow klass base: 0x000002149b000000, Narrow klass shift: 0, Narrow klass range: 0x100000000

GC Precious Log:
 CPUs: 4 total, 4 available
 Memory: 7890M
 Large Page Support: Disabled
 NUMA Support: Disabled
 Compressed Oops: Enabled (32-bit)
 Heap Region Size: 1M
 Heap Min Capacity: 8M
 Heap Initial Capacity: 124M
 Heap Max Capacity: 1974M
 Pre-touch: Disabled
 Parallel Workers: 4
 Concurrent Workers: 1
 Concurrent Refinement Workers: 4
 Periodic GC: Disabled

Heap:
 garbage-first heap   total 200704K, used 127807K [0x0000000084a00000, 0x0000000100000000)
  region size 1024K, 105 young (107520K), 2 survivors (2048K)
 Metaspace       used 31622K, committed 32000K, reserved 1114112K
  class space    used 3719K, committed 3904K, reserved 1048576K

Heap Regions: E=young(eden), S=young(survivor), O=old, HS=humongous(starts), HC=humongous(continues), CS=collection set, F=free, OA=open archive, CA=closed archive, TAMS=top-at-mark-start (previous, next)
|   0|0x0000000084a00000, 0x0000000084b00000, 0x0000000084b00000|100%|HS|  |TAMS 0x0000000084b00000, 0x0000000084a00000| Complete 
|   1|0x0000000084b00000, 0x0000000084c00000, 0x0000000084c00000|100%|HS|  |TAMS 0x0000000084c00000, 0x0000000084b00000| Complete 
|   2|0x0000000084c00000, 0x0000000084d00000, 0x0000000084d00000|100%| O|  |TAMS 0x0000000084d00000, 0x0000000084c00000| Untracked 
|   3|0x0000000084d00000, 0x0000000084e00000, 0x0000000084e00000|100%| O|  |TAMS 0x0000000084e00000, 0x0000000084d00000| Untracked 
|   4|0x0000000084e00000, 0x0000000084f00000, 0x0000000084f00000|100%| O|  |TAMS 0x0000000084f00000, 0x0000000084e00000| Untracked 
|   5|0x0000000084f00000, 0x0000000085000000, 0x0000000085000000|100%| O|  |TAMS 0x0000000085000000, 0x0000000084f00000| Untracked 
|   6|0x0000000085000000, 0x0000000085100000, 0x0000000085100000|100%| O|  |TAMS 0x0000000085100000, 0x0000000085000000| Untracked 
|   7|0x0000000085100000, 0x0000000085200000, 0x0000000085200000|100%| O|  |TAMS 0x0000000085200000, 0x0000000085100000| Untracked 
|   8|0x0000000085200000, 0x0000000085300000, 0x0000000085300000|100%| O|  |TAMS 0x0000000085300000, 0x0000000085200000| Untracked 
|   9|0x0000000085300000, 0x0000000085400000, 0x0000000085400000|100%| O|  |TAMS 0x0000000085300000, 0x0000000085300000| Untracked 
|  10|0x0000000085400000, 0x0000000085500000, 0x0000000085500000|100%| O|  |TAMS 0x0000000085400000, 0x0000000085400000| Untracked 
|  11|0x0000000085500000, 0x0000000085600000, 0x0000000085600000|100%| O|  |TAMS 0x0000000085500000, 0x0000000085500000| Untracked 
|  12|0x0000000085600000, 0x0000000085700000, 0x0000000085700000|100%| O|  |TAMS 0x0000000085600000, 0x0000000085600000| Untracked 
|  13|0x0000000085700000, 0x0000000085800000, 0x0000000085800000|100%| O|  |TAMS 0x0000000085700000, 0x0000000085700000| Untracked 
|  14|0x0000000085800000, 0x0000000085900000, 0x0000000085900000|100%| O|  |TAMS 0x0000000085800000, 0x0000000085800000| Untracked 
|  15|0x0000000085900000, 0x0000000085a00000, 0x0000000085a00000|100%| O|  |TAMS 0x0000000085900000, 0x0000000085900000| Untracked 
|  16|0x0000000085a00000, 0x0000000085b00000, 0x0000000085b00000|100%| O|  |TAMS 0x0000000085a00000, 0x0000000085a00000| Untracked 
|  17|0x0000000085b00000, 0x0000000085c00000, 0x0000000085c00000|100%| O|  |TAMS 0x0000000085b00000, 0x0000000085b00000| Untracked 
|  18|0x0000000085c00000, 0x0000000085d00000, 0x0000000085d00000|100%| O|  |TAMS 0x0000000085c00000, 0x0000000085c00000| Untracked 
|  19|0x0000000085d00000, 0x0000000085e00000, 0x0000000085e00000|100%| O|  |TAMS 0x0000000085d00000, 0x0000000085d00000| Untracked 
|  20|0x0000000085e00000, 0x0000000085f00000, 0x0000000085f00000|100%| O|  |TAMS 0x0000000085e00000, 0x0000000085e00000| Untracked 
|  21|0x0000000085f00000, 0x0000000086000000, 0x0000000086000000|100%| O|  |TAMS 0x0000000085f00000, 0x0000000085f00000| Untracked 
|  22|0x0000000086000000, 0x00000000860b3c00, 0x0000000086100000| 70%| O|  |TAMS 0x0000000086000000, 0x0000000086000000| Untracked 
|  23|0x0000000086100000, 0x0000000086100000, 0x0000000086200000|  0%| F|  |TAMS 0x0000000086100000, 0x0000000086100000| Untracked 
|  24|0x0000000086200000, 0x0000000086200000, 0x0000000086300000|  0%| F|  |TAMS 0x0000000086200000, 0x0000000086200000| Untracked 
|  25|0x0000000086300000, 0x0000000086300000, 0x0000000086400000|  0%| F|  |TAMS 0x0000000086300000, 0x0000000086300000| Untracked 
|  26|0x0000000086400000, 0x0000000086400000, 0x0000000086500000|  0%| F|  |TAMS 0x0000000086400000, 0x0000000086400000| Untracked 
|  27|0x0000000086500000, 0x0000000086500000, 0x0000000086600000|  0%| F|  |TAMS 0x0000000086500000, 0x0000000086500000| Untracked 
|  28|0x0000000086600000, 0x0000000086600000, 0x0000000086700000|  0%| F|  |TAMS 0x0000000086600000, 0x0000000086600000| Untracked 
|  29|0x0000000086700000, 0x0000000086700000, 0x0000000086800000|  0%| F|  |TAMS 0x0000000086700000, 0x0000000086700000| Untracked 
|  30|0x0000000086800000, 0x0000000086800000, 0x0000000086900000|  0%| F|  |TAMS 0x0000000086800000, 0x0000000086800000| Untracked 
|  31|0x0000000086900000, 0x0000000086900000, 0x0000000086a00000|  0%| F|  |TAMS 0x0000000086900000, 0x0000000086900000| Untracked 
|  32|0x0000000086a00000, 0x0000000086a00000, 0x0000000086b00000|  0%| F|  |TAMS 0x0000000086a00000, 0x0000000086a00000| Untracked 
|  33|0x0000000086b00000, 0x0000000086b00000, 0x0000000086c00000|  0%| F|  |TAMS 0x0000000086b00000, 0x0000000086b00000| Untracked 
|  34|0x0000000086c00000, 0x0000000086c00000, 0x0000000086d00000|  0%| F|  |TAMS 0x0000000086c00000, 0x0000000086c00000| Untracked 
|  35|0x0000000086d00000, 0x0000000086d00000, 0x0000000086e00000|  0%| F|  |TAMS 0x0000000086d00000, 0x0000000086d00000| Untracked 
|  36|0x0000000086e00000, 0x0000000086e00000, 0x0000000086f00000|  0%| F|  |TAMS 0x0000000086e00000, 0x0000000086e00000| Untracked 
|  37|0x0000000086f00000, 0x0000000086f00000, 0x0000000087000000|  0%| F|  |TAMS 0x0000000086f00000, 0x0000000086f00000| Untracked 
|  38|0x0000000087000000, 0x0000000087000000, 0x0000000087100000|  0%| F|  |TAMS 0x0000000087000000, 0x0000000087000000| Untracked 
|  39|0x0000000087100000, 0x0000000087100000, 0x0000000087200000|  0%| F|  |TAMS 0x0000000087100000, 0x0000000087100000| Untracked 
|  40|0x0000000087200000, 0x0000000087200000, 0x0000000087300000|  0%| F|  |TAMS 0x0000000087200000, 0x0000000087200000| Untracked 
|  41|0x0000000087300000, 0x0000000087300000, 0x0000000087400000|  0%| F|  |TAMS 0x0000000087300000, 0x0000000087300000| Untracked 
|  42|0x0000000087400000, 0x0000000087400000, 0x0000000087500000|  0%| F|  |TAMS 0x0000000087400000, 0x0000000087400000| Untracked 
|  43|0x0000000087500000, 0x0000000087500000, 0x0000000087600000|  0%| F|  |TAMS 0x0000000087500000, 0x0000000087500000| Untracked 
|  44|0x0000000087600000, 0x0000000087600000, 0x0000000087700000|  0%| F|  |TAMS 0x0000000087600000, 0x0000000087600000| Untracked 
|  45|0x0000000087700000, 0x0000000087700000, 0x0000000087800000|  0%| F|  |TAMS 0x0000000087700000, 0x0000000087700000| Untracked 
|  46|0x0000000087800000, 0x0000000087800000, 0x0000000087900000|  0%| F|  |TAMS 0x0000000087800000, 0x0000000087800000| Untracked 
|  47|0x0000000087900000, 0x0000000087900000, 0x0000000087a00000|  0%| F|  |TAMS 0x0000000087900000, 0x0000000087900000| Untracked 
|  48|0x0000000087a00000, 0x0000000087a00000, 0x0000000087b00000|  0%| F|  |TAMS 0x0000000087a00000, 0x0000000087a00000| Untracked 
|  49|0x0000000087b00000, 0x0000000087b00000, 0x0000000087c00000|  0%| F|  |TAMS 0x0000000087b00000, 0x0000000087b00000| Untracked 
|  50|0x0000000087c00000, 0x0000000087c00000, 0x0000000087d00000|  0%| F|  |TAMS 0x0000000087c00000, 0x0000000087c00000| Untracked 
|  51|0x0000000087d00000, 0x0000000087d00000, 0x0000000087e00000|  0%| F|  |TAMS 0x0000000087d00000, 0x0000000087d00000| Untracked 
|  52|0x0000000087e00000, 0x0000000087e00000, 0x0000000087f00000|  0%| F|  |TAMS 0x0000000087e00000, 0x0000000087e00000| Untracked 
|  53|0x0000000087f00000, 0x0000000087f00000, 0x0000000088000000|  0%| F|  |TAMS 0x0000000087f00000, 0x0000000087f00000| Untracked 
|  54|0x0000000088000000, 0x0000000088000000, 0x0000000088100000|  0%| F|  |TAMS 0x0000000088000000, 0x0000000088000000| Untracked 
|  55|0x0000000088100000, 0x0000000088100000, 0x0000000088200000|  0%| F|  |TAMS 0x0000000088100000, 0x0000000088100000| Untracked 
|  56|0x0000000088200000, 0x0000000088200000, 0x0000000088300000|  0%| F|  |TAMS 0x0000000088200000, 0x0000000088200000| Untracked 
|  57|0x0000000088300000, 0x0000000088300000, 0x0000000088400000|  0%| F|  |TAMS 0x0000000088300000, 0x0000000088300000| Untracked 
|  58|0x0000000088400000, 0x0000000088400000, 0x0000000088500000|  0%| F|  |TAMS 0x0000000088400000, 0x0000000088400000| Untracked 
|  59|0x0000000088500000, 0x0000000088500000, 0x0000000088600000|  0%| F|  |TAMS 0x0000000088500000, 0x0000000088500000| Untracked 
|  60|0x0000000088600000, 0x0000000088600000, 0x0000000088700000|  0%| F|  |TAMS 0x0000000088600000, 0x0000000088600000| Untracked 
|  61|0x0000000088700000, 0x0000000088700000, 0x0000000088800000|  0%| F|  |TAMS 0x0000000088700000, 0x0000000088700000| Untracked 
|  62|0x0000000088800000, 0x0000000088800000, 0x0000000088900000|  0%| F|  |TAMS 0x0000000088800000, 0x0000000088800000| Untracked 
|  63|0x0000000088900000, 0x0000000088900000, 0x0000000088a00000|  0%| F|  |TAMS 0x0000000088900000, 0x0000000088900000| Untracked 
|  64|0x0000000088a00000, 0x0000000088a00000, 0x0000000088b00000|  0%| F|  |TAMS 0x0000000088a00000, 0x0000000088a00000| Untracked 
|  65|0x0000000088b00000, 0x0000000088b00000, 0x0000000088c00000|  0%| F|  |TAMS 0x0000000088b00000, 0x0000000088b00000| Untracked 
|  66|0x0000000088c00000, 0x0000000088c00000, 0x0000000088d00000|  0%| F|  |TAMS 0x0000000088c00000, 0x0000000088c00000| Untracked 
|  67|0x0000000088d00000, 0x0000000088d00000, 0x0000000088e00000|  0%| F|  |TAMS 0x0000000088d00000, 0x0000000088d00000| Untracked 
|  68|0x0000000088e00000, 0x0000000088e00000, 0x0000000088f00000|  0%| F|  |TAMS 0x0000000088e00000, 0x0000000088e00000| Untracked 
|  69|0x0000000088f00000, 0x0000000088f00000, 0x0000000089000000|  0%| F|  |TAMS 0x0000000088f00000, 0x0000000088f00000| Untracked 
|  70|0x0000000089000000, 0x0000000089000000, 0x0000000089100000|  0%| F|  |TAMS 0x0000000089000000, 0x0000000089000000| Untracked 
|  71|0x0000000089100000, 0x0000000089100000, 0x0000000089200000|  0%| F|  |TAMS 0x0000000089100000, 0x0000000089100000| Untracked 
|  72|0x0000000089200000, 0x0000000089200000, 0x0000000089300000|  0%| F|  |TAMS 0x0000000089200000, 0x0000000089200000| Untracked 
|  73|0x0000000089300000, 0x0000000089300000, 0x0000000089400000|  0%| F|  |TAMS 0x0000000089300000, 0x0000000089300000| Untracked 
|  74|0x0000000089400000, 0x0000000089400000, 0x0000000089500000|  0%| F|  |TAMS 0x0000000089400000, 0x0000000089400000| Untracked 
|  75|0x0000000089500000, 0x0000000089500000, 0x0000000089600000|  0%| F|  |TAMS 0x0000000089500000, 0x0000000089500000| Untracked 
|  76|0x0000000089600000, 0x0000000089600000, 0x0000000089700000|  0%| F|  |TAMS 0x0000000089600000, 0x0000000089600000| Untracked 
|  77|0x0000000089700000, 0x0000000089700000, 0x0000000089800000|  0%| F|  |TAMS 0x0000000089700000, 0x0000000089700000| Untracked 
|  78|0x0000000089800000, 0x0000000089800000, 0x0000000089900000|  0%| F|  |TAMS 0x0000000089800000, 0x0000000089800000| Untracked 
|  79|0x0000000089900000, 0x0000000089900000, 0x0000000089a00000|  0%| F|  |TAMS 0x0000000089900000, 0x0000000089900000| Untracked 
|  80|0x0000000089a00000, 0x0000000089a00000, 0x0000000089b00000|  0%| F|  |TAMS 0x0000000089a00000, 0x0000000089a00000| Untracked 
|  81|0x0000000089b00000, 0x0000000089b1c058, 0x0000000089c00000| 10%| S|CS|TAMS 0x0000000089b00000, 0x0000000089b00000| Complete 
|  82|0x0000000089c00000, 0x0000000089d00000, 0x0000000089d00000|100%| S|CS|TAMS 0x0000000089c00000, 0x0000000089c00000| Complete 
|  83|0x0000000089d00000, 0x0000000089d00000, 0x0000000089e00000|  0%| F|  |TAMS 0x0000000089d00000, 0x0000000089d00000| Untracked 
|  84|0x0000000089e00000, 0x0000000089e00000, 0x0000000089f00000|  0%| F|  |TAMS 0x0000000089e00000, 0x0000000089e00000| Untracked 
|  85|0x0000000089f00000, 0x0000000089f00000, 0x000000008a000000|  0%| F|  |TAMS 0x0000000089f00000, 0x0000000089f00000| Untracked 
|  86|0x000000008a000000, 0x000000008a000000, 0x000000008a100000|  0%| F|  |TAMS 0x000000008a000000, 0x000000008a000000| Untracked 
|  87|0x000000008a100000, 0x000000008a100000, 0x000000008a200000|  0%| F|  |TAMS 0x000000008a100000, 0x000000008a100000| Untracked 
|  88|0x000000008a200000, 0x000000008a300000, 0x000000008a300000|100%| E|  |TAMS 0x000000008a200000, 0x000000008a200000| Complete 
|  89|0x000000008a300000, 0x000000008a400000, 0x000000008a400000|100%| E|CS|TAMS 0x000000008a300000, 0x000000008a300000| Complete 
|  90|0x000000008a400000, 0x000000008a500000, 0x000000008a500000|100%| E|CS|TAMS 0x000000008a400000, 0x000000008a400000| Complete 
|  91|0x000000008a500000, 0x000000008a600000, 0x000000008a600000|100%| E|CS|TAMS 0x000000008a500000, 0x000000008a500000| Complete 
|  92|0x000000008a600000, 0x000000008a700000, 0x000000008a700000|100%| E|CS|TAMS 0x000000008a600000, 0x000000008a600000| Complete 
|  93|0x000000008a700000, 0x000000008a800000, 0x000000008a800000|100%| E|CS|TAMS 0x000000008a700000, 0x000000008a700000| Complete 
|  94|0x000000008a800000, 0x000000008a900000, 0x000000008a900000|100%| E|CS|TAMS 0x000000008a800000, 0x000000008a800000| Complete 
|  95|0x000000008a900000, 0x000000008aa00000, 0x000000008aa00000|100%| E|CS|TAMS 0x000000008a900000, 0x000000008a900000| Complete 
|  96|0x000000008aa00000, 0x000000008ab00000, 0x000000008ab00000|100%| E|CS|TAMS 0x000000008aa00000, 0x000000008aa00000| Complete 
|  97|0x000000008ab00000, 0x000000008ac00000, 0x000000008ac00000|100%| E|CS|TAMS 0x000000008ab00000, 0x000000008ab00000| Complete 
|  98|0x000000008ac00000, 0x000000008ad00000, 0x000000008ad00000|100%| E|CS|TAMS 0x000000008ac00000, 0x000000008ac00000| Complete 
|  99|0x000000008ad00000, 0x000000008ae00000, 0x000000008ae00000|100%| E|CS|TAMS 0x000000008ad00000, 0x000000008ad00000| Complete 
| 100|0x000000008ae00000, 0x000000008af00000, 0x000000008af00000|100%| E|CS|TAMS 0x000000008ae00000, 0x000000008ae00000| Complete 
| 101|0x000000008af00000, 0x000000008b000000, 0x000000008b000000|100%| E|CS|TAMS 0x000000008af00000, 0x000000008af00000| Complete 
| 102|0x000000008b000000, 0x000000008b100000, 0x000000008b100000|100%| E|CS|TAMS 0x000000008b000000, 0x000000008b000000| Complete 
| 103|0x000000008b100000, 0x000000008b200000, 0x000000008b200000|100%| E|CS|TAMS 0x000000008b100000, 0x000000008b100000| Complete 
| 104|0x000000008b200000, 0x000000008b300000, 0x000000008b300000|100%| E|CS|TAMS 0x000000008b200000, 0x000000008b200000| Complete 
| 105|0x000000008b300000, 0x000000008b400000, 0x000000008b400000|100%| E|CS|TAMS 0x000000008b300000, 0x000000008b300000| Complete 
| 106|0x000000008b400000, 0x000000008b500000, 0x000000008b500000|100%| E|CS|TAMS 0x000000008b400000, 0x000000008b400000| Complete 
| 107|0x000000008b500000, 0x000000008b600000, 0x000000008b600000|100%| E|CS|TAMS 0x000000008b500000, 0x000000008b500000| Complete 
| 108|0x000000008b600000, 0x000000008b700000, 0x000000008b700000|100%| E|CS|TAMS 0x000000008b600000, 0x000000008b600000| Complete 
| 109|0x000000008b700000, 0x000000008b800000, 0x000000008b800000|100%| E|CS|TAMS 0x000000008b700000, 0x000000008b700000| Complete 
| 110|0x000000008b800000, 0x000000008b900000, 0x000000008b900000|100%| E|CS|TAMS 0x000000008b800000, 0x000000008b800000| Complete 
| 111|0x000000008b900000, 0x000000008ba00000, 0x000000008ba00000|100%| E|CS|TAMS 0x000000008b900000, 0x000000008b900000| Complete 
| 112|0x000000008ba00000, 0x000000008bb00000, 0x000000008bb00000|100%| E|CS|TAMS 0x000000008ba00000, 0x000000008ba00000| Complete 
| 113|0x000000008bb00000, 0x000000008bc00000, 0x000000008bc00000|100%| E|CS|TAMS 0x000000008bb00000, 0x000000008bb00000| Complete 
| 114|0x000000008bc00000, 0x000000008bd00000, 0x000000008bd00000|100%| E|CS|TAMS 0x000000008bc00000, 0x000000008bc00000| Complete 
| 115|0x000000008bd00000, 0x000000008be00000, 0x000000008be00000|100%| E|CS|TAMS 0x000000008bd00000, 0x000000008bd00000| Complete 
| 116|0x000000008be00000, 0x000000008bf00000, 0x000000008bf00000|100%| E|CS|TAMS 0x000000008be00000, 0x000000008be00000| Complete 
| 117|0x000000008bf00000, 0x000000008c000000, 0x000000008c000000|100%| E|CS|TAMS 0x000000008bf00000, 0x000000008bf00000| Complete 
| 118|0x000000008c000000, 0x000000008c100000, 0x000000008c100000|100%| E|CS|TAMS 0x000000008c000000, 0x000000008c000000| Complete 
| 119|0x000000008c100000, 0x000000008c200000, 0x000000008c200000|100%| E|CS|TAMS 0x000000008c100000, 0x000000008c100000| Complete 
| 120|0x000000008c200000, 0x000000008c300000, 0x000000008c300000|100%| E|CS|TAMS 0x000000008c200000, 0x000000008c200000| Complete 
| 121|0x000000008c300000, 0x000000008c400000, 0x000000008c400000|100%| E|  |TAMS 0x000000008c300000, 0x000000008c300000| Complete 
| 122|0x000000008c400000, 0x000000008c500000, 0x000000008c500000|100%| E|CS|TAMS 0x000000008c400000, 0x000000008c400000| Complete 
| 123|0x000000008c500000, 0x000000008c600000, 0x000000008c600000|100%| E|CS|TAMS 0x000000008c500000, 0x000000008c500000| Complete 
| 124|0x000000008c600000, 0x000000008c700000, 0x000000008c700000|100%| E|CS|TAMS 0x000000008c600000, 0x000000008c600000| Complete 
| 125|0x000000008c700000, 0x000000008c800000, 0x000000008c800000|100%| E|CS|TAMS 0x000000008c700000, 0x000000008c700000| Complete 
| 126|0x000000008c800000, 0x000000008c900000, 0x000000008c900000|100%| E|CS|TAMS 0x000000008c800000, 0x000000008c800000| Complete 
| 127|0x000000008c900000, 0x000000008ca00000, 0x000000008ca00000|100%| E|CS|TAMS 0x000000008c900000, 0x000000008c900000| Complete 
| 128|0x000000008ca00000, 0x000000008cb00000, 0x000000008cb00000|100%| E|CS|TAMS 0x000000008ca00000, 0x000000008ca00000| Complete 
| 129|0x000000008cb00000, 0x000000008cc00000, 0x000000008cc00000|100%| E|CS|TAMS 0x000000008cb00000, 0x000000008cb00000| Complete 
| 130|0x000000008cc00000, 0x000000008cd00000, 0x000000008cd00000|100%| E|CS|TAMS 0x000000008cc00000, 0x000000008cc00000| Complete 
| 131|0x000000008cd00000, 0x000000008ce00000, 0x000000008ce00000|100%| E|CS|TAMS 0x000000008cd00000, 0x000000008cd00000| Complete 
| 132|0x000000008ce00000, 0x000000008cf00000, 0x000000008cf00000|100%| E|CS|TAMS 0x000000008ce00000, 0x000000008ce00000| Complete 
| 133|0x000000008cf00000, 0x000000008d000000, 0x000000008d000000|100%| E|CS|TAMS 0x000000008cf00000, 0x000000008cf00000| Complete 
| 134|0x000000008d000000, 0x000000008d100000, 0x000000008d100000|100%| E|CS|TAMS 0x000000008d000000, 0x000000008d000000| Complete 
| 135|0x000000008d100000, 0x000000008d200000, 0x000000008d200000|100%| E|CS|TAMS 0x000000008d100000, 0x000000008d100000| Complete 
| 136|0x000000008d200000, 0x000000008d300000, 0x000000008d300000|100%| E|CS|TAMS 0x000000008d200000, 0x000000008d200000| Complete 
| 137|0x000000008d300000, 0x000000008d400000, 0x000000008d400000|100%| E|CS|TAMS 0x000000008d300000, 0x000000008d300000| Complete 
| 138|0x000000008d400000, 0x000000008d500000, 0x000000008d500000|100%| E|CS|TAMS 0x000000008d400000, 0x000000008d400000| Complete 
| 139|0x000000008d500000, 0x000000008d600000, 0x000000008d600000|100%| E|CS|TAMS 0x000000008d500000, 0x000000008d500000| Complete 
| 140|0x000000008d600000, 0x000000008d700000, 0x000000008d700000|100%| E|CS|TAMS 0x000000008d600000, 0x000000008d600000| Complete 
| 141|0x000000008d700000, 0x000000008d800000, 0x000000008d800000|100%| E|CS|TAMS 0x000000008d700000, 0x000000008d700000| Complete 
| 142|0x000000008d800000, 0x000000008d900000, 0x000000008d900000|100%| E|CS|TAMS 0x000000008d800000, 0x000000008d800000| Complete 
| 143|0x000000008d900000, 0x000000008da00000, 0x000000008da00000|100%| E|CS|TAMS 0x000000008d900000, 0x000000008d900000| Complete 
| 144|0x000000008da00000, 0x000000008db00000, 0x000000008db00000|100%| E|CS|TAMS 0x000000008da00000, 0x000000008da00000| Complete 
| 145|0x000000008db00000, 0x000000008dc00000, 0x000000008dc00000|100%| E|CS|TAMS 0x000000008db00000, 0x000000008db00000| Complete 
| 146|0x000000008dc00000, 0x000000008dd00000, 0x000000008dd00000|100%| E|CS|TAMS 0x000000008dc00000, 0x000000008dc00000| Complete 
| 147|0x000000008dd00000, 0x000000008de00000, 0x000000008de00000|100%| E|CS|TAMS 0x000000008dd00000, 0x000000008dd00000| Complete 
| 148|0x000000008de00000, 0x000000008df00000, 0x000000008df00000|100%| E|CS|TAMS 0x000000008de00000, 0x000000008de00000| Complete 
| 149|0x000000008df00000, 0x000000008e000000, 0x000000008e000000|100%| E|CS|TAMS 0x000000008df00000, 0x000000008df00000| Complete 
| 150|0x000000008e000000, 0x000000008e100000, 0x000000008e100000|100%| E|CS|TAMS 0x000000008e000000, 0x000000008e000000| Complete 
| 151|0x000000008e100000, 0x000000008e200000, 0x000000008e200000|100%| E|CS|TAMS 0x000000008e100000, 0x000000008e100000| Complete 
| 152|0x000000008e200000, 0x000000008e300000, 0x000000008e300000|100%| E|CS|TAMS 0x000000008e200000, 0x000000008e200000| Complete 
| 153|0x000000008e300000, 0x000000008e400000, 0x000000008e400000|100%| E|CS|TAMS 0x000000008e300000, 0x000000008e300000| Complete 
| 154|0x000000008e400000, 0x000000008e500000, 0x000000008e500000|100%| E|CS|TAMS 0x000000008e400000, 0x000000008e400000| Complete 
| 155|0x000000008e500000, 0x000000008e600000, 0x000000008e600000|100%| E|CS|TAMS 0x000000008e500000, 0x000000008e500000| Complete 
| 156|0x000000008e600000, 0x000000008e700000, 0x000000008e700000|100%| E|CS|TAMS 0x000000008e600000, 0x000000008e600000| Complete 
| 157|0x000000008e700000, 0x000000008e800000, 0x000000008e800000|100%| E|CS|TAMS 0x000000008e700000, 0x000000008e700000| Complete 
| 158|0x000000008e800000, 0x000000008e900000, 0x000000008e900000|100%| E|CS|TAMS 0x000000008e800000, 0x000000008e800000| Complete 
| 159|0x000000008e900000, 0x000000008ea00000, 0x000000008ea00000|100%| E|CS|TAMS 0x000000008e900000, 0x000000008e900000| Complete 
| 160|0x000000008ea00000, 0x000000008eb00000, 0x000000008eb00000|100%| E|CS|TAMS 0x000000008ea00000, 0x000000008ea00000| Complete 
| 161|0x000000008eb00000, 0x000000008ec00000, 0x000000008ec00000|100%| E|CS|TAMS 0x000000008eb00000, 0x000000008eb00000| Complete 
| 162|0x000000008ec00000, 0x000000008ed00000, 0x000000008ed00000|100%| E|CS|TAMS 0x000000008ec00000, 0x000000008ec00000| Complete 
| 163|0x000000008ed00000, 0x000000008ee00000, 0x000000008ee00000|100%| E|CS|TAMS 0x000000008ed00000, 0x000000008ed00000| Complete 
| 164|0x000000008ee00000, 0x000000008ef00000, 0x000000008ef00000|100%| E|CS|TAMS 0x000000008ee00000, 0x000000008ee00000| Complete 
| 165|0x000000008ef00000, 0x000000008f000000, 0x000000008f000000|100%| E|CS|TAMS 0x000000008ef00000, 0x000000008ef00000| Complete 
| 166|0x000000008f000000, 0x000000008f100000, 0x000000008f100000|100%| E|CS|TAMS 0x000000008f000000, 0x000000008f000000| Complete 
| 167|0x000000008f100000, 0x000000008f200000, 0x000000008f200000|100%| E|CS|TAMS 0x000000008f100000, 0x000000008f100000| Complete 
| 168|0x000000008f200000, 0x000000008f300000, 0x000000008f300000|100%| E|CS|TAMS 0x000000008f200000, 0x000000008f200000| Complete 
| 169|0x000000008f300000, 0x000000008f400000, 0x000000008f400000|100%| E|CS|TAMS 0x000000008f300000, 0x000000008f300000| Complete 
| 170|0x000000008f400000, 0x000000008f500000, 0x000000008f500000|100%| E|CS|TAMS 0x000000008f400000, 0x000000008f400000| Complete 
| 171|0x000000008f500000, 0x000000008f600000, 0x000000008f600000|100%| E|CS|TAMS 0x000000008f500000, 0x000000008f500000| Complete 
| 172|0x000000008f600000, 0x000000008f700000, 0x000000008f700000|100%| E|CS|TAMS 0x000000008f600000, 0x000000008f600000| Complete 
| 173|0x000000008f700000, 0x000000008f800000, 0x000000008f800000|100%| E|CS|TAMS 0x000000008f700000, 0x000000008f700000| Complete 
| 174|0x000000008f800000, 0x000000008f900000, 0x000000008f900000|100%| E|CS|TAMS 0x000000008f800000, 0x000000008f800000| Complete 
| 175|0x000000008f900000, 0x000000008fa00000, 0x000000008fa00000|100%| E|CS|TAMS 0x000000008f900000, 0x000000008f900000| Complete 
| 176|0x000000008fa00000, 0x000000008fb00000, 0x000000008fb00000|100%| E|CS|TAMS 0x000000008fa00000, 0x000000008fa00000| Complete 
| 177|0x000000008fb00000, 0x000000008fc00000, 0x000000008fc00000|100%| E|CS|TAMS 0x000000008fb00000, 0x000000008fb00000| Complete 
| 178|0x000000008fc00000, 0x000000008fd00000, 0x000000008fd00000|100%| E|CS|TAMS 0x000000008fc00000, 0x000000008fc00000| Complete 
| 179|0x000000008fd00000, 0x000000008fe00000, 0x000000008fe00000|100%| E|CS|TAMS 0x000000008fd00000, 0x000000008fd00000| Complete 
| 180|0x000000008fe00000, 0x000000008ff00000, 0x000000008ff00000|100%| E|CS|TAMS 0x000000008fe00000, 0x000000008fe00000| Complete 
| 181|0x000000008ff00000, 0x0000000090000000, 0x0000000090000000|100%| E|CS|TAMS 0x000000008ff00000, 0x000000008ff00000| Complete 
| 182|0x0000000090000000, 0x0000000090100000, 0x0000000090100000|100%| E|CS|TAMS 0x0000000090000000, 0x0000000090000000| Complete 
| 183|0x0000000090100000, 0x0000000090200000, 0x0000000090200000|100%| E|CS|TAMS 0x0000000090100000, 0x0000000090100000| Complete 
| 184|0x0000000090200000, 0x0000000090300000, 0x0000000090300000|100%| E|CS|TAMS 0x0000000090200000, 0x0000000090200000| Complete 
| 185|0x0000000090300000, 0x0000000090400000, 0x0000000090400000|100%| E|CS|TAMS 0x0000000090300000, 0x0000000090300000| Complete 
| 186|0x0000000090400000, 0x0000000090500000, 0x0000000090500000|100%| E|CS|TAMS 0x0000000090400000, 0x0000000090400000| Complete 
| 187|0x0000000090500000, 0x0000000090600000, 0x0000000090600000|100%| E|CS|TAMS 0x0000000090500000, 0x0000000090500000| Complete 
| 188|0x0000000090600000, 0x0000000090700000, 0x0000000090700000|100%| E|CS|TAMS 0x0000000090600000, 0x0000000090600000| Complete 
| 189|0x0000000090700000, 0x0000000090800000, 0x0000000090800000|100%| E|CS|TAMS 0x0000000090700000, 0x0000000090700000| Complete 
| 190|0x0000000090800000, 0x0000000090900000, 0x0000000090900000|100%| E|CS|TAMS 0x0000000090800000, 0x0000000090800000| Complete 
| 191|0x0000000090900000, 0x0000000090a00000, 0x0000000090a00000|100%| E|CS|TAMS 0x0000000090900000, 0x0000000090900000| Complete 
| 192|0x0000000090a00000, 0x0000000090b00000, 0x0000000090b00000|100%| E|CS|TAMS 0x0000000090a00000, 0x0000000090a00000| Complete 
| 193|0x0000000090b00000, 0x0000000090c00000, 0x0000000090c00000|100%| E|CS|TAMS 0x0000000090b00000, 0x0000000090b00000| Complete 
| 194|0x0000000090c00000, 0x0000000090d00000, 0x0000000090d00000|100%| E|CS|TAMS 0x0000000090c00000, 0x0000000090c00000| Complete 
| 195|0x0000000090d00000, 0x0000000090e00000, 0x0000000090e00000|100%| E|CS|TAMS 0x0000000090d00000, 0x0000000090d00000| Complete 

Card table byte_map: [0x00000214fce70000,0x00000214fd250000] _byte_map_base: 0x00000214fca4b000

Marking Bits (Prev, Next): (CMBitMap*) 0x00000214fca144f0, (CMBitMap*) 0x00000214fca144b0
 Prev Bits: [0x00000214967e0000, 0x00000214986b8000)
 Next Bits: [0x00000214fd630000, 0x00000214ff508000)

Polling page: 0x00000214fc190000

Metaspace:

Usage:
  Non-class:     27.25 MB used.
      Class:      3.63 MB used.
       Both:     30.88 MB used.

Virtual space:
  Non-class space:       64.00 MB reserved,      27.44 MB ( 43%) committed,  1 nodes.
      Class space:        1.00 GB reserved,       3.81 MB ( <1%) committed,  1 nodes.
             Both:        1.06 GB reserved,      31.25 MB (  3%) committed. 

Chunk freelists:
   Non-Class:  4.61 MB
       Class:  12.21 MB
        Both:  16.82 MB

MaxMetaspaceSize: unlimited
CompressedClassSpaceSize: 1.00 GB
Initial GC threshold: 21.00 MB
Current GC threshold: 35.31 MB
CDS: on
MetaspaceReclaimPolicy: balanced
 - commit_granule_bytes: 65536.
 - commit_granule_words: 8192.
 - virtual_space_node_default_size: 8388608.
 - enlarge_chunks_in_place: 1.
 - new_chunks_are_fully_committed: 0.
 - uncommit_free_chunks: 1.
 - use_allocation_guard: 0.
 - handle_deallocations: 1.


Internal statistics:

num_allocs_failed_limit: 3.
num_arena_births: 410.
num_arena_deaths: 0.
num_vsnodes_births: 2.
num_vsnodes_deaths: 0.
num_space_committed: 500.
num_space_uncommitted: 0.
num_chunks_returned_to_freelist: 3.
num_chunks_taken_from_freelist: 1339.
num_chunk_merges: 3.
num_chunk_splits: 856.
num_chunks_enlarged: 572.
num_inconsistent_stats: 0.

CodeHeap 'non-profiled nmethods': size=120000Kb used=4609Kb max_used=4609Kb free=115390Kb
 bounds [0x000002148f2b0000, 0x000002148f740000, 0x00000214967e0000]
CodeHeap 'profiled nmethods': size=120000Kb used=11719Kb max_used=11719Kb free=108280Kb
 bounds [0x00000214877e0000, 0x0000021488360000, 0x000002148ed10000]
CodeHeap 'non-nmethods': size=5760Kb used=1307Kb max_used=1368Kb free=4453Kb
 bounds [0x000002148ed10000, 0x000002148ef80000, 0x000002148f2b0000]
 total_blobs=6094 nmethods=5482 adapters=524
 compilation: enabled
              stopped_count=0, restarted_count=0
 full_count=0

Compilation events (20 events):
Event: 64.296 Thread 0x00000214ff9c6160 nmethod 6362 0x0000021488344710 code [0x0000021488344980, 0x0000021488345548]
Event: 64.296 Thread 0x00000214ff9c6160 6363   !   3       org.openxmlformats.schemas.spreadsheetml.x2006.main.impl.CTColImpl::isSetCustomWidth (39 bytes)
Event: 64.297 Thread 0x00000214ff9c6160 nmethod 6363 0x0000021488345a90 code [0x0000021488345d00, 0x00000214883468c8]
Event: 64.314 Thread 0x00000214ff9c6160 6366       3       java.lang.ClassNotFoundException::<init> (7 bytes)
Event: 64.315 Thread 0x00000214ff9c6160 nmethod 6366 0x0000021488346e10 code [0x0000021488346fc0, 0x00000214883471c8]
Event: 64.316 Thread 0x00000214ff9c6160 6367       3       java.util.TreeMap::getLowerEntry (101 bytes)
Event: 64.317 Thread 0x00000214ff9c6160 nmethod 6367 0x0000021488347310 code [0x0000021488347520, 0x0000021488347c98]
Event: 64.317 Thread 0x00000214ff9c6160 6368       3       jdk.internal.math.FloatingDecimal$BinaryToASCIIBuffer::dtoa (1509 bytes)
Event: 64.320 Thread 0x00000214ff9c6160 nmethod 6368 0x0000021488347f10 code [0x00000214883483a0, 0x000002148834ac18]
Event: 64.332 Thread 0x00000214ff9bba80 6369       4       org.apache.poi.openxml4j.opc.PackagePartCollection::put (113 bytes)
Event: 64.372 Thread 0x00000214ff9bba80 nmethod 6369 0x000002148f72d190 code [0x000002148f72d3c0, 0x000002148f72ea80]
Event: 64.418 Thread 0x00000214ff9c6160 6370       3       java.util.TimSort::reverseRange (32 bytes)
Event: 64.418 Thread 0x00000214ff9c6160 nmethod 6370 0x000002148834bd90 code [0x000002148834bf60, 0x000002148834c478]
Event: 64.453 Thread 0x00000214ff9c6160 6371       3       java.util.TimSort::sort (229 bytes)
Event: 64.454 Thread 0x00000214ff9c6160 nmethod 6371 0x000002148834c610 code [0x000002148834c860, 0x000002148834cf78]
Event: 64.526 Thread 0x00000214ff9bba80 6372       4       com.sun.org.apache.xerces.internal.dom.ElementImpl::getElementsByTagNameNS (11 bytes)
Event: 64.529 Thread 0x00000214ff9bba80 nmethod 6372 0x000002148f72fb90 code [0x000002148f72fd20, 0x000002148f730058]
Event: 64.577 Thread 0x00000214ff9bba80 6373       4       jdk.internal.loader.BuiltinClassLoader$1::hasMoreElements (5 bytes)
Event: 64.579 Thread 0x00000214ff9bba80 nmethod 6373 0x000002148f730210 code [0x000002148f7303c0, 0x000002148f730548]
Event: 64.580 Thread 0x00000214ff9bba80 6374       4       java.util.ServiceLoader$ModuleServicesLookupIterator::iteratorFor (191 bytes)

GC Heap History (20 events):
Event: 62.767 GC heap before
{Heap before GC invocations=98 (full 0):
 garbage-first heap   total 200704K, used 141092K [0x0000000084a00000, 0x0000000100000000)
  region size 1024K, 117 young (119808K), 2 survivors (2048K)
 Metaspace       used 31606K, committed 31936K, reserved 1114112K
  class space    used 3719K, committed 3904K, reserved 1048576K
}
Event: 62.769 GC heap after
{Heap after GC invocations=99 (full 0):
 garbage-first heap   total 200704K, used 26859K [0x0000000084a00000, 0x0000000100000000)
  region size 1024K, 4 young (4096K), 4 survivors (4096K)
 Metaspace       used 31606K, committed 31936K, reserved 1114112K
  class space    used 3719K, committed 3904K, reserved 1048576K
}
Event: 62.984 GC heap before
{Heap before GC invocations=99 (full 0):
 garbage-first heap   total 200704K, used 142571K [0x0000000084a00000, 0x0000000100000000)
  region size 1024K, 117 young (119808K), 4 survivors (4096K)
 Metaspace       used 31606K, committed 31936K, reserved 1114112K
  class space    used 3719K, committed 3904K, reserved 1048576K
}
Event: 62.991 GC heap after
{Heap after GC invocations=100 (full 0):
 garbage-first heap   total 200704K, used 24373K [0x0000000084a00000, 0x0000000100000000)
  region size 1024K, 2 young (2048K), 2 survivors (2048K)
 Metaspace       used 31606K, committed 31936K, reserved 1114112K
  class space    used 3719K, committed 3904K, reserved 1048576K
}
Event: 63.199 GC heap before
{Heap before GC invocations=100 (full 0):
 garbage-first heap   total 200704K, used 141109K [0x0000000084a00000, 0x0000000100000000)
  region size 1024K, 117 young (119808K), 2 survivors (2048K)
 Metaspace       used 31606K, committed 31936K, reserved 1114112K
  class space    used 3719K, committed 3904K, reserved 1048576K
}
Event: 63.201 GC heap after
{Heap after GC invocations=101 (full 0):
 garbage-first heap   total 200704K, used 24487K [0x0000000084a00000, 0x0000000100000000)
  region size 1024K, 2 young (2048K), 2 survivors (2048K)
 Metaspace       used 31606K, committed 31936K, reserved 1114112K
  class space    used 3719K, committed 3904K, reserved 1048576K
}
Event: 63.374 GC heap before
{Heap before GC invocations=101 (full 0):
 garbage-first heap   total 200704K, used 141223K [0x0000000084a00000, 0x0000000100000000)
  region size 1024K, 117 young (119808K), 2 survivors (2048K)
 Metaspace       used 31606K, committed 31936K, reserved 1114112K
  class space    used 3719K, committed 3904K, reserved 1048576K
}
Event: 63.377 GC heap after
{Heap after GC invocations=102 (full 0):
 garbage-first heap   total 200704K, used 27544K [0x0000000084a00000, 0x0000000100000000)
  region size 1024K, 5 young (5120K), 5 survivors (5120K)
 Metaspace       used 31606K, committed 31936K, reserved 1114112K
  class space    used 3719K, committed 3904K, reserved 1048576K
}
Event: 63.564 GC heap before
{Heap before GC invocations=102 (full 0):
 garbage-first heap   total 200704K, used 141208K [0x0000000084a00000, 0x0000000100000000)
  region size 1024K, 117 young (119808K), 5 survivors (5120K)
 Metaspace       used 31619K, committed 32000K, reserved 1114112K
  class space    used 3719K, committed 3904K, reserved 1048576K
}
Event: 63.565 GC heap after
{Heap after GC invocations=103 (full 0):
 garbage-first heap   total 200704K, used 24566K [0x0000000084a00000, 0x0000000100000000)
  region size 1024K, 2 young (2048K), 2 survivors (2048K)
 Metaspace       used 31619K, committed 32000K, reserved 1114112K
  class space    used 3719K, committed 3904K, reserved 1048576K
}
Event: 63.795 GC heap before
{Heap before GC invocations=103 (full 0):
 garbage-first heap   total 200704K, used 141302K [0x0000000084a00000, 0x0000000100000000)
  region size 1024K, 117 young (119808K), 2 survivors (2048K)
 Metaspace       used 31619K, committed 32000K, reserved 1114112K
  class space    used 3719K, committed 3904K, reserved 1048576K
}
Event: 63.796 GC heap after
{Heap after GC invocations=104 (full 0):
 garbage-first heap   total 200704K, used 24547K [0x0000000084a00000, 0x0000000100000000)
  region size 1024K, 2 young (2048K), 2 survivors (2048K)
 Metaspace       used 31619K, committed 32000K, reserved 1114112K
  class space    used 3719K, committed 3904K, reserved 1048576K
}
Event: 63.994 GC heap before
{Heap before GC invocations=104 (full 0):
 garbage-first heap   total 200704K, used 142307K [0x0000000084a00000, 0x0000000100000000)
  region size 1024K, 117 young (119808K), 2 survivors (2048K)
 Metaspace       used 31619K, committed 32000K, reserved 1114112K
  class space    used 3719K, committed 3904K, reserved 1048576K
}
Event: 63.994 GC heap after
{Heap after GC invocations=105 (full 0):
 garbage-first heap   total 200704K, used 23769K [0x0000000084a00000, 0x0000000100000000)
  region size 1024K, 1 young (1024K), 1 survivors (1024K)
 Metaspace       used 31619K, committed 32000K, reserved 1114112K
  class space    used 3719K, committed 3904K, reserved 1048576K
}
Event: 64.190 GC heap before
{Heap before GC invocations=105 (full 0):
 garbage-first heap   total 200704K, used 141529K [0x0000000084a00000, 0x0000000100000000)
  region size 1024K, 117 young (119808K), 1 survivors (1024K)
 Metaspace       used 31619K, committed 32000K, reserved 1114112K
  class space    used 3719K, committed 3904K, reserved 1048576K
}
Event: 64.191 GC heap after
{Heap after GC invocations=106 (full 0):
 garbage-first heap   total 200704K, used 24360K [0x0000000084a00000, 0x0000000100000000)
  region size 1024K, 2 young (2048K), 2 survivors (2048K)
 Metaspace       used 31619K, committed 32000K, reserved 1114112K
  class space    used 3719K, committed 3904K, reserved 1048576K
}
Event: 64.365 GC heap before
{Heap before GC invocations=106 (full 0):
 garbage-first heap   total 200704K, used 141096K [0x0000000084a00000, 0x0000000100000000)
  region size 1024K, 117 young (119808K), 2 survivors (2048K)
 Metaspace       used 31619K, committed 32000K, reserved 1114112K
  class space    used 3719K, committed 3904K, reserved 1048576K
}
Event: 64.367 GC heap after
{Heap after GC invocations=107 (full 0):
 garbage-first heap   total 200704K, used 26527K [0x0000000084a00000, 0x0000000100000000)
  region size 1024K, 4 young (4096K), 4 survivors (4096K)
 Metaspace       used 31619K, committed 32000K, reserved 1114112K
  class space    used 3719K, committed 3904K, reserved 1048576K
}
Event: 64.532 GC heap before
{Heap before GC invocations=107 (full 0):
 garbage-first heap   total 200704K, used 141215K [0x0000000084a00000, 0x0000000100000000)
  region size 1024K, 117 young (119808K), 4 survivors (4096K)
 Metaspace       used 31622K, committed 32000K, reserved 1114112K
  class space    used 3719K, committed 3904K, reserved 1048576K
}
Event: 64.532 GC heap after
{Heap after GC invocations=108 (full 0):
 garbage-first heap   total 200704K, used 24383K [0x0000000084a00000, 0x0000000100000000)
  region size 1024K, 2 young (2048K), 2 survivors (2048K)
 Metaspace       used 31622K, committed 32000K, reserved 1114112K
  class space    used 3719K, committed 3904K, reserved 1048576K
}

Deoptimization events (20 events):
Event: 50.207 Thread 0x00000214fbb89fd0 DEOPT PACKING pc=0x00000214879ab96d sp=0x000000eed3afd410
Event: 50.207 Thread 0x00000214fbb89fd0 DEOPT UNPACKING pc=0x000002148ed666e3 sp=0x000000eed3afc908 mode 0
Event: 50.511 Thread 0x00000214fbb89fd0 DEOPT PACKING pc=0x0000021487fd3529 sp=0x000000eed3afd740
Event: 50.512 Thread 0x00000214fbb89fd0 DEOPT UNPACKING pc=0x000002148ed666e3 sp=0x000000eed3afcbe0 mode 0
Event: 50.996 Thread 0x00000214fbb89fd0 DEOPT PACKING pc=0x0000021487a8b93b sp=0x000000eed3afd240
Event: 50.996 Thread 0x00000214fbb89fd0 DEOPT UNPACKING pc=0x000002148ed666e3 sp=0x000000eed3afc758 mode 0
Event: 52.976 Thread 0x00000214fbb89fd0 Uncommon trap: trap_request=0xffffffcc fr.pc=0x000002148f65f758 relative=0x0000000000004318
Event: 52.976 Thread 0x00000214fbb89fd0 Uncommon trap: reason=intrinsic_or_type_checked_inlining action=make_not_entrant pc=0x000002148f65f758 method=java.util.ArrayList$SubList.toArray([Ljava/lang/Object;)[Ljava/lang/Object; @ 58 c2
Event: 52.977 Thread 0x00000214fbb89fd0 DEOPT PACKING pc=0x000002148f65f758 sp=0x000000eed3afd1d0
Event: 52.977 Thread 0x00000214fbb89fd0 DEOPT UNPACKING pc=0x000002148ed65ba3 sp=0x000000eed3afd138 mode 2
Event: 53.036 Thread 0x00000214fbb89fd0 DEOPT PACKING pc=0x0000021487e770a0 sp=0x000000eed3afc6e0
Event: 53.036 Thread 0x00000214fbb89fd0 DEOPT UNPACKING pc=0x000002148ed666e3 sp=0x000000eed3afbb80 mode 0
Event: 55.132 Thread 0x00000214fbb89fd0 Uncommon trap: trap_request=0xffffff6e fr.pc=0x000002148f69178c relative=0x00000000000002cc
Event: 55.132 Thread 0x00000214fbb89fd0 Uncommon trap: reason=loop_limit_check action=maybe_recompile pc=0x000002148f69178c method=com.sun.org.apache.xerces.internal.parsers.AbstractDOMParser.startElement(Lcom/sun/org/apache/xerces/internal/xni/QName;Lcom/sun/org/apache/xerces/internal/xni/XMLA
Event: 55.132 Thread 0x00000214fbb89fd0 DEOPT PACKING pc=0x000002148f69178c sp=0x000000eed3afcdd0
Event: 55.132 Thread 0x00000214fbb89fd0 DEOPT UNPACKING pc=0x000002148ed65ba3 sp=0x000000eed3afcd70 mode 2
Event: 55.901 Thread 0x00000214fbb89fd0 DEOPT PACKING pc=0x0000021487e770a0 sp=0x000000eed3afc800
Event: 55.901 Thread 0x00000214fbb89fd0 DEOPT UNPACKING pc=0x000002148ed666e3 sp=0x000000eed3afbca0 mode 0
Event: 63.335 Thread 0x00000214fbb89fd0 DEOPT PACKING pc=0x0000021487baf781 sp=0x000000eed3afd300
Event: 63.335 Thread 0x00000214fbb89fd0 DEOPT UNPACKING pc=0x000002148ed666e3 sp=0x000000eed3afc7e0 mode 0

Classes unloaded (0 events):
No events

Classes redefined (0 events):
No events

Internal exceptions (20 events):
Event: 2.435 Thread 0x00000214fbb89fd0 Exception <a 'java/lang/NoSuchMethodError'{0x000000008ae03988}: 'java.lang.Object java.lang.invoke.DirectMethodHandle$Holder.invokeInterface(java.lang.Object, java.lang.Object, java.lang.Object, java.lang.Object)'> (0x000000008ae03988) 
thrown [s\open\src\hotspot\share\interpreter\linkResolver.cpp, line 759]
Event: 2.439 Thread 0x00000214fbb89fd0 Exception <a 'java/lang/IncompatibleClassChangeError'{0x000000008ae1f730}: Found class java.lang.Object, but interface was expected> (0x000000008ae1f730) 
thrown [s\open\src\hotspot\share\interpreter\linkResolver.cpp, line 826]
Event: 2.440 Thread 0x00000214fbb89fd0 Exception <a 'java/lang/NoSuchMethodError'{0x000000008ae25e48}: 'int java.lang.invoke.DirectMethodHandle$Holder.invokeSpecialIFC(java.lang.Object, java.lang.Object, java.lang.Object, java.lang.Object)'> (0x000000008ae25e48) 
thrown [s\open\src\hotspot\share\interpreter\linkResolver.cpp, line 759]
Event: 2.496 Thread 0x00000214fbb89fd0 Exception <a 'java/lang/NoSuchMethodError'{0x00000000879b8938}: 'double java.lang.invoke.DirectMethodHandle$Holder.invokeVirtual(java.lang.Object, java.lang.Object)'> (0x00000000879b8938) 
thrown [s\open\src\hotspot\share\interpreter\linkResolver.cpp, line 759]
Event: 2.496 Thread 0x00000214fbb89fd0 Exception <a 'java/lang/NoSuchMethodError'{0x00000000879bf0e0}: 'float java.lang.invoke.DirectMethodHandle$Holder.invokeVirtual(java.lang.Object, java.lang.Object)'> (0x00000000879bf0e0) 
thrown [s\open\src\hotspot\share\interpreter\linkResolver.cpp, line 759]
Event: 2.497 Thread 0x00000214fbb89fd0 Exception <a 'java/lang/NoSuchMethodError'{0x00000000879c80c0}: 'long java.lang.invoke.DirectMethodHandle$Holder.invokeVirtual(java.lang.Object, java.lang.Object)'> (0x00000000879c80c0) 
thrown [s\open\src\hotspot\share\interpreter\linkResolver.cpp, line 759]
Event: 2.501 Thread 0x00000214fbb89fd0 Exception <a 'java/lang/NoSuchMethodError'{0x00000000879f65f0}: 'java.lang.Object java.lang.invoke.DirectMethodHandle$Holder.invokeVirtual(java.lang.Object, java.lang.Object, java.lang.Object)'> (0x00000000879f65f0) 
thrown [s\open\src\hotspot\share\interpreter\linkResolver.cpp, line 759]
Event: 2.528 Thread 0x00000214fbb89fd0 Exception <a 'java/lang/NoSuchMethodError'{0x000000008770d6a8}: 'java.lang.Object java.lang.invoke.DirectMethodHandle$Holder.newInvokeSpecial(java.lang.Object, java.lang.Object, int, int)'> (0x000000008770d6a8) 
thrown [s\open\src\hotspot\share\interpreter\linkResolver.cpp, line 759]
Event: 2.530 Thread 0x00000214fbb89fd0 Exception <a 'java/lang/NoSuchMethodError'{0x00000000877184e8}: 'void java.lang.invoke.DirectMethodHandle$Holder.invokeStatic(java.lang.Object, java.lang.Object, int)'> (0x00000000877184e8) 
thrown [s\open\src\hotspot\share\interpreter\linkResolver.cpp, line 759]
Event: 2.616 Thread 0x00000214fbb89fd0 Exception <a 'java/lang/NoSuchMethodError'{0x0000000087465478}: 'void java.lang.invoke.DirectMethodHandle$Holder.invokeInterface(java.lang.Object, java.lang.Object, java.lang.Object, java.lang.Object, java.lang.Object)'> (0x0000000087465478) 
thrown [s\open\src\hotspot\share\interpreter\linkResolver.cpp, line 759]
Event: 2.666 Thread 0x00000214e0c06530 Exception <a 'java/lang/NoSuchMethodError'{0x000000008733fa98}: 'java.lang.Object java.lang.invoke.DirectMethodHandle$Holder.invokeSpecial(java.lang.Object, java.lang.Object, java.lang.Object, java.lang.Object, int)'> (0x000000008733fa98) 
thrown [s\open\src\hotspot\share\interpreter\linkResolver.cpp, line 759]
Event: 2.666 Thread 0x00000214e0c06530 Exception <a 'java/lang/NoSuchMethodError'{0x0000000087343660}: 'java.lang.Object java.lang.invoke.Invokers$Holder.linkToTargetMethod(java.lang.Object, java.lang.Object, int, java.lang.Object)'> (0x0000000087343660) 
thrown [s\open\src\hotspot\share\interpreter\linkResolver.cpp, line 759]
Event: 2.746 Thread 0x00000214e0c06530 Exception <a 'java/lang/NoSuchMethodError'{0x0000000087290640}: 'void java.lang.invoke.DirectMethodHandle$Holder.invokeSpecial(java.lang.Object, java.lang.Object, java.lang.Object, java.lang.Object, java.lang.Object)'> (0x0000000087290640) 
thrown [s\open\src\hotspot\share\interpreter\linkResolver.cpp, line 759]
Event: 2.783 Thread 0x00000214e0c06530 Exception <a 'java/lang/NoSuchMethodError'{0x00000000872ba328}: 'int java.lang.invoke.DirectMethodHandle$Holder.invokeStaticInit(java.lang.Object, int, int)'> (0x00000000872ba328) 
thrown [s\open\src\hotspot\share\interpreter\linkResolver.cpp, line 759]
Event: 2.787 Thread 0x00000214e0c06530 Exception <a 'java/lang/NoSuchMethodError'{0x00000000872cdfc8}: 'void java.lang.invoke.DirectMethodHandle$Holder.invokeVirtual(java.lang.Object, java.lang.Object)'> (0x00000000872cdfc8) 
thrown [s\open\src\hotspot\share\interpreter\linkResolver.cpp, line 759]
Event: 8.235 Thread 0x00000214e0c06530 Exception <a 'java/lang/NoSuchMethodError'{0x0000000086e96f80}: 'java.lang.Object java.lang.invoke.DirectMethodHandle$Holder.newInvokeSpecial(java.lang.Object, java.lang.Object, long, java.lang.Object, java.lang.Object, java.lang.Object)'> (0x0000000086e96f80) 
thrown [s\open\src\hotspot\share\interpreter\linkResolver.cpp, line 759]
Event: 8.240 Thread 0x00000214e0c06530 Exception <a 'java/lang/NoSuchMethodError'{0x0000000086eaf5c8}: 'void java.lang.invoke.DirectMethodHandle$Holder.invokeSpecial(java.lang.Object, java.lang.Object, java.lang.Object, java.lang.Object, java.lang.Object, java.lang.Object, java.lang.Object)'> (0x0000000086eaf5c8) 
thrown [s\open\src\hotspot\share\interpreter\linkResolver.cpp, line 759]
Event: 8.304 Thread 0x00000214fbb89fd0 Exception <a 'java/lang/NoSuchMethodError'{0x0000000086c68b28}: 'java.lang.Object java.lang.invoke.DirectMethodHandle$Holder.invokeSpecialIFC(java.lang.Object, java.lang.Object, java.lang.Object)'> (0x0000000086c68b28) 
thrown [s\open\src\hotspot\share\interpreter\linkResolver.cpp, line 759]
Event: 26.427 Thread 0x00000214fbb89fd0 Implicit null exception at 0x000002148f3a8757 to 0x000002148f3a89d8
Event: 34.684 Thread 0x00000214fbb89fd0 Exception <a 'java/lang/NoSuchMethodError'{0x00000000875addb0}: 'java.lang.Object java.lang.invoke.DirectMethodHandle$Holder.invokeVirtual(java.lang.Object, java.lang.Object, java.lang.Object, java.lang.Object)'> (0x00000000875addb0) 
thrown [s\open\src\hotspot\share\interpreter\linkResolver.cpp, line 759]

VM Operations (20 events):
Event: 62.767 Executing VM operation: G1CollectForAllocation
Event: 62.769 Executing VM operation: G1CollectForAllocation done
Event: 62.984 Executing VM operation: G1CollectForAllocation
Event: 62.991 Executing VM operation: G1CollectForAllocation done
Event: 63.199 Executing VM operation: G1CollectForAllocation
Event: 63.201 Executing VM operation: G1CollectForAllocation done
Event: 63.373 Executing VM operation: G1CollectForAllocation
Event: 63.377 Executing VM operation: G1CollectForAllocation done
Event: 63.564 Executing VM operation: G1CollectForAllocation
Event: 63.565 Executing VM operation: G1CollectForAllocation done
Event: 63.794 Executing VM operation: G1CollectForAllocation
Event: 63.796 Executing VM operation: G1CollectForAllocation done
Event: 63.994 Executing VM operation: G1CollectForAllocation
Event: 63.994 Executing VM operation: G1CollectForAllocation done
Event: 64.190 Executing VM operation: G1CollectForAllocation
Event: 64.191 Executing VM operation: G1CollectForAllocation done
Event: 64.365 Executing VM operation: G1CollectForAllocation
Event: 64.367 Executing VM operation: G1CollectForAllocation done
Event: 64.531 Executing VM operation: G1CollectForAllocation
Event: 64.532 Executing VM operation: G1CollectForAllocation done

Events (20 events):
Event: 43.590 Thread 0x00000214ff9ce760 flushing nmethod 0x0000021488169f10
Event: 43.590 Thread 0x00000214ff9ce760 flushing nmethod 0x000002148816ca90
Event: 43.590 Thread 0x00000214ff9ce760 flushing nmethod 0x0000021488176810
Event: 43.590 Thread 0x00000214ff9ce760 flushing nmethod 0x00000214881b5890
Event: 45.431 Thread 0x00000214e156c870 Thread exited: 0x00000214e156c870
Event: 55.003 loading class jdk/internal/access/foreign/MemorySegmentProxy
Event: 55.007 loading class jdk/internal/access/foreign/MemorySegmentProxy done
Event: 55.115 Thread 0x00000214ff9ce760 flushing nmethod 0x0000021487a70590
Event: 55.116 Thread 0x00000214ff9ce760 flushing nmethod 0x0000021487bc7b10
Event: 55.118 Thread 0x00000214ff9ce760 flushing nmethod 0x0000021487f7c890
Event: 55.118 Thread 0x00000214ff9ce760 flushing nmethod 0x0000021487f94e10
Event: 55.119 Thread 0x00000214ff9ce760 flushing nmethod 0x000002148815b210
Event: 55.119 Thread 0x00000214ff9ce760 flushing nmethod 0x0000021488161410
Event: 55.298 Thread 0x00000214e156c320 Thread added: 0x00000214e156c320
Event: 55.443 Thread 0x00000214e156c320 Thread exited: 0x00000214e156c320
Event: 56.058 Thread 0x00000214e156c870 Thread added: 0x00000214e156c870
Event: 56.492 Thread 0x00000214e156c870 Thread exited: 0x00000214e156c870
Event: 57.801 loading class com/sun/org/apache/xerces/internal/xni/grammars/XMLGrammarPool
Event: 57.803 loading class com/sun/org/apache/xerces/internal/xni/grammars/XMLGrammarPool done
Event: 62.809 Thread 0x00000214e0c06f50 Thread exited: 0x00000214e0c06f50


Dynamic libraries:
0x00007ff7a1670000 - 0x00007ff7a1680000 	C:\Program Files\Java\jdk-17\bin\java.exe
0x00007ff817070000 - 0x00007ff817287000 	C:\WINDOWS\SYSTEM32\ntdll.dll
0x00007ff8165b0000 - 0x00007ff816674000 	C:\WINDOWS\System32\KERNEL32.DLL
0x00007ff814a00000 - 0x00007ff814dac000 	C:\WINDOWS\System32\KERNELBASE.dll
0x00007ff814810000 - 0x00007ff814921000 	C:\WINDOWS\System32\ucrtbase.dll
0x00007fffe4640000 - 0x00007fffe465b000 	C:\Program Files\Java\jdk-17\bin\VCRUNTIME140.dll
0x00007fffe4660000 - 0x00007fffe4679000 	C:\Program Files\Java\jdk-17\bin\jli.dll
0x00007ff816680000 - 0x00007ff816732000 	C:\WINDOWS\System32\ADVAPI32.dll
0x00007ff8161b0000 - 0x00007ff816257000 	C:\WINDOWS\System32\msvcrt.dll
0x00007ff815ac0000 - 0x00007ff815b6a000 	C:\WINDOWS\System32\sechost.dll
0x00007ff8149d0000 - 0x00007ff8149f8000 	C:\WINDOWS\System32\bcrypt.dll
0x00007ff816410000 - 0x00007ff816525000 	C:\WINDOWS\System32\RPCRT4.dll
0x00007ff816df0000 - 0x00007ff816f9e000 	C:\WINDOWS\System32\USER32.dll
0x00007ff8147e0000 - 0x00007ff814806000 	C:\WINDOWS\System32\win32u.dll
0x00007ff8168c0000 - 0x00007ff8168e9000 	C:\WINDOWS\System32\GDI32.dll
0x00007ff800800000 - 0x00007ff800a93000 	C:\WINDOWS\WinSxS\amd64_microsoft.windows.common-controls_6595b64144ccf1df_6.0.22621.3672_none_2713b9d173822955\COMCTL32.dll
0x00007ff814460000 - 0x00007ff814579000 	C:\WINDOWS\System32\gdi32full.dll
0x00007ff814930000 - 0x00007ff8149ca000 	C:\WINDOWS\System32\msvcp_win.dll
0x00007ff80a120000 - 0x00007ff80a12a000 	C:\WINDOWS\SYSTEM32\VERSION.dll
0x00007fffe4610000 - 0x00007fffe461c000 	C:\Program Files\Java\jdk-17\bin\vcruntime140_1.dll
0x00007fffe4580000 - 0x00007fffe460e000 	C:\Program Files\Java\jdk-17\bin\msvcp140.dll
0x00007fffe39a0000 - 0x00007fffe457f000 	C:\Program Files\Java\jdk-17\bin\server\jvm.dll
0x00007fffe3990000 - 0x00007fffe3999000 	C:\WINDOWS\SYSTEM32\WSOCK32.dll
0x00007ff815a90000 - 0x00007ff815a98000 	C:\WINDOWS\System32\PSAPI.DLL
0x00007ff815c70000 - 0x00007ff815ce1000 	C:\WINDOWS\System32\WS2_32.dll
0x00007ff80a4e0000 - 0x00007ff80a514000 	C:\WINDOWS\SYSTEM32\WINMM.dll
0x00007ff813390000 - 0x00007ff8133a8000 	C:\WINDOWS\SYSTEM32\kernel.appcore.dll
0x00007fffe38a0000 - 0x00007fffe38aa000 	C:\Program Files\Java\jdk-17\bin\jimage.dll
0x00007ff811c60000 - 0x00007ff811e92000 	C:\WINDOWS\SYSTEM32\DBGHELP.DLL
0x00007ff8168f0000 - 0x00007ff816c78000 	C:\WINDOWS\System32\combase.dll
0x00007ff815d70000 - 0x00007ff815e47000 	C:\WINDOWS\System32\OLEAUT32.dll
0x00007ff808870000 - 0x00007ff8088a2000 	C:\WINDOWS\SYSTEM32\dbgcore.DLL
0x00007ff8146f0000 - 0x00007ff81476b000 	C:\WINDOWS\System32\bcryptPrimitives.dll
0x00007fffe3870000 - 0x00007fffe3895000 	C:\Program Files\Java\jdk-17\bin\java.dll
0x00007fffe3790000 - 0x00007fffe3867000 	C:\Program Files\Java\jdk-17\bin\jsvml.dll
0x00007ff814db0000 - 0x00007ff81560c000 	C:\WINDOWS\System32\SHELL32.dll
0x00007ff8122a0000 - 0x00007ff812b97000 	C:\WINDOWS\SYSTEM32\windows.storage.dll
0x00007ff812160000 - 0x00007ff81229f000 	C:\WINDOWS\SYSTEM32\wintypes.dll
0x00007ff816cf0000 - 0x00007ff816de4000 	C:\WINDOWS\System32\SHCORE.dll
0x00007ff816c80000 - 0x00007ff816cde000 	C:\WINDOWS\System32\shlwapi.dll
0x00007ff8142d0000 - 0x00007ff8142f1000 	C:\WINDOWS\SYSTEM32\profapi.dll
0x00007fffe3480000 - 0x00007fffe3499000 	C:\Program Files\Java\jdk-17\bin\net.dll
0x00007ff80b900000 - 0x00007ff80ba36000 	C:\WINDOWS\SYSTEM32\WINHTTP.dll
0x00007ff8137f0000 - 0x00007ff813859000 	C:\WINDOWS\system32\mswsock.dll
0x00007fffe3460000 - 0x00007fffe3476000 	C:\Program Files\Java\jdk-17\bin\nio.dll
0x00007fffe3440000 - 0x00007fffe3458000 	C:\Program Files\Java\jdk-17\bin\zip.dll
0x00007fffe1aa0000 - 0x00007fffe1ab0000 	C:\Program Files\Java\jdk-17\bin\verify.dll
0x00007ff813a90000 - 0x00007ff813aab000 	C:\WINDOWS\SYSTEM32\CRYPTSP.dll
0x00007ff8132f0000 - 0x00007ff813325000 	C:\WINDOWS\system32\rsaenh.dll
0x00007ff813a00000 - 0x00007ff813a0c000 	C:\WINDOWS\SYSTEM32\CRYPTBASE.dll
0x00007ff812e00000 - 0x00007ff812e2d000 	C:\WINDOWS\SYSTEM32\IPHLPAPI.DLL
0x00007ff815aa0000 - 0x00007ff815aa9000 	C:\WINDOWS\System32\NSI.dll
0x00007ff80b8e0000 - 0x00007ff80b8f9000 	C:\WINDOWS\SYSTEM32\dhcpcsvc6.DLL
0x00007ff80b8c0000 - 0x00007ff80b8df000 	C:\WINDOWS\SYSTEM32\dhcpcsvc.DLL
0x00007ff812e70000 - 0x00007ff812f68000 	C:\WINDOWS\SYSTEM32\DNSAPI.dll
0x00007fffe1b50000 - 0x00007fffe1b5e000 	C:\Program Files\Java\jdk-17\bin\sunmscapi.dll
0x00007ff814580000 - 0x00007ff8146e7000 	C:\WINDOWS\System32\CRYPT32.dll
0x00007ff813c60000 - 0x00007ff813c8e000 	C:\WINDOWS\SYSTEM32\ncrypt.dll
0x00007ff813c20000 - 0x00007ff813c57000 	C:\WINDOWS\SYSTEM32\NTASN1.dll
0x00007fffe1b40000 - 0x00007fffe1b48000 	C:\WINDOWS\system32\wshunix.dll
0x00007ff8094e0000 - 0x00007ff8094ea000 	C:\Windows\System32\rasadhlp.dll
0x00007ff809bb0000 - 0x00007ff809c33000 	C:\WINDOWS\System32\fwpuclnt.dll

dbghelp: loaded successfully - version: 4.0.5 - missing functions: none
symbol engine: initialized successfully - sym options: 0x614 - pdb path: .;C:\Program Files\Java\jdk-17\bin;C:\WINDOWS\SYSTEM32;C:\WINDOWS\WinSxS\amd64_microsoft.windows.common-controls_6595b64144ccf1df_6.0.22621.3672_none_2713b9d173822955;C:\Program Files\Java\jdk-17\bin\server

VM Arguments:
java_command: C:\Users\AC\git\RR_Web_Automation\RR\target\surefire\surefirebooter14470156229789084640.jar C:\Users\AC\git\RR_Web_Automation\RR\target\surefire\surefire8242644717055256369tmp C:\Users\AC\git\RR_Web_Automation\RR\target\surefire\surefire_03723483964700722122tmp
java_class_path (initial): C:\Users\AC\git\RR_Web_Automation\RR\target\surefire\surefirebooter14470156229789084640.jar
Launcher Type: SUN_STANDARD

[Global flags]
     intx CICompilerCount                          = 3                                         {product} {ergonomic}
     uint ConcGCThreads                            = 1                                         {product} {ergonomic}
     uint G1ConcRefinementThreads                  = 4                                         {product} {ergonomic}
   size_t G1HeapRegionSize                         = 1048576                                   {product} {ergonomic}
    uintx GCDrainStackTargetSize                   = 64                                        {product} {ergonomic}
   size_t InitialHeapSize                          = 130023424                                 {product} {ergonomic}
   size_t MarkStackSize                            = 4194304                                   {product} {ergonomic}
   size_t MaxHeapSize                              = 2069889024                                {product} {ergonomic}
   size_t MaxNewSize                               = 1241513984                                {product} {ergonomic}
   size_t MinHeapDeltaBytes                        = 1048576                                   {product} {ergonomic}
   size_t MinHeapSize                              = 8388608                                   {product} {ergonomic}
    uintx NonNMethodCodeHeapSize                   = 5832780                                {pd product} {ergonomic}
    uintx NonProfiledCodeHeapSize                  = 122912730                              {pd product} {ergonomic}
    uintx ProfiledCodeHeapSize                     = 122912730                              {pd product} {ergonomic}
    uintx ReservedCodeCacheSize                    = 251658240                              {pd product} {ergonomic}
     bool SegmentedCodeCache                       = true                                      {product} {ergonomic}
   size_t SoftMaxHeapSize                          = 2069889024                             {manageable} {ergonomic}
     bool UseCompressedClassPointers               = true                           {product lp64_product} {ergonomic}
     bool UseCompressedOops                        = true                           {product lp64_product} {ergonomic}
     bool UseG1GC                                  = true                                      {product} {ergonomic}
     bool UseLargePagesIndividualAllocation        = false                                  {pd product} {ergonomic}

Logging:
Log output configuration:
 #0: stdout all=warning uptime,level,tags
 #1: stderr all=off uptime,level,tags

Environment Variables:
PATH=C:\ProgramData\Jenkins\.jenkins\tools\hudson.tasks.Maven_MavenInstallation\maven3/bin;C:\Program Files\Common Files\Oracle\Java\javapath;C:\WINDOWS\system32;C:\WINDOWS;C:\WINDOWS\System32\Wbem;C:\WINDOWS\System32\WindowsPowerShell\v1.0\;C:\WINDOWS\System32\OpenSSH\;C:\Program Files\Java\jdk-17;C:\Program Files\Git\cmd;C:\Users\AC\git\RR_Web_Automation\RR\apache-maven-3.8.8-bin\apache-maven-3.8.8\bin;;C:\Program Files\Docker\Docker\resources\bin;C:\WINDOWS\system32\config\systemprofile\AppData\Local\Microsoft\WindowsApps
USERNAME=NEERU$
OS=Windows_NT
PROCESSOR_IDENTIFIER=Intel64 Family 6 Model 140 Stepping 1, GenuineIntel



---------------  S Y S T E M  ---------------

OS:
 Windows 11 , 64 bit Build 22621 (10.0.22621.3672)
OS uptime: 19 days 5:02 hours
Hyper-V role detected

CPU: total 4 (initial active 4) (2 cores per cpu, 2 threads per core) family 6 model 140 stepping 1 microcode 0x86, cx8, cmov, fxsr, ht, mmx, 3dnowpref, sse, sse2, sse3, ssse3, sse4.1, sse4.2, popcnt, lzcnt, tsc, tscinvbit, avx, avx2, aes, erms, clmul, bmi1, bmi2, adx, avx512f, avx512dq, avx512cd, avx512bw, avx512vl, sha, fma, vzeroupper, avx512_vpopcntdq, avx512_vpclmulqdq, avx512_vaes, avx512_vnni, clflush, clflushopt, clwb, avx512_vbmi2, avx512_vbmi, hv

Memory: 4k page, system-wide physical 7890M (289M free)
TotalPageFile size 32466M (AvailPageFile size 0M)
current process WorkingSet (physical memory assigned to process): 244M, peak: 255M
current process commit charge ("private bytes"): 348M, peak: 362M

vm_info: Java HotSpot(TM) 64-Bit Server VM (17.0.10+11-LTS-240) for windows-amd64 JRE (17.0.10+11-LTS-240), built on Dec 19 2023 21:47:25 by "mach5one" with MS VC++ 17.1 (VS2022)

END.
