#
# There is insufficient memory for the Java Runtime Environment to continue.
# Native memory allocation (mmap) failed to map 2031616 bytes for G1 virtual space
# Possible reasons:
#   The system is out of physical RAM or swap space
#   The process is running with CompressedOops enabled, and the Java Heap may be blocking the growth of the native heap
# Possible solutions:
#   Reduce memory load on the system
#   Increase physical memory or swap space
#   Check if swap backing store is full
#   Decrease Java heap size (-Xmx/-Xms)
#   Decrease number of Java threads
#   Decrease Java thread stack sizes (-Xss)
#   Set larger code cache with -XX:ReservedCodeCacheSize=
#   JVM is running with Unscaled Compressed Oops mode in which the Java heap is
#     placed in the first 4GB address space. The Java Heap base address is the
#     maximum limit for the native heap growth. Please use -XX:HeapBaseMinAddress
#     to set the Java Heap base and to place the Java Heap above 4GB virtual address.
# This output file may be truncated or incomplete.
#
#  Out of Memory Error (os_windows.cpp:3548), pid=20940, tid=34072
#
# JRE version:  (17.0.10+11) (build )
# Java VM: Java HotSpot(TM) 64-Bit Server VM (17.0.10+11-LTS-240, mixed mode, sharing, tiered, compressed oops, compressed class ptrs, g1 gc, windows-amd64)
# No core dump will be written. Minidumps are not enabled by default on client versions of Windows
#

---------------  S U M M A R Y ------------

Command Line: C:\Users\AC\git\RR_Web_Automation\RR\target\surefire\surefirebooter11919178307116604059.jar C:\Users\AC\git\RR_Web_Automation\RR\target\surefire\surefire12108252519816710885tmp C:\Users\AC\git\RR_Web_Automation\RR\target\surefire\surefire_012962059737391412999tmp

Host: 11th Gen Intel(R) Core(TM) i3-1115G4 @ 3.00GHz, 4 cores, 7G,  Windows 11 , 64 bit Build 22621 (10.0.22621.3672)
Time: Mon Jul  1 19:13:04 2024 India Standard Time elapsed time: 0.016064 seconds (0d 0h 0m 0s)

---------------  T H R E A D  ---------------

Current thread (0x000001bf3f8cb450):  JavaThread "Unknown thread" [_thread_in_vm, id=34072, stack(0x0000008782300000,0x0000008782400000)]

Stack: [0x0000008782300000,0x0000008782400000]
Native frames: (J=compiled Java code, j=interpreted, Vv=VM code, C=native code)
V  [jvm.dll+0x677a5a]
V  [jvm.dll+0x7d8b2d]
V  [jvm.dll+0x7da48e]
V  [jvm.dll+0x7daaf3]
V  [jvm.dll+0x2455ff]
V  [jvm.dll+0x6749b9]
V  [jvm.dll+0x669382]
V  [jvm.dll+0x302e96]
V  [jvm.dll+0x30a416]
V  [jvm.dll+0x359cd3]
V  [jvm.dll+0x359eef]
V  [jvm.dll+0x2d9e88]
V  [jvm.dll+0x2dadf4]
V  [jvm.dll+0x7aa551]
V  [jvm.dll+0x367911]
V  [jvm.dll+0x789639]
V  [jvm.dll+0x3eb30f]
V  [jvm.dll+0x3ecd91]
C  [jli.dll+0x5297]
C  [ucrtbase.dll+0x29333]
C  [KERNEL32.DLL+0x1257d]
C  [ntdll.dll+0x5af28]


---------------  P R O C E S S  ---------------

Threads class SMR info:
_java_thread_list=0x00007fffe4456a18, length=0, elements={
}

Java Threads: ( => current thread )

Other Threads:
  0x000001bf3f923600 GCTaskThread "GC Thread#0" [stack: 0x0000008782400000,0x0000008782500000] [id=18976]
  0x000001bf3f933c10 ConcurrentGCThread "G1 Main Marker" [stack: 0x0000008782500000,0x0000008782600000] [id=34280]
  0x000001bf3f935630 ConcurrentGCThread "G1 Conc#0" [stack: 0x0000008782600000,0x0000008782700000] [id=17872]

[error occurred during error reporting (printing all threads), id 0xc0000005, EXCEPTION_ACCESS_VIOLATION (0xc0000005) at pc=0x00007fffe3c8aae7]

VM state: not at safepoint (not fully initialized)

VM Mutex/Monitor currently owned by a thread:  ([mutex/lock_event])
[0x000001bf3f8c7010] Heap_lock - owner thread: 0x000001bf3f8cb450

Heap address: 0x0000000084a00000, size: 1974 MB, Compressed Oops mode: 32-bit

CDS archive(s) mapped at: [0x0000000000000000-0x0000000000000000-0x0000000000000000), size 0, SharedBaseAddress: 0x0000000800000000, ArchiveRelocationMode: 1.
Narrow klass base: 0x0000000000000000, Narrow klass shift: 0, Narrow klass range: 0x0

GC Precious Log:
<Empty>

Heap:
 garbage-first heap   total 0K, used 0K [0x0000000084a00000, 0x0000000100000000)
  region size 1024K, 0 young (0K), 0 survivors (0K)

[error occurred during error reporting (printing heap information), id 0xc0000005, EXCEPTION_ACCESS_VIOLATION (0xc0000005) at pc=0x00007fffe4071249]

GC Heap History (0 events):
No events

Deoptimization events (0 events):
No events

Classes unloaded (0 events):
No events

Classes redefined (0 events):
No events

Internal exceptions (0 events):
No events

VM Operations (0 events):
No events

Events (1 events):
Event: 0.009 Loaded shared library C:\Program Files\Java\jdk-17\bin\java.dll


Dynamic libraries:
0x00007ff7a1670000 - 0x00007ff7a1680000 	C:\Program Files\Java\jdk-17\bin\java.exe
0x00007ff817070000 - 0x00007ff817287000 	C:\WINDOWS\SYSTEM32\ntdll.dll
0x00007ff8165b0000 - 0x00007ff816674000 	C:\WINDOWS\System32\KERNEL32.DLL
0x00007ff814a00000 - 0x00007ff814dac000 	C:\WINDOWS\System32\KERNELBASE.dll
0x00007ff814810000 - 0x00007ff814921000 	C:\WINDOWS\System32\ucrtbase.dll
0x00007fffe4660000 - 0x00007fffe4679000 	C:\Program Files\Java\jdk-17\bin\jli.dll
0x00007fffe4640000 - 0x00007fffe465b000 	C:\Program Files\Java\jdk-17\bin\VCRUNTIME140.dll
0x00007ff816680000 - 0x00007ff816732000 	C:\WINDOWS\System32\ADVAPI32.dll
0x00007ff8161b0000 - 0x00007ff816257000 	C:\WINDOWS\System32\msvcrt.dll
0x00007ff815ac0000 - 0x00007ff815b6a000 	C:\WINDOWS\System32\sechost.dll
0x00007ff8149d0000 - 0x00007ff8149f8000 	C:\WINDOWS\System32\bcrypt.dll
0x00007ff816410000 - 0x00007ff816525000 	C:\WINDOWS\System32\RPCRT4.dll
0x00007ff816df0000 - 0x00007ff816f9e000 	C:\WINDOWS\System32\USER32.dll
0x00007ff800800000 - 0x00007ff800a93000 	C:\WINDOWS\WinSxS\amd64_microsoft.windows.common-controls_6595b64144ccf1df_6.0.22621.3672_none_2713b9d173822955\COMCTL32.dll
0x00007ff8168c0000 - 0x00007ff8168e9000 	C:\WINDOWS\System32\GDI32.dll
0x00007ff8147e0000 - 0x00007ff814806000 	C:\WINDOWS\System32\win32u.dll
0x00007ff814460000 - 0x00007ff814579000 	C:\WINDOWS\System32\gdi32full.dll
0x00007ff80a120000 - 0x00007ff80a12a000 	C:\WINDOWS\SYSTEM32\VERSION.dll
0x00007ff814930000 - 0x00007ff8149ca000 	C:\WINDOWS\System32\msvcp_win.dll
0x00007fffe4610000 - 0x00007fffe461c000 	C:\Program Files\Java\jdk-17\bin\vcruntime140_1.dll
0x00007fffe4580000 - 0x00007fffe460e000 	C:\Program Files\Java\jdk-17\bin\msvcp140.dll
0x00007fffe39a0000 - 0x00007fffe457f000 	C:\Program Files\Java\jdk-17\bin\server\jvm.dll
0x00007fffe3990000 - 0x00007fffe3999000 	C:\WINDOWS\SYSTEM32\WSOCK32.dll
0x00007ff815a90000 - 0x00007ff815a98000 	C:\WINDOWS\System32\PSAPI.DLL
0x00007ff80a4e0000 - 0x00007ff80a514000 	C:\WINDOWS\SYSTEM32\WINMM.dll
0x00007ff815c70000 - 0x00007ff815ce1000 	C:\WINDOWS\System32\WS2_32.dll
0x00007ff813390000 - 0x00007ff8133a8000 	C:\WINDOWS\SYSTEM32\kernel.appcore.dll
0x00007fffe38a0000 - 0x00007fffe38aa000 	C:\Program Files\Java\jdk-17\bin\jimage.dll
0x00007ff811c60000 - 0x00007ff811e92000 	C:\WINDOWS\SYSTEM32\DBGHELP.DLL
0x00007ff8168f0000 - 0x00007ff816c78000 	C:\WINDOWS\System32\combase.dll
0x00007ff815d70000 - 0x00007ff815e47000 	C:\WINDOWS\System32\OLEAUT32.dll
0x00007ff808870000 - 0x00007ff8088a2000 	C:\WINDOWS\SYSTEM32\dbgcore.DLL
0x00007ff8146f0000 - 0x00007ff81476b000 	C:\WINDOWS\System32\bcryptPrimitives.dll
0x00007fffe3870000 - 0x00007fffe3895000 	C:\Program Files\Java\jdk-17\bin\java.dll

dbghelp: loaded successfully - version: 4.0.5 - missing functions: none
symbol engine: initialized successfully - sym options: 0x614 - pdb path: .;C:\Program Files\Java\jdk-17\bin;C:\WINDOWS\SYSTEM32;C:\WINDOWS\WinSxS\amd64_microsoft.windows.common-controls_6595b64144ccf1df_6.0.22621.3672_none_2713b9d173822955;C:\Program Files\Java\jdk-17\bin\server

VM Arguments:
java_command: C:\Users\AC\git\RR_Web_Automation\RR\target\surefire\surefirebooter11919178307116604059.jar C:\Users\AC\git\RR_Web_Automation\RR\target\surefire\surefire12108252519816710885tmp C:\Users\AC\git\RR_Web_Automation\RR\target\surefire\surefire_012962059737391412999tmp
java_class_path (initial): C:\Users\AC\git\RR_Web_Automation\RR\target\surefire\surefirebooter11919178307116604059.jar
Launcher Type: SUN_STANDARD

[Global flags]
     intx CICompilerCount                          = 3                                         {product} {ergonomic}
     uint ConcGCThreads                            = 1                                         {product} {ergonomic}
     uint G1ConcRefinementThreads                  = 4                                         {product} {ergonomic}
   size_t G1HeapRegionSize                         = 1048576                                   {product} {ergonomic}
    uintx GCDrainStackTargetSize                   = 64                                        {product} {ergonomic}
   size_t InitialHeapSize                          = 130023424                                 {product} {ergonomic}
   size_t MarkStackSize                            = 4194304                                   {product} {ergonomic}
   size_t MaxHeapSize                              = 2069889024                                {product} {ergonomic}
   size_t MinHeapDeltaBytes                        = 1048576                                   {product} {ergonomic}
   size_t MinHeapSize                              = 8388608                                   {product} {ergonomic}
    uintx NonNMethodCodeHeapSize                   = 5832780                                {pd product} {ergonomic}
    uintx NonProfiledCodeHeapSize                  = 122912730                              {pd product} {ergonomic}
    uintx ProfiledCodeHeapSize                     = 122912730                              {pd product} {ergonomic}
    uintx ReservedCodeCacheSize                    = 251658240                              {pd product} {ergonomic}
     bool SegmentedCodeCache                       = true                                      {product} {ergonomic}
   size_t SoftMaxHeapSize                          = 2069889024                             {manageable} {ergonomic}
     bool UseCompressedClassPointers               = true                           {product lp64_product} {ergonomic}
     bool UseCompressedOops                        = true                           {product lp64_product} {ergonomic}
     bool UseG1GC                                  = true                                      {product} {ergonomic}
     bool UseLargePagesIndividualAllocation        = false                                  {pd product} {ergonomic}

Logging:
Log output configuration:
 #0: stdout all=warning uptime,level,tags
 #1: stderr all=off uptime,level,tags

Environment Variables:
PATH=C:\ProgramData\Jenkins\.jenkins\tools\hudson.tasks.Maven_MavenInstallation\maven3/bin;C:\Program Files\Common Files\Oracle\Java\javapath;C:\WINDOWS\system32;C:\WINDOWS;C:\WINDOWS\System32\Wbem;C:\WINDOWS\System32\WindowsPowerShell\v1.0\;C:\WINDOWS\System32\OpenSSH\;C:\Program Files\Java\jdk-17;C:\Program Files\Git\cmd;C:\Users\AC\git\RR_Web_Automation\RR\apache-maven-3.8.8-bin\apache-maven-3.8.8\bin;;C:\Program Files\Docker\Docker\resources\bin;C:\WINDOWS\system32\config\systemprofile\AppData\Local\Microsoft\WindowsApps
USERNAME=NEERU$
OS=Windows_NT
PROCESSOR_IDENTIFIER=Intel64 Family 6 Model 140 Stepping 1, GenuineIntel



---------------  S Y S T E M  ---------------

OS:
 Windows 11 , 64 bit Build 22621 (10.0.22621.3672)
OS uptime: 19 days 7:34 hours
Hyper-V role detected

CPU: total 4 (initial active 4) (2 cores per cpu, 2 threads per core) family 6 model 140 stepping 1 microcode 0x86, cx8, cmov, fxsr, ht, mmx, 3dnowpref, sse, sse2, sse3, ssse3, sse4.1, sse4.2, popcnt, lzcnt, tsc, tscinvbit, avx, avx2, aes, erms, clmul, bmi1, bmi2, adx, avx512f, avx512dq, avx512cd, avx512bw, avx512vl, sha, fma, vzeroupper, avx512_vpopcntdq, avx512_vpclmulqdq, avx512_vaes, avx512_vnni, clflush, clflushopt, clwb, avx512_vbmi2, avx512_vbmi, hv

Memory: 4k page, system-wide physical 7890M (674M free)
TotalPageFile size 32466M (AvailPageFile size 6M)
current process WorkingSet (physical memory assigned to process): 11M, peak: 11M
current process commit charge ("private bytes"): 176M, peak: 178M

vm_info: Java HotSpot(TM) 64-Bit Server VM (17.0.10+11-LTS-240) for windows-amd64 JRE (17.0.10+11-LTS-240), built on Dec 19 2023 21:47:25 by "mach5one" with MS VC++ 17.1 (VS2022)

END.
