#
# There is insufficient memory for the Java Runtime Environment to continue.
# Native memory allocation (malloc) failed to allocate 32744 bytes for ChunkPool::allocate
# Possible reasons:
#   The system is out of physical RAM or swap space
#   The process is running with CompressedOops enabled, and the Java Heap may be blocking the growth of the native heap
# Possible solutions:
#   Reduce memory load on the system
#   Increase physical memory or swap space
#   Check if swap backing store is full
#   Decrease Java heap size (-Xmx/-Xms)
#   Decrease number of Java threads
#   Decrease Java thread stack sizes (-Xss)
#   Set larger code cache with -XX:ReservedCodeCacheSize=
#   JVM is running with Unscaled Compressed Oops mode in which the Java heap is
#     placed in the first 4GB address space. The Java Heap base address is the
#     maximum limit for the native heap growth. Please use -XX:HeapBaseMinAddress
#     to set the Java Heap base and to place the Java Heap above 4GB virtual address.
# This output file may be truncated or incomplete.
#
#  Out of Memory Error (arena.cpp:78), pid=17000, tid=31584
#
# JRE version: Java(TM) SE Runtime Environment (17.0.10+11) (build 17.0.10+11-LTS-240)
# Java VM: Java HotSpot(TM) 64-Bit Server VM (17.0.10+11-LTS-240, mixed mode, sharing, tiered, compressed oops, compressed class ptrs, g1 gc, windows-amd64)
# No core dump will be written. Minidumps are not enabled by default on client versions of Windows
#

---------------  S U M M A R Y ------------

Command Line: jenkins.maven3.agent.Maven35Main C:\ProgramData\Jenkins\.jenkins\tools\hudson.tasks.Maven_MavenInstallation\maven3 C:\ProgramData\Jenkins\war\WEB-INF\lib\remoting-3206.vb_15dcf73f6a_9.jar C:\ProgramData\Jenkins\.jenkins\plugins\maven-plugin\WEB-INF\lib\maven35-interceptor-1.14.jar C:\ProgramData\Jenkins\.jenkins\plugins\maven-plugin\WEB-INF\lib\maven3-interceptor-commons-1.14.jar 61942

Host: 11th Gen Intel(R) Core(TM) i3-1115G4 @ 3.00GHz, 4 cores, 7G,  Windows 11 , 64 bit Build 22621 (10.0.22621.3672)
Time: Mon Jul  1 15:14:16 2024 India Standard Time elapsed time: 82.389591 seconds (0d 0h 1m 22s)

---------------  T H R E A D  ---------------

Current thread (0x0000015ae3b2aa90):  JavaThread "C2 CompilerThread0" daemon [_thread_in_native, id=31584, stack(0x0000003883200000,0x0000003883300000)]


Current CompileTask:
C2:  82389 9709       4       java.io.ObjectOutputStream::writeClassDesc (60 bytes)

Stack: [0x0000003883200000,0x0000003883300000]
Native frames: (J=compiled Java code, j=interpreted, Vv=VM code, C=native code)
V  [jvm.dll+0x677a5a]
V  [jvm.dll+0x7d8b2d]
V  [jvm.dll+0x7da48e]
V  [jvm.dll+0x7daaf3]
V  [jvm.dll+0x2455ff]
V  [jvm.dll+0xaad50]
V  [jvm.dll+0xab09c]
V  [jvm.dll+0x11d4f5]
V  [jvm.dll+0x6a1558]
V  [jvm.dll+0x1bb497]
V  [jvm.dll+0x217aa7]
V  [jvm.dll+0x216d81]
V  [jvm.dll+0x1a3410]
V  [jvm.dll+0x226aeb]
V  [jvm.dll+0x224cab]
V  [jvm.dll+0x78e45c]
V  [jvm.dll+0x78888a]
V  [jvm.dll+0x676935]
C  [ucrtbase.dll+0x29333]
C  [KERNEL32.DLL+0x1257d]
C  [ntdll.dll+0x5af28]


---------------  P R O C E S S  ---------------

Threads class SMR info:
_java_thread_list=0x0000015aeaef7560, length=22, elements={
0x0000015ac646b030, 0x0000015ae3b0cef0, 0x0000015ae3b0d8b0, 0x0000015ae3b20db0,
0x0000015ae3b21770, 0x0000015ae3b248e0, 0x0000015ae3b26050, 0x0000015ae3b2aa90,
0x0000015ae3b2cc90, 0x0000015ae3b40230, 0x0000015ae80b01a0, 0x0000015ae80b66a0,
0x0000015ae8305b40, 0x0000015ae8316310, 0x0000015ae8318100, 0x0000015ae917dec0,
0x0000015ae917e8e0, 0x0000015ae917b640, 0x0000015ae917edf0, 0x0000015ae917bb50,
0x0000015ae917c570, 0x0000015ae9df31c0
}

Java Threads: ( => current thread )
  0x0000015ac646b030 JavaThread "main" [_thread_blocked, id=4848, stack(0x0000003882500000,0x0000003882600000)]
  0x0000015ae3b0cef0 JavaThread "Reference Handler" daemon [_thread_blocked, id=29872, stack(0x0000003882c00000,0x0000003882d00000)]
  0x0000015ae3b0d8b0 JavaThread "Finalizer" daemon [_thread_blocked, id=25448, stack(0x0000003882d00000,0x0000003882e00000)]
  0x0000015ae3b20db0 JavaThread "Signal Dispatcher" daemon [_thread_blocked, id=3884, stack(0x0000003882e00000,0x0000003882f00000)]
  0x0000015ae3b21770 JavaThread "Attach Listener" daemon [_thread_blocked, id=17864, stack(0x0000003882f00000,0x0000003883000000)]
  0x0000015ae3b248e0 JavaThread "Service Thread" daemon [_thread_blocked, id=30128, stack(0x0000003883000000,0x0000003883100000)]
  0x0000015ae3b26050 JavaThread "Monitor Deflation Thread" daemon [_thread_blocked, id=12204, stack(0x0000003883100000,0x0000003883200000)]
=>0x0000015ae3b2aa90 JavaThread "C2 CompilerThread0" daemon [_thread_in_native, id=31584, stack(0x0000003883200000,0x0000003883300000)]
  0x0000015ae3b2cc90 JavaThread "C1 CompilerThread0" daemon [_thread_blocked, id=25556, stack(0x0000003883300000,0x0000003883400000)]
  0x0000015ae3b40230 JavaThread "Sweeper thread" daemon [_thread_blocked, id=12328, stack(0x0000003883400000,0x0000003883500000)]
  0x0000015ae80b01a0 JavaThread "Notification Thread" daemon [_thread_blocked, id=4496, stack(0x0000003883500000,0x0000003883600000)]
  0x0000015ae80b66a0 JavaThread "Common-Cleaner" daemon [_thread_blocked, id=3464, stack(0x0000003883700000,0x0000003883800000)]
  0x0000015ae8305b40 JavaThread "RemoteInvocationHandler [#1]" daemon [_thread_blocked, id=18404, stack(0x0000003883800000,0x0000003883900000)]
  0x0000015ae8316310 JavaThread "Channel reader thread: channel" [_thread_in_native, id=30532, stack(0x0000003883900000,0x0000003883a00000)]
  0x0000015ae8318100 JavaThread "pool-1-thread-2 for channel id=8001 / waiting for channel id=169" [_thread_blocked, id=16560, stack(0x0000003883b00000,0x0000003883c00000)]
  0x0000015ae917dec0 JavaThread "resolver-1" daemon [_thread_blocked, id=2160, stack(0x0000003884400000,0x0000003884500000)]
  0x0000015ae917e8e0 JavaThread "resolver-2" daemon [_thread_blocked, id=19204, stack(0x0000003884500000,0x0000003884600000)]
  0x0000015ae917b640 JavaThread "resolver-3" daemon [_thread_blocked, id=26348, stack(0x0000003884600000,0x0000003884700000)]
  0x0000015ae917edf0 JavaThread "resolver-4" daemon [_thread_blocked, id=27896, stack(0x0000003884700000,0x0000003884800000)]
  0x0000015ae917bb50 JavaThread "resolver-5" daemon [_thread_blocked, id=15720, stack(0x0000003884800000,0x0000003884900000)]
  0x0000015ae917c570 JavaThread "pool-1-thread-4" [_thread_blocked, id=19552, stack(0x0000003882200000,0x0000003882300000)]
  0x0000015ae9df31c0 JavaThread "pool-1-thread-5" [_thread_blocked, id=23000, stack(0x0000003882300000,0x0000003882400000)]

Other Threads:
  0x0000015ae3b08db0 VMThread "VM Thread" [stack: 0x0000003882b00000,0x0000003882c00000] [id=34112]
  0x0000015ac64ddb20 WatcherThread [stack: 0x0000003883600000,0x0000003883700000] [id=14744]
  0x0000015ac64c3dc0 GCTaskThread "GC Thread#0" [stack: 0x0000003882600000,0x0000003882700000] [id=34092]
  0x0000015ae8319070 GCTaskThread "GC Thread#1" [stack: 0x0000003883d00000,0x0000003883e00000] [id=21924]
  0x0000015ae83195f0 GCTaskThread "GC Thread#2" [stack: 0x0000003883e00000,0x0000003883f00000] [id=18456]
  0x0000015ae8318af0 GCTaskThread "GC Thread#3" [stack: 0x0000003883f00000,0x0000003884000000] [id=2852]
  0x0000015ac64d43d0 ConcurrentGCThread "G1 Main Marker" [stack: 0x0000003882700000,0x0000003882800000] [id=3812]
  0x0000015ac64d5580 ConcurrentGCThread "G1 Conc#0" [stack: 0x0000003882800000,0x0000003882900000] [id=560]
  0x0000015ac65305c0 ConcurrentGCThread "G1 Refine#0" [stack: 0x0000003882900000,0x0000003882a00000] [id=22252]
  0x0000015ae81625b0 ConcurrentGCThread "G1 Refine#1" [stack: 0x0000003884000000,0x0000003884100000] [id=22932]
  0x0000015ae9d7abd0 ConcurrentGCThread "G1 Refine#2" [stack: 0x0000003884200000,0x0000003884300000] [id=27824]
  0x0000015ae82df030 ConcurrentGCThread "G1 Refine#3" [stack: 0x0000003884300000,0x0000003884400000] [id=18288]
  0x0000015ac6530ff0 ConcurrentGCThread "G1 Service" [stack: 0x0000003882a00000,0x0000003882b00000] [id=34264]

Threads with active compile tasks:
C2 CompilerThread0    82430 9709       4       java.io.ObjectOutputStream::writeClassDesc (60 bytes)

VM state: not at safepoint (normal execution)

VM Mutex/Monitor currently owned by a thread: None

Heap address: 0x0000000084a00000, size: 1974 MB, Compressed Oops mode: 32-bit

CDS archive(s) mapped at: [0x0000015a80000000-0x0000015a80bd0000-0x0000015a80bd0000), size 12386304, SharedBaseAddress: 0x0000015a80000000, ArchiveRelocationMode: 1.
Compressed class space mapped at: 0x0000015a81000000-0x0000015ac1000000, reserved size: 1073741824
Narrow klass base: 0x0000015a80000000, Narrow klass shift: 0, Narrow klass range: 0x100000000

GC Precious Log:
 CPUs: 4 total, 4 available
 Memory: 7890M
 Large Page Support: Disabled
 NUMA Support: Disabled
 Compressed Oops: Enabled (32-bit)
 Heap Region Size: 1M
 Heap Min Capacity: 8M
 Heap Initial Capacity: 124M
 Heap Max Capacity: 1974M
 Pre-touch: Disabled
 Parallel Workers: 4
 Concurrent Workers: 1
 Concurrent Refinement Workers: 4
 Periodic GC: Disabled

Heap:
 garbage-first heap   total 116736K, used 65153K [0x0000000084a00000, 0x0000000100000000)
  region size 1024K, 10 young (10240K), 2 survivors (2048K)
 Metaspace       used 35761K, committed 36288K, reserved 1114112K
  class space    used 3845K, committed 4096K, reserved 1048576K

Heap Regions: E=young(eden), S=young(survivor), O=old, HS=humongous(starts), HC=humongous(continues), CS=collection set, F=free, OA=open archive, CA=closed archive, TAMS=top-at-mark-start (previous, next)
|   0|0x0000000084a00000, 0x0000000084b00000, 0x0000000084b00000|100%|HS|  |TAMS 0x0000000084b00000, 0x0000000084a00000| Complete 
|   1|0x0000000084b00000, 0x0000000084c00000, 0x0000000084c00000|100%|HC|  |TAMS 0x0000000084c00000, 0x0000000084b00000| Complete 
|   2|0x0000000084c00000, 0x0000000084d00000, 0x0000000084d00000|100%|HS|  |TAMS 0x0000000084d00000, 0x0000000084c00000| Complete 
|   3|0x0000000084d00000, 0x0000000084e00000, 0x0000000084e00000|100%|HC|  |TAMS 0x0000000084e00000, 0x0000000084d00000| Complete 
|   4|0x0000000084e00000, 0x0000000084f00000, 0x0000000084f00000|100%| O|  |TAMS 0x0000000084f00000, 0x0000000084e00000| Untracked 
|   5|0x0000000084f00000, 0x0000000085000000, 0x0000000085000000|100%| O|  |TAMS 0x0000000085000000, 0x0000000084f00000| Untracked 
|   6|0x0000000085000000, 0x0000000085100000, 0x0000000085100000|100%| O|  |TAMS 0x0000000085100000, 0x0000000085000000| Untracked 
|   7|0x0000000085100000, 0x0000000085200000, 0x0000000085200000|100%| O|  |TAMS 0x0000000085200000, 0x0000000085100000| Untracked 
|   8|0x0000000085200000, 0x0000000085300000, 0x0000000085300000|100%| O|  |TAMS 0x0000000085300000, 0x0000000085200000| Untracked 
|   9|0x0000000085300000, 0x0000000085400000, 0x0000000085400000|100%| O|  |TAMS 0x0000000085400000, 0x0000000085300000| Complete 
|  10|0x0000000085400000, 0x0000000085500000, 0x0000000085500000|100%| O|  |TAMS 0x0000000085500000, 0x0000000085400000| Untracked 
|  11|0x0000000085500000, 0x0000000085600000, 0x0000000085600000|100%| O|  |TAMS 0x0000000085600000, 0x0000000085500000| Untracked 
|  12|0x0000000085600000, 0x0000000085700000, 0x0000000085700000|100%| O|  |TAMS 0x0000000085700000, 0x0000000085600000| Untracked 
|  13|0x0000000085700000, 0x0000000085800000, 0x0000000085800000|100%| O|  |TAMS 0x0000000085800000, 0x0000000085700000| Untracked 
|  14|0x0000000085800000, 0x0000000085900000, 0x0000000085900000|100%| O|  |TAMS 0x0000000085900000, 0x0000000085800000| Untracked 
|  15|0x0000000085900000, 0x0000000085a00000, 0x0000000085a00000|100%| O|  |TAMS 0x0000000085a00000, 0x0000000085900000| Untracked 
|  16|0x0000000085a00000, 0x0000000085b00000, 0x0000000085b00000|100%| O|  |TAMS 0x0000000085b00000, 0x0000000085a00000| Untracked 
|  17|0x0000000085b00000, 0x0000000085c00000, 0x0000000085c00000|100%| O|  |TAMS 0x0000000085c00000, 0x0000000085b00000| Untracked 
|  18|0x0000000085c00000, 0x0000000085d00000, 0x0000000085d00000|100%| O|  |TAMS 0x0000000085d00000, 0x0000000085c00000| Untracked 
|  19|0x0000000085d00000, 0x0000000085e00000, 0x0000000085e00000|100%| O|  |TAMS 0x0000000085e00000, 0x0000000085d00000| Untracked 
|  20|0x0000000085e00000, 0x0000000085f00000, 0x0000000085f00000|100%| O|  |TAMS 0x0000000085f00000, 0x0000000085e00000| Untracked 
|  21|0x0000000085f00000, 0x0000000085f7f000, 0x0000000086000000| 49%| O|  |TAMS 0x0000000085f7f000, 0x0000000085f00000| Untracked 
|  22|0x0000000086000000, 0x0000000086000000, 0x0000000086100000|  0%| F|  |TAMS 0x0000000086000000, 0x0000000086000000| Untracked 
|  23|0x0000000086100000, 0x0000000086200000, 0x0000000086200000|100%| O|  |TAMS 0x0000000086200000, 0x0000000086100000| Untracked 
|  24|0x0000000086200000, 0x0000000086300000, 0x0000000086300000|100%| O|  |TAMS 0x0000000086300000, 0x0000000086200000| Complete 
|  25|0x0000000086300000, 0x0000000086400000, 0x0000000086400000|100%| O|  |TAMS 0x0000000086400000, 0x0000000086300000| Untracked 
|  26|0x0000000086400000, 0x0000000086500000, 0x0000000086500000|100%| O|  |TAMS 0x0000000086500000, 0x0000000086400000| Untracked 
|  27|0x0000000086500000, 0x0000000086600000, 0x0000000086600000|100%| O|  |TAMS 0x0000000086600000, 0x0000000086500000| Complete 
|  28|0x0000000086600000, 0x0000000086700000, 0x0000000086700000|100%| O|  |TAMS 0x0000000086700000, 0x0000000086600000| Complete 
|  29|0x0000000086700000, 0x0000000086800000, 0x0000000086800000|100%| O|  |TAMS 0x0000000086800000, 0x0000000086700000| Complete 
|  30|0x0000000086800000, 0x0000000086800000, 0x0000000086900000|  0%| F|  |TAMS 0x0000000086800000, 0x0000000086800000| Untracked 
|  31|0x0000000086900000, 0x0000000086a00000, 0x0000000086a00000|100%|HS|  |TAMS 0x0000000086a00000, 0x0000000086900000| Complete 
|  32|0x0000000086a00000, 0x0000000086b00000, 0x0000000086b00000|100%| O|  |TAMS 0x0000000086b00000, 0x0000000086a00000| Complete 
|  33|0x0000000086b00000, 0x0000000086b00000, 0x0000000086c00000|  0%| F|  |TAMS 0x0000000086b00000, 0x0000000086b00000| Untracked 
|  34|0x0000000086c00000, 0x0000000086d00000, 0x0000000086d00000|100%| O|  |TAMS 0x0000000086d00000, 0x0000000086c00000| Untracked 
|  35|0x0000000086d00000, 0x0000000086e00000, 0x0000000086e00000|100%| O|  |TAMS 0x0000000086e00000, 0x0000000086d00000| Untracked 
|  36|0x0000000086e00000, 0x0000000086f00000, 0x0000000086f00000|100%| O|  |TAMS 0x0000000086f00000, 0x0000000086e00000| Untracked 
|  37|0x0000000086f00000, 0x0000000087000000, 0x0000000087000000|100%| O|  |TAMS 0x0000000087000000, 0x0000000086f00000| Untracked 
|  38|0x0000000087000000, 0x0000000087100000, 0x0000000087100000|100%| O|  |TAMS 0x0000000087100000, 0x0000000087000000| Untracked 
|  39|0x0000000087100000, 0x0000000087200000, 0x0000000087200000|100%| O|  |TAMS 0x0000000087200000, 0x0000000087100000| Untracked 
|  40|0x0000000087200000, 0x0000000087300000, 0x0000000087300000|100%| O|  |TAMS 0x0000000087300000, 0x0000000087200000| Untracked 
|  41|0x0000000087300000, 0x0000000087400000, 0x0000000087400000|100%| O|  |TAMS 0x0000000087400000, 0x0000000087300000| Untracked 
|  42|0x0000000087400000, 0x0000000087500000, 0x0000000087500000|100%|HS|  |TAMS 0x0000000087500000, 0x0000000087400000| Complete 
|  43|0x0000000087500000, 0x0000000087600000, 0x0000000087600000|100%| O|  |TAMS 0x0000000087600000, 0x0000000087500000| Untracked 
|  44|0x0000000087600000, 0x0000000087700000, 0x0000000087700000|100%| O|  |TAMS 0x0000000087700000, 0x0000000087600000| Untracked 
|  45|0x0000000087700000, 0x0000000087800000, 0x0000000087800000|100%| O|  |TAMS 0x0000000087800000, 0x0000000087700000| Untracked 
|  46|0x0000000087800000, 0x0000000087900000, 0x0000000087900000|100%| O|  |TAMS 0x0000000087900000, 0x0000000087800000| Untracked 
|  47|0x0000000087900000, 0x0000000087a00000, 0x0000000087a00000|100%| O|  |TAMS 0x0000000087a00000, 0x0000000087900000| Untracked 
|  48|0x0000000087a00000, 0x0000000087a00000, 0x0000000087b00000|  0%| F|  |TAMS 0x0000000087a00000, 0x0000000087a00000| Untracked 
|  49|0x0000000087b00000, 0x0000000087c00000, 0x0000000087c00000|100%| O|  |TAMS 0x0000000087c00000, 0x0000000087b00000| Untracked 
|  50|0x0000000087c00000, 0x0000000087d00000, 0x0000000087d00000|100%| O|  |TAMS 0x0000000087d00000, 0x0000000087c00000| Complete 
|  51|0x0000000087d00000, 0x0000000087d00000, 0x0000000087e00000|  0%| F|  |TAMS 0x0000000087d00000, 0x0000000087d00000| Untracked 
|  52|0x0000000087e00000, 0x0000000087f00000, 0x0000000087f00000|100%| O|  |TAMS 0x0000000087f00000, 0x0000000087e00000| Complete 
|  53|0x0000000087f00000, 0x0000000088000000, 0x0000000088000000|100%| O|  |TAMS 0x0000000088000000, 0x0000000087f00000| Complete 
|  54|0x0000000088000000, 0x0000000088100000, 0x0000000088100000|100%| O|  |TAMS 0x0000000088100000, 0x0000000088000000| Complete 
|  55|0x0000000088100000, 0x0000000088200000, 0x0000000088200000|100%| O|  |TAMS 0x0000000088200000, 0x0000000088100000| Complete 
|  56|0x0000000088200000, 0x0000000088300000, 0x0000000088300000|100%|HS|  |TAMS 0x0000000088300000, 0x0000000088200000| Complete 
|  57|0x0000000088300000, 0x0000000088400000, 0x0000000088400000|100%|HC|  |TAMS 0x0000000088400000, 0x0000000088300000| Complete 
|  58|0x0000000088400000, 0x0000000088500000, 0x0000000088500000|100%| O|  |TAMS 0x0000000088500000, 0x0000000088400000| Complete 
|  59|0x0000000088500000, 0x0000000088600000, 0x0000000088600000|100%| O|  |TAMS 0x0000000088600000, 0x0000000088500000| Complete 
|  60|0x0000000088600000, 0x0000000088600000, 0x0000000088700000|  0%| F|  |TAMS 0x0000000088600000, 0x0000000088600000| Untracked 
|  61|0x0000000088700000, 0x0000000088700000, 0x0000000088800000|  0%| F|  |TAMS 0x0000000088700000, 0x0000000088700000| Untracked 
|  62|0x0000000088800000, 0x0000000088800000, 0x0000000088900000|  0%| F|  |TAMS 0x0000000088800000, 0x0000000088800000| Untracked 
|  63|0x0000000088900000, 0x0000000088900000, 0x0000000088a00000|  0%| F|  |TAMS 0x0000000088900000, 0x0000000088900000| Untracked 
|  64|0x0000000088a00000, 0x0000000088a00000, 0x0000000088b00000|  0%| F|  |TAMS 0x0000000088a00000, 0x0000000088a00000| Untracked 
|  65|0x0000000088b00000, 0x0000000088b00000, 0x0000000088c00000|  0%| F|  |TAMS 0x0000000088b00000, 0x0000000088b00000| Untracked 
|  66|0x0000000088c00000, 0x0000000088c00000, 0x0000000088d00000|  0%| F|  |TAMS 0x0000000088c00000, 0x0000000088c00000| Untracked 
|  67|0x0000000088d00000, 0x0000000088d00000, 0x0000000088e00000|  0%| F|  |TAMS 0x0000000088d00000, 0x0000000088d00000| Untracked 
|  68|0x0000000088e00000, 0x0000000088e00000, 0x0000000088f00000|  0%| F|  |TAMS 0x0000000088e00000, 0x0000000088e00000| Untracked 
|  69|0x0000000088f00000, 0x0000000088f00000, 0x0000000089000000|  0%| F|  |TAMS 0x0000000088f00000, 0x0000000088f00000| Untracked 
|  70|0x0000000089000000, 0x0000000089000000, 0x0000000089100000|  0%| F|  |TAMS 0x0000000089000000, 0x0000000089000000| Untracked 
|  71|0x0000000089100000, 0x0000000089100000, 0x0000000089200000|  0%| F|  |TAMS 0x0000000089100000, 0x0000000089100000| Untracked 
|  72|0x0000000089200000, 0x0000000089200000, 0x0000000089300000|  0%| F|  |TAMS 0x0000000089200000, 0x0000000089200000| Untracked 
|  73|0x0000000089300000, 0x0000000089300000, 0x0000000089400000|  0%| F|  |TAMS 0x0000000089300000, 0x0000000089300000| Untracked 
|  74|0x0000000089400000, 0x0000000089400000, 0x0000000089500000|  0%| F|  |TAMS 0x0000000089400000, 0x0000000089400000| Untracked 
|  75|0x0000000089500000, 0x0000000089500000, 0x0000000089600000|  0%| F|  |TAMS 0x0000000089500000, 0x0000000089500000| Untracked 
|  76|0x0000000089600000, 0x0000000089600000, 0x0000000089700000|  0%| F|  |TAMS 0x0000000089600000, 0x0000000089600000| Untracked 
|  77|0x0000000089700000, 0x0000000089700000, 0x0000000089800000|  0%| F|  |TAMS 0x0000000089700000, 0x0000000089700000| Untracked 
|  78|0x0000000089800000, 0x0000000089800000, 0x0000000089900000|  0%| F|  |TAMS 0x0000000089800000, 0x0000000089800000| Untracked 
|  79|0x0000000089900000, 0x0000000089900000, 0x0000000089a00000|  0%| F|  |TAMS 0x0000000089900000, 0x0000000089900000| Untracked 
|  80|0x0000000089a00000, 0x0000000089a21590, 0x0000000089b00000| 13%| S|CS|TAMS 0x0000000089a00000, 0x0000000089a00000| Complete 
|  81|0x0000000089b00000, 0x0000000089c00000, 0x0000000089c00000|100%| S|CS|TAMS 0x0000000089b00000, 0x0000000089b00000| Complete 
|  82|0x0000000089c00000, 0x0000000089c00000, 0x0000000089d00000|  0%| F|  |TAMS 0x0000000089c00000, 0x0000000089c00000| Untracked 
|  83|0x0000000089d00000, 0x0000000089d00000, 0x0000000089e00000|  0%| F|  |TAMS 0x0000000089d00000, 0x0000000089d00000| Untracked 
|  84|0x0000000089e00000, 0x0000000089e00000, 0x0000000089f00000|  0%| F|  |TAMS 0x0000000089e00000, 0x0000000089e00000| Untracked 
|  85|0x0000000089f00000, 0x0000000089f00000, 0x000000008a000000|  0%| F|  |TAMS 0x0000000089f00000, 0x0000000089f00000| Untracked 
|  86|0x000000008a000000, 0x000000008a000000, 0x000000008a100000|  0%| F|  |TAMS 0x000000008a000000, 0x000000008a000000| Untracked 
|  87|0x000000008a100000, 0x000000008a100000, 0x000000008a200000|  0%| F|  |TAMS 0x000000008a100000, 0x000000008a100000| Untracked 
|  88|0x000000008a200000, 0x000000008a200000, 0x000000008a300000|  0%| F|  |TAMS 0x000000008a200000, 0x000000008a200000| Untracked 
|  89|0x000000008a300000, 0x000000008a300000, 0x000000008a400000|  0%| F|  |TAMS 0x000000008a300000, 0x000000008a300000| Untracked 
|  90|0x000000008a400000, 0x000000008a400000, 0x000000008a500000|  0%| F|  |TAMS 0x000000008a400000, 0x000000008a400000| Untracked 
|  91|0x000000008a500000, 0x000000008a500000, 0x000000008a600000|  0%| F|  |TAMS 0x000000008a500000, 0x000000008a500000| Untracked 
|  92|0x000000008a600000, 0x000000008a600000, 0x000000008a700000|  0%| F|  |TAMS 0x000000008a600000, 0x000000008a600000| Untracked 
|  93|0x000000008a700000, 0x000000008a700000, 0x000000008a800000|  0%| F|  |TAMS 0x000000008a700000, 0x000000008a700000| Untracked 
|  94|0x000000008a800000, 0x000000008a800000, 0x000000008a900000|  0%| F|  |TAMS 0x000000008a800000, 0x000000008a800000| Untracked 
|  95|0x000000008a900000, 0x000000008a900000, 0x000000008aa00000|  0%| F|  |TAMS 0x000000008a900000, 0x000000008a900000| Untracked 
|  96|0x000000008aa00000, 0x000000008aa00000, 0x000000008ab00000|  0%| F|  |TAMS 0x000000008aa00000, 0x000000008aa00000| Untracked 
|  97|0x000000008ab00000, 0x000000008ab00000, 0x000000008ac00000|  0%| F|  |TAMS 0x000000008ab00000, 0x000000008ab00000| Untracked 
|  98|0x000000008ac00000, 0x000000008ac00000, 0x000000008ad00000|  0%| F|  |TAMS 0x000000008ac00000, 0x000000008ac00000| Untracked 
|  99|0x000000008ad00000, 0x000000008ad00000, 0x000000008ae00000|  0%| F|  |TAMS 0x000000008ad00000, 0x000000008ad00000| Untracked 
| 100|0x000000008ae00000, 0x000000008ae00000, 0x000000008af00000|  0%| F|  |TAMS 0x000000008ae00000, 0x000000008ae00000| Untracked 
| 101|0x000000008af00000, 0x000000008af00000, 0x000000008b000000|  0%| F|  |TAMS 0x000000008af00000, 0x000000008af00000| Untracked 
| 102|0x000000008b000000, 0x000000008b000000, 0x000000008b100000|  0%| F|  |TAMS 0x000000008b000000, 0x000000008b000000| Untracked 
| 103|0x000000008b100000, 0x000000008b100000, 0x000000008b200000|  0%| F|  |TAMS 0x000000008b100000, 0x000000008b100000| Untracked 
| 104|0x000000008b200000, 0x000000008b200000, 0x000000008b300000|  0%| F|  |TAMS 0x000000008b200000, 0x000000008b200000| Untracked 
| 105|0x000000008b300000, 0x000000008b3a6f98, 0x000000008b400000| 65%| E|  |TAMS 0x000000008b300000, 0x000000008b300000| Complete 
| 106|0x000000008b400000, 0x000000008b500000, 0x000000008b500000|100%| E|CS|TAMS 0x000000008b400000, 0x000000008b400000| Complete 
| 107|0x000000008b500000, 0x000000008b600000, 0x000000008b600000|100%| E|CS|TAMS 0x000000008b500000, 0x000000008b500000| Complete 
| 108|0x000000008b600000, 0x000000008b700000, 0x000000008b700000|100%| E|CS|TAMS 0x000000008b600000, 0x000000008b600000| Complete 
| 109|0x000000008b700000, 0x000000008b800000, 0x000000008b800000|100%| E|CS|TAMS 0x000000008b700000, 0x000000008b700000| Complete 
| 110|0x000000008b800000, 0x000000008b900000, 0x000000008b900000|100%| E|CS|TAMS 0x000000008b800000, 0x000000008b800000| Complete 
| 123|0x000000008c500000, 0x000000008c600000, 0x000000008c600000|100%| E|CS|TAMS 0x000000008c500000, 0x000000008c500000| Complete 
|1972|0x00000000ffe00000, 0x00000000fff00000, 0x00000000fff00000|100%| O|  |TAMS 0x00000000fff00000, 0x00000000ffe00000| Untracked 
|1973|0x00000000fff00000, 0x0000000100000000, 0x0000000100000000|100%| E|CS|TAMS 0x00000000fff00000, 0x00000000fff00000| Complete 

Card table byte_map: [0x0000015add100000,0x0000015add4e0000] _byte_map_base: 0x0000015adccdb000

Marking Bits (Prev, Next): (CMBitMap*) 0x0000015ac64c43e0, (CMBitMap*) 0x0000015ac64c4420
 Prev Bits: [0x0000015add8c0000, 0x0000015adf798000)
 Next Bits: [0x0000015adf7a0000, 0x0000015ae1678000)

Polling page: 0x0000015ac5760000

Metaspace:

Usage:
  Non-class:     31.17 MB used.
      Class:      3.76 MB used.
       Both:     34.92 MB used.

Virtual space:
  Non-class space:       64.00 MB reserved,      31.44 MB ( 49%) committed,  1 nodes.
      Class space:        1.00 GB reserved,       4.00 MB ( <1%) committed,  1 nodes.
             Both:        1.06 GB reserved,      35.44 MB (  3%) committed. 

Chunk freelists:
   Non-Class:  288.00 KB
       Class:  11.98 MB
        Both:  12.26 MB

MaxMetaspaceSize: unlimited
CompressedClassSpaceSize: 1.00 GB
Initial GC threshold: 21.00 MB
Current GC threshold: 57.94 MB
CDS: on
MetaspaceReclaimPolicy: balanced
 - commit_granule_bytes: 65536.
 - commit_granule_words: 8192.
 - virtual_space_node_default_size: 8388608.
 - enlarge_chunks_in_place: 1.
 - new_chunks_are_fully_committed: 0.
 - uncommit_free_chunks: 1.
 - use_allocation_guard: 0.
 - handle_deallocations: 1.


Internal statistics:

num_allocs_failed_limit: 3.
num_arena_births: 480.
num_arena_deaths: 0.
num_vsnodes_births: 2.
num_vsnodes_deaths: 0.
num_space_committed: 567.
num_space_uncommitted: 0.
num_chunks_returned_to_freelist: 3.
num_chunks_taken_from_freelist: 1895.
num_chunk_merges: 3.
num_chunk_splits: 1236.
num_chunks_enlarged: 824.
num_inconsistent_stats: 0.

CodeHeap 'non-profiled nmethods': size=120000Kb used=4946Kb max_used=5232Kb free=115053Kb
 bounds [0x0000015ad57f0000, 0x0000015ad5d40000, 0x0000015adcd20000]
CodeHeap 'profiled nmethods': size=120000Kb used=18556Kb max_used=20136Kb free=101443Kb
 bounds [0x0000015acdd20000, 0x0000015acf0d0000, 0x0000015ad5250000]
CodeHeap 'non-nmethods': size=5760Kb used=1245Kb max_used=1297Kb free=4514Kb
 bounds [0x0000015ad5250000, 0x0000015ad54c0000, 0x0000015ad57f0000]
 total_blobs=8665 nmethods=8119 adapters=456
 compilation: enabled
              stopped_count=0, restarted_count=0
 full_count=0

Compilation events (20 events):
Event: 82.289 Thread 0x0000015ae3b2cc90 9711       3       hudson.remoting.FileSystemJarCache::map (50 bytes)
Event: 82.292 Thread 0x0000015ae3b2cc90 nmethod 9711 0x0000015ace9de890 code [0x0000015ace9deb60, 0x0000015ace9dfc78]
Event: 82.292 Thread 0x0000015ae3b2cc90 9712       3       java.lang.invoke.Invokers$Holder::linkToTargetMethod (11 bytes)
Event: 82.292 Thread 0x0000015ae3b2cc90 nmethod 9712 0x0000015aced84f10 code [0x0000015aced850c0, 0x0000015aced853d8]
Event: 82.292 Thread 0x0000015ae3b2cc90 9714       3       hudson.remoting.Checksum::hashCode (18 bytes)
Event: 82.292 Thread 0x0000015ae3b2cc90 nmethod 9714 0x0000015ace559f10 code [0x0000015ace55a0a0, 0x0000015ace55a1d8]
Event: 82.305 Thread 0x0000015ae3b2cc90 9715       3       java.net.URI::checkPath (38 bytes)
Event: 82.306 Thread 0x0000015ae3b2cc90 nmethod 9715 0x0000015aced45610 code [0x0000015aced45840, 0x0000015aced46068]
Event: 82.307 Thread 0x0000015ae3b2cc90 9716       3       java.util.concurrent.CompletableFuture::isDone (13 bytes)
Event: 82.307 Thread 0x0000015ae3b2cc90 nmethod 9716 0x0000015ace58eb90 code [0x0000015ace58ed20, 0x0000015ace58ee98]
Event: 82.307 Thread 0x0000015ae3b2cc90 9717       3       hudson.remoting.RemoteClassLoader::definePackage (42 bytes)
Event: 82.308 Thread 0x0000015ae3b2cc90 nmethod 9717 0x0000015acdd7b390 code [0x0000015acdd7b5c0, 0x0000015acdd7bd08]
Event: 82.329 Thread 0x0000015ae3b2cc90 9719   !   3       sun.net.www.protocol.jar.JarFileFactory::cacheIfAbsent (90 bytes)
Event: 82.331 Thread 0x0000015ae3b2cc90 nmethod 9719 0x0000015acdd8ec90 code [0x0000015acdd8eea0, 0x0000015acdd8f688]
Event: 82.331 Thread 0x0000015ae3b2cc90 9720   !   3       sun.net.www.protocol.jar.JarFileFactory::getConnection (40 bytes)
Event: 82.332 Thread 0x0000015ae3b2cc90 nmethod 9720 0x0000015acdd3d590 code [0x0000015acdd3d780, 0x0000015acdd3dd98]
Event: 82.337 Thread 0x0000015ae3b2cc90 9721       3       java.util.logging.Logger::log (44 bytes)
Event: 82.337 Thread 0x0000015ae3b2cc90 nmethod 9721 0x0000015ace0fec10 code [0x0000015ace0fee00, 0x0000015ace0ff408]
Event: 82.338 Thread 0x0000015ae3b2cc90 9723       3       java.net.URL::openStream (8 bytes)
Event: 82.339 Thread 0x0000015ae3b2cc90 nmethod 9723 0x0000015aceebbb10 code [0x0000015aceebbcc0, 0x0000015aceebbfb8]

GC Heap History (20 events):
Event: 21.822 GC heap before
{Heap before GC invocations=19 (full 0):
 garbage-first heap   total 91136K, used 54789K [0x0000000084a00000, 0x0000000100000000)
  region size 1024K, 4 young (4096K), 3 survivors (3072K)
 Metaspace       used 30508K, committed 30912K, reserved 1114112K
  class space    used 3414K, committed 3584K, reserved 1048576K
}
Event: 21.824 GC heap after
{Heap after GC invocations=20 (full 0):
 garbage-first heap   total 91136K, used 55432K [0x0000000084a00000, 0x0000000100000000)
  region size 1024K, 1 young (1024K), 1 survivors (1024K)
 Metaspace       used 30508K, committed 30912K, reserved 1114112K
  class space    used 3414K, committed 3584K, reserved 1048576K
}
Event: 22.536 GC heap before
{Heap before GC invocations=21 (full 0):
 garbage-first heap   total 97280K, used 70792K [0x0000000084a00000, 0x0000000100000000)
  region size 1024K, 15 young (15360K), 1 survivors (1024K)
 Metaspace       used 30712K, committed 31104K, reserved 1114112K
  class space    used 3426K, committed 3648K, reserved 1048576K
}
Event: 22.540 GC heap after
{Heap after GC invocations=22 (full 0):
 garbage-first heap   total 97280K, used 58920K [0x0000000084a00000, 0x0000000100000000)
  region size 1024K, 2 young (2048K), 2 survivors (2048K)
 Metaspace       used 30712K, committed 31104K, reserved 1114112K
  class space    used 3426K, committed 3648K, reserved 1048576K
}
Event: 22.591 GC heap before
{Heap before GC invocations=22 (full 0):
 garbage-first heap   total 97280K, used 60968K [0x0000000084a00000, 0x0000000100000000)
  region size 1024K, 4 young (4096K), 2 survivors (2048K)
 Metaspace       used 30715K, committed 31104K, reserved 1114112K
  class space    used 3426K, committed 3648K, reserved 1048576K
}
Event: 22.596 GC heap after
{Heap after GC invocations=23 (full 0):
 garbage-first heap   total 116736K, used 58381K [0x0000000084a00000, 0x0000000100000000)
  region size 1024K, 1 young (1024K), 1 survivors (1024K)
 Metaspace       used 30715K, committed 31104K, reserved 1114112K
  class space    used 3426K, committed 3648K, reserved 1048576K
}
Event: 23.113 GC heap before
{Heap before GC invocations=23 (full 0):
 garbage-first heap   total 116736K, used 72717K [0x0000000084a00000, 0x0000000100000000)
  region size 1024K, 16 young (16384K), 1 survivors (1024K)
 Metaspace       used 31696K, committed 32064K, reserved 1114112K
  class space    used 3540K, committed 3712K, reserved 1048576K
}
Event: 23.117 GC heap after
{Heap after GC invocations=24 (full 0):
 garbage-first heap   total 116736K, used 59747K [0x0000000084a00000, 0x0000000100000000)
  region size 1024K, 2 young (2048K), 2 survivors (2048K)
 Metaspace       used 31696K, committed 32064K, reserved 1114112K
  class space    used 3540K, committed 3712K, reserved 1048576K
}
Event: 23.996 GC heap before
{Heap before GC invocations=25 (full 0):
 garbage-first heap   total 116736K, used 86371K [0x0000000084a00000, 0x0000000100000000)
  region size 1024K, 26 young (26624K), 2 survivors (2048K)
 Metaspace       used 32878K, committed 33344K, reserved 1114112K
  class space    used 3625K, committed 3840K, reserved 1048576K
}
Event: 24.002 GC heap after
{Heap after GC invocations=26 (full 0):
 garbage-first heap   total 116736K, used 62485K [0x0000000084a00000, 0x0000000100000000)
  region size 1024K, 4 young (4096K), 4 survivors (4096K)
 Metaspace       used 32878K, committed 33344K, reserved 1114112K
  class space    used 3625K, committed 3840K, reserved 1048576K
}
Event: 24.019 GC heap before
{Heap before GC invocations=26 (full 0):
 garbage-first heap   total 116736K, used 63509K [0x0000000084a00000, 0x0000000100000000)
  region size 1024K, 5 young (5120K), 4 survivors (4096K)
 Metaspace       used 32895K, committed 33344K, reserved 1114112K
  class space    used 3625K, committed 3840K, reserved 1048576K
}
Event: 24.025 GC heap after
{Heap after GC invocations=27 (full 0):
 garbage-first heap   total 116736K, used 62296K [0x0000000084a00000, 0x0000000100000000)
  region size 1024K, 1 young (1024K), 1 survivors (1024K)
 Metaspace       used 32895K, committed 33344K, reserved 1114112K
  class space    used 3625K, committed 3840K, reserved 1048576K
}
Event: 24.488 GC heap before
{Heap before GC invocations=27 (full 0):
 garbage-first heap   total 116736K, used 86872K [0x0000000084a00000, 0x0000000100000000)
  region size 1024K, 25 young (25600K), 1 survivors (1024K)
 Metaspace       used 33138K, committed 33600K, reserved 1114112K
  class space    used 3625K, committed 3840K, reserved 1048576K
}
Event: 24.491 GC heap after
{Heap after GC invocations=28 (full 0):
 garbage-first heap   total 116736K, used 62406K [0x0000000084a00000, 0x0000000100000000)
  region size 1024K, 1 young (1024K), 1 survivors (1024K)
 Metaspace       used 33138K, committed 33600K, reserved 1114112K
  class space    used 3625K, committed 3840K, reserved 1048576K
}
Event: 25.967 GC heap before
{Heap before GC invocations=29 (full 0):
 garbage-first heap   total 116736K, used 89030K [0x0000000084a00000, 0x0000000100000000)
  region size 1024K, 27 young (27648K), 1 survivors (1024K)
 Metaspace       used 33538K, committed 33920K, reserved 1114112K
  class space    used 3654K, committed 3840K, reserved 1048576K
}
Event: 25.970 GC heap after
{Heap after GC invocations=30 (full 0):
 garbage-first heap   total 116736K, used 61129K [0x0000000084a00000, 0x0000000100000000)
  region size 1024K, 2 young (2048K), 2 survivors (2048K)
 Metaspace       used 33538K, committed 33920K, reserved 1114112K
  class space    used 3654K, committed 3840K, reserved 1048576K
}
Event: 26.038 GC heap before
{Heap before GC invocations=30 (full 0):
 garbage-first heap   total 116736K, used 63177K [0x0000000084a00000, 0x0000000100000000)
  region size 1024K, 5 young (5120K), 2 survivors (2048K)
 Metaspace       used 33790K, committed 34176K, reserved 1114112K
  class space    used 3664K, committed 3840K, reserved 1048576K
}
Event: 26.041 GC heap after
{Heap after GC invocations=31 (full 0):
 garbage-first heap   total 116736K, used 61221K [0x0000000084a00000, 0x0000000100000000)
  region size 1024K, 1 young (1024K), 1 survivors (1024K)
 Metaspace       used 33790K, committed 34176K, reserved 1114112K
  class space    used 3664K, committed 3840K, reserved 1048576K
}
Event: 27.200 GC heap before
{Heap before GC invocations=31 (full 0):
 garbage-first heap   total 116736K, used 90917K [0x0000000084a00000, 0x0000000100000000)
  region size 1024K, 30 young (30720K), 1 survivors (1024K)
 Metaspace       used 34962K, committed 35456K, reserved 1114112K
  class space    used 3777K, committed 4032K, reserved 1048576K
}
Event: 27.202 GC heap after
{Heap after GC invocations=32 (full 0):
 garbage-first heap   total 116736K, used 62081K [0x0000000084a00000, 0x0000000100000000)
  region size 1024K, 2 young (2048K), 2 survivors (2048K)
 Metaspace       used 34962K, committed 35456K, reserved 1114112K
  class space    used 3777K, committed 4032K, reserved 1048576K
}

Deoptimization events (20 events):
Event: 79.184 Thread 0x0000015ae8318100 DEOPT PACKING pc=0x0000015ad59da584 sp=0x0000003883bfc9f0
Event: 79.184 Thread 0x0000015ae8318100 DEOPT UNPACKING pc=0x0000015ad52a5ba3 sp=0x0000003883bfc998 mode 2
Event: 79.184 Thread 0x0000015ae8318100 Uncommon trap: trap_request=0xffffff45 fr.pc=0x0000015ad5cf645c relative=0x000000000000535c
Event: 79.184 Thread 0x0000015ae8318100 Uncommon trap: reason=unstable_if action=reinterpret pc=0x0000015ad5cf645c method=java.nio.Buffer.position(I)Ljava/nio/Buffer; @ 37 c2
Event: 79.187 Thread 0x0000015ae8318100 DEOPT PACKING pc=0x0000015ad5cf645c sp=0x0000003883bfc790
Event: 79.188 Thread 0x0000015ae8318100 DEOPT UNPACKING pc=0x0000015ad52a5ba3 sp=0x0000003883bfc590 mode 2
Event: 79.368 Thread 0x0000015ae8318100 Uncommon trap: trap_request=0xffffff45 fr.pc=0x0000015ad586b8e8 relative=0x00000000000038e8
Event: 79.368 Thread 0x0000015ae8318100 Uncommon trap: reason=unstable_if action=reinterpret pc=0x0000015ad586b8e8 method=java.io.ObjectOutputStream.writeObject0(Ljava/lang/Object;Z)V @ 477 c2
Event: 79.369 Thread 0x0000015ae8318100 DEOPT PACKING pc=0x0000015ad586b8e8 sp=0x0000003883bfc880
Event: 79.369 Thread 0x0000015ae8318100 DEOPT UNPACKING pc=0x0000015ad52a5ba3 sp=0x0000003883bfc850 mode 2
Event: 79.588 Thread 0x0000015ae8318100 DEOPT PACKING pc=0x0000015ace8e7bca sp=0x0000003883bf6ae0
Event: 79.588 Thread 0x0000015ae8318100 DEOPT UNPACKING pc=0x0000015ad52a66e3 sp=0x0000003883bf6070 mode 0
Event: 80.123 Thread 0x0000015ae8318100 Uncommon trap: trap_request=0xffffffde fr.pc=0x0000015ad5c24784 relative=0x0000000000000064
Event: 80.123 Thread 0x0000015ae8318100 Uncommon trap: reason=class_check action=maybe_recompile pc=0x0000015ad5c24784 method=java.lang.invoke.Invokers$Holder.linkToTargetMethod(Ljava/lang/Object;Ljava/lang/Object;Ljava/lang/Object;Ljava/lang/Object;Ljava/lang/Object;)Ljava/lang/Object; @ 2 c2
Event: 80.123 Thread 0x0000015ae8318100 DEOPT PACKING pc=0x0000015ad5c24784 sp=0x0000003883bfd280
Event: 80.123 Thread 0x0000015ae8318100 DEOPT UNPACKING pc=0x0000015ad52a5ba3 sp=0x0000003883bfd208 mode 2
Event: 80.277 Thread 0x0000015ae8318100 Uncommon trap: trap_request=0xfffffff4 fr.pc=0x0000015ad5d24554 relative=0x00000000000088d4
Event: 80.277 Thread 0x0000015ae8318100 Uncommon trap: reason=null_check action=make_not_entrant pc=0x0000015ad5d24554 method=hudson.remoting.MultiClassLoaderSerializer$Output.annotateClass(Ljava/lang/Class;)V @ 30 c2
Event: 80.277 Thread 0x0000015ae8318100 DEOPT PACKING pc=0x0000015ad5d24554 sp=0x0000003883bfcc00
Event: 80.277 Thread 0x0000015ae8318100 DEOPT UNPACKING pc=0x0000015ad52a5ba3 sp=0x0000003883bfcb18 mode 2

Classes unloaded (0 events):
No events

Classes redefined (0 events):
No events

Internal exceptions (20 events):
Event: 24.667 Thread 0x0000015ae8318100 Exception <a 'sun/nio/fs/WindowsException'{0x000000008b33bb78}> (0x000000008b33bb78) 
thrown [s\open\src\hotspot\share\prims\jni.cpp, line 516]
Event: 24.687 Thread 0x0000015ae8318100 Exception <a 'sun/nio/fs/WindowsException'{0x000000008b228f10}> (0x000000008b228f10) 
thrown [s\open\src\hotspot\share\prims\jni.cpp, line 516]
Event: 24.738 Thread 0x0000015ae8318100 Exception <a 'sun/nio/fs/WindowsException'{0x000000008afc6f70}> (0x000000008afc6f70) 
thrown [s\open\src\hotspot\share\prims\jni.cpp, line 516]
Event: 24.754 Thread 0x0000015ae8318100 Exception <a 'sun/nio/fs/WindowsException'{0x000000008ae785c0}> (0x000000008ae785c0) 
thrown [s\open\src\hotspot\share\prims\jni.cpp, line 516]
Event: 24.754 Thread 0x0000015ae8318100 Exception <a 'sun/nio/fs/WindowsException'{0x000000008ae78cb8}> (0x000000008ae78cb8) 
thrown [s\open\src\hotspot\share\prims\jni.cpp, line 516]
Event: 24.768 Thread 0x0000015ae8318100 Exception <a 'sun/nio/fs/WindowsException'{0x000000008ad6b880}> (0x000000008ad6b880) 
thrown [s\open\src\hotspot\share\prims\jni.cpp, line 516]
Event: 24.782 Thread 0x0000015ae8318100 Exception <a 'sun/nio/fs/WindowsException'{0x000000008ac73250}> (0x000000008ac73250) 
thrown [s\open\src\hotspot\share\prims\jni.cpp, line 516]
Event: 24.853 Thread 0x0000015ae8318100 Exception <a 'sun/nio/fs/WindowsException'{0x000000008a50a918}> (0x000000008a50a918) 
thrown [s\open\src\hotspot\share\prims\jni.cpp, line 516]
Event: 24.853 Thread 0x0000015ae8318100 Exception <a 'sun/nio/fs/WindowsException'{0x000000008a50b020}> (0x000000008a50b020) 
thrown [s\open\src\hotspot\share\prims\jni.cpp, line 516]
Event: 24.905 Thread 0x0000015ae8318100 Exception <a 'sun/nio/fs/WindowsException'{0x000000008a48d078}> (0x000000008a48d078) 
thrown [s\open\src\hotspot\share\prims\jni.cpp, line 516]
Event: 24.925 Thread 0x0000015ae8318100 Exception <a 'sun/nio/fs/WindowsException'{0x000000008a35e370}> (0x000000008a35e370) 
thrown [s\open\src\hotspot\share\prims\jni.cpp, line 516]
Event: 26.373 Thread 0x0000015ae8318100 Exception <a 'java/lang/NoSuchMethodError'{0x000000008aeb1de8}: 'java.lang.String org.apache.maven.execution.MavenExecutionRequest.getFailureBehavior()'> (0x000000008aeb1de8) 
thrown [s\open\src\hotspot\share\interpreter\linkResolver.cpp, line 855]
Event: 27.177 Thread 0x0000015ae8318100 Exception <a 'java/lang/NoSuchMethodError'{0x0000000089cbf960}: 'java.lang.Object java.lang.invoke.DirectMethodHandle$Holder.invokeStaticInit(java.lang.Object, java.lang.Object, int, int, int, int)'> (0x0000000089cbf960) 
thrown [s\open\src\hotspot\share\interpreter\linkResolver.cpp, line 759]
Event: 27.446 Thread 0x0000015ae8318100 Exception <a 'java/lang/NoSuchMethodError'{0x000000008b88e138}: 'void java.lang.invoke.DirectMethodHandle$Holder.invokeStatic(java.lang.Object, long)'> (0x000000008b88e138) 
thrown [s\open\src\hotspot\share\interpreter\linkResolver.cpp, line 759]
Event: 27.446 Thread 0x0000015ae8318100 Exception <a 'java/lang/NoSuchMethodError'{0x000000008b893a30}: 'java.lang.Object java.lang.invoke.DirectMethodHandle$Holder.newInvokeSpecial(java.lang.Object, long)'> (0x000000008b893a30) 
thrown [s\open\src\hotspot\share\interpreter\linkResolver.cpp, line 759]
Event: 27.449 Thread 0x0000015ae8318100 Exception <a 'java/lang/NoSuchMethodError'{0x000000008b89aec8}: 'java.lang.Object java.lang.invoke.DirectMethodHandle$Holder.invokeStatic(java.lang.Object, java.lang.Object, long, java.lang.Object)'> (0x000000008b89aec8) 
thrown [s\open\src\hotspot\share\interpreter\linkResolver.cpp, line 759]
Event: 27.449 Thread 0x0000015ae8318100 Exception <a 'java/lang/NoSuchMethodError'{0x000000008b89ec08}: 'java.lang.Object java.lang.invoke.DirectMethodHandle$Holder.invokeStaticInit(java.lang.Object, java.lang.Object, long, java.lang.Object)'> (0x000000008b89ec08) 
thrown [s\open\src\hotspot\share\interpreter\linkResolver.cpp, line 759]
Event: 27.449 Thread 0x0000015ae8318100 Exception <a 'java/lang/NoSuchMethodError'{0x000000008b8a54c0}: 'java.lang.Object java.lang.invoke.DirectMethodHandle$Holder.newInvokeSpecial(java.lang.Object, java.lang.Object, long)'> (0x000000008b8a54c0) 
thrown [s\open\src\hotspot\share\interpreter\linkResolver.cpp, line 759]
Event: 27.450 Thread 0x0000015ae8318100 Exception <a 'java/lang/NoSuchMethodError'{0x000000008b8a92d8}: 'java.lang.Object java.lang.invoke.Invokers$Holder.linkToTargetMethod(java.lang.Object, long, java.lang.Object)'> (0x000000008b8a92d8) 
thrown [s\open\src\hotspot\share\interpreter\linkResolver.cpp, line 759]
Event: 80.277 Thread 0x0000015ae8318100 Implicit null exception at 0x0000015ad5d1f49f to 0x0000015ad5d24538

VM Operations (20 events):
Event: 51.474 Executing VM operation: Cleanup
Event: 51.474 Executing VM operation: Cleanup done
Event: 52.474 Executing VM operation: Cleanup
Event: 52.474 Executing VM operation: Cleanup done
Event: 53.475 Executing VM operation: Cleanup
Event: 53.475 Executing VM operation: Cleanup done
Event: 57.479 Executing VM operation: Cleanup
Event: 57.480 Executing VM operation: Cleanup done
Event: 60.268 Executing VM operation: HandshakeAllThreads
Event: 60.269 Executing VM operation: HandshakeAllThreads done
Event: 76.280 Executing VM operation: Cleanup
Event: 76.282 Executing VM operation: Cleanup done
Event: 77.282 Executing VM operation: Cleanup
Event: 77.285 Executing VM operation: Cleanup done
Event: 79.287 Executing VM operation: Cleanup
Event: 79.292 Executing VM operation: Cleanup done
Event: 80.292 Executing VM operation: Cleanup
Event: 80.292 Executing VM operation: Cleanup done
Event: 82.294 Executing VM operation: Cleanup
Event: 82.301 Executing VM operation: Cleanup done

Events (20 events):
Event: 29.998 loading class sun/nio/cs/ThreadLocalCoders$1 done
Event: 29.998 loading class sun/nio/cs/ThreadLocalCoders$2
Event: 29.998 loading class sun/nio/cs/ThreadLocalCoders$2 done
Event: 29.998 loading class sun/nio/cs/UTF_8$Encoder
Event: 29.998 loading class sun/nio/cs/UTF_8$Encoder done
Event: 70.646 Thread 0x0000015ae8325830 Thread exited: 0x0000015ae8325830
Event: 70.661 Thread 0x0000015ae8317c20 Thread exited: 0x0000015ae8317c20
Event: 76.185 Thread 0x0000015ae9df7db0 Thread exited: 0x0000015ae9df7db0
Event: 76.186 Thread 0x0000015ae9df31c0 Thread exited: 0x0000015ae9df31c0
Event: 76.186 Thread 0x0000015ae9df6970 Thread exited: 0x0000015ae9df6970
Event: 76.209 Thread 0x0000015ae9df27a0 Thread exited: 0x0000015ae9df27a0
Event: 76.277 Thread 0x0000015ae917c570 Thread exited: 0x0000015ae917c570
Event: 79.170 loading class sun/util/PropertyResourceBundleCharset
Event: 79.171 loading class sun/util/PropertyResourceBundleCharset done
Event: 79.172 loading class sun/util/PropertyResourceBundleCharset$PropertiesFileDecoder
Event: 79.172 loading class sun/util/PropertyResourceBundleCharset$PropertiesFileDecoder done
Event: 79.368 Thread 0x0000015ae917c570 Thread added: 0x0000015ae917c570
Event: 79.369 Thread 0x0000015ae9df31c0 Thread added: 0x0000015ae9df31c0
Event: 80.100 Thread 0x0000015aeb7d4ff0 Thread added: 0x0000015aeb7d4ff0
Event: 81.378 Thread 0x0000015aeb7d4ff0 Thread exited: 0x0000015aeb7d4ff0


Dynamic libraries:
0x00007ff7a1670000 - 0x00007ff7a1680000 	C:\Program Files\Java\jdk-17\bin\java.exe
0x00007ff817070000 - 0x00007ff817287000 	C:\WINDOWS\SYSTEM32\ntdll.dll
0x00007ff8165b0000 - 0x00007ff816674000 	C:\WINDOWS\System32\KERNEL32.DLL
0x00007ff814a00000 - 0x00007ff814dac000 	C:\WINDOWS\System32\KERNELBASE.dll
0x00007ff814810000 - 0x00007ff814921000 	C:\WINDOWS\System32\ucrtbase.dll
0x00007fffe4640000 - 0x00007fffe465b000 	C:\Program Files\Java\jdk-17\bin\VCRUNTIME140.dll
0x00007fffe4660000 - 0x00007fffe4679000 	C:\Program Files\Java\jdk-17\bin\jli.dll
0x00007ff816680000 - 0x00007ff816732000 	C:\WINDOWS\System32\ADVAPI32.dll
0x00007ff8161b0000 - 0x00007ff816257000 	C:\WINDOWS\System32\msvcrt.dll
0x00007ff815ac0000 - 0x00007ff815b6a000 	C:\WINDOWS\System32\sechost.dll
0x00007ff8149d0000 - 0x00007ff8149f8000 	C:\WINDOWS\System32\bcrypt.dll
0x00007ff816410000 - 0x00007ff816525000 	C:\WINDOWS\System32\RPCRT4.dll
0x00007ff816df0000 - 0x00007ff816f9e000 	C:\WINDOWS\System32\USER32.dll
0x00007ff800800000 - 0x00007ff800a93000 	C:\WINDOWS\WinSxS\amd64_microsoft.windows.common-controls_6595b64144ccf1df_6.0.22621.3672_none_2713b9d173822955\COMCTL32.dll
0x00007ff8147e0000 - 0x00007ff814806000 	C:\WINDOWS\System32\win32u.dll
0x00007ff8168c0000 - 0x00007ff8168e9000 	C:\WINDOWS\System32\GDI32.dll
0x00007ff80a120000 - 0x00007ff80a12a000 	C:\WINDOWS\SYSTEM32\VERSION.dll
0x00007ff814460000 - 0x00007ff814579000 	C:\WINDOWS\System32\gdi32full.dll
0x00007ff814930000 - 0x00007ff8149ca000 	C:\WINDOWS\System32\msvcp_win.dll
0x00007fffe4610000 - 0x00007fffe461c000 	C:\Program Files\Java\jdk-17\bin\vcruntime140_1.dll
0x00007fffe4580000 - 0x00007fffe460e000 	C:\Program Files\Java\jdk-17\bin\msvcp140.dll
0x00007fffe39a0000 - 0x00007fffe457f000 	C:\Program Files\Java\jdk-17\bin\server\jvm.dll
0x00007fffe3990000 - 0x00007fffe3999000 	C:\WINDOWS\SYSTEM32\WSOCK32.dll
0x00007ff815a90000 - 0x00007ff815a98000 	C:\WINDOWS\System32\PSAPI.DLL
0x00007ff815c70000 - 0x00007ff815ce1000 	C:\WINDOWS\System32\WS2_32.dll
0x00007ff80a4e0000 - 0x00007ff80a514000 	C:\WINDOWS\SYSTEM32\WINMM.dll
0x00007ff813390000 - 0x00007ff8133a8000 	C:\WINDOWS\SYSTEM32\kernel.appcore.dll
0x00007fffe38a0000 - 0x00007fffe38aa000 	C:\Program Files\Java\jdk-17\bin\jimage.dll
0x00007ff811c60000 - 0x00007ff811e92000 	C:\WINDOWS\SYSTEM32\DBGHELP.DLL
0x00007ff8168f0000 - 0x00007ff816c78000 	C:\WINDOWS\System32\combase.dll
0x00007ff815d70000 - 0x00007ff815e47000 	C:\WINDOWS\System32\OLEAUT32.dll
0x00007ff808870000 - 0x00007ff8088a2000 	C:\WINDOWS\SYSTEM32\dbgcore.DLL
0x00007ff8146f0000 - 0x00007ff81476b000 	C:\WINDOWS\System32\bcryptPrimitives.dll
0x00007fffe3870000 - 0x00007fffe3895000 	C:\Program Files\Java\jdk-17\bin\java.dll
0x00007fffe3790000 - 0x00007fffe3867000 	C:\Program Files\Java\jdk-17\bin\jsvml.dll
0x00007ff814db0000 - 0x00007ff81560c000 	C:\WINDOWS\System32\SHELL32.dll
0x00007ff8122a0000 - 0x00007ff812b97000 	C:\WINDOWS\SYSTEM32\windows.storage.dll
0x00007ff812160000 - 0x00007ff81229f000 	C:\WINDOWS\SYSTEM32\wintypes.dll
0x00007ff816cf0000 - 0x00007ff816de4000 	C:\WINDOWS\System32\SHCORE.dll
0x00007ff816c80000 - 0x00007ff816cde000 	C:\WINDOWS\System32\shlwapi.dll
0x00007ff8142d0000 - 0x00007ff8142f1000 	C:\WINDOWS\SYSTEM32\profapi.dll
0x00007fffe3480000 - 0x00007fffe3499000 	C:\Program Files\Java\jdk-17\bin\net.dll
0x00007ff80b900000 - 0x00007ff80ba36000 	C:\WINDOWS\SYSTEM32\WINHTTP.dll
0x00007ff8137f0000 - 0x00007ff813859000 	C:\WINDOWS\system32\mswsock.dll
0x00007fffe3460000 - 0x00007fffe3476000 	C:\Program Files\Java\jdk-17\bin\nio.dll
0x00007fffe3440000 - 0x00007fffe3458000 	C:\Program Files\Java\jdk-17\bin\zip.dll
0x00007ff812e00000 - 0x00007ff812e2d000 	C:\WINDOWS\SYSTEM32\IPHLPAPI.DLL
0x00007ff815aa0000 - 0x00007ff815aa9000 	C:\WINDOWS\System32\NSI.dll
0x00007ff80b8e0000 - 0x00007ff80b8f9000 	C:\WINDOWS\SYSTEM32\dhcpcsvc6.DLL
0x00007ff80b8c0000 - 0x00007ff80b8df000 	C:\WINDOWS\SYSTEM32\dhcpcsvc.DLL
0x00007ff812e70000 - 0x00007ff812f68000 	C:\WINDOWS\SYSTEM32\DNSAPI.dll
0x00007fffe0e90000 - 0x00007fffe1021000 	C:\Program Files\Java\jdk-17\bin\awt.dll
0x00007ff80e770000 - 0x00007ff80e807000 	C:\WINDOWS\SYSTEM32\apphelp.dll
0x00007fffe1aa0000 - 0x00007fffe1ab0000 	C:\Program Files\Java\jdk-17\bin\verify.dll
0x0000000069ac0000 - 0x0000000069ae4000 	C:\Windows\Temp\jansi-2.4.0-dad05fde13ac5111-jansi.dll
0x00007ff813a90000 - 0x00007ff813aab000 	C:\WINDOWS\SYSTEM32\CRYPTSP.dll
0x00007ff8132f0000 - 0x00007ff813325000 	C:\WINDOWS\system32\rsaenh.dll
0x00007ff813a00000 - 0x00007ff813a0c000 	C:\WINDOWS\SYSTEM32\CRYPTBASE.dll

dbghelp: loaded successfully - version: 4.0.5 - missing functions: none
symbol engine: initialized successfully - sym options: 0x614 - pdb path: .;C:\Program Files\Java\jdk-17\bin;C:\WINDOWS\SYSTEM32;C:\WINDOWS\WinSxS\amd64_microsoft.windows.common-controls_6595b64144ccf1df_6.0.22621.3672_none_2713b9d173822955;C:\Program Files\Java\jdk-17\bin\server;C:\Windows\Temp

VM Arguments:
java_command: jenkins.maven3.agent.Maven35Main C:\ProgramData\Jenkins\.jenkins\tools\hudson.tasks.Maven_MavenInstallation\maven3 C:\ProgramData\Jenkins\war\WEB-INF\lib\remoting-3206.vb_15dcf73f6a_9.jar C:\ProgramData\Jenkins\.jenkins\plugins\maven-plugin\WEB-INF\lib\maven35-interceptor-1.14.jar C:\ProgramData\Jenkins\.jenkins\plugins\maven-plugin\WEB-INF\lib\maven3-interceptor-commons-1.14.jar 61942
java_class_path (initial): C:\ProgramData\Jenkins\.jenkins\plugins\maven-plugin\WEB-INF\lib\maven35-agent-1.14.jar;C:\ProgramData\Jenkins\.jenkins\tools\hudson.tasks.Maven_MavenInstallation\maven3\boot\plexus-classworlds-2.7.0.jar;C:\ProgramData\Jenkins\.jenkins\tools\hudson.tasks.Maven_MavenInstallation\maven3/conf/logging
Launcher Type: SUN_STANDARD

[Global flags]
     intx CICompilerCount                          = 3                                         {product} {ergonomic}
     uint ConcGCThreads                            = 1                                         {product} {ergonomic}
     uint G1ConcRefinementThreads                  = 4                                         {product} {ergonomic}
   size_t G1HeapRegionSize                         = 1048576                                   {product} {ergonomic}
    uintx GCDrainStackTargetSize                   = 64                                        {product} {ergonomic}
   size_t InitialHeapSize                          = 130023424                                 {product} {ergonomic}
   size_t MarkStackSize                            = 4194304                                   {product} {ergonomic}
   size_t MaxHeapSize                              = 2069889024                                {product} {ergonomic}
   size_t MaxNewSize                               = 1241513984                                {product} {ergonomic}
   size_t MinHeapDeltaBytes                        = 1048576                                   {product} {ergonomic}
   size_t MinHeapSize                              = 8388608                                   {product} {ergonomic}
    uintx NonNMethodCodeHeapSize                   = 5832780                                {pd product} {ergonomic}
    uintx NonProfiledCodeHeapSize                  = 122912730                              {pd product} {ergonomic}
    uintx ProfiledCodeHeapSize                     = 122912730                              {pd product} {ergonomic}
    uintx ReservedCodeCacheSize                    = 251658240                              {pd product} {ergonomic}
     bool SegmentedCodeCache                       = true                                      {product} {ergonomic}
   size_t SoftMaxHeapSize                          = 2069889024                             {manageable} {ergonomic}
     bool UseCompressedClassPointers               = true                           {product lp64_product} {ergonomic}
     bool UseCompressedOops                        = true                           {product lp64_product} {ergonomic}
     bool UseG1GC                                  = true                                      {product} {ergonomic}
     bool UseLargePagesIndividualAllocation        = false                                  {pd product} {ergonomic}

Logging:
Log output configuration:
 #0: stdout all=warning uptime,level,tags
 #1: stderr all=off uptime,level,tags

Environment Variables:
PATH=C:\ProgramData\Jenkins\.jenkins\tools\hudson.tasks.Maven_MavenInstallation\maven3/bin;C:\Program Files\Common Files\Oracle\Java\javapath;C:\WINDOWS\system32;C:\WINDOWS;C:\WINDOWS\System32\Wbem;C:\WINDOWS\System32\WindowsPowerShell\v1.0\;C:\WINDOWS\System32\OpenSSH\;C:\Program Files\Java\jdk-17;C:\Program Files\Git\cmd;C:\Users\AC\git\RR_Web_Automation\RR\apache-maven-3.8.8-bin\apache-maven-3.8.8\bin;;C:\Program Files\Docker\Docker\resources\bin;C:\WINDOWS\system32\config\systemprofile\AppData\Local\Microsoft\WindowsApps
USERNAME=NEERU$
OS=Windows_NT
PROCESSOR_IDENTIFIER=Intel64 Family 6 Model 140 Stepping 1, GenuineIntel



---------------  S Y S T E M  ---------------

OS:
 Windows 11 , 64 bit Build 22621 (10.0.22621.3672)
OS uptime: 19 days 3:35 hours
Hyper-V role detected

CPU: total 4 (initial active 4) (2 cores per cpu, 2 threads per core) family 6 model 140 stepping 1 microcode 0x86, cx8, cmov, fxsr, ht, mmx, 3dnowpref, sse, sse2, sse3, ssse3, sse4.1, sse4.2, popcnt, lzcnt, tsc, tscinvbit, avx, avx2, aes, erms, clmul, bmi1, bmi2, adx, avx512f, avx512dq, avx512cd, avx512bw, avx512vl, sha, fma, vzeroupper, avx512_vpopcntdq, avx512_vpclmulqdq, avx512_vaes, avx512_vnni, clflush, clflushopt, clwb, avx512_vbmi2, avx512_vbmi, hv

Memory: 4k page, system-wide physical 7890M (427M free)
TotalPageFile size 32466M (AvailPageFile size 11M)
current process WorkingSet (physical memory assigned to process): 106M, peak: 272M
current process commit charge ("private bytes"): 296M, peak: 309M

vm_info: Java HotSpot(TM) 64-Bit Server VM (17.0.10+11-LTS-240) for windows-amd64 JRE (17.0.10+11-LTS-240), built on Dec 19 2023 21:47:25 by "mach5one" with MS VC++ 17.1 (VS2022)

END.
