#
# There is insufficient memory for the Java Runtime Environment to continue.
# Native memory allocation (malloc) failed to allocate 1145776 bytes for Chunk::new
# Possible reasons:
#   The system is out of physical RAM or swap space
#   The process is running with CompressedOops enabled, and the Java Heap may be blocking the growth of the native heap
# Possible solutions:
#   Reduce memory load on the system
#   Increase physical memory or swap space
#   Check if swap backing store is full
#   Decrease Java heap size (-Xmx/-Xms)
#   Decrease number of Java threads
#   Decrease Java thread stack sizes (-Xss)
#   Set larger code cache with -XX:ReservedCodeCacheSize=
#   JVM is running with Unscaled Compressed Oops mode in which the Java heap is
#     placed in the first 4GB address space. The Java Heap base address is the
#     maximum limit for the native heap growth. Please use -XX:HeapBaseMinAddress
#     to set the Java Heap base and to place the Java Heap above 4GB virtual address.
# This output file may be truncated or incomplete.
#
#  Out of Memory Error (arena.cpp:189), pid=37164, tid=27556
#
# JRE version: Java(TM) SE Runtime Environment (17.0.10+11) (build 17.0.10+11-LTS-240)
# Java VM: Java HotSpot(TM) 64-Bit Server VM (17.0.10+11-LTS-240, mixed mode, sharing, tiered, compressed oops, compressed class ptrs, g1 gc, windows-amd64)
# No core dump will be written. Minidumps are not enabled by default on client versions of Windows
#

---------------  S U M M A R Y ------------

Command Line: C:\Users\AC\git\RR_Web_Automation\RR\target\surefire\surefirebooter18132627195737000881.jar C:\Users\AC\git\RR_Web_Automation\RR\target\surefire\surefire13666107767091011005tmp C:\Users\AC\git\RR_Web_Automation\RR\target\surefire\surefire_011204379779087820907tmp

Host: 11th Gen Intel(R) Core(TM) i3-1115G4 @ 3.00GHz, 4 cores, 7G,  Windows 11 , 64 bit Build 22621 (10.0.22621.3527)
Time: Mon Jun  3 22:56:03 2024 India Standard Time elapsed time: 42.878900 seconds (0d 0h 0m 42s)

---------------  T H R E A D  ---------------

Current thread (0x00000173f8d14670):  JavaThread "C2 CompilerThread0" daemon [_thread_in_native, id=27556, stack(0x0000001810400000,0x0000001810500000)]


Current CompileTask:
C2:  42879 6337       4       java.lang.String::split (327 bytes)

Stack: [0x0000001810400000,0x0000001810500000]
Native frames: (J=compiled Java code, j=interpreted, Vv=VM code, C=native code)
V  [jvm.dll+0x677a5a]
V  [jvm.dll+0x7d8b2d]
V  [jvm.dll+0x7da48e]
V  [jvm.dll+0x7daaf3]
V  [jvm.dll+0x2455ff]
V  [jvm.dll+0xaaafb]
V  [jvm.dll+0xab09c]
V  [jvm.dll+0x361b5f]
V  [jvm.dll+0x32c211]
V  [jvm.dll+0x32b6aa]
V  [jvm.dll+0x21794f]
V  [jvm.dll+0x216d81]
V  [jvm.dll+0x1a3410]
V  [jvm.dll+0x226aeb]
V  [jvm.dll+0x224cab]
V  [jvm.dll+0x78e45c]
V  [jvm.dll+0x78888a]
V  [jvm.dll+0x676935]
C  [ucrtbase.dll+0x29333]
C  [KERNEL32.DLL+0x1257d]
C  [ntdll.dll+0x5aa48]


---------------  P R O C E S S  ---------------

Threads class SMR info:
_java_thread_list=0x00000173fe7b7a30, length=18, elements={
0x00000173ea65a890, 0x00000173f8cfa650, 0x00000173f8cfb010, 0x00000173f8d0eb60,
0x00000173f8d0fd30, 0x00000173f8d12700, 0x00000173f8d130c0, 0x00000173f8d14670,
0x00000173f8d158c0, 0x00000173f8d8c530, 0x00000173fd0ad010, 0x00000173fd0b5950,
0x00000173fd0da040, 0x00000173fd0d72f0, 0x00000173fe161500, 0x00000173fe1505a0,
0x00000173fe82a1e0, 0x00000173fe828da0
}

Java Threads: ( => current thread )
  0x00000173ea65a890 JavaThread "main" [_thread_in_Java, id=31500, stack(0x000000180f700000,0x000000180f800000)]
  0x00000173f8cfa650 JavaThread "Reference Handler" daemon [_thread_blocked, id=12628, stack(0x000000180fe00000,0x000000180ff00000)]
  0x00000173f8cfb010 JavaThread "Finalizer" daemon [_thread_blocked, id=36992, stack(0x000000180ff00000,0x0000001810000000)]
  0x00000173f8d0eb60 JavaThread "Signal Dispatcher" daemon [_thread_blocked, id=20128, stack(0x0000001810000000,0x0000001810100000)]
  0x00000173f8d0fd30 JavaThread "Attach Listener" daemon [_thread_blocked, id=4336, stack(0x0000001810100000,0x0000001810200000)]
  0x00000173f8d12700 JavaThread "Service Thread" daemon [_thread_blocked, id=21880, stack(0x0000001810200000,0x0000001810300000)]
  0x00000173f8d130c0 JavaThread "Monitor Deflation Thread" daemon [_thread_blocked, id=13512, stack(0x0000001810300000,0x0000001810400000)]
=>0x00000173f8d14670 JavaThread "C2 CompilerThread0" daemon [_thread_in_native, id=27556, stack(0x0000001810400000,0x0000001810500000)]
  0x00000173f8d158c0 JavaThread "C1 CompilerThread0" daemon [_thread_blocked, id=35264, stack(0x0000001810500000,0x0000001810600000)]
  0x00000173f8d8c530 JavaThread "Sweeper thread" daemon [_thread_blocked, id=27840, stack(0x0000001810600000,0x0000001810700000)]
  0x00000173fd0ad010 JavaThread "Notification Thread" daemon [_thread_blocked, id=14264, stack(0x0000001810700000,0x0000001810800000)]
  0x00000173fd0b5950 JavaThread "Common-Cleaner" daemon [_thread_blocked, id=3396, stack(0x0000001810900000,0x0000001810a00000)]
  0x00000173fd0da040 JavaThread "last-ditch-daemon-shutdown-thread-30sec" daemon [_thread_blocked, id=12376, stack(0x0000001810a00000,0x0000001810b00000)]
  0x00000173fd0d72f0 JavaThread "surefire-forkedjvm-command-thread" daemon [_thread_in_native, id=35092, stack(0x0000001810b00000,0x0000001810c00000)]
  0x00000173fe161500 JavaThread "ForkJoinPool.commonPool-worker-1" daemon [_thread_blocked, id=28000, stack(0x0000001811000000,0x0000001811100000)]
  0x00000173fe1505a0 JavaThread "HttpClient-1-SelectorManager" daemon [_thread_in_native, id=24876, stack(0x0000001811100000,0x0000001811200000)]
  0x00000173fe82a1e0 JavaThread "pool-1-thread-1" [_thread_blocked, id=31112, stack(0x0000001811200000,0x0000001811300000)]
  0x00000173fe828da0 JavaThread "pool-1-thread-2" [_thread_blocked, id=12244, stack(0x0000001811400000,0x0000001811500000)]

Other Threads:
  0x00000173f8cf4100 VMThread "VM Thread" [stack: 0x000000180fd00000,0x000000180fe00000] [id=29928]
  0x00000173fd0b1500 WatcherThread [stack: 0x0000001810800000,0x0000001810900000] [id=28856]
  0x00000173ea6b2c10 GCTaskThread "GC Thread#0" [stack: 0x000000180f800000,0x000000180f900000] [id=30132]
  0x00000173fd24d080 GCTaskThread "GC Thread#1" [stack: 0x0000001810c00000,0x0000001810d00000] [id=37256]
  0x00000173fd7e0c00 GCTaskThread "GC Thread#2" [stack: 0x0000001810d00000,0x0000001810e00000] [id=32364]
  0x00000173fd823740 GCTaskThread "GC Thread#3" [stack: 0x0000001810e00000,0x0000001810f00000] [id=14508]
  0x00000173ea6c3230 ConcurrentGCThread "G1 Main Marker" [stack: 0x000000180f900000,0x000000180fa00000] [id=20156]
  0x00000173ea6c3c40 ConcurrentGCThread "G1 Conc#0" [stack: 0x000000180fa00000,0x000000180fb00000] [id=12400]
  0x00000173ea72daf0 ConcurrentGCThread "G1 Refine#0" [stack: 0x000000180fb00000,0x000000180fc00000] [id=10880]
  0x00000173fd7e0040 ConcurrentGCThread "G1 Refine#1" [stack: 0x0000001810f00000,0x0000001811000000] [id=32588]
  0x00000173ea72e520 ConcurrentGCThread "G1 Service" [stack: 0x000000180fc00000,0x000000180fd00000] [id=35888]

Threads with active compile tasks:
C2 CompilerThread0    42902 6337       4       java.lang.String::split (327 bytes)

VM state: not at safepoint (normal execution)

VM Mutex/Monitor currently owned by a thread: None

Heap address: 0x0000000084a00000, size: 1974 MB, Compressed Oops mode: 32-bit

CDS archive(s) mapped at: [0x000001738f000000-0x000001738fbd0000-0x000001738fbd0000), size 12386304, SharedBaseAddress: 0x000001738f000000, ArchiveRelocationMode: 1.
Compressed class space mapped at: 0x0000017390000000-0x00000173d0000000, reserved size: 1073741824
Narrow klass base: 0x000001738f000000, Narrow klass shift: 0, Narrow klass range: 0x100000000

GC Precious Log:
 CPUs: 4 total, 4 available
 Memory: 7890M
 Large Page Support: Disabled
 NUMA Support: Disabled
 Compressed Oops: Enabled (32-bit)
 Heap Region Size: 1M
 Heap Min Capacity: 8M
 Heap Initial Capacity: 124M
 Heap Max Capacity: 1974M
 Pre-touch: Disabled
 Parallel Workers: 4
 Concurrent Workers: 1
 Concurrent Refinement Workers: 4
 Periodic GC: Disabled

Heap:
 garbage-first heap   total 122880K, used 87199K [0x0000000084a00000, 0x0000000100000000)
  region size 1024K, 64 young (65536K), 1 survivors (1024K)
 Metaspace       used 31557K, committed 31936K, reserved 1114112K
  class space    used 3718K, committed 3904K, reserved 1048576K

Heap Regions: E=young(eden), S=young(survivor), O=old, HS=humongous(starts), HC=humongous(continues), CS=collection set, F=free, OA=open archive, CA=closed archive, TAMS=top-at-mark-start (previous, next)
|   0|0x0000000084a00000, 0x0000000084b00000, 0x0000000084b00000|100%|HS|  |TAMS 0x0000000084b00000, 0x0000000084a00000| Complete 
|   1|0x0000000084b00000, 0x0000000084c00000, 0x0000000084c00000|100%|HS|  |TAMS 0x0000000084c00000, 0x0000000084b00000| Complete 
|   2|0x0000000084c00000, 0x0000000084d00000, 0x0000000084d00000|100%| O|  |TAMS 0x0000000084d00000, 0x0000000084c00000| Untracked 
|   3|0x0000000084d00000, 0x0000000084e00000, 0x0000000084e00000|100%| O|  |TAMS 0x0000000084e00000, 0x0000000084d00000| Untracked 
|   4|0x0000000084e00000, 0x0000000084f00000, 0x0000000084f00000|100%| O|  |TAMS 0x0000000084f00000, 0x0000000084e00000| Untracked 
|   5|0x0000000084f00000, 0x0000000085000000, 0x0000000085000000|100%| O|  |TAMS 0x0000000085000000, 0x0000000084f00000| Untracked 
|   6|0x0000000085000000, 0x0000000085100000, 0x0000000085100000|100%| O|  |TAMS 0x0000000085100000, 0x0000000085000000| Untracked 
|   7|0x0000000085100000, 0x0000000085200000, 0x0000000085200000|100%| O|  |TAMS 0x0000000085200000, 0x0000000085100000| Untracked 
|   8|0x0000000085200000, 0x0000000085300000, 0x0000000085300000|100%| O|  |TAMS 0x0000000085300000, 0x0000000085200000| Untracked 
|   9|0x0000000085300000, 0x00000000853d9800, 0x0000000085400000| 84%| O|  |TAMS 0x00000000853d9800, 0x0000000085300000| Untracked 
|  10|0x0000000085400000, 0x0000000085500000, 0x0000000085500000|100%| O|  |TAMS 0x0000000085400000, 0x0000000085400000| Untracked 
|  11|0x0000000085500000, 0x0000000085600000, 0x0000000085600000|100%| O|  |TAMS 0x0000000085500000, 0x0000000085500000| Untracked 
|  12|0x0000000085600000, 0x0000000085700000, 0x0000000085700000|100%| O|  |TAMS 0x0000000085600000, 0x0000000085600000| Untracked 
|  13|0x0000000085700000, 0x0000000085800000, 0x0000000085800000|100%| O|  |TAMS 0x0000000085700000, 0x0000000085700000| Untracked 
|  14|0x0000000085800000, 0x0000000085900000, 0x0000000085900000|100%| O|  |TAMS 0x0000000085800000, 0x0000000085800000| Untracked 
|  15|0x0000000085900000, 0x0000000085a00000, 0x0000000085a00000|100%| O|  |TAMS 0x0000000085900000, 0x0000000085900000| Untracked 
|  16|0x0000000085a00000, 0x0000000085b00000, 0x0000000085b00000|100%| O|  |TAMS 0x0000000085a00000, 0x0000000085a00000| Untracked 
|  17|0x0000000085b00000, 0x0000000085c00000, 0x0000000085c00000|100%| O|  |TAMS 0x0000000085b00000, 0x0000000085b00000| Untracked 
|  18|0x0000000085c00000, 0x0000000085d00000, 0x0000000085d00000|100%| O|  |TAMS 0x0000000085c00000, 0x0000000085c00000| Untracked 
|  19|0x0000000085d00000, 0x0000000085e00000, 0x0000000085e00000|100%| O|  |TAMS 0x0000000085d00000, 0x0000000085d00000| Untracked 
|  20|0x0000000085e00000, 0x0000000085f00000, 0x0000000085f00000|100%| O|  |TAMS 0x0000000085e00000, 0x0000000085e00000| Untracked 
|  21|0x0000000085f00000, 0x0000000086000000, 0x0000000086000000|100%| O|  |TAMS 0x0000000085f00000, 0x0000000085f00000| Untracked 
|  22|0x0000000086000000, 0x0000000086056c00, 0x0000000086100000| 33%| O|  |TAMS 0x0000000086000000, 0x0000000086000000| Untracked 
|  23|0x0000000086100000, 0x0000000086100000, 0x0000000086200000|  0%| F|  |TAMS 0x0000000086100000, 0x0000000086100000| Untracked 
|  24|0x0000000086200000, 0x0000000086200000, 0x0000000086300000|  0%| F|  |TAMS 0x0000000086200000, 0x0000000086200000| Untracked 
|  25|0x0000000086300000, 0x0000000086300000, 0x0000000086400000|  0%| F|  |TAMS 0x0000000086300000, 0x0000000086300000| Untracked 
|  26|0x0000000086400000, 0x0000000086400000, 0x0000000086500000|  0%| F|  |TAMS 0x0000000086400000, 0x0000000086400000| Untracked 
|  27|0x0000000086500000, 0x0000000086500000, 0x0000000086600000|  0%| F|  |TAMS 0x0000000086500000, 0x0000000086500000| Untracked 
|  28|0x0000000086600000, 0x0000000086600000, 0x0000000086700000|  0%| F|  |TAMS 0x0000000086600000, 0x0000000086600000| Untracked 
|  29|0x0000000086700000, 0x0000000086700000, 0x0000000086800000|  0%| F|  |TAMS 0x0000000086700000, 0x0000000086700000| Untracked 
|  30|0x0000000086800000, 0x0000000086800000, 0x0000000086900000|  0%| F|  |TAMS 0x0000000086800000, 0x0000000086800000| Untracked 
|  31|0x0000000086900000, 0x0000000086900000, 0x0000000086a00000|  0%| F|  |TAMS 0x0000000086900000, 0x0000000086900000| Untracked 
|  32|0x0000000086a00000, 0x0000000086a00000, 0x0000000086b00000|  0%| F|  |TAMS 0x0000000086a00000, 0x0000000086a00000| Untracked 
|  33|0x0000000086b00000, 0x0000000086b00000, 0x0000000086c00000|  0%| F|  |TAMS 0x0000000086b00000, 0x0000000086b00000| Untracked 
|  34|0x0000000086c00000, 0x0000000086c00000, 0x0000000086d00000|  0%| F|  |TAMS 0x0000000086c00000, 0x0000000086c00000| Untracked 
|  35|0x0000000086d00000, 0x0000000086d00000, 0x0000000086e00000|  0%| F|  |TAMS 0x0000000086d00000, 0x0000000086d00000| Untracked 
|  36|0x0000000086e00000, 0x0000000086e00000, 0x0000000086f00000|  0%| F|  |TAMS 0x0000000086e00000, 0x0000000086e00000| Untracked 
|  37|0x0000000086f00000, 0x0000000086f00000, 0x0000000087000000|  0%| F|  |TAMS 0x0000000086f00000, 0x0000000086f00000| Untracked 
|  38|0x0000000087000000, 0x0000000087000000, 0x0000000087100000|  0%| F|  |TAMS 0x0000000087000000, 0x0000000087000000| Untracked 
|  39|0x0000000087100000, 0x0000000087100000, 0x0000000087200000|  0%| F|  |TAMS 0x0000000087100000, 0x0000000087100000| Untracked 
|  40|0x0000000087200000, 0x0000000087200000, 0x0000000087300000|  0%| F|  |TAMS 0x0000000087200000, 0x0000000087200000| Untracked 
|  41|0x0000000087300000, 0x0000000087300000, 0x0000000087400000|  0%| F|  |TAMS 0x0000000087300000, 0x0000000087300000| Untracked 
|  42|0x0000000087400000, 0x0000000087400000, 0x0000000087500000|  0%| F|  |TAMS 0x0000000087400000, 0x0000000087400000| Untracked 
|  43|0x0000000087500000, 0x0000000087500000, 0x0000000087600000|  0%| F|  |TAMS 0x0000000087500000, 0x0000000087500000| Untracked 
|  44|0x0000000087600000, 0x0000000087600000, 0x0000000087700000|  0%| F|  |TAMS 0x0000000087600000, 0x0000000087600000| Untracked 
|  45|0x0000000087700000, 0x0000000087700000, 0x0000000087800000|  0%| F|  |TAMS 0x0000000087700000, 0x0000000087700000| Untracked 
|  46|0x0000000087800000, 0x0000000087800000, 0x0000000087900000|  0%| F|  |TAMS 0x0000000087800000, 0x0000000087800000| Untracked 
|  47|0x0000000087900000, 0x00000000879f7978, 0x0000000087a00000| 96%| S|CS|TAMS 0x0000000087900000, 0x0000000087900000| Complete 
|  48|0x0000000087a00000, 0x0000000087a00000, 0x0000000087b00000|  0%| F|  |TAMS 0x0000000087a00000, 0x0000000087a00000| Untracked 
|  49|0x0000000087b00000, 0x0000000087b00000, 0x0000000087c00000|  0%| F|  |TAMS 0x0000000087b00000, 0x0000000087b00000| Untracked 
|  50|0x0000000087c00000, 0x0000000087c00000, 0x0000000087d00000|  0%| F|  |TAMS 0x0000000087c00000, 0x0000000087c00000| Untracked 
|  51|0x0000000087d00000, 0x0000000087d00000, 0x0000000087e00000|  0%| F|  |TAMS 0x0000000087d00000, 0x0000000087d00000| Untracked 
|  52|0x0000000087e00000, 0x0000000087e00000, 0x0000000087f00000|  0%| F|  |TAMS 0x0000000087e00000, 0x0000000087e00000| Untracked 
|  53|0x0000000087f00000, 0x0000000087f00000, 0x0000000088000000|  0%| F|  |TAMS 0x0000000087f00000, 0x0000000087f00000| Untracked 
|  54|0x0000000088000000, 0x0000000088000000, 0x0000000088100000|  0%| F|  |TAMS 0x0000000088000000, 0x0000000088000000| Untracked 
|  55|0x0000000088100000, 0x0000000088100000, 0x0000000088200000|  0%| F|  |TAMS 0x0000000088100000, 0x0000000088100000| Untracked 
|  56|0x0000000088200000, 0x0000000088300000, 0x0000000088300000|100%| E|  |TAMS 0x0000000088200000, 0x0000000088200000| Complete 
|  57|0x0000000088300000, 0x0000000088400000, 0x0000000088400000|100%| E|CS|TAMS 0x0000000088300000, 0x0000000088300000| Complete 
|  58|0x0000000088400000, 0x0000000088500000, 0x0000000088500000|100%| E|CS|TAMS 0x0000000088400000, 0x0000000088400000| Complete 
|  59|0x0000000088500000, 0x0000000088600000, 0x0000000088600000|100%| E|CS|TAMS 0x0000000088500000, 0x0000000088500000| Complete 
|  60|0x0000000088600000, 0x0000000088700000, 0x0000000088700000|100%| E|CS|TAMS 0x0000000088600000, 0x0000000088600000| Complete 
|  61|0x0000000088700000, 0x0000000088800000, 0x0000000088800000|100%| E|CS|TAMS 0x0000000088700000, 0x0000000088700000| Complete 
|  62|0x0000000088800000, 0x0000000088900000, 0x0000000088900000|100%| E|CS|TAMS 0x0000000088800000, 0x0000000088800000| Complete 
|  63|0x0000000088900000, 0x0000000088a00000, 0x0000000088a00000|100%| E|CS|TAMS 0x0000000088900000, 0x0000000088900000| Complete 
|  64|0x0000000088a00000, 0x0000000088b00000, 0x0000000088b00000|100%| E|CS|TAMS 0x0000000088a00000, 0x0000000088a00000| Complete 
|  65|0x0000000088b00000, 0x0000000088c00000, 0x0000000088c00000|100%| E|CS|TAMS 0x0000000088b00000, 0x0000000088b00000| Complete 
|  66|0x0000000088c00000, 0x0000000088d00000, 0x0000000088d00000|100%| E|CS|TAMS 0x0000000088c00000, 0x0000000088c00000| Complete 
|  67|0x0000000088d00000, 0x0000000088e00000, 0x0000000088e00000|100%| E|CS|TAMS 0x0000000088d00000, 0x0000000088d00000| Complete 
|  68|0x0000000088e00000, 0x0000000088f00000, 0x0000000088f00000|100%| E|CS|TAMS 0x0000000088e00000, 0x0000000088e00000| Complete 
|  69|0x0000000088f00000, 0x0000000089000000, 0x0000000089000000|100%| E|CS|TAMS 0x0000000088f00000, 0x0000000088f00000| Complete 
|  70|0x0000000089000000, 0x0000000089100000, 0x0000000089100000|100%| E|CS|TAMS 0x0000000089000000, 0x0000000089000000| Complete 
|  71|0x0000000089100000, 0x0000000089200000, 0x0000000089200000|100%| E|CS|TAMS 0x0000000089100000, 0x0000000089100000| Complete 
|  72|0x0000000089200000, 0x0000000089300000, 0x0000000089300000|100%| E|CS|TAMS 0x0000000089200000, 0x0000000089200000| Complete 
|  73|0x0000000089300000, 0x0000000089400000, 0x0000000089400000|100%| E|CS|TAMS 0x0000000089300000, 0x0000000089300000| Complete 
|  74|0x0000000089400000, 0x0000000089500000, 0x0000000089500000|100%| E|CS|TAMS 0x0000000089400000, 0x0000000089400000| Complete 
|  75|0x0000000089500000, 0x0000000089600000, 0x0000000089600000|100%| E|CS|TAMS 0x0000000089500000, 0x0000000089500000| Complete 
|  76|0x0000000089600000, 0x0000000089700000, 0x0000000089700000|100%| E|CS|TAMS 0x0000000089600000, 0x0000000089600000| Complete 
|  77|0x0000000089700000, 0x0000000089800000, 0x0000000089800000|100%| E|CS|TAMS 0x0000000089700000, 0x0000000089700000| Complete 
|  78|0x0000000089800000, 0x0000000089900000, 0x0000000089900000|100%| E|CS|TAMS 0x0000000089800000, 0x0000000089800000| Complete 
|  79|0x0000000089900000, 0x0000000089a00000, 0x0000000089a00000|100%| E|CS|TAMS 0x0000000089900000, 0x0000000089900000| Complete 
|  80|0x0000000089a00000, 0x0000000089b00000, 0x0000000089b00000|100%| E|CS|TAMS 0x0000000089a00000, 0x0000000089a00000| Complete 
|  81|0x0000000089b00000, 0x0000000089c00000, 0x0000000089c00000|100%| E|CS|TAMS 0x0000000089b00000, 0x0000000089b00000| Complete 
|  82|0x0000000089c00000, 0x0000000089d00000, 0x0000000089d00000|100%| E|CS|TAMS 0x0000000089c00000, 0x0000000089c00000| Complete 
|  83|0x0000000089d00000, 0x0000000089e00000, 0x0000000089e00000|100%| E|CS|TAMS 0x0000000089d00000, 0x0000000089d00000| Complete 
|  84|0x0000000089e00000, 0x0000000089f00000, 0x0000000089f00000|100%| E|CS|TAMS 0x0000000089e00000, 0x0000000089e00000| Complete 
|  85|0x0000000089f00000, 0x000000008a000000, 0x000000008a000000|100%| E|CS|TAMS 0x0000000089f00000, 0x0000000089f00000| Complete 
|  86|0x000000008a000000, 0x000000008a100000, 0x000000008a100000|100%| E|CS|TAMS 0x000000008a000000, 0x000000008a000000| Complete 
|  87|0x000000008a100000, 0x000000008a200000, 0x000000008a200000|100%| E|CS|TAMS 0x000000008a100000, 0x000000008a100000| Complete 
|  88|0x000000008a200000, 0x000000008a300000, 0x000000008a300000|100%| E|CS|TAMS 0x000000008a200000, 0x000000008a200000| Complete 
|  89|0x000000008a300000, 0x000000008a400000, 0x000000008a400000|100%| E|CS|TAMS 0x000000008a300000, 0x000000008a300000| Complete 
|  90|0x000000008a400000, 0x000000008a500000, 0x000000008a500000|100%| E|CS|TAMS 0x000000008a400000, 0x000000008a400000| Complete 
|  91|0x000000008a500000, 0x000000008a600000, 0x000000008a600000|100%| E|CS|TAMS 0x000000008a500000, 0x000000008a500000| Complete 
|  92|0x000000008a600000, 0x000000008a700000, 0x000000008a700000|100%| E|CS|TAMS 0x000000008a600000, 0x000000008a600000| Complete 
|  93|0x000000008a700000, 0x000000008a800000, 0x000000008a800000|100%| E|CS|TAMS 0x000000008a700000, 0x000000008a700000| Complete 
|  94|0x000000008a800000, 0x000000008a900000, 0x000000008a900000|100%| E|CS|TAMS 0x000000008a800000, 0x000000008a800000| Complete 
|  95|0x000000008a900000, 0x000000008aa00000, 0x000000008aa00000|100%| E|CS|TAMS 0x000000008a900000, 0x000000008a900000| Complete 
|  96|0x000000008aa00000, 0x000000008ab00000, 0x000000008ab00000|100%| E|CS|TAMS 0x000000008aa00000, 0x000000008aa00000| Complete 
|  97|0x000000008ab00000, 0x000000008ac00000, 0x000000008ac00000|100%| E|CS|TAMS 0x000000008ab00000, 0x000000008ab00000| Complete 
|  98|0x000000008ac00000, 0x000000008ad00000, 0x000000008ad00000|100%| E|CS|TAMS 0x000000008ac00000, 0x000000008ac00000| Complete 
|  99|0x000000008ad00000, 0x000000008ae00000, 0x000000008ae00000|100%| E|CS|TAMS 0x000000008ad00000, 0x000000008ad00000| Complete 
| 100|0x000000008ae00000, 0x000000008af00000, 0x000000008af00000|100%| E|CS|TAMS 0x000000008ae00000, 0x000000008ae00000| Complete 
| 101|0x000000008af00000, 0x000000008b000000, 0x000000008b000000|100%| E|CS|TAMS 0x000000008af00000, 0x000000008af00000| Complete 
| 102|0x000000008b000000, 0x000000008b100000, 0x000000008b100000|100%| E|CS|TAMS 0x000000008b000000, 0x000000008b000000| Complete 
| 103|0x000000008b100000, 0x000000008b200000, 0x000000008b200000|100%| E|CS|TAMS 0x000000008b100000, 0x000000008b100000| Complete 
| 104|0x000000008b200000, 0x000000008b300000, 0x000000008b300000|100%| E|CS|TAMS 0x000000008b200000, 0x000000008b200000| Complete 
| 105|0x000000008b300000, 0x000000008b400000, 0x000000008b400000|100%| E|CS|TAMS 0x000000008b300000, 0x000000008b300000| Complete 
| 106|0x000000008b400000, 0x000000008b500000, 0x000000008b500000|100%| E|CS|TAMS 0x000000008b400000, 0x000000008b400000| Complete 
| 107|0x000000008b500000, 0x000000008b600000, 0x000000008b600000|100%| E|CS|TAMS 0x000000008b500000, 0x000000008b500000| Complete 
| 108|0x000000008b600000, 0x000000008b700000, 0x000000008b700000|100%| E|CS|TAMS 0x000000008b600000, 0x000000008b600000| Complete 
| 109|0x000000008b700000, 0x000000008b800000, 0x000000008b800000|100%| E|CS|TAMS 0x000000008b700000, 0x000000008b700000| Complete 
| 110|0x000000008b800000, 0x000000008b900000, 0x000000008b900000|100%| E|CS|TAMS 0x000000008b800000, 0x000000008b800000| Complete 
| 111|0x000000008b900000, 0x000000008ba00000, 0x000000008ba00000|100%| E|CS|TAMS 0x000000008b900000, 0x000000008b900000| Complete 
| 112|0x000000008ba00000, 0x000000008bb00000, 0x000000008bb00000|100%| E|CS|TAMS 0x000000008ba00000, 0x000000008ba00000| Complete 
| 113|0x000000008bb00000, 0x000000008bc00000, 0x000000008bc00000|100%| E|CS|TAMS 0x000000008bb00000, 0x000000008bb00000| Complete 
| 114|0x000000008bc00000, 0x000000008bd00000, 0x000000008bd00000|100%| E|CS|TAMS 0x000000008bc00000, 0x000000008bc00000| Complete 
| 115|0x000000008bd00000, 0x000000008be00000, 0x000000008be00000|100%| E|CS|TAMS 0x000000008bd00000, 0x000000008bd00000| Complete 
| 116|0x000000008be00000, 0x000000008bf00000, 0x000000008bf00000|100%| E|CS|TAMS 0x000000008be00000, 0x000000008be00000| Complete 
| 117|0x000000008bf00000, 0x000000008c000000, 0x000000008c000000|100%| E|CS|TAMS 0x000000008bf00000, 0x000000008bf00000| Complete 
| 118|0x000000008c000000, 0x000000008c100000, 0x000000008c100000|100%| E|CS|TAMS 0x000000008c000000, 0x000000008c000000| Complete 
| 123|0x000000008c500000, 0x000000008c600000, 0x000000008c600000|100%| E|CS|TAMS 0x000000008c500000, 0x000000008c500000| Complete 

Card table byte_map: [0x00000173f22f0000,0x00000173f26d0000] _byte_map_base: 0x00000173f1ecb000

Marking Bits (Prev, Next): (CMBitMap*) 0x00000173ea6b3280, (CMBitMap*) 0x00000173ea6b3240
 Prev Bits: [0x00000173f4990000, 0x00000173f6868000)
 Next Bits: [0x00000173f2ab0000, 0x00000173f4988000)

Polling page: 0x00000173e9850000

Metaspace:

Usage:
  Non-class:     27.19 MB used.
      Class:      3.63 MB used.
       Both:     30.82 MB used.

Virtual space:
  Non-class space:       64.00 MB reserved,      27.38 MB ( 43%) committed,  1 nodes.
      Class space:        1.00 GB reserved,       3.81 MB ( <1%) committed,  1 nodes.
             Both:        1.06 GB reserved,      31.19 MB (  3%) committed. 

Chunk freelists:
   Non-Class:  4.64 MB
       Class:  12.21 MB
        Both:  16.85 MB

MaxMetaspaceSize: unlimited
CompressedClassSpaceSize: 1.00 GB
Initial GC threshold: 21.00 MB
Current GC threshold: 35.31 MB
CDS: on
MetaspaceReclaimPolicy: balanced
 - commit_granule_bytes: 65536.
 - commit_granule_words: 8192.
 - virtual_space_node_default_size: 8388608.
 - enlarge_chunks_in_place: 1.
 - new_chunks_are_fully_committed: 0.
 - uncommit_free_chunks: 1.
 - use_allocation_guard: 0.
 - handle_deallocations: 1.


Internal statistics:

num_allocs_failed_limit: 3.
num_arena_births: 410.
num_arena_deaths: 0.
num_vsnodes_births: 2.
num_vsnodes_deaths: 0.
num_space_committed: 499.
num_space_uncommitted: 0.
num_chunks_returned_to_freelist: 3.
num_chunks_taken_from_freelist: 1345.
num_chunk_merges: 3.
num_chunk_splits: 850.
num_chunks_enlarged: 561.
num_inconsistent_stats: 0.

CodeHeap 'non-profiled nmethods': size=120000Kb used=4075Kb max_used=4075Kb free=115924Kb
 bounds [0x0000017387ad0000, 0x0000017387ed0000, 0x000001738f000000]
CodeHeap 'profiled nmethods': size=120000Kb used=11247Kb max_used=11454Kb free=108752Kb
 bounds [0x0000017380000000, 0x0000017380b30000, 0x0000017387530000]
CodeHeap 'non-nmethods': size=5760Kb used=1307Kb max_used=1357Kb free=4452Kb
 bounds [0x0000017387530000, 0x00000173877a0000, 0x0000017387ad0000]
 total_blobs=6022 nmethods=5410 adapters=524
 compilation: enabled
              stopped_count=0, restarted_count=0
 full_count=0

Compilation events (20 events):
Event: 42.755 Thread 0x00000173f8d14670 nmethod 6330% 0x0000017387ec5490 code [0x0000017387ec5620, 0x0000017387ec5f98]
Event: 42.755 Thread 0x00000173f8d14670 6331   !   4       org.apache.xmlbeans.SchemaComponent$Ref::getComponent (69 bytes)
Event: 42.757 Thread 0x00000173f8d14670 nmethod 6331 0x0000017387ec6390 code [0x0000017387ec6520, 0x0000017387ec6948]
Event: 42.757 Thread 0x00000173f8d14670 6333       4       java.util.Comparators$NaturalOrderComparator::compare (13 bytes)
Event: 42.758 Thread 0x00000173f8d14670 nmethod 6333 0x0000017387ec6a90 code [0x0000017387ec6c20, 0x0000017387ec6d48]
Event: 42.758 Thread 0x00000173f8d14670 6329       4       org.apache.poi.openxml4j.opc.ZipPackage$EntryTriple::compareTo (65 bytes)
Event: 42.791 Thread 0x00000173f8d158c0 6334   !   3       java.io.FileCleanable::performCleanup (27 bytes)
Event: 42.792 Thread 0x00000173f8d158c0 nmethod 6334 0x00000173802d2b90 code [0x00000173802d2d40, 0x00000173802d2f98]
Event: 42.803 Thread 0x00000173f8d158c0 6338       3       org.apache.poi.openxml4j.opc.PackageRelationshipCollection::<init> (63 bytes)
Event: 42.804 Thread 0x00000173f8d158c0 nmethod 6338 0x00000173802c5f90 code [0x00000173802c61e0, 0x00000173802c6b58]
Event: 42.806 Thread 0x00000173f8d14670 nmethod 6329 0x0000017387ec7290 code [0x0000017387ec74e0, 0x0000017387ec99a8]
Event: 42.806 Thread 0x00000173f8d14670 6337       4       java.lang.String::split (327 bytes)
Event: 42.827 Thread 0x00000173f8d158c0 6340   !   3       org.openxmlformats.schemas.spreadsheetml.x2006.main.impl.CTWorkbookImpl::getDefinedNames (47 bytes)
Event: 42.827 Thread 0x00000173f8d158c0 nmethod 6340 0x00000173802c4b90 code [0x00000173802c4e00, 0x00000173802c5a38]
Event: 42.827 Thread 0x00000173f8d158c0 6341       3       org.openxmlformats.schemas.spreadsheetml.x2006.main.impl.CTDefinedNamesImpl::<init> (6 bytes)
Event: 42.827 Thread 0x00000173f8d158c0 nmethod 6341 0x00000173802c4410 code [0x00000173802c45e0, 0x00000173802c4a28]
Event: 42.827 Thread 0x00000173f8d158c0 6342   !   3       org.openxmlformats.schemas.spreadsheetml.x2006.main.impl.CTDefinedNamesImpl::getDefinedNameArray (61 bytes)
Event: 42.828 Thread 0x00000173f8d158c0 nmethod 6342 0x00000173802c2d10 code [0x00000173802c2fa0, 0x00000173802c3d88]
Event: 42.828 Thread 0x00000173f8d158c0 6343       3       org.apache.xmlbeans.impl.values.XmlObjectBase::build_nil (64 bytes)
Event: 42.828 Thread 0x00000173f8d158c0 nmethod 6343 0x00000173802c2610 code [0x00000173802c27e0, 0x00000173802c2b98]

GC Heap History (20 events):
Event: 41.700 GC heap before
{Heap before GC invocations=75 (full 0):
 garbage-first heap   total 122880K, used 96233K [0x0000000084a00000, 0x0000000100000000)
  region size 1024K, 72 young (73728K), 1 survivors (1024K)
 Metaspace       used 31477K, committed 31808K, reserved 1114112K
  class space    used 3718K, committed 3904K, reserved 1048576K
}
Event: 41.702 GC heap after
{Heap after GC invocations=76 (full 0):
 garbage-first heap   total 122880K, used 25234K [0x0000000084a00000, 0x0000000100000000)
  region size 1024K, 3 young (3072K), 3 survivors (3072K)
 Metaspace       used 31477K, committed 31808K, reserved 1114112K
  class space    used 3718K, committed 3904K, reserved 1048576K
}
Event: 41.829 GC heap before
{Heap before GC invocations=76 (full 0):
 garbage-first heap   total 122880K, used 95890K [0x0000000084a00000, 0x0000000100000000)
  region size 1024K, 72 young (73728K), 3 survivors (3072K)
 Metaspace       used 31481K, committed 31808K, reserved 1114112K
  class space    used 3718K, committed 3904K, reserved 1048576K
}
Event: 41.830 GC heap after
{Heap after GC invocations=77 (full 0):
 garbage-first heap   total 122880K, used 23643K [0x0000000084a00000, 0x0000000100000000)
  region size 1024K, 1 young (1024K), 1 survivors (1024K)
 Metaspace       used 31481K, committed 31808K, reserved 1114112K
  class space    used 3718K, committed 3904K, reserved 1048576K
}
Event: 41.956 GC heap before
{Heap before GC invocations=77 (full 0):
 garbage-first heap   total 122880K, used 96347K [0x0000000084a00000, 0x0000000100000000)
  region size 1024K, 72 young (73728K), 1 survivors (1024K)
 Metaspace       used 31481K, committed 31808K, reserved 1114112K
  class space    used 3718K, committed 3904K, reserved 1048576K
}
Event: 41.957 GC heap after
{Heap after GC invocations=78 (full 0):
 garbage-first heap   total 122880K, used 23617K [0x0000000084a00000, 0x0000000100000000)
  region size 1024K, 1 young (1024K), 1 survivors (1024K)
 Metaspace       used 31481K, committed 31808K, reserved 1114112K
  class space    used 3718K, committed 3904K, reserved 1048576K
}
Event: 42.084 GC heap before
{Heap before GC invocations=78 (full 0):
 garbage-first heap   total 122880K, used 96321K [0x0000000084a00000, 0x0000000100000000)
  region size 1024K, 72 young (73728K), 1 survivors (1024K)
 Metaspace       used 31481K, committed 31808K, reserved 1114112K
  class space    used 3718K, committed 3904K, reserved 1048576K
}
Event: 42.085 GC heap after
{Heap after GC invocations=79 (full 0):
 garbage-first heap   total 122880K, used 23499K [0x0000000084a00000, 0x0000000100000000)
  region size 1024K, 1 young (1024K), 1 survivors (1024K)
 Metaspace       used 31481K, committed 31808K, reserved 1114112K
  class space    used 3718K, committed 3904K, reserved 1048576K
}
Event: 42.192 GC heap before
{Heap before GC invocations=79 (full 0):
 garbage-first heap   total 122880K, used 96203K [0x0000000084a00000, 0x0000000100000000)
  region size 1024K, 72 young (73728K), 1 survivors (1024K)
 Metaspace       used 31485K, committed 31808K, reserved 1114112K
  class space    used 3718K, committed 3904K, reserved 1048576K
}
Event: 42.193 GC heap after
{Heap after GC invocations=80 (full 0):
 garbage-first heap   total 122880K, used 23550K [0x0000000084a00000, 0x0000000100000000)
  region size 1024K, 1 young (1024K), 1 survivors (1024K)
 Metaspace       used 31485K, committed 31808K, reserved 1114112K
  class space    used 3718K, committed 3904K, reserved 1048576K
}
Event: 42.327 GC heap before
{Heap before GC invocations=80 (full 0):
 garbage-first heap   total 122880K, used 96254K [0x0000000084a00000, 0x0000000100000000)
  region size 1024K, 72 young (73728K), 1 survivors (1024K)
 Metaspace       used 31488K, committed 31808K, reserved 1114112K
  class space    used 3718K, committed 3904K, reserved 1048576K
}
Event: 42.327 GC heap after
{Heap after GC invocations=81 (full 0):
 garbage-first heap   total 122880K, used 23115K [0x0000000084a00000, 0x0000000100000000)
  region size 1024K, 1 young (1024K), 1 survivors (1024K)
 Metaspace       used 31488K, committed 31808K, reserved 1114112K
  class space    used 3718K, committed 3904K, reserved 1048576K
}
Event: 42.435 GC heap before
{Heap before GC invocations=81 (full 0):
 garbage-first heap   total 122880K, used 95819K [0x0000000084a00000, 0x0000000100000000)
  region size 1024K, 72 young (73728K), 1 survivors (1024K)
 Metaspace       used 31490K, committed 31808K, reserved 1114112K
  class space    used 3718K, committed 3904K, reserved 1048576K
}
Event: 42.436 GC heap after
{Heap after GC invocations=82 (full 0):
 garbage-first heap   total 122880K, used 23489K [0x0000000084a00000, 0x0000000100000000)
  region size 1024K, 1 young (1024K), 1 survivors (1024K)
 Metaspace       used 31490K, committed 31808K, reserved 1114112K
  class space    used 3718K, committed 3904K, reserved 1048576K
}
Event: 42.551 GC heap before
{Heap before GC invocations=82 (full 0):
 garbage-first heap   total 122880K, used 96193K [0x0000000084a00000, 0x0000000100000000)
  region size 1024K, 72 young (73728K), 1 survivors (1024K)
 Metaspace       used 31495K, committed 31872K, reserved 1114112K
  class space    used 3718K, committed 3904K, reserved 1048576K
}
Event: 42.553 GC heap after
{Heap after GC invocations=83 (full 0):
 garbage-first heap   total 122880K, used 25457K [0x0000000084a00000, 0x0000000100000000)
  region size 1024K, 3 young (3072K), 3 survivors (3072K)
 Metaspace       used 31495K, committed 31872K, reserved 1114112K
  class space    used 3718K, committed 3904K, reserved 1048576K
}
Event: 42.666 GC heap before
{Heap before GC invocations=83 (full 0):
 garbage-first heap   total 122880K, used 96113K [0x0000000084a00000, 0x0000000100000000)
  region size 1024K, 72 young (73728K), 3 survivors (3072K)
 Metaspace       used 31555K, committed 31936K, reserved 1114112K
  class space    used 3718K, committed 3904K, reserved 1048576K
}
Event: 42.667 GC heap after
{Heap after GC invocations=84 (full 0):
 garbage-first heap   total 122880K, used 23489K [0x0000000084a00000, 0x0000000100000000)
  region size 1024K, 1 young (1024K), 1 survivors (1024K)
 Metaspace       used 31555K, committed 31936K, reserved 1114112K
  class space    used 3718K, committed 3904K, reserved 1048576K
}
Event: 42.790 GC heap before
{Heap before GC invocations=84 (full 0):
 garbage-first heap   total 122880K, used 96193K [0x0000000084a00000, 0x0000000100000000)
  region size 1024K, 72 young (73728K), 1 survivors (1024K)
 Metaspace       used 31555K, committed 31936K, reserved 1114112K
  class space    used 3718K, committed 3904K, reserved 1048576K
}
Event: 42.791 GC heap after
{Heap after GC invocations=85 (full 0):
 garbage-first heap   total 122880K, used 23711K [0x0000000084a00000, 0x0000000100000000)
  region size 1024K, 1 young (1024K), 1 survivors (1024K)
 Metaspace       used 31555K, committed 31936K, reserved 1114112K
  class space    used 3718K, committed 3904K, reserved 1048576K
}

Deoptimization events (20 events):
Event: 40.454 Thread 0x00000173ea65a890 DEOPT PACKING pc=0x0000017380906229 sp=0x000000180f7fd020
Event: 40.454 Thread 0x00000173ea65a890 DEOPT UNPACKING pc=0x00000173875866e3 sp=0x000000180f7fc448 mode 0
Event: 40.583 Thread 0x00000173ea65a890 DEOPT PACKING pc=0x0000017380b025d5 sp=0x000000180f7fd3d0
Event: 40.583 Thread 0x00000173ea65a890 DEOPT UNPACKING pc=0x00000173875866e3 sp=0x000000180f7fc8c8 mode 0
Event: 40.820 Thread 0x00000173ea65a890 DEOPT PACKING pc=0x0000017380b025d5 sp=0x000000180f7fd3d0
Event: 40.820 Thread 0x00000173ea65a890 DEOPT UNPACKING pc=0x00000173875866e3 sp=0x000000180f7fc8c8 mode 0
Event: 40.923 Thread 0x00000173ea65a890 DEOPT PACKING pc=0x000001738003463b sp=0x000000180f7fd1a0
Event: 40.923 Thread 0x00000173ea65a890 DEOPT UNPACKING pc=0x00000173875866e3 sp=0x000000180f7fc6b8 mode 0
Event: 41.115 Thread 0x00000173ea65a890 DEOPT PACKING pc=0x00000173809bf528 sp=0x000000180f7fc9f0
Event: 41.115 Thread 0x00000173ea65a890 DEOPT UNPACKING pc=0x00000173875866e3 sp=0x000000180f7fbe90 mode 0
Event: 41.165 Thread 0x00000173ea65a890 DEOPT PACKING pc=0x000001738003463b sp=0x000000180f7fd1a0
Event: 41.165 Thread 0x00000173ea65a890 DEOPT UNPACKING pc=0x00000173875866e3 sp=0x000000180f7fc6b8 mode 0
Event: 41.243 Thread 0x00000173ea65a890 DEOPT PACKING pc=0x000001738071efc5 sp=0x000000180f7fd320
Event: 41.243 Thread 0x00000173ea65a890 DEOPT UNPACKING pc=0x00000173875866e3 sp=0x000000180f7fc808 mode 0
Event: 41.473 Thread 0x00000173ea65a890 DEOPT PACKING pc=0x00000173809bf528 sp=0x000000180f7fc5a0
Event: 41.473 Thread 0x00000173ea65a890 DEOPT UNPACKING pc=0x00000173875866e3 sp=0x000000180f7fba40 mode 0
Event: 41.790 Thread 0x00000173ea65a890 Uncommon trap: trap_request=0xffffffcc fr.pc=0x0000017387e7aaf8 relative=0x0000000000003bd8
Event: 41.790 Thread 0x00000173ea65a890 Uncommon trap: reason=intrinsic_or_type_checked_inlining action=make_not_entrant pc=0x0000017387e7aaf8 method=java.util.ArrayList$SubList.toArray([Ljava/lang/Object;)[Ljava/lang/Object; @ 58 c2
Event: 41.790 Thread 0x00000173ea65a890 DEOPT PACKING pc=0x0000017387e7aaf8 sp=0x000000180f7fd0c0
Event: 41.790 Thread 0x00000173ea65a890 DEOPT UNPACKING pc=0x0000017387585ba3 sp=0x000000180f7fd028 mode 2

Classes unloaded (0 events):
No events

Classes redefined (0 events):
No events

Internal exceptions (20 events):
Event: 2.236 Thread 0x00000173ea65a890 Exception <a 'java/lang/NoSuchMethodError'{0x000000008ae8cb30}: 'java.lang.Object java.lang.invoke.DirectMethodHandle$Holder.invokeInterface(java.lang.Object, java.lang.Object, java.lang.Object, java.lang.Object)'> (0x000000008ae8cb30) 
thrown [s\open\src\hotspot\share\interpreter\linkResolver.cpp, line 759]
Event: 2.242 Thread 0x00000173ea65a890 Exception <a 'java/lang/IncompatibleClassChangeError'{0x000000008aea88c0}: Found class java.lang.Object, but interface was expected> (0x000000008aea88c0) 
thrown [s\open\src\hotspot\share\interpreter\linkResolver.cpp, line 826]
Event: 2.243 Thread 0x00000173ea65a890 Exception <a 'java/lang/NoSuchMethodError'{0x000000008aeaefd8}: 'int java.lang.invoke.DirectMethodHandle$Holder.invokeSpecialIFC(java.lang.Object, java.lang.Object, java.lang.Object, java.lang.Object)'> (0x000000008aeaefd8) 
thrown [s\open\src\hotspot\share\interpreter\linkResolver.cpp, line 759]
Event: 2.311 Thread 0x00000173ea65a890 Exception <a 'java/lang/NoSuchMethodError'{0x0000000087b6f7e0}: 'double java.lang.invoke.DirectMethodHandle$Holder.invokeVirtual(java.lang.Object, java.lang.Object)'> (0x0000000087b6f7e0) 
thrown [s\open\src\hotspot\share\interpreter\linkResolver.cpp, line 759]
Event: 2.312 Thread 0x00000173ea65a890 Exception <a 'java/lang/NoSuchMethodError'{0x0000000087b75f88}: 'float java.lang.invoke.DirectMethodHandle$Holder.invokeVirtual(java.lang.Object, java.lang.Object)'> (0x0000000087b75f88) 
thrown [s\open\src\hotspot\share\interpreter\linkResolver.cpp, line 759]
Event: 2.313 Thread 0x00000173ea65a890 Exception <a 'java/lang/NoSuchMethodError'{0x0000000087b7ef68}: 'long java.lang.invoke.DirectMethodHandle$Holder.invokeVirtual(java.lang.Object, java.lang.Object)'> (0x0000000087b7ef68) 
thrown [s\open\src\hotspot\share\interpreter\linkResolver.cpp, line 759]
Event: 2.318 Thread 0x00000173ea65a890 Exception <a 'java/lang/NoSuchMethodError'{0x0000000087bad700}: 'java.lang.Object java.lang.invoke.DirectMethodHandle$Holder.invokeVirtual(java.lang.Object, java.lang.Object, java.lang.Object)'> (0x0000000087bad700) 
thrown [s\open\src\hotspot\share\interpreter\linkResolver.cpp, line 759]
Event: 2.340 Thread 0x00000173ea65a890 Exception <a 'java/lang/NoSuchMethodError'{0x000000008790ee68}: 'java.lang.Object java.lang.invoke.DirectMethodHandle$Holder.newInvokeSpecial(java.lang.Object, java.lang.Object, int, int)'> (0x000000008790ee68) 
thrown [s\open\src\hotspot\share\interpreter\linkResolver.cpp, line 759]
Event: 2.341 Thread 0x00000173ea65a890 Exception <a 'java/lang/NoSuchMethodError'{0x0000000087919ca8}: 'void java.lang.invoke.DirectMethodHandle$Holder.invokeStatic(java.lang.Object, java.lang.Object, int)'> (0x0000000087919ca8) 
thrown [s\open\src\hotspot\share\interpreter\linkResolver.cpp, line 759]
Event: 2.434 Thread 0x00000173ea65a890 Exception <a 'java/lang/NoSuchMethodError'{0x0000000087668978}: 'void java.lang.invoke.DirectMethodHandle$Holder.invokeInterface(java.lang.Object, java.lang.Object, java.lang.Object, java.lang.Object, java.lang.Object)'> (0x0000000087668978) 
thrown [s\open\src\hotspot\share\interpreter\linkResolver.cpp, line 759]
Event: 2.470 Thread 0x00000173fe82a1e0 Exception <a 'java/lang/NoSuchMethodError'{0x000000008753fa60}: 'java.lang.Object java.lang.invoke.DirectMethodHandle$Holder.invokeSpecial(java.lang.Object, java.lang.Object, java.lang.Object, java.lang.Object, int)'> (0x000000008753fa60) 
thrown [s\open\src\hotspot\share\interpreter\linkResolver.cpp, line 759]
Event: 2.470 Thread 0x00000173fe82a1e0 Exception <a 'java/lang/NoSuchMethodError'{0x0000000087543628}: 'java.lang.Object java.lang.invoke.Invokers$Holder.linkToTargetMethod(java.lang.Object, java.lang.Object, int, java.lang.Object)'> (0x0000000087543628) 
thrown [s\open\src\hotspot\share\interpreter\linkResolver.cpp, line 759]
Event: 2.559 Thread 0x00000173fe82a1e0 Exception <a 'java/lang/NoSuchMethodError'{0x000000008748cff0}: 'void java.lang.invoke.DirectMethodHandle$Holder.invokeSpecial(java.lang.Object, java.lang.Object, java.lang.Object, java.lang.Object, java.lang.Object)'> (0x000000008748cff0) 
thrown [s\open\src\hotspot\share\interpreter\linkResolver.cpp, line 759]
Event: 2.590 Thread 0x00000173fe82a1e0 Exception <a 'java/lang/NoSuchMethodError'{0x00000000874b6cd8}: 'int java.lang.invoke.DirectMethodHandle$Holder.invokeStaticInit(java.lang.Object, int, int)'> (0x00000000874b6cd8) 
thrown [s\open\src\hotspot\share\interpreter\linkResolver.cpp, line 759]
Event: 2.594 Thread 0x00000173fe82a1e0 Exception <a 'java/lang/NoSuchMethodError'{0x00000000874ca9b0}: 'void java.lang.invoke.DirectMethodHandle$Holder.invokeVirtual(java.lang.Object, java.lang.Object)'> (0x00000000874ca9b0) 
thrown [s\open\src\hotspot\share\interpreter\linkResolver.cpp, line 759]
Event: 7.810 Thread 0x00000173fe82a1e0 Exception <a 'java/lang/NoSuchMethodError'{0x0000000087043fb0}: 'java.lang.Object java.lang.invoke.DirectMethodHandle$Holder.newInvokeSpecial(java.lang.Object, java.lang.Object, long, java.lang.Object, java.lang.Object, java.lang.Object)'> (0x0000000087043fb0) 
thrown [s\open\src\hotspot\share\interpreter\linkResolver.cpp, line 759]
Event: 7.812 Thread 0x00000173fe82a1e0 Exception <a 'java/lang/NoSuchMethodError'{0x000000008705c5f8}: 'void java.lang.invoke.DirectMethodHandle$Holder.invokeSpecial(java.lang.Object, java.lang.Object, java.lang.Object, java.lang.Object, java.lang.Object, java.lang.Object, java.lang.Object)'> (0x000000008705c5f8) 
thrown [s\open\src\hotspot\share\interpreter\linkResolver.cpp, line 759]
Event: 7.862 Thread 0x00000173ea65a890 Exception <a 'java/lang/NoSuchMethodError'{0x0000000086e66840}: 'java.lang.Object java.lang.invoke.DirectMethodHandle$Holder.invokeSpecialIFC(java.lang.Object, java.lang.Object, java.lang.Object)'> (0x0000000086e66840) 
thrown [s\open\src\hotspot\share\interpreter\linkResolver.cpp, line 759]
Event: 25.844 Thread 0x00000173ea65a890 Implicit null exception at 0x0000017387c2d257 to 0x0000017387c2d4d8
Event: 33.933 Thread 0x00000173ea65a890 Exception <a 'java/lang/NoSuchMethodError'{0x000000008a4f7ae8}: 'java.lang.Object java.lang.invoke.DirectMethodHandle$Holder.invokeVirtual(java.lang.Object, java.lang.Object, java.lang.Object, java.lang.Object)'> (0x000000008a4f7ae8) 
thrown [s\open\src\hotspot\share\interpreter\linkResolver.cpp, line 759]

VM Operations (20 events):
Event: 41.700 Executing VM operation: G1CollectForAllocation
Event: 41.702 Executing VM operation: G1CollectForAllocation done
Event: 41.829 Executing VM operation: G1CollectForAllocation
Event: 41.830 Executing VM operation: G1CollectForAllocation done
Event: 41.956 Executing VM operation: G1CollectForAllocation
Event: 41.957 Executing VM operation: G1CollectForAllocation done
Event: 42.084 Executing VM operation: G1CollectForAllocation
Event: 42.085 Executing VM operation: G1CollectForAllocation done
Event: 42.192 Executing VM operation: G1CollectForAllocation
Event: 42.193 Executing VM operation: G1CollectForAllocation done
Event: 42.327 Executing VM operation: G1CollectForAllocation
Event: 42.327 Executing VM operation: G1CollectForAllocation done
Event: 42.435 Executing VM operation: G1CollectForAllocation
Event: 42.436 Executing VM operation: G1CollectForAllocation done
Event: 42.551 Executing VM operation: G1CollectForAllocation
Event: 42.553 Executing VM operation: G1CollectForAllocation done
Event: 42.665 Executing VM operation: G1CollectForAllocation
Event: 42.667 Executing VM operation: G1CollectForAllocation done
Event: 42.790 Executing VM operation: G1CollectForAllocation
Event: 42.791 Executing VM operation: G1CollectForAllocation done

Events (20 events):
Event: 36.996 Thread 0x00000173f8d8c530 flushing nmethod 0x00000173808f3a90
Event: 36.996 Thread 0x00000173f8d8c530 flushing nmethod 0x00000173808f4090
Event: 36.996 Thread 0x00000173f8d8c530 flushing nmethod 0x00000173808f5310
Event: 36.996 Thread 0x00000173f8d8c530 flushing nmethod 0x0000017380906590
Event: 36.996 Thread 0x00000173f8d8c530 flushing nmethod 0x0000017380941510
Event: 36.996 Thread 0x00000173f8d8c530 flushing nmethod 0x0000017380945e90
Event: 36.996 Thread 0x00000173f8d8c530 flushing nmethod 0x0000017380946510
Event: 36.996 Thread 0x00000173f8d8c530 flushing nmethod 0x0000017380952390
Event: 36.996 Thread 0x00000173f8d8c530 flushing nmethod 0x0000017380956d10
Event: 36.996 Thread 0x00000173f8d8c530 flushing nmethod 0x000001738095ba10
Event: 36.996 Thread 0x00000173f8d8c530 flushing nmethod 0x0000017380960490
Event: 36.996 Thread 0x00000173f8d8c530 flushing nmethod 0x0000017380971d90
Event: 36.996 Thread 0x00000173f8d8c530 flushing nmethod 0x000001738097ab90
Event: 36.996 Thread 0x00000173f8d8c530 flushing nmethod 0x0000017380983490
Event: 36.996 Thread 0x00000173f8d8c530 flushing nmethod 0x000001738098f790
Event: 36.996 Thread 0x00000173f8d8c530 flushing nmethod 0x00000173809c4f90
Event: 36.996 Thread 0x00000173f8d8c530 flushing nmethod 0x00000173809d1290
Event: 36.996 Thread 0x00000173f8d8c530 flushing nmethod 0x00000173809e1d10
Event: 36.996 Thread 0x00000173f8d8c530 flushing nmethod 0x0000017380a9dc10
Event: 40.428 Thread 0x00000173f8d8c530 flushing nmethod 0x000001738085a390


Dynamic libraries:
0x00007ff7dcf20000 - 0x00007ff7dcf30000 	C:\Program Files\Java\jdk-17\bin\java.exe
0x00007ffa31c10000 - 0x00007ffa31e27000 	C:\WINDOWS\SYSTEM32\ntdll.dll
0x00007ffa2f940000 - 0x00007ffa2fa04000 	C:\WINDOWS\System32\KERNEL32.DLL
0x00007ffa2f180000 - 0x00007ffa2f527000 	C:\WINDOWS\System32\KERNELBASE.dll
0x00007ffa2f7b0000 - 0x00007ffa2f8c1000 	C:\WINDOWS\System32\ucrtbase.dll
0x00007ffa072f0000 - 0x00007ffa07309000 	C:\Program Files\Java\jdk-17\bin\jli.dll
0x00007ffa071f0000 - 0x00007ffa0720b000 	C:\Program Files\Java\jdk-17\bin\VCRUNTIME140.dll
0x00007ffa30b20000 - 0x00007ffa30bd2000 	C:\WINDOWS\System32\ADVAPI32.dll
0x00007ffa303f0000 - 0x00007ffa30497000 	C:\WINDOWS\System32\msvcrt.dll
0x00007ffa2fa30000 - 0x00007ffa2fad8000 	C:\WINDOWS\System32\sechost.dll
0x00007ffa2f150000 - 0x00007ffa2f178000 	C:\WINDOWS\System32\bcrypt.dll
0x00007ffa30660000 - 0x00007ffa30775000 	C:\WINDOWS\System32\RPCRT4.dll
0x00007ffa30be0000 - 0x00007ffa30d8e000 	C:\WINDOWS\System32\USER32.dll
0x00007ffa2ef30000 - 0x00007ffa2ef56000 	C:\WINDOWS\System32\win32u.dll
0x00007ffa30e40000 - 0x00007ffa30e69000 	C:\WINDOWS\System32\GDI32.dll
0x00007ffa2f5f0000 - 0x00007ffa2f709000 	C:\WINDOWS\System32\gdi32full.dll
0x00007ffa1e540000 - 0x00007ffa1e7d3000 	C:\WINDOWS\WinSxS\amd64_microsoft.windows.common-controls_6595b64144ccf1df_6.0.22621.3527_none_270e469b73872a76\COMCTL32.dll
0x00007ffa2f710000 - 0x00007ffa2f7aa000 	C:\WINDOWS\System32\msvcp_win.dll
0x00007ffa21760000 - 0x00007ffa2176a000 	C:\WINDOWS\SYSTEM32\VERSION.dll
0x00007ffa070a0000 - 0x00007ffa070ac000 	C:\Program Files\Java\jdk-17\bin\vcruntime140_1.dll
0x00007ffa033c0000 - 0x00007ffa0344e000 	C:\Program Files\Java\jdk-17\bin\msvcp140.dll
0x00007ffa02420000 - 0x00007ffa02fff000 	C:\Program Files\Java\jdk-17\bin\server\jvm.dll
0x00007ffa30790000 - 0x00007ffa30798000 	C:\WINDOWS\System32\PSAPI.DLL
0x00007ffa070d0000 - 0x00007ffa070d9000 	C:\WINDOWS\SYSTEM32\WSOCK32.dll
0x00007ffa304a0000 - 0x00007ffa30511000 	C:\WINDOWS\System32\WS2_32.dll
0x00007ffa22910000 - 0x00007ffa22944000 	C:\WINDOWS\SYSTEM32\WINMM.dll
0x00007ffa2df20000 - 0x00007ffa2df38000 	C:\WINDOWS\SYSTEM32\kernel.appcore.dll
0x00007ffa03810000 - 0x00007ffa0381a000 	C:\Program Files\Java\jdk-17\bin\jimage.dll
0x00007ffa2c520000 - 0x00007ffa2c752000 	C:\WINDOWS\SYSTEM32\DBGHELP.DLL
0x00007ffa2fae0000 - 0x00007ffa2fe68000 	C:\WINDOWS\System32\combase.dll
0x00007ffa31940000 - 0x00007ffa31a17000 	C:\WINDOWS\System32\OLEAUT32.dll
0x00007ffa02050000 - 0x00007ffa02082000 	C:\WINDOWS\SYSTEM32\dbgcore.DLL
0x00007ffa2ef60000 - 0x00007ffa2efd9000 	C:\WINDOWS\System32\bcryptPrimitives.dll
0x00007ffa01fe0000 - 0x00007ffa02005000 	C:\Program Files\Java\jdk-17\bin\java.dll
0x00007ffa01f00000 - 0x00007ffa01fd7000 	C:\Program Files\Java\jdk-17\bin\jsvml.dll
0x00007ffa310e0000 - 0x00007ffa3193c000 	C:\WINDOWS\System32\SHELL32.dll
0x00007ffa2ce20000 - 0x00007ffa2d716000 	C:\WINDOWS\SYSTEM32\windows.storage.dll
0x00007ffa2cce0000 - 0x00007ffa2ce1e000 	C:\WINDOWS\SYSTEM32\wintypes.dll
0x00007ffa2fe70000 - 0x00007ffa2ff65000 	C:\WINDOWS\System32\SHCORE.dll
0x00007ffa30560000 - 0x00007ffa305be000 	C:\WINDOWS\System32\shlwapi.dll
0x00007ffa2ee60000 - 0x00007ffa2ee81000 	C:\WINDOWS\SYSTEM32\profapi.dll
0x00007ffa03e70000 - 0x00007ffa03e89000 	C:\Program Files\Java\jdk-17\bin\net.dll
0x00007ffa24b70000 - 0x00007ffa24ca6000 	C:\WINDOWS\SYSTEM32\WINHTTP.dll
0x00007ffa2e3a0000 - 0x00007ffa2e409000 	C:\WINDOWS\system32\mswsock.dll
0x00007ffa03310000 - 0x00007ffa03326000 	C:\Program Files\Java\jdk-17\bin\nio.dll
0x00007ffa01ea0000 - 0x00007ffa01eb8000 	C:\Program Files\Java\jdk-17\bin\zip.dll
0x00007ffa03800000 - 0x00007ffa03810000 	C:\Program Files\Java\jdk-17\bin\verify.dll
0x00007ffa2e600000 - 0x00007ffa2e61b000 	C:\WINDOWS\SYSTEM32\CRYPTSP.dll
0x00007ffa2de80000 - 0x00007ffa2deb5000 	C:\WINDOWS\system32\rsaenh.dll
0x00007ffa2e620000 - 0x00007ffa2e62c000 	C:\WINDOWS\SYSTEM32\CRYPTBASE.dll
0x00007ffa2d9c0000 - 0x00007ffa2d9ed000 	C:\WINDOWS\SYSTEM32\IPHLPAPI.DLL
0x00007ffa30780000 - 0x00007ffa30789000 	C:\WINDOWS\System32\NSI.dll
0x00007ffa24a50000 - 0x00007ffa24a69000 	C:\WINDOWS\SYSTEM32\dhcpcsvc6.DLL
0x00007ffa24a30000 - 0x00007ffa24a4f000 	C:\WINDOWS\SYSTEM32\dhcpcsvc.DLL
0x00007ffa2da40000 - 0x00007ffa2db38000 	C:\WINDOWS\SYSTEM32\DNSAPI.dll
0x00007ffa03300000 - 0x00007ffa0330e000 	C:\Program Files\Java\jdk-17\bin\sunmscapi.dll
0x00007ffa2efe0000 - 0x00007ffa2f148000 	C:\WINDOWS\System32\CRYPT32.dll
0x00007ffa2e7e0000 - 0x00007ffa2e80e000 	C:\WINDOWS\SYSTEM32\ncrypt.dll
0x00007ffa2e7a0000 - 0x00007ffa2e7d7000 	C:\WINDOWS\SYSTEM32\NTASN1.dll
0x00007ffa01e90000 - 0x00007ffa01e98000 	C:\WINDOWS\system32\wshunix.dll
0x00007ffa216f0000 - 0x00007ffa216fa000 	C:\Windows\System32\rasadhlp.dll
0x00007ffa219e0000 - 0x00007ffa21a63000 	C:\WINDOWS\System32\fwpuclnt.dll

dbghelp: loaded successfully - version: 4.0.5 - missing functions: none
symbol engine: initialized successfully - sym options: 0x614 - pdb path: .;C:\Program Files\Java\jdk-17\bin;C:\WINDOWS\SYSTEM32;C:\WINDOWS\WinSxS\amd64_microsoft.windows.common-controls_6595b64144ccf1df_6.0.22621.3527_none_270e469b73872a76;C:\Program Files\Java\jdk-17\bin\server

VM Arguments:
java_command: C:\Users\AC\git\RR_Web_Automation\RR\target\surefire\surefirebooter18132627195737000881.jar C:\Users\AC\git\RR_Web_Automation\RR\target\surefire\surefire13666107767091011005tmp C:\Users\AC\git\RR_Web_Automation\RR\target\surefire\surefire_011204379779087820907tmp
java_class_path (initial): C:\Users\AC\git\RR_Web_Automation\RR\target\surefire\surefirebooter18132627195737000881.jar
Launcher Type: SUN_STANDARD

[Global flags]
     intx CICompilerCount                          = 3                                         {product} {ergonomic}
     uint ConcGCThreads                            = 1                                         {product} {ergonomic}
     uint G1ConcRefinementThreads                  = 4                                         {product} {ergonomic}
   size_t G1HeapRegionSize                         = 1048576                                   {product} {ergonomic}
    uintx GCDrainStackTargetSize                   = 64                                        {product} {ergonomic}
   size_t InitialHeapSize                          = 130023424                                 {product} {ergonomic}
   size_t MarkStackSize                            = 4194304                                   {product} {ergonomic}
   size_t MaxHeapSize                              = 2069889024                                {product} {ergonomic}
   size_t MaxNewSize                               = 1241513984                                {product} {ergonomic}
   size_t MinHeapDeltaBytes                        = 1048576                                   {product} {ergonomic}
   size_t MinHeapSize                              = 8388608                                   {product} {ergonomic}
    uintx NonNMethodCodeHeapSize                   = 5832780                                {pd product} {ergonomic}
    uintx NonProfiledCodeHeapSize                  = 122912730                              {pd product} {ergonomic}
    uintx ProfiledCodeHeapSize                     = 122912730                              {pd product} {ergonomic}
    uintx ReservedCodeCacheSize                    = 251658240                              {pd product} {ergonomic}
     bool SegmentedCodeCache                       = true                                      {product} {ergonomic}
   size_t SoftMaxHeapSize                          = 2069889024                             {manageable} {ergonomic}
     bool UseCompressedClassPointers               = true                           {product lp64_product} {ergonomic}
     bool UseCompressedOops                        = true                           {product lp64_product} {ergonomic}
     bool UseG1GC                                  = true                                      {product} {ergonomic}
     bool UseLargePagesIndividualAllocation        = false                                  {pd product} {ergonomic}

Logging:
Log output configuration:
 #0: stdout all=warning uptime,level,tags
 #1: stderr all=off uptime,level,tags

Environment Variables:
PATH=C:\ProgramData\Jenkins\.jenkins\tools\hudson.tasks.Maven_MavenInstallation\maven3/bin;C:\Program Files\Common Files\Oracle\Java\javapath;C:\WINDOWS\system32;C:\WINDOWS;C:\WINDOWS\System32\Wbem;C:\WINDOWS\System32\WindowsPowerShell\v1.0\;C:\WINDOWS\System32\OpenSSH\;C:\Program Files\Java\jdk-17;C:\Program Files\Git\cmd;C:\Users\AC\git\RR_Web_Automation\RR\apache-maven-3.8.8-bin\apache-maven-3.8.8\bin;;C:\Program Files\Docker\Docker\resources\bin;C:\WINDOWS\system32\config\systemprofile\AppData\Local\Microsoft\WindowsApps
USERNAME=NEERU$
OS=Windows_NT
PROCESSOR_IDENTIFIER=Intel64 Family 6 Model 140 Stepping 1, GenuineIntel



---------------  S Y S T E M  ---------------

OS:
 Windows 11 , 64 bit Build 22621 (10.0.22621.3527)
OS uptime: 13 days 11:58 hours
Hyper-V role detected

CPU: total 4 (initial active 4) (2 cores per cpu, 2 threads per core) family 6 model 140 stepping 1 microcode 0x86, cx8, cmov, fxsr, ht, mmx, 3dnowpref, sse, sse2, sse3, ssse3, sse4.1, sse4.2, popcnt, lzcnt, tsc, tscinvbit, avx, avx2, aes, erms, clmul, bmi1, bmi2, adx, avx512f, avx512dq, avx512cd, avx512bw, avx512vl, sha, fma, vzeroupper, avx512_vpopcntdq, avx512_vpclmulqdq, avx512_vaes, avx512_vnni, clflush, clflushopt, clwb, avx512_vbmi2, avx512_vbmi, hv

Memory: 4k page, system-wide physical 7890M (265M free)
TotalPageFile size 32466M (AvailPageFile size 3M)
current process WorkingSet (physical memory assigned to process): 244M, peak: 247M
current process commit charge ("private bytes"): 275M, peak: 278M

vm_info: Java HotSpot(TM) 64-Bit Server VM (17.0.10+11-LTS-240) for windows-amd64 JRE (17.0.10+11-LTS-240), built on Dec 19 2023 21:47:25 by "mach5one" with MS VC++ 17.1 (VS2022)

END.
