#
# There is insufficient memory for the Java Runtime Environment to continue.
# Native memory allocation (mmap) failed to map 45088768 bytes for G1 virtual space
# Possible reasons:
#   The system is out of physical RAM or swap space
#   The process is running with CompressedOops enabled, and the Java Heap may be blocking the growth of the native heap
# Possible solutions:
#   Reduce memory load on the system
#   Increase physical memory or swap space
#   Check if swap backing store is full
#   Decrease Java heap size (-Xmx/-Xms)
#   Decrease number of Java threads
#   Decrease Java thread stack sizes (-Xss)
#   Set larger code cache with -XX:ReservedCodeCacheSize=
#   JVM is running with Unscaled Compressed Oops mode in which the Java heap is
#     placed in the first 4GB address space. The Java Heap base address is the
#     maximum limit for the native heap growth. Please use -XX:HeapBaseMinAddress
#     to set the Java Heap base and to place the Java Heap above 4GB virtual address.
# This output file may be truncated or incomplete.
#
#  Out of Memory Error (os_windows.cpp:3548), pid=23616, tid=6676
#
# JRE version: Java(TM) SE Runtime Environment (17.0.10+11) (build 17.0.10+11-LTS-240)
# Java VM: Java HotSpot(TM) 64-Bit Server VM (17.0.10+11-LTS-240, mixed mode, sharing, tiered, compressed oops, compressed class ptrs, g1 gc, windows-amd64)
# No core dump will be written. Minidumps are not enabled by default on client versions of Windows
#

---------------  S U M M A R Y ------------

Command Line: jenkins.maven3.agent.Maven35Main C:\ProgramData\Jenkins\.jenkins\tools\hudson.tasks.Maven_MavenInstallation\maven3 C:\ProgramData\Jenkins\war\WEB-INF\lib\remoting-3206.vb_15dcf73f6a_9.jar C:\ProgramData\Jenkins\.jenkins\plugins\maven-plugin\WEB-INF\lib\maven35-interceptor-1.14.jar C:\ProgramData\Jenkins\.jenkins\plugins\maven-plugin\WEB-INF\lib\maven3-interceptor-commons-1.14.jar 63661

Host: 11th Gen Intel(R) Core(TM) i3-1115G4 @ 3.00GHz, 4 cores, 7G,  Windows 11 , 64 bit Build 22621 (10.0.22621.3672)
Time: Mon Jul  1 19:10:03 2024 India Standard Time elapsed time: 9.711439 seconds (0d 0h 0m 9s)

---------------  T H R E A D  ---------------

Current thread (0x000001e9eea1b310):  VMThread "VM Thread" [stack: 0x0000007e45200000,0x0000007e45300000] [id=6676]

Stack: [0x0000007e45200000,0x0000007e45300000]
Native frames: (J=compiled Java code, j=interpreted, Vv=VM code, C=native code)
V  [jvm.dll+0x677a5a]
V  [jvm.dll+0x7d8b2d]
V  [jvm.dll+0x7da48e]
V  [jvm.dll+0x7daaf3]
V  [jvm.dll+0x2455ff]
V  [jvm.dll+0x6749b9]
V  [jvm.dll+0x669382]
V  [jvm.dll+0x302e96]
V  [jvm.dll+0x30a416]
V  [jvm.dll+0x359cbe]
V  [jvm.dll+0x359eef]
V  [jvm.dll+0x2d9e88]
V  [jvm.dll+0x2d8295]
V  [jvm.dll+0x2d789c]
V  [jvm.dll+0x31b18b]
V  [jvm.dll+0x7df30b]
V  [jvm.dll+0x7e0044]
V  [jvm.dll+0x7e055d]
V  [jvm.dll+0x7e0934]
V  [jvm.dll+0x7e0a00]
V  [jvm.dll+0x78888a]
V  [jvm.dll+0x676935]
C  [ucrtbase.dll+0x29333]
C  [KERNEL32.DLL+0x1257d]
C  [ntdll.dll+0x5af28]

VM_Operation (0x0000007e463fb520): G1CollectForAllocation, mode: safepoint, requested by thread 0x000001e9eeee09a0


---------------  P R O C E S S  ---------------

Threads class SMR info:
_java_thread_list=0x000001e9f44e49e0, length=18, elements={
0x000001e9d136acf0, 0x000001e9eea1ecb0, 0x000001e9eea1f670, 0x000001e9eea33bf0,
0x000001e9eea345b0, 0x000001e9eea37380, 0x000001e9eea37d40, 0x000001e9eea38ae0,
0x000001e9eea39590, 0x000001e9eea3bfa0, 0x000001e9eec7e0d0, 0x000001e9eec82b70,
0x000001e9eeed7fc0, 0x000001e9eeed8760, 0x000001e9eeedffe0, 0x000001e9eeee04c0,
0x000001e9eeee09a0, 0x000001e9f3591840
}

Java Threads: ( => current thread )
  0x000001e9d136acf0 JavaThread "main" [_thread_blocked, id=34528, stack(0x0000007e44c00000,0x0000007e44d00000)]
  0x000001e9eea1ecb0 JavaThread "Reference Handler" daemon [_thread_blocked, id=22440, stack(0x0000007e45300000,0x0000007e45400000)]
  0x000001e9eea1f670 JavaThread "Finalizer" daemon [_thread_blocked, id=34328, stack(0x0000007e45400000,0x0000007e45500000)]
  0x000001e9eea33bf0 JavaThread "Signal Dispatcher" daemon [_thread_blocked, id=13700, stack(0x0000007e45500000,0x0000007e45600000)]
  0x000001e9eea345b0 JavaThread "Attach Listener" daemon [_thread_blocked, id=4552, stack(0x0000007e45600000,0x0000007e45700000)]
  0x000001e9eea37380 JavaThread "Service Thread" daemon [_thread_blocked, id=24772, stack(0x0000007e45700000,0x0000007e45800000)]
  0x000001e9eea37d40 JavaThread "Monitor Deflation Thread" daemon [_thread_blocked, id=27284, stack(0x0000007e45800000,0x0000007e45900000)]
  0x000001e9eea38ae0 JavaThread "C2 CompilerThread0" daemon [_thread_blocked, id=9160, stack(0x0000007e45900000,0x0000007e45a00000)]
  0x000001e9eea39590 JavaThread "C1 CompilerThread0" daemon [_thread_blocked, id=16332, stack(0x0000007e45a00000,0x0000007e45b00000)]
  0x000001e9eea3bfa0 JavaThread "Sweeper thread" daemon [_thread_blocked, id=1248, stack(0x0000007e45b00000,0x0000007e45c00000)]
  0x000001e9eec7e0d0 JavaThread "Notification Thread" daemon [_thread_blocked, id=16840, stack(0x0000007e45c00000,0x0000007e45d00000)]
  0x000001e9eec82b70 JavaThread "Common-Cleaner" daemon [_thread_blocked, id=19512, stack(0x0000007e45e00000,0x0000007e45f00000)]
  0x000001e9eeed7fc0 JavaThread "RemoteInvocationHandler [#1]" daemon [_thread_blocked, id=5308, stack(0x0000007e45f00000,0x0000007e46000000)]
  0x000001e9eeed8760 JavaThread "Channel reader thread: channel" [_thread_in_native, id=28920, stack(0x0000007e46000000,0x0000007e46100000)]
  0x000001e9eeedffe0 JavaThread "pool-1-thread-1" [_thread_blocked, id=9832, stack(0x0000007e46100000,0x0000007e46200000)]
  0x000001e9eeee04c0 JavaThread "pool-1-thread-2" [_thread_blocked, id=20196, stack(0x0000007e46200000,0x0000007e46300000)]
  0x000001e9eeee09a0 JavaThread "pool-1-thread-3 for channel id=8539" [_thread_blocked, id=2564, stack(0x0000007e46300000,0x0000007e46400000)]
  0x000001e9f3591840 JavaThread "pool-1-thread-4" [_thread_blocked, id=128, stack(0x0000007e46700000,0x0000007e46800000)]

Other Threads:
=>0x000001e9eea1b310 VMThread "VM Thread" [stack: 0x0000007e45200000,0x0000007e45300000] [id=6676]
  0x000001e9d13dcdc0 WatcherThread [stack: 0x0000007e45d00000,0x0000007e45e00000] [id=2924]
  0x000001e9d13c3a90 GCTaskThread "GC Thread#0" [stack: 0x0000007e44d00000,0x0000007e44e00000] [id=1796]
  0x000001e9f34f6810 GCTaskThread "GC Thread#1" [stack: 0x0000007e46400000,0x0000007e46500000] [id=34240]
  0x000001e9f34f6ad0 GCTaskThread "GC Thread#2" [stack: 0x0000007e46500000,0x0000007e46600000] [id=32544]
  0x000001e9f357a2b0 GCTaskThread "GC Thread#3" [stack: 0x0000007e46600000,0x0000007e46700000] [id=15864]
  0x000001e9d13d40a0 ConcurrentGCThread "G1 Main Marker" [stack: 0x0000007e44e00000,0x0000007e44f00000] [id=18056]
  0x000001e9d13d6260 ConcurrentGCThread "G1 Conc#0" [stack: 0x0000007e44f00000,0x0000007e45000000] [id=23404]
  0x000001e9d1433940 ConcurrentGCThread "G1 Refine#0" [stack: 0x0000007e45000000,0x0000007e45100000] [id=14204]
  0x000001e9f36bd030 ConcurrentGCThread "G1 Refine#1" [stack: 0x0000007e46800000,0x0000007e46900000] [id=18304]
  0x000001e9d1434370 ConcurrentGCThread "G1 Service" [stack: 0x0000007e45100000,0x0000007e45200000] [id=26912]

Threads with active compile tasks:
C2 CompilerThread0     9741 6852       4       jdk.nio.zipfs.ZipFileSystem$IndexNode::keyOf (37 bytes)

VM state: at safepoint (normal execution)

VM Mutex/Monitor currently owned by a thread:  ([mutex/lock_event])
[0x000001e9d1365a70] Threads_lock - owner thread: 0x000001e9eea1b310
[0x000001e9d1365830] Heap_lock - owner thread: 0x000001e9eeee09a0

Heap address: 0x0000000084a00000, size: 1974 MB, Compressed Oops mode: 32-bit

CDS archive(s) mapped at: [0x000001e980000000-0x000001e980bd0000-0x000001e980bd0000), size 12386304, SharedBaseAddress: 0x000001e980000000, ArchiveRelocationMode: 1.
Compressed class space mapped at: 0x000001e981000000-0x000001e9c1000000, reserved size: 1073741824
Narrow klass base: 0x000001e980000000, Narrow klass shift: 0, Narrow klass range: 0x100000000

GC Precious Log:
 CPUs: 4 total, 4 available
 Memory: 7890M
 Large Page Support: Disabled
 NUMA Support: Disabled
 Compressed Oops: Enabled (32-bit)
 Heap Region Size: 1M
 Heap Min Capacity: 8M
 Heap Initial Capacity: 124M
 Heap Max Capacity: 1974M
 Pre-touch: Disabled
 Parallel Workers: 4
 Concurrent Workers: 1
 Concurrent Refinement Workers: 4
 Periodic GC: Disabled

Heap:
 garbage-first heap   total 128000K, used 52106K [0x0000000084a00000, 0x0000000100000000)
  region size 1024K, 3 young (3072K), 3 survivors (3072K)
 Metaspace       used 30295K, committed 30720K, reserved 1114112K
  class space    used 3411K, committed 3584K, reserved 1048576K

Heap Regions: E=young(eden), S=young(survivor), O=old, HS=humongous(starts), HC=humongous(continues), CS=collection set, F=free, OA=open archive, CA=closed archive, TAMS=top-at-mark-start (previous, next)
|   0|0x0000000084a00000, 0x0000000084b00000, 0x0000000084b00000|100%|HS|  |TAMS 0x0000000084b00000, 0x0000000084b00000| Complete 
|   1|0x0000000084b00000, 0x0000000084c00000, 0x0000000084c00000|100%|HC|  |TAMS 0x0000000084c00000, 0x0000000084c00000| Complete 
|   2|0x0000000084c00000, 0x0000000084d00000, 0x0000000084d00000|100%|HS|  |TAMS 0x0000000084d00000, 0x0000000084d00000| Complete 
|   3|0x0000000084d00000, 0x0000000084e00000, 0x0000000084e00000|100%|HC|  |TAMS 0x0000000084e00000, 0x0000000084e00000| Complete 
|   4|0x0000000084e00000, 0x0000000084f00000, 0x0000000084f00000|100%| O|  |TAMS 0x0000000084f00000, 0x0000000084f00000| Untracked 
|   5|0x0000000084f00000, 0x0000000085000000, 0x0000000085000000|100%| O|  |TAMS 0x0000000085000000, 0x0000000085000000| Untracked 
|   6|0x0000000085000000, 0x0000000085100000, 0x0000000085100000|100%| O|  |TAMS 0x0000000085100000, 0x0000000085100000| Untracked 
|   7|0x0000000085100000, 0x0000000085200000, 0x0000000085200000|100%| O|  |TAMS 0x0000000085200000, 0x0000000085200000| Untracked 
|   8|0x0000000085200000, 0x0000000085300000, 0x0000000085300000|100%| O|  |TAMS 0x0000000085300000, 0x0000000085300000| Untracked 
|   9|0x0000000085300000, 0x0000000085400000, 0x0000000085400000|100%|HS|  |TAMS 0x0000000085400000, 0x0000000085400000| Complete 
|  10|0x0000000085400000, 0x0000000085500000, 0x0000000085500000|100%| O|  |TAMS 0x0000000085500000, 0x0000000085500000| Untracked 
|  11|0x0000000085500000, 0x0000000085600000, 0x0000000085600000|100%| O|  |TAMS 0x0000000085600000, 0x0000000085600000| Untracked 
|  12|0x0000000085600000, 0x0000000085700000, 0x0000000085700000|100%| O|  |TAMS 0x0000000085700000, 0x0000000085700000| Untracked 
|  13|0x0000000085700000, 0x0000000085800000, 0x0000000085800000|100%| O|  |TAMS 0x0000000085800000, 0x0000000085800000| Untracked 
|  14|0x0000000085800000, 0x0000000085900000, 0x0000000085900000|100%| O|  |TAMS 0x0000000085900000, 0x0000000085900000| Untracked 
|  15|0x0000000085900000, 0x0000000085a00000, 0x0000000085a00000|100%| O|  |TAMS 0x0000000085a00000, 0x0000000085a00000| Untracked 
|  16|0x0000000085a00000, 0x0000000085b00000, 0x0000000085b00000|100%| O|  |TAMS 0x0000000085b00000, 0x0000000085b00000| Untracked 
|  17|0x0000000085b00000, 0x0000000085c00000, 0x0000000085c00000|100%| O|  |TAMS 0x0000000085c00000, 0x0000000085c00000| Untracked 
|  18|0x0000000085c00000, 0x0000000085d00000, 0x0000000085d00000|100%| O|  |TAMS 0x0000000085d00000, 0x0000000085d00000| Untracked 
|  19|0x0000000085d00000, 0x0000000085e00000, 0x0000000085e00000|100%| O|  |TAMS 0x0000000085e00000, 0x0000000085e00000| Untracked 
|  20|0x0000000085e00000, 0x0000000085f00000, 0x0000000085f00000|100%| O|  |TAMS 0x0000000085f00000, 0x0000000085f00000| Untracked 
|  21|0x0000000085f00000, 0x0000000086000000, 0x0000000086000000|100%| O|  |TAMS 0x0000000086000000, 0x0000000086000000| Untracked 
|  22|0x0000000086000000, 0x0000000086100000, 0x0000000086100000|100%|HS|  |TAMS 0x0000000086100000, 0x0000000086100000| Complete 
|  23|0x0000000086100000, 0x0000000086200000, 0x0000000086200000|100%| O|  |TAMS 0x0000000086200000, 0x0000000086200000| Untracked 
|  24|0x0000000086200000, 0x0000000086300000, 0x0000000086300000|100%| O|  |TAMS 0x0000000086300000, 0x0000000086300000| Untracked 
|  25|0x0000000086300000, 0x0000000086400000, 0x0000000086400000|100%| O|  |TAMS 0x0000000086400000, 0x0000000086400000| Untracked 
|  26|0x0000000086400000, 0x0000000086500000, 0x0000000086500000|100%| O|  |TAMS 0x0000000086500000, 0x0000000086500000| Untracked 
|  27|0x0000000086500000, 0x0000000086600000, 0x0000000086600000|100%| O|  |TAMS 0x0000000086600000, 0x0000000086600000| Untracked 
|  28|0x0000000086600000, 0x0000000086700000, 0x0000000086700000|100%| O|  |TAMS 0x0000000086700000, 0x0000000086700000| Untracked 
|  29|0x0000000086700000, 0x0000000086800000, 0x0000000086800000|100%| O|  |TAMS 0x0000000086800000, 0x0000000086800000| Untracked 
|  30|0x0000000086800000, 0x0000000086900000, 0x0000000086900000|100%| O|  |TAMS 0x0000000086900000, 0x0000000086900000| Untracked 
|  31|0x0000000086900000, 0x0000000086a00000, 0x0000000086a00000|100%| O|  |TAMS 0x0000000086a00000, 0x0000000086a00000| Untracked 
|  32|0x0000000086a00000, 0x0000000086b00000, 0x0000000086b00000|100%|HS|  |TAMS 0x0000000086b00000, 0x0000000086b00000| Complete 
|  33|0x0000000086b00000, 0x0000000086c00000, 0x0000000086c00000|100%| O|  |TAMS 0x0000000086c00000, 0x0000000086c00000| Untracked 
|  34|0x0000000086c00000, 0x0000000086d00000, 0x0000000086d00000|100%| O|  |TAMS 0x0000000086d00000, 0x0000000086d00000| Untracked 
|  35|0x0000000086d00000, 0x0000000086e00000, 0x0000000086e00000|100%| O|  |TAMS 0x0000000086e00000, 0x0000000086e00000| Untracked 
|  36|0x0000000086e00000, 0x0000000086f00000, 0x0000000086f00000|100%| O|  |TAMS 0x0000000086f00000, 0x0000000086f00000| Untracked 
|  37|0x0000000086f00000, 0x0000000087000000, 0x0000000087000000|100%| O|  |TAMS 0x0000000087000000, 0x0000000087000000| Untracked 
|  38|0x0000000087000000, 0x0000000087100000, 0x0000000087100000|100%| O|  |TAMS 0x0000000087100000, 0x0000000087100000| Untracked 
|  39|0x0000000087100000, 0x0000000087200000, 0x0000000087200000|100%| O|  |TAMS 0x00000000871dc000, 0x0000000087200000| Untracked 
|  40|0x0000000087200000, 0x0000000087300000, 0x0000000087300000|100%| O|  |TAMS 0x0000000087200000, 0x0000000087300000| Untracked 
|  41|0x0000000087300000, 0x0000000087400000, 0x0000000087400000|100%| O|  |TAMS 0x0000000087300000, 0x0000000087400000| Untracked 
|  42|0x0000000087400000, 0x0000000087500000, 0x0000000087500000|100%| O|  |TAMS 0x0000000087400000, 0x00000000874f9000| Untracked 
|  43|0x0000000087500000, 0x0000000087600000, 0x0000000087600000|100%|HS|  |TAMS 0x0000000087500000, 0x0000000087600000| Complete 
|  44|0x0000000087600000, 0x0000000087700000, 0x0000000087700000|100%| O|  |TAMS 0x0000000087600000, 0x0000000087600000| Untracked 
|  45|0x0000000087700000, 0x0000000087800000, 0x0000000087800000|100%| O|  |TAMS 0x0000000087700000, 0x0000000087700000| Untracked 
|  46|0x0000000087800000, 0x00000000878e2800, 0x0000000087900000| 88%| O|  |TAMS 0x0000000087800000, 0x0000000087800000| Untracked 
|  47|0x0000000087900000, 0x0000000087900000, 0x0000000087a00000|  0%| F|  |TAMS 0x0000000087900000, 0x0000000087900000| Untracked 
|  48|0x0000000087a00000, 0x0000000087a00000, 0x0000000087b00000|  0%| F|  |TAMS 0x0000000087a00000, 0x0000000087a00000| Untracked 
|  49|0x0000000087b00000, 0x0000000087b00000, 0x0000000087c00000|  0%| F|  |TAMS 0x0000000087b00000, 0x0000000087b00000| Untracked 
|  50|0x0000000087c00000, 0x0000000087c00000, 0x0000000087d00000|  0%| F|  |TAMS 0x0000000087c00000, 0x0000000087c00000| Untracked 
|  51|0x0000000087d00000, 0x0000000087d00000, 0x0000000087e00000|  0%| F|  |TAMS 0x0000000087d00000, 0x0000000087d00000| Untracked 
|  52|0x0000000087e00000, 0x0000000087e00000, 0x0000000087f00000|  0%| F|  |TAMS 0x0000000087e00000, 0x0000000087e00000| Untracked 
|  53|0x0000000087f00000, 0x0000000087f00000, 0x0000000088000000|  0%| F|  |TAMS 0x0000000087f00000, 0x0000000087f00000| Untracked 
|  54|0x0000000088000000, 0x0000000088000000, 0x0000000088100000|  0%| F|  |TAMS 0x0000000088000000, 0x0000000088000000| Untracked 
|  55|0x0000000088100000, 0x0000000088100000, 0x0000000088200000|  0%| F|  |TAMS 0x0000000088100000, 0x0000000088100000| Untracked 
|  56|0x0000000088200000, 0x0000000088200000, 0x0000000088300000|  0%| F|  |TAMS 0x0000000088200000, 0x0000000088200000| Untracked 
|  57|0x0000000088300000, 0x0000000088300000, 0x0000000088400000|  0%| F|  |TAMS 0x0000000088300000, 0x0000000088300000| Untracked 
|  58|0x0000000088400000, 0x0000000088400000, 0x0000000088500000|  0%| F|  |TAMS 0x0000000088400000, 0x0000000088400000| Untracked 
|  59|0x0000000088500000, 0x0000000088500000, 0x0000000088600000|  0%| F|  |TAMS 0x0000000088500000, 0x0000000088500000| Untracked 
|  60|0x0000000088600000, 0x0000000088600000, 0x0000000088700000|  0%| F|  |TAMS 0x0000000088600000, 0x0000000088600000| Untracked 
|  61|0x0000000088700000, 0x0000000088700000, 0x0000000088800000|  0%| F|  |TAMS 0x0000000088700000, 0x0000000088700000| Untracked 
|  62|0x0000000088800000, 0x0000000088800000, 0x0000000088900000|  0%| F|  |TAMS 0x0000000088800000, 0x0000000088800000| Untracked 
|  63|0x0000000088900000, 0x0000000088900000, 0x0000000088a00000|  0%| F|  |TAMS 0x0000000088900000, 0x0000000088900000| Untracked 
|  64|0x0000000088a00000, 0x0000000088a00000, 0x0000000088b00000|  0%| F|  |TAMS 0x0000000088a00000, 0x0000000088a00000| Untracked 
|  65|0x0000000088b00000, 0x0000000088b00000, 0x0000000088c00000|  0%| F|  |TAMS 0x0000000088b00000, 0x0000000088b00000| Untracked 
|  66|0x0000000088c00000, 0x0000000088c00000, 0x0000000088d00000|  0%| F|  |TAMS 0x0000000088c00000, 0x0000000088c00000| Untracked 
|  67|0x0000000088d00000, 0x0000000088d00000, 0x0000000088e00000|  0%| F|  |TAMS 0x0000000088d00000, 0x0000000088d00000| Untracked 
|  68|0x0000000088e00000, 0x0000000088f00000, 0x0000000088f00000|100%| S|CS|TAMS 0x0000000088e00000, 0x0000000088e00000| Complete 
|  69|0x0000000088f00000, 0x0000000089000000, 0x0000000089000000|100%| S|CS|TAMS 0x0000000088f00000, 0x0000000088f00000| Complete 
|  70|0x0000000089000000, 0x0000000089100000, 0x0000000089100000|100%| S|CS|TAMS 0x0000000089000000, 0x0000000089000000| Complete 
|  71|0x0000000089100000, 0x0000000089100000, 0x0000000089200000|  0%| F|  |TAMS 0x0000000089100000, 0x0000000089100000| Untracked 
|  72|0x0000000089200000, 0x0000000089200000, 0x0000000089300000|  0%| F|  |TAMS 0x0000000089200000, 0x0000000089200000| Untracked 
|  73|0x0000000089300000, 0x0000000089300000, 0x0000000089400000|  0%| F|  |TAMS 0x0000000089300000, 0x0000000089300000| Untracked 
|  74|0x0000000089400000, 0x0000000089400000, 0x0000000089500000|  0%| F|  |TAMS 0x0000000089400000, 0x0000000089400000| Untracked 
|  75|0x0000000089500000, 0x0000000089500000, 0x0000000089600000|  0%| F|  |TAMS 0x0000000089500000, 0x0000000089500000| Untracked 
|  76|0x0000000089600000, 0x0000000089600000, 0x0000000089700000|  0%| F|  |TAMS 0x0000000089600000, 0x0000000089600000| Untracked 
|  77|0x0000000089700000, 0x0000000089700000, 0x0000000089800000|  0%| F|  |TAMS 0x0000000089700000, 0x0000000089700000| Untracked 
|  78|0x0000000089800000, 0x0000000089800000, 0x0000000089900000|  0%| F|  |TAMS 0x0000000089800000, 0x0000000089800000| Untracked 
|  79|0x0000000089900000, 0x0000000089900000, 0x0000000089a00000|  0%| F|  |TAMS 0x0000000089900000, 0x0000000089900000| Untracked 
|  80|0x0000000089a00000, 0x0000000089a00000, 0x0000000089b00000|  0%| F|  |TAMS 0x0000000089a00000, 0x0000000089a00000| Untracked 
|  81|0x0000000089b00000, 0x0000000089b00000, 0x0000000089c00000|  0%| F|  |TAMS 0x0000000089b00000, 0x0000000089b00000| Untracked 
|  82|0x0000000089c00000, 0x0000000089c00000, 0x0000000089d00000|  0%| F|  |TAMS 0x0000000089c00000, 0x0000000089c00000| Untracked 
|  83|0x0000000089d00000, 0x0000000089d00000, 0x0000000089e00000|  0%| F|  |TAMS 0x0000000089d00000, 0x0000000089d00000| Untracked 
|  84|0x0000000089e00000, 0x0000000089e00000, 0x0000000089f00000|  0%| F|  |TAMS 0x0000000089e00000, 0x0000000089e00000| Untracked 
|  85|0x0000000089f00000, 0x0000000089f00000, 0x000000008a000000|  0%| F|  |TAMS 0x0000000089f00000, 0x0000000089f00000| Untracked 
|  86|0x000000008a000000, 0x000000008a000000, 0x000000008a100000|  0%| F|  |TAMS 0x000000008a000000, 0x000000008a000000| Untracked 
|  87|0x000000008a100000, 0x000000008a100000, 0x000000008a200000|  0%| F|  |TAMS 0x000000008a100000, 0x000000008a100000| Untracked 
|  88|0x000000008a200000, 0x000000008a200000, 0x000000008a300000|  0%| F|  |TAMS 0x000000008a200000, 0x000000008a200000| Untracked 
|  89|0x000000008a300000, 0x000000008a300000, 0x000000008a400000|  0%| F|  |TAMS 0x000000008a300000, 0x000000008a300000| Untracked 
|  90|0x000000008a400000, 0x000000008a400000, 0x000000008a500000|  0%| F|  |TAMS 0x000000008a400000, 0x000000008a400000| Untracked 
|  91|0x000000008a500000, 0x000000008a500000, 0x000000008a600000|  0%| F|  |TAMS 0x000000008a500000, 0x000000008a500000| Untracked 
|  92|0x000000008a600000, 0x000000008a600000, 0x000000008a700000|  0%| F|  |TAMS 0x000000008a600000, 0x000000008a600000| Untracked 
|  93|0x000000008a700000, 0x000000008a700000, 0x000000008a800000|  0%| F|  |TAMS 0x000000008a700000, 0x000000008a700000| Untracked 
|  94|0x000000008a800000, 0x000000008a800000, 0x000000008a900000|  0%| F|  |TAMS 0x000000008a800000, 0x000000008a800000| Untracked 
|  95|0x000000008a900000, 0x000000008a900000, 0x000000008aa00000|  0%| F|  |TAMS 0x000000008a900000, 0x000000008a900000| Untracked 
|  96|0x000000008aa00000, 0x000000008aa00000, 0x000000008ab00000|  0%| F|  |TAMS 0x000000008aa00000, 0x000000008aa00000| Untracked 
|  97|0x000000008ab00000, 0x000000008ab00000, 0x000000008ac00000|  0%| F|  |TAMS 0x000000008ab00000, 0x000000008ab00000| Untracked 
|  98|0x000000008ac00000, 0x000000008ac00000, 0x000000008ad00000|  0%| F|  |TAMS 0x000000008ac00000, 0x000000008ac00000| Untracked 
|  99|0x000000008ad00000, 0x000000008ad00000, 0x000000008ae00000|  0%| F|  |TAMS 0x000000008ad00000, 0x000000008ad00000| Untracked 
| 100|0x000000008ae00000, 0x000000008ae00000, 0x000000008af00000|  0%| F|  |TAMS 0x000000008ae00000, 0x000000008ae00000| Untracked 
| 101|0x000000008af00000, 0x000000008af00000, 0x000000008b000000|  0%| F|  |TAMS 0x000000008af00000, 0x000000008af00000| Untracked 
| 102|0x000000008b000000, 0x000000008b000000, 0x000000008b100000|  0%| F|  |TAMS 0x000000008b000000, 0x000000008b000000| Untracked 
| 103|0x000000008b100000, 0x000000008b100000, 0x000000008b200000|  0%| F|  |TAMS 0x000000008b100000, 0x000000008b100000| Untracked 
| 104|0x000000008b200000, 0x000000008b200000, 0x000000008b300000|  0%| F|  |TAMS 0x000000008b200000, 0x000000008b200000| Untracked 
| 105|0x000000008b300000, 0x000000008b300000, 0x000000008b400000|  0%| F|  |TAMS 0x000000008b300000, 0x000000008b300000| Untracked 
| 106|0x000000008b400000, 0x000000008b400000, 0x000000008b500000|  0%| F|  |TAMS 0x000000008b400000, 0x000000008b400000| Untracked 
| 107|0x000000008b500000, 0x000000008b500000, 0x000000008b600000|  0%| F|  |TAMS 0x000000008b500000, 0x000000008b500000| Untracked 
| 108|0x000000008b600000, 0x000000008b600000, 0x000000008b700000|  0%| F|  |TAMS 0x000000008b600000, 0x000000008b600000| Untracked 
| 109|0x000000008b700000, 0x000000008b700000, 0x000000008b800000|  0%| F|  |TAMS 0x000000008b700000, 0x000000008b700000| Untracked 
| 110|0x000000008b800000, 0x000000008b800000, 0x000000008b900000|  0%| F|  |TAMS 0x000000008b800000, 0x000000008b800000| Untracked 
| 111|0x000000008b900000, 0x000000008b900000, 0x000000008ba00000|  0%| F|  |TAMS 0x000000008b900000, 0x000000008b900000| Untracked 
| 112|0x000000008ba00000, 0x000000008ba00000, 0x000000008bb00000|  0%| F|  |TAMS 0x000000008ba00000, 0x000000008ba00000| Untracked 
| 113|0x000000008bb00000, 0x000000008bb00000, 0x000000008bc00000|  0%| F|  |TAMS 0x000000008bb00000, 0x000000008bb00000| Untracked 
| 114|0x000000008bc00000, 0x000000008bc00000, 0x000000008bd00000|  0%| F|  |TAMS 0x000000008bc00000, 0x000000008bc00000| Untracked 
| 115|0x000000008bd00000, 0x000000008bd00000, 0x000000008be00000|  0%| F|  |TAMS 0x000000008bd00000, 0x000000008bd00000| Untracked 
| 116|0x000000008be00000, 0x000000008be00000, 0x000000008bf00000|  0%| F|  |TAMS 0x000000008be00000, 0x000000008be00000| Untracked 
| 117|0x000000008bf00000, 0x000000008bf00000, 0x000000008c000000|  0%| F|  |TAMS 0x000000008bf00000, 0x000000008bf00000| Untracked 
| 118|0x000000008c000000, 0x000000008c000000, 0x000000008c100000|  0%| F|  |TAMS 0x000000008c000000, 0x000000008c000000| Untracked 
| 119|0x000000008c100000, 0x000000008c100000, 0x000000008c200000|  0%| F|  |TAMS 0x000000008c100000, 0x000000008c100000| Untracked 
| 120|0x000000008c200000, 0x000000008c200000, 0x000000008c300000|  0%| F|  |TAMS 0x000000008c200000, 0x000000008c200000| Untracked 
| 121|0x000000008c300000, 0x000000008c300000, 0x000000008c400000|  0%| F|  |TAMS 0x000000008c300000, 0x000000008c300000| Untracked 
| 122|0x000000008c400000, 0x000000008c400000, 0x000000008c500000|  0%| F|  |TAMS 0x000000008c400000, 0x000000008c400000| Untracked 
| 123|0x000000008c500000, 0x000000008c500000, 0x000000008c600000|  0%| F|  |TAMS 0x000000008c500000, 0x000000008c500000| Untracked 
|1973|0x00000000fff00000, 0x0000000100000000, 0x0000000100000000|100%| O|  |TAMS 0x0000000100000000, 0x0000000100000000| Untracked 

Card table byte_map: [0x000001e9e8000000,0x000001e9e83e0000] _byte_map_base: 0x000001e9e7bdb000

Marking Bits (Prev, Next): (CMBitMap*) 0x000001e9d13c40f0, (CMBitMap*) 0x000001e9d13c40b0
 Prev Bits: [0x000001e9ea6a0000, 0x000001e9ec578000)
 Next Bits: [0x000001e9e87c0000, 0x000001e9ea698000)

Polling page: 0x000001e9d0790000

Metaspace:

Usage:
  Non-class:     26.25 MB used.
      Class:      3.33 MB used.
       Both:     29.59 MB used.

Virtual space:
  Non-class space:       64.00 MB reserved,      26.50 MB ( 41%) committed,  1 nodes.
      Class space:        1.00 GB reserved,       3.50 MB ( <1%) committed,  1 nodes.
             Both:        1.06 GB reserved,      30.00 MB (  3%) committed. 

Chunk freelists:
   Non-Class:  4.61 MB
       Class:  12.51 MB
        Both:  17.12 MB

MaxMetaspaceSize: unlimited
CompressedClassSpaceSize: 1.00 GB
Initial GC threshold: 21.00 MB
Current GC threshold: 49.19 MB
CDS: on
MetaspaceReclaimPolicy: balanced
 - commit_granule_bytes: 65536.
 - commit_granule_words: 8192.
 - virtual_space_node_default_size: 8388608.
 - enlarge_chunks_in_place: 1.
 - new_chunks_are_fully_committed: 0.
 - uncommit_free_chunks: 1.
 - use_allocation_guard: 0.
 - handle_deallocations: 1.


Internal statistics:

num_allocs_failed_limit: 3.
num_arena_births: 406.
num_arena_deaths: 0.
num_vsnodes_births: 2.
num_vsnodes_deaths: 0.
num_space_committed: 480.
num_space_uncommitted: 0.
num_chunks_returned_to_freelist: 3.
num_chunks_taken_from_freelist: 1600.
num_chunk_merges: 0.
num_chunk_splits: 1016.
num_chunks_enlarged: 675.
num_inconsistent_stats: 0.

CodeHeap 'non-profiled nmethods': size=120000Kb used=3425Kb max_used=3425Kb free=116575Kb
 bounds [0x000001e9e06f0000, 0x000001e9e0a50000, 0x000001e9e7c20000]
CodeHeap 'profiled nmethods': size=120000Kb used=12715Kb max_used=12715Kb free=107284Kb
 bounds [0x000001e9d8c20000, 0x000001e9d9890000, 0x000001e9e0150000]
CodeHeap 'non-nmethods': size=5760Kb used=1229Kb max_used=1313Kb free=4530Kb
 bounds [0x000001e9e0150000, 0x000001e9e03c0000, 0x000001e9e06f0000]
 total_blobs=6596 nmethods=6073 adapters=435
 compilation: enabled
              stopped_count=0, restarted_count=0
 full_count=0

Compilation events (20 events):
Event: 9.675 Thread 0x000001e9eea39590 6844       1       com.sun.tools.javac.comp.Attr$CheckMode::updateTreeType (2 bytes)
Event: 9.675 Thread 0x000001e9eea39590 nmethod 6844 0x000001e9e0a46b10 code [0x000001e9e0a46ca0, 0x000001e9e0a46d78]
Event: 9.676 Thread 0x000001e9eea39590 6845       3       com.sun.tools.javac.code.Type::containsAny (39 bytes)
Event: 9.676 Thread 0x000001e9eea39590 nmethod 6845 0x000001e9d9881690 code [0x000001e9d98818a0, 0x000001e9d9882188]
Event: 9.677 Thread 0x000001e9eea39590 6846   !   3       com.sun.tools.javac.code.ClassFinder::fillIn (322 bytes)
Event: 9.681 Thread 0x000001e9eea39590 nmethod 6846 0x000001e9d9882410 code [0x000001e9d98829a0, 0x000001e9d98857d8]
Event: 9.689 Thread 0x000001e9eea39590 6847       3       com.sun.tools.javac.jvm.ClassReader::parameter (218 bytes)
Event: 9.690 Thread 0x000001e9eea38ae0 nmethod 6837 0x000001e9e0a46e10 code [0x000001e9e0a46fc0, 0x000001e9e0a47a98]
Event: 9.690 Thread 0x000001e9eea38ae0 6838       4       com.sun.tools.javac.util.Name::getBytes (18 bytes)
Event: 9.690 Thread 0x000001e9eea39590 nmethod 6847 0x000001e9d9886f10 code [0x000001e9d9887280, 0x000001e9d98888b8]
Event: 9.690 Thread 0x000001e9eea39590 6849       3       com.sun.tools.javac.jvm.PoolReader$$Lambda$342/0x000001e98137e1c0::<init> (10 bytes)
Event: 9.690 Thread 0x000001e9eea39590 nmethod 6849 0x000001e9d9889010 code [0x000001e9d98891a0, 0x000001e9d9889358]
Event: 9.690 Thread 0x000001e9eea39590 6848       3       com.sun.tools.javac.jvm.PoolReader::getType (26 bytes)
Event: 9.691 Thread 0x000001e9eea39590 nmethod 6848 0x000001e9d9889410 code [0x000001e9d9889680, 0x000001e9d988a398]
Event: 9.691 Thread 0x000001e9eea38ae0 nmethod 6838 0x000001e9e0a47f90 code [0x000001e9e0a48100, 0x000001e9e0a48278]
Event: 9.692 Thread 0x000001e9eea39590 6850       3       java.util.BitSet::get (69 bytes)
Event: 9.693 Thread 0x000001e9eea39590 nmethod 6850 0x000001e9d988a810 code [0x000001e9d988aa60, 0x000001e9d988b268]
Event: 9.693 Thread 0x000001e9eea39590 6851       3       com.sun.tools.javac.jvm.ClassReader::enterMember (41 bytes)
Event: 9.693 Thread 0x000001e9eea39590 nmethod 6851 0x000001e9d988b590 code [0x000001e9d988b740, 0x000001e9d988ba98]
Event: 9.700 Thread 0x000001e9eea38ae0 6852       4       jdk.nio.zipfs.ZipFileSystem$IndexNode::keyOf (37 bytes)

GC Heap History (20 events):
Event: 4.259 GC heap after
{Heap after GC invocations=4 (full 0):
 garbage-first heap   total 126976K, used 15225K [0x0000000084a00000, 0x0000000100000000)
  region size 1024K, 8 young (8192K), 8 survivors (8192K)
 Metaspace       used 19547K, committed 19968K, reserved 1114112K
  class space    used 2288K, committed 2496K, reserved 1048576K
}
Event: 5.901 GC heap before
{Heap before GC invocations=4 (full 0):
 garbage-first heap   total 126976K, used 79737K [0x0000000084a00000, 0x0000000100000000)
  region size 1024K, 72 young (73728K), 8 survivors (8192K)
 Metaspace       used 21141K, committed 21504K, reserved 1114112K
  class space    used 2417K, committed 2624K, reserved 1048576K
}
Event: 5.909 GC heap after
{Heap after GC invocations=5 (full 0):
 garbage-first heap   total 126976K, used 19105K [0x0000000084a00000, 0x0000000100000000)
  region size 1024K, 9 young (9216K), 9 survivors (9216K)
 Metaspace       used 21141K, committed 21504K, reserved 1114112K
  class space    used 2417K, committed 2624K, reserved 1048576K
}
Event: 6.809 GC heap before
{Heap before GC invocations=6 (full 0):
 garbage-first heap   total 68608K, used 50849K [0x0000000084a00000, 0x0000000100000000)
  region size 1024K, 40 young (40960K), 9 survivors (9216K)
 Metaspace       used 21698K, committed 22144K, reserved 1114112K
  class space    used 2443K, committed 2688K, reserved 1048576K
}
Event: 6.817 GC heap after
{Heap after GC invocations=7 (full 0):
 garbage-first heap   total 68608K, used 21027K [0x0000000084a00000, 0x0000000100000000)
  region size 1024K, 3 young (3072K), 3 survivors (3072K)
 Metaspace       used 21698K, committed 22144K, reserved 1114112K
  class space    used 2443K, committed 2688K, reserved 1048576K
}
Event: 6.836 GC heap before
{Heap before GC invocations=7 (full 0):
 garbage-first heap   total 68608K, used 22051K [0x0000000084a00000, 0x0000000100000000)
  region size 1024K, 4 young (4096K), 3 survivors (3072K)
 Metaspace       used 21699K, committed 22144K, reserved 1114112K
  class space    used 2443K, committed 2688K, reserved 1048576K
}
Event: 6.839 GC heap after
{Heap after GC invocations=8 (full 0):
 garbage-first heap   total 68608K, used 21753K [0x0000000084a00000, 0x0000000100000000)
  region size 1024K, 1 young (1024K), 1 survivors (1024K)
 Metaspace       used 21699K, committed 22144K, reserved 1114112K
  class space    used 2443K, committed 2688K, reserved 1048576K
}
Event: 7.912 GC heap before
{Heap before GC invocations=8 (full 0):
 garbage-first heap   total 68608K, used 53497K [0x0000000084a00000, 0x0000000100000000)
  region size 1024K, 31 young (31744K), 1 survivors (1024K)
 Metaspace       used 27504K, committed 27904K, reserved 1114112K
  class space    used 3135K, committed 3328K, reserved 1048576K
}
Event: 7.915 GC heap after
{Heap after GC invocations=9 (full 0):
 garbage-first heap   total 68608K, used 23554K [0x0000000084a00000, 0x0000000100000000)
  region size 1024K, 3 young (3072K), 3 survivors (3072K)
 Metaspace       used 27504K, committed 27904K, reserved 1114112K
  class space    used 3135K, committed 3328K, reserved 1048576K
}
Event: 8.594 GC heap before
{Heap before GC invocations=9 (full 0):
 garbage-first heap   total 68608K, used 55298K [0x0000000084a00000, 0x0000000100000000)
  region size 1024K, 31 young (31744K), 3 survivors (3072K)
 Metaspace       used 29774K, committed 30208K, reserved 1114112K
  class space    used 3358K, committed 3584K, reserved 1048576K
}
Event: 8.602 GC heap after
{Heap after GC invocations=10 (full 0):
 garbage-first heap   total 69632K, used 36086K [0x0000000084a00000, 0x0000000100000000)
  region size 1024K, 4 young (4096K), 4 survivors (4096K)
 Metaspace       used 29774K, committed 30208K, reserved 1114112K
  class space    used 3358K, committed 3584K, reserved 1048576K
}
Event: 8.625 GC heap before
{Heap before GC invocations=10 (full 0):
 garbage-first heap   total 69632K, used 37110K [0x0000000084a00000, 0x0000000100000000)
  region size 1024K, 6 young (6144K), 4 survivors (4096K)
 Metaspace       used 29785K, committed 30208K, reserved 1114112K
  class space    used 3358K, committed 3584K, reserved 1048576K
}
Event: 8.628 GC heap after
{Heap after GC invocations=11 (full 0):
 garbage-first heap   total 69632K, used 37211K [0x0000000084a00000, 0x0000000100000000)
  region size 1024K, 1 young (1024K), 1 survivors (1024K)
 Metaspace       used 29785K, committed 30208K, reserved 1114112K
  class space    used 3358K, committed 3584K, reserved 1048576K
}
Event: 8.902 GC heap before
{Heap before GC invocations=12 (full 0):
 garbage-first heap   total 69632K, used 51547K [0x0000000084a00000, 0x0000000100000000)
  region size 1024K, 15 young (15360K), 1 survivors (1024K)
 Metaspace       used 29826K, committed 30272K, reserved 1114112K
  class space    used 3360K, committed 3584K, reserved 1048576K
}
Event: 8.905 GC heap after
{Heap after GC invocations=13 (full 0):
 garbage-first heap   total 69632K, used 43888K [0x0000000084a00000, 0x0000000100000000)
  region size 1024K, 2 young (2048K), 2 survivors (2048K)
 Metaspace       used 29826K, committed 30272K, reserved 1114112K
  class space    used 3360K, committed 3584K, reserved 1048576K
}
Event: 8.961 GC heap before
{Heap before GC invocations=13 (full 0):
 garbage-first heap   total 69632K, used 47984K [0x0000000084a00000, 0x0000000100000000)
  region size 1024K, 7 young (7168K), 2 survivors (2048K)
 Metaspace       used 29834K, committed 30336K, reserved 1114112K
  class space    used 3360K, committed 3584K, reserved 1048576K
}
Event: 8.964 GC heap after
{Heap after GC invocations=14 (full 0):
 garbage-first heap   total 69632K, used 45156K [0x0000000084a00000, 0x0000000100000000)
  region size 1024K, 1 young (1024K), 1 survivors (1024K)
 Metaspace       used 29834K, committed 30336K, reserved 1114112K
  class space    used 3360K, committed 3584K, reserved 1048576K
}
Event: 9.054 GC heap before
{Heap before GC invocations=15 (full 0):
 garbage-first heap   total 92160K, used 55396K [0x0000000084a00000, 0x0000000100000000)
  region size 1024K, 10 young (10240K), 1 survivors (1024K)
 Metaspace       used 29837K, committed 30336K, reserved 1114112K
  class space    used 3360K, committed 3584K, reserved 1048576K
}
Event: 9.057 GC heap after
{Heap after GC invocations=16 (full 0):
 garbage-first heap   total 92160K, used 48100K [0x0000000084a00000, 0x0000000100000000)
  region size 1024K, 2 young (2048K), 2 survivors (2048K)
 Metaspace       used 29837K, committed 30336K, reserved 1114112K
  class space    used 3360K, committed 3584K, reserved 1048576K
}
Event: 9.700 GC heap before
{Heap before GC invocations=16 (full 0):
 garbage-first heap   total 92160K, used 64484K [0x0000000084a00000, 0x0000000100000000)
  region size 1024K, 18 young (18432K), 2 survivors (2048K)
 Metaspace       used 30295K, committed 30720K, reserved 1114112K
  class space    used 3411K, committed 3584K, reserved 1048576K
}

Deoptimization events (20 events):
Event: 9.338 Thread 0x000001e9eeee09a0 DEOPT PACKING pc=0x000001e9d8c6b030 sp=0x0000007e463fb7e0
Event: 9.338 Thread 0x000001e9eeee09a0 DEOPT UNPACKING pc=0x000001e9e01a66e3 sp=0x0000007e463fac88 mode 0
Event: 9.465 Thread 0x000001e9eeee09a0 Uncommon trap: trap_request=0xffffff45 fr.pc=0x000001e9e0a363a8 relative=0x00000000000008c8
Event: 9.465 Thread 0x000001e9eeee09a0 Uncommon trap: reason=unstable_if action=reinterpret pc=0x000001e9e0a363a8 method=jdk.internal.jimage.ImageStringsReader.stringFromByteBuffer(Ljava/nio/ByteBuffer;I)Ljava/lang/String; @ 7 c2
Event: 9.465 Thread 0x000001e9eeee09a0 DEOPT PACKING pc=0x000001e9e0a363a8 sp=0x0000007e463fb470
Event: 9.465 Thread 0x000001e9eeee09a0 DEOPT UNPACKING pc=0x000001e9e01a5ba3 sp=0x0000007e463fb300 mode 2
Event: 9.465 Thread 0x000001e9eeee09a0 Uncommon trap: trap_request=0xffffff45 fr.pc=0x000001e9e0a3158c relative=0x00000000000007cc
Event: 9.465 Thread 0x000001e9eeee09a0 Uncommon trap: reason=unstable_if action=reinterpret pc=0x000001e9e0a3158c method=jdk.internal.jimage.ImageStringsReader.stringFromByteBuffer(Ljava/nio/ByteBuffer;I)Ljava/lang/String; @ 7 c2
Event: 9.465 Thread 0x000001e9eeee09a0 DEOPT PACKING pc=0x000001e9e0a3158c sp=0x0000007e463fb2e0
Event: 9.465 Thread 0x000001e9eeee09a0 DEOPT UNPACKING pc=0x000001e9e01a5ba3 sp=0x0000007e463fb298 mode 2
Event: 9.491 Thread 0x000001e9eeee09a0 DEOPT PACKING pc=0x000001e9d8f76399 sp=0x0000007e463fb6a0
Event: 9.491 Thread 0x000001e9eeee09a0 DEOPT UNPACKING pc=0x000001e9e01a66e3 sp=0x0000007e463fab30 mode 0
Event: 9.491 Thread 0x000001e9eeee09a0 Uncommon trap: trap_request=0xffffff45 fr.pc=0x000001e9e0a34330 relative=0x0000000000000870
Event: 9.491 Thread 0x000001e9eeee09a0 Uncommon trap: reason=unstable_if action=reinterpret pc=0x000001e9e0a34330 method=jdk.internal.jimage.ImageStringsReader.stringFromByteBuffer(Ljava/nio/ByteBuffer;I)Ljava/lang/String; @ 7 c2
Event: 9.491 Thread 0x000001e9eeee09a0 DEOPT PACKING pc=0x000001e9e0a34330 sp=0x0000007e463fb3e0
Event: 9.491 Thread 0x000001e9eeee09a0 DEOPT UNPACKING pc=0x000001e9e01a5ba3 sp=0x0000007e463fb330 mode 2
Event: 9.572 Thread 0x000001e9eeee09a0 DEOPT PACKING pc=0x000001e9d9387885 sp=0x0000007e463fb920
Event: 9.572 Thread 0x000001e9eeee09a0 DEOPT UNPACKING pc=0x000001e9e01a66e3 sp=0x0000007e463fadb8 mode 0
Event: 9.643 Thread 0x000001e9eeee09a0 DEOPT PACKING pc=0x000001e9d9213cbc sp=0x0000007e463fb780
Event: 9.643 Thread 0x000001e9eeee09a0 DEOPT UNPACKING pc=0x000001e9e01a66e3 sp=0x0000007e463fad00 mode 0

Classes unloaded (0 events):
No events

Classes redefined (0 events):
No events

Internal exceptions (20 events):
Event: 9.666 Thread 0x000001e9eeee09a0 Exception <a 'sun/nio/fs/WindowsException'{0x0000000089164190}> (0x0000000089164190) 
thrown [s\open\src\hotspot\share\prims\jni.cpp, line 516]
Event: 9.666 Thread 0x000001e9eeee09a0 Exception <a 'sun/nio/fs/WindowsException'{0x0000000089164458}> (0x0000000089164458) 
thrown [s\open\src\hotspot\share\prims\jni.cpp, line 516]
Event: 9.667 Thread 0x000001e9eeee09a0 Exception <a 'sun/nio/fs/WindowsException'{0x000000008916ab68}> (0x000000008916ab68) 
thrown [s\open\src\hotspot\share\prims\jni.cpp, line 516]
Event: 9.667 Thread 0x000001e9eeee09a0 Exception <a 'sun/nio/fs/WindowsException'{0x000000008916adc8}> (0x000000008916adc8) 
thrown [s\open\src\hotspot\share\prims\jni.cpp, line 516]
Event: 9.667 Thread 0x000001e9eeee09a0 Exception <a 'sun/nio/fs/WindowsException'{0x000000008916c360}> (0x000000008916c360) 
thrown [s\open\src\hotspot\share\prims\jni.cpp, line 516]
Event: 9.667 Thread 0x000001e9eeee09a0 Exception <a 'sun/nio/fs/WindowsException'{0x000000008916c600}> (0x000000008916c600) 
thrown [s\open\src\hotspot\share\prims\jni.cpp, line 516]
Event: 9.667 Thread 0x000001e9eeee09a0 Exception <a 'sun/nio/fs/WindowsException'{0x000000008916da90}> (0x000000008916da90) 
thrown [s\open\src\hotspot\share\prims\jni.cpp, line 516]
Event: 9.667 Thread 0x000001e9eeee09a0 Exception <a 'sun/nio/fs/WindowsException'{0x000000008916ddf0}> (0x000000008916ddf0) 
thrown [s\open\src\hotspot\share\prims\jni.cpp, line 516]
Event: 9.668 Thread 0x000001e9eeee09a0 Exception <a 'sun/nio/fs/WindowsException'{0x000000008916fe48}> (0x000000008916fe48) 
thrown [s\open\src\hotspot\share\prims\jni.cpp, line 516]
Event: 9.668 Thread 0x000001e9eeee09a0 Exception <a 'sun/nio/fs/WindowsException'{0x0000000089170148}> (0x0000000089170148) 
thrown [s\open\src\hotspot\share\prims\jni.cpp, line 516]
Event: 9.672 Thread 0x000001e9eeee09a0 Exception <a 'sun/nio/fs/WindowsException'{0x000000008918d5b0}> (0x000000008918d5b0) 
thrown [s\open\src\hotspot\share\prims\jni.cpp, line 516]
Event: 9.672 Thread 0x000001e9eeee09a0 Exception <a 'sun/nio/fs/WindowsException'{0x000000008918d840}> (0x000000008918d840) 
thrown [s\open\src\hotspot\share\prims\jni.cpp, line 516]
Event: 9.673 Thread 0x000001e9eeee09a0 Exception <a 'sun/nio/fs/WindowsException'{0x00000000891cf588}> (0x00000000891cf588) 
thrown [s\open\src\hotspot\share\prims\jni.cpp, line 516]
Event: 9.673 Thread 0x000001e9eeee09a0 Exception <a 'sun/nio/fs/WindowsException'{0x00000000891cf858}> (0x00000000891cf858) 
thrown [s\open\src\hotspot\share\prims\jni.cpp, line 516]
Event: 9.673 Thread 0x000001e9eeee09a0 Exception <a 'sun/nio/fs/WindowsException'{0x00000000891d0d18}> (0x00000000891d0d18) 
thrown [s\open\src\hotspot\share\prims\jni.cpp, line 516]
Event: 9.674 Thread 0x000001e9eeee09a0 Exception <a 'sun/nio/fs/WindowsException'{0x00000000891d10b8}> (0x00000000891d10b8) 
thrown [s\open\src\hotspot\share\prims\jni.cpp, line 516]
Event: 9.699 Thread 0x000001e9eeee09a0 Exception <a 'sun/nio/fs/WindowsException'{0x00000000891e6fc0}> (0x00000000891e6fc0) 
thrown [s\open\src\hotspot\share\prims\jni.cpp, line 516]
Event: 9.699 Thread 0x000001e9eeee09a0 Exception <a 'sun/nio/fs/WindowsException'{0x00000000891e72f0}> (0x00000000891e72f0) 
thrown [s\open\src\hotspot\share\prims\jni.cpp, line 516]
Event: 9.700 Thread 0x000001e9eeee09a0 Exception <a 'sun/nio/fs/WindowsException'{0x00000000891efce0}> (0x00000000891efce0) 
thrown [s\open\src\hotspot\share\prims\jni.cpp, line 516]
Event: 9.700 Thread 0x000001e9eeee09a0 Exception <a 'sun/nio/fs/WindowsException'{0x00000000891effa0}> (0x00000000891effa0) 
thrown [s\open\src\hotspot\share\prims\jni.cpp, line 516]

VM Operations (20 events):
Event: 8.670 Executing VM operation: G1Concurrent done
Event: 8.688 Executing VM operation: G1Concurrent
Event: 8.688 Executing VM operation: G1Concurrent done
Event: 8.902 Executing VM operation: G1CollectForAllocation
Event: 8.905 Executing VM operation: G1CollectForAllocation done
Event: 8.961 Executing VM operation: G1TryInitiateConcMark
Event: 8.964 Executing VM operation: G1TryInitiateConcMark done
Event: 9.011 Executing VM operation: G1Concurrent
Event: 9.015 Executing VM operation: G1Concurrent done
Event: 9.035 Executing VM operation: G1Concurrent
Event: 9.035 Executing VM operation: G1Concurrent done
Event: 9.054 Executing VM operation: G1CollectForAllocation
Event: 9.057 Executing VM operation: G1CollectForAllocation done
Event: 9.236 Executing VM operation: HandshakeAllThreads
Event: 9.236 Executing VM operation: HandshakeAllThreads done
Event: 9.237 Executing VM operation: HandshakeAllThreads
Event: 9.237 Executing VM operation: HandshakeAllThreads done
Event: 9.466 Executing VM operation: HandshakeAllThreads
Event: 9.466 Executing VM operation: HandshakeAllThreads done
Event: 9.700 Executing VM operation: G1CollectForAllocation

Events (20 events):
Event: 9.465 loading class jdk/internal/jimage/ImageReader$LinkNode
Event: 9.465 loading class jdk/internal/jimage/ImageReader$LinkNode done
Event: 9.493 loading class java/nio/file/SimpleFileVisitor
Event: 9.493 loading class java/nio/file/SimpleFileVisitor done
Event: 9.493 loading class java/nio/file/FileTreeWalker
Event: 9.494 loading class java/nio/file/FileTreeWalker done
Event: 9.494 loading class java/nio/file/FileTreeWalker$1
Event: 9.494 loading class java/nio/file/FileTreeWalker$1 done
Event: 9.494 loading class java/nio/file/FileTreeWalker$DirectoryNode
Event: 9.494 loading class java/nio/file/FileTreeWalker$DirectoryNode done
Event: 9.494 loading class java/nio/file/FileTreeWalker$Event
Event: 9.500 loading class java/nio/file/FileTreeWalker$Event done
Event: 9.501 loading class java/nio/file/FileTreeWalker$EventType
Event: 9.501 loading class java/nio/file/FileTreeWalker$EventType done
Event: 9.501 loading class java/nio/file/Files$3
Event: 9.501 loading class java/nio/file/Files$3 done
Event: 9.501 loading class java/nio/file/FileVisitResult
Event: 9.501 loading class java/nio/file/FileVisitResult done
Event: 9.656 loading class java/util/concurrent/locks/AbstractQueuedSynchronizer$Node
Event: 9.656 loading class java/util/concurrent/locks/AbstractQueuedSynchronizer$Node done


Dynamic libraries:
0x00007ff7a1670000 - 0x00007ff7a1680000 	C:\Program Files\Java\jdk-17\bin\java.exe
0x00007ff817070000 - 0x00007ff817287000 	C:\WINDOWS\SYSTEM32\ntdll.dll
0x00007ff8165b0000 - 0x00007ff816674000 	C:\WINDOWS\System32\KERNEL32.DLL
0x00007ff814a00000 - 0x00007ff814dac000 	C:\WINDOWS\System32\KERNELBASE.dll
0x00007ff814810000 - 0x00007ff814921000 	C:\WINDOWS\System32\ucrtbase.dll
0x00007fffe4640000 - 0x00007fffe465b000 	C:\Program Files\Java\jdk-17\bin\VCRUNTIME140.dll
0x00007fffe4660000 - 0x00007fffe4679000 	C:\Program Files\Java\jdk-17\bin\jli.dll
0x00007ff816680000 - 0x00007ff816732000 	C:\WINDOWS\System32\ADVAPI32.dll
0x00007ff8161b0000 - 0x00007ff816257000 	C:\WINDOWS\System32\msvcrt.dll
0x00007ff815ac0000 - 0x00007ff815b6a000 	C:\WINDOWS\System32\sechost.dll
0x00007ff8149d0000 - 0x00007ff8149f8000 	C:\WINDOWS\System32\bcrypt.dll
0x00007ff816410000 - 0x00007ff816525000 	C:\WINDOWS\System32\RPCRT4.dll
0x00007ff816df0000 - 0x00007ff816f9e000 	C:\WINDOWS\System32\USER32.dll
0x00007ff800800000 - 0x00007ff800a93000 	C:\WINDOWS\WinSxS\amd64_microsoft.windows.common-controls_6595b64144ccf1df_6.0.22621.3672_none_2713b9d173822955\COMCTL32.dll
0x00007ff8147e0000 - 0x00007ff814806000 	C:\WINDOWS\System32\win32u.dll
0x00007ff8168c0000 - 0x00007ff8168e9000 	C:\WINDOWS\System32\GDI32.dll
0x00007ff814460000 - 0x00007ff814579000 	C:\WINDOWS\System32\gdi32full.dll
0x00007ff80a120000 - 0x00007ff80a12a000 	C:\WINDOWS\SYSTEM32\VERSION.dll
0x00007ff814930000 - 0x00007ff8149ca000 	C:\WINDOWS\System32\msvcp_win.dll
0x00007fffe4610000 - 0x00007fffe461c000 	C:\Program Files\Java\jdk-17\bin\vcruntime140_1.dll
0x00007fffe4580000 - 0x00007fffe460e000 	C:\Program Files\Java\jdk-17\bin\msvcp140.dll
0x00007fffe39a0000 - 0x00007fffe457f000 	C:\Program Files\Java\jdk-17\bin\server\jvm.dll
0x00007fffe3990000 - 0x00007fffe3999000 	C:\WINDOWS\SYSTEM32\WSOCK32.dll
0x00007ff815a90000 - 0x00007ff815a98000 	C:\WINDOWS\System32\PSAPI.DLL
0x00007ff80a4e0000 - 0x00007ff80a514000 	C:\WINDOWS\SYSTEM32\WINMM.dll
0x00007ff815c70000 - 0x00007ff815ce1000 	C:\WINDOWS\System32\WS2_32.dll
0x00007ff813390000 - 0x00007ff8133a8000 	C:\WINDOWS\SYSTEM32\kernel.appcore.dll
0x00007fffe38a0000 - 0x00007fffe38aa000 	C:\Program Files\Java\jdk-17\bin\jimage.dll
0x00007ff811c60000 - 0x00007ff811e92000 	C:\WINDOWS\SYSTEM32\DBGHELP.DLL
0x00007ff8168f0000 - 0x00007ff816c78000 	C:\WINDOWS\System32\combase.dll
0x00007ff815d70000 - 0x00007ff815e47000 	C:\WINDOWS\System32\OLEAUT32.dll
0x00007ff808870000 - 0x00007ff8088a2000 	C:\WINDOWS\SYSTEM32\dbgcore.DLL
0x00007ff8146f0000 - 0x00007ff81476b000 	C:\WINDOWS\System32\bcryptPrimitives.dll
0x00007fffe3870000 - 0x00007fffe3895000 	C:\Program Files\Java\jdk-17\bin\java.dll
0x00007fffe3790000 - 0x00007fffe3867000 	C:\Program Files\Java\jdk-17\bin\jsvml.dll
0x00007ff814db0000 - 0x00007ff81560c000 	C:\WINDOWS\System32\SHELL32.dll
0x00007ff8122a0000 - 0x00007ff812b97000 	C:\WINDOWS\SYSTEM32\windows.storage.dll
0x00007ff812160000 - 0x00007ff81229f000 	C:\WINDOWS\SYSTEM32\wintypes.dll
0x00007ff816cf0000 - 0x00007ff816de4000 	C:\WINDOWS\System32\SHCORE.dll
0x00007ff816c80000 - 0x00007ff816cde000 	C:\WINDOWS\System32\shlwapi.dll
0x00007ff8142d0000 - 0x00007ff8142f1000 	C:\WINDOWS\SYSTEM32\profapi.dll
0x00007fffe3480000 - 0x00007fffe3499000 	C:\Program Files\Java\jdk-17\bin\net.dll
0x00007ff80b900000 - 0x00007ff80ba36000 	C:\WINDOWS\SYSTEM32\WINHTTP.dll
0x00007ff8137f0000 - 0x00007ff813859000 	C:\WINDOWS\system32\mswsock.dll
0x00007fffe3460000 - 0x00007fffe3476000 	C:\Program Files\Java\jdk-17\bin\nio.dll
0x00007fffe3440000 - 0x00007fffe3458000 	C:\Program Files\Java\jdk-17\bin\zip.dll
0x00007ff812e00000 - 0x00007ff812e2d000 	C:\WINDOWS\SYSTEM32\IPHLPAPI.DLL
0x00007ff815aa0000 - 0x00007ff815aa9000 	C:\WINDOWS\System32\NSI.dll
0x00007ff80b8e0000 - 0x00007ff80b8f9000 	C:\WINDOWS\SYSTEM32\dhcpcsvc6.DLL
0x00007ff80b8c0000 - 0x00007ff80b8df000 	C:\WINDOWS\SYSTEM32\dhcpcsvc.DLL
0x00007ff812e70000 - 0x00007ff812f68000 	C:\WINDOWS\SYSTEM32\DNSAPI.dll
0x00007fffe0e90000 - 0x00007fffe1021000 	C:\Program Files\Java\jdk-17\bin\awt.dll
0x00007ff80e770000 - 0x00007ff80e807000 	C:\WINDOWS\SYSTEM32\apphelp.dll
0x00007fffe1aa0000 - 0x00007fffe1ab0000 	C:\Program Files\Java\jdk-17\bin\verify.dll
0x0000000069ac0000 - 0x0000000069ae4000 	C:\Windows\Temp\jansi-2.4.0-24750a2bb9187c66-jansi.dll

dbghelp: loaded successfully - version: 4.0.5 - missing functions: none
symbol engine: initialized successfully - sym options: 0x614 - pdb path: .;C:\Program Files\Java\jdk-17\bin;C:\WINDOWS\SYSTEM32;C:\WINDOWS\WinSxS\amd64_microsoft.windows.common-controls_6595b64144ccf1df_6.0.22621.3672_none_2713b9d173822955;C:\Program Files\Java\jdk-17\bin\server;C:\Windows\Temp

VM Arguments:
java_command: jenkins.maven3.agent.Maven35Main C:\ProgramData\Jenkins\.jenkins\tools\hudson.tasks.Maven_MavenInstallation\maven3 C:\ProgramData\Jenkins\war\WEB-INF\lib\remoting-3206.vb_15dcf73f6a_9.jar C:\ProgramData\Jenkins\.jenkins\plugins\maven-plugin\WEB-INF\lib\maven35-interceptor-1.14.jar C:\ProgramData\Jenkins\.jenkins\plugins\maven-plugin\WEB-INF\lib\maven3-interceptor-commons-1.14.jar 63661
java_class_path (initial): C:\ProgramData\Jenkins\.jenkins\plugins\maven-plugin\WEB-INF\lib\maven35-agent-1.14.jar;C:\ProgramData\Jenkins\.jenkins\tools\hudson.tasks.Maven_MavenInstallation\maven3\boot\plexus-classworlds-2.7.0.jar;C:\ProgramData\Jenkins\.jenkins\tools\hudson.tasks.Maven_MavenInstallation\maven3/conf/logging
Launcher Type: SUN_STANDARD

[Global flags]
     intx CICompilerCount                          = 3                                         {product} {ergonomic}
     uint ConcGCThreads                            = 1                                         {product} {ergonomic}
     uint G1ConcRefinementThreads                  = 4                                         {product} {ergonomic}
   size_t G1HeapRegionSize                         = 1048576                                   {product} {ergonomic}
    uintx GCDrainStackTargetSize                   = 64                                        {product} {ergonomic}
   size_t InitialHeapSize                          = 130023424                                 {product} {ergonomic}
   size_t MarkStackSize                            = 4194304                                   {product} {ergonomic}
   size_t MaxHeapSize                              = 2069889024                                {product} {ergonomic}
   size_t MaxNewSize                               = 1241513984                                {product} {ergonomic}
   size_t MinHeapDeltaBytes                        = 1048576                                   {product} {ergonomic}
   size_t MinHeapSize                              = 8388608                                   {product} {ergonomic}
    uintx NonNMethodCodeHeapSize                   = 5832780                                {pd product} {ergonomic}
    uintx NonProfiledCodeHeapSize                  = 122912730                              {pd product} {ergonomic}
    uintx ProfiledCodeHeapSize                     = 122912730                              {pd product} {ergonomic}
    uintx ReservedCodeCacheSize                    = 251658240                              {pd product} {ergonomic}
     bool SegmentedCodeCache                       = true                                      {product} {ergonomic}
   size_t SoftMaxHeapSize                          = 2069889024                             {manageable} {ergonomic}
     bool UseCompressedClassPointers               = true                           {product lp64_product} {ergonomic}
     bool UseCompressedOops                        = true                           {product lp64_product} {ergonomic}
     bool UseG1GC                                  = true                                      {product} {ergonomic}
     bool UseLargePagesIndividualAllocation        = false                                  {pd product} {ergonomic}

Logging:
Log output configuration:
 #0: stdout all=warning uptime,level,tags
 #1: stderr all=off uptime,level,tags

Environment Variables:
PATH=C:\ProgramData\Jenkins\.jenkins\tools\hudson.tasks.Maven_MavenInstallation\maven3/bin;C:\Program Files\Common Files\Oracle\Java\javapath;C:\WINDOWS\system32;C:\WINDOWS;C:\WINDOWS\System32\Wbem;C:\WINDOWS\System32\WindowsPowerShell\v1.0\;C:\WINDOWS\System32\OpenSSH\;C:\Program Files\Java\jdk-17;C:\Program Files\Git\cmd;C:\Users\AC\git\RR_Web_Automation\RR\apache-maven-3.8.8-bin\apache-maven-3.8.8\bin;;C:\Program Files\Docker\Docker\resources\bin;C:\WINDOWS\system32\config\systemprofile\AppData\Local\Microsoft\WindowsApps
USERNAME=NEERU$
OS=Windows_NT
PROCESSOR_IDENTIFIER=Intel64 Family 6 Model 140 Stepping 1, GenuineIntel



---------------  S Y S T E M  ---------------

OS:
 Windows 11 , 64 bit Build 22621 (10.0.22621.3672)
OS uptime: 19 days 7:31 hours
Hyper-V role detected

CPU: total 4 (initial active 4) (2 cores per cpu, 2 threads per core) family 6 model 140 stepping 1 microcode 0x86, cx8, cmov, fxsr, ht, mmx, 3dnowpref, sse, sse2, sse3, ssse3, sse4.1, sse4.2, popcnt, lzcnt, tsc, tscinvbit, avx, avx2, aes, erms, clmul, bmi1, bmi2, adx, avx512f, avx512dq, avx512cd, avx512bw, avx512vl, sha, fma, vzeroupper, avx512_vpopcntdq, avx512_vpclmulqdq, avx512_vaes, avx512_vnni, clflush, clflushopt, clwb, avx512_vbmi2, avx512_vbmi, hv

Memory: 4k page, system-wide physical 7890M (279M free)
TotalPageFile size 32466M (AvailPageFile size 21M)
current process WorkingSet (physical memory assigned to process): 238M, peak: 238M
current process commit charge ("private bytes"): 303M, peak: 346M

vm_info: Java HotSpot(TM) 64-Bit Server VM (17.0.10+11-LTS-240) for windows-amd64 JRE (17.0.10+11-LTS-240), built on Dec 19 2023 21:47:25 by "mach5one" with MS VC++ 17.1 (VS2022)

END.
