#
# There is insufficient memory for the Java Runtime Environment to continue.
# Native memory allocation (malloc) failed to allocate 807296 bytes for Chunk::new
# Possible reasons:
#   The system is out of physical RAM or swap space
#   The process is running with CompressedOops enabled, and the Java Heap may be blocking the growth of the native heap
# Possible solutions:
#   Reduce memory load on the system
#   Increase physical memory or swap space
#   Check if swap backing store is full
#   Decrease Java heap size (-Xmx/-Xms)
#   Decrease number of Java threads
#   Decrease Java thread stack sizes (-Xss)
#   Set larger code cache with -XX:ReservedCodeCacheSize=
#   JVM is running with Unscaled Compressed Oops mode in which the Java heap is
#     placed in the first 4GB address space. The Java Heap base address is the
#     maximum limit for the native heap growth. Please use -XX:HeapBaseMinAddress
#     to set the Java Heap base and to place the Java Heap above 4GB virtual address.
# This output file may be truncated or incomplete.
#
#  Out of Memory Error (arena.cpp:189), pid=24488, tid=30924
#
# JRE version: Java(TM) SE Runtime Environment (17.0.10+11) (build 17.0.10+11-LTS-240)
# Java VM: Java HotSpot(TM) 64-Bit Server VM (17.0.10+11-LTS-240, mixed mode, sharing, tiered, compressed oops, compressed class ptrs, g1 gc, windows-amd64)
# No core dump will be written. Minidumps are not enabled by default on client versions of Windows
#

---------------  S U M M A R Y ------------

Command Line: jenkins.maven3.agent.Maven35Main C:\ProgramData\Jenkins\.jenkins\tools\hudson.tasks.Maven_MavenInstallation\maven3 C:\ProgramData\Jenkins\war\WEB-INF\lib\remoting-3206.vb_15dcf73f6a_9.jar C:\ProgramData\Jenkins\.jenkins\plugins\maven-plugin\WEB-INF\lib\maven35-interceptor-1.14.jar C:\ProgramData\Jenkins\.jenkins\plugins\maven-plugin\WEB-INF\lib\maven3-interceptor-commons-1.14.jar 63976

Host: 11th Gen Intel(R) Core(TM) i3-1115G4 @ 3.00GHz, 4 cores, 7G,  Windows 11 , 64 bit Build 22621 (10.0.22621.3672)
Time: Mon Jul  1 19:16:02 2024 India Standard Time elapsed time: 9.363507 seconds (0d 0h 0m 9s)

---------------  T H R E A D  ---------------

Current thread (0x000001d0ff641620):  JavaThread "C2 CompilerThread0" daemon [_thread_in_native, id=30924, stack(0x0000004578d00000,0x0000004578e00000)]


Current CompileTask:
C2:   9363 9228       4       com.sun.tools.javac.comp.Resolve$AbstractMethodCheck::argumentsAcceptable (288 bytes)

Stack: [0x0000004578d00000,0x0000004578e00000]
Native frames: (J=compiled Java code, j=interpreted, Vv=VM code, C=native code)
V  [jvm.dll+0x677a5a]
V  [jvm.dll+0x7d8b2d]
V  [jvm.dll+0x7da48e]
V  [jvm.dll+0x7daaf3]
V  [jvm.dll+0x2455ff]
V  [jvm.dll+0xaaafb]
V  [jvm.dll+0xab09c]
V  [jvm.dll+0x2aafef]
V  [jvm.dll+0x57fd55]
V  [jvm.dll+0x220472]
V  [jvm.dll+0x22084f]
V  [jvm.dll+0x2197a6]
V  [jvm.dll+0x216c79]
V  [jvm.dll+0x1a3410]
V  [jvm.dll+0x226aeb]
V  [jvm.dll+0x224cab]
V  [jvm.dll+0x78e45c]
V  [jvm.dll+0x78888a]
V  [jvm.dll+0x676935]
C  [ucrtbase.dll+0x29333]
C  [KERNEL32.DLL+0x1257d]
C  [ntdll.dll+0x5af28]


---------------  P R O C E S S  ---------------

Threads class SMR info:
_java_thread_list=0x000001d0dab13cd0, length=17, elements={
0x000001d0f4e5ce60, 0x000001d0ff61ee10, 0x000001d0ff61f7d0, 0x000001d0ff634800,
0x000001d0ff6350d0, 0x000001d0ff637aa0, 0x000001d0ff638460, 0x000001d0ff641620,
0x000001d0ff6459e0, 0x000001d0ff6583d0, 0x000001d0d80d6b40, 0x000001d0d80dbad0,
0x000001d0d834a010, 0x000001d0d834e020, 0x000001d0d834eab0, 0x000001d0d8364e30,
0x000001d0d8365310
}

Java Threads: ( => current thread )
  0x000001d0f4e5ce60 JavaThread "main" [_thread_blocked, id=9740, stack(0x0000004578000000,0x0000004578100000)]
  0x000001d0ff61ee10 JavaThread "Reference Handler" daemon [_thread_blocked, id=1908, stack(0x0000004578700000,0x0000004578800000)]
  0x000001d0ff61f7d0 JavaThread "Finalizer" daemon [_thread_blocked, id=31324, stack(0x0000004578800000,0x0000004578900000)]
  0x000001d0ff634800 JavaThread "Signal Dispatcher" daemon [_thread_blocked, id=33524, stack(0x0000004578900000,0x0000004578a00000)]
  0x000001d0ff6350d0 JavaThread "Attach Listener" daemon [_thread_blocked, id=26240, stack(0x0000004578a00000,0x0000004578b00000)]
  0x000001d0ff637aa0 JavaThread "Service Thread" daemon [_thread_blocked, id=31936, stack(0x0000004578b00000,0x0000004578c00000)]
  0x000001d0ff638460 JavaThread "Monitor Deflation Thread" daemon [_thread_blocked, id=10156, stack(0x0000004578c00000,0x0000004578d00000)]
=>0x000001d0ff641620 JavaThread "C2 CompilerThread0" daemon [_thread_in_native, id=30924, stack(0x0000004578d00000,0x0000004578e00000)]
  0x000001d0ff6459e0 JavaThread "C1 CompilerThread0" daemon [_thread_blocked, id=11152, stack(0x0000004578e00000,0x0000004578f00000)]
  0x000001d0ff6583d0 JavaThread "Sweeper thread" daemon [_thread_blocked, id=23520, stack(0x0000004578f00000,0x0000004579000000)]
  0x000001d0d80d6b40 JavaThread "Notification Thread" daemon [_thread_blocked, id=16348, stack(0x0000004579000000,0x0000004579100000)]
  0x000001d0d80dbad0 JavaThread "Common-Cleaner" daemon [_thread_blocked, id=23740, stack(0x0000004579200000,0x0000004579300000)]
  0x000001d0d834a010 JavaThread "RemoteInvocationHandler [#1]" daemon [_thread_blocked, id=22316, stack(0x0000004579300000,0x0000004579400000)]
  0x000001d0d834e020 JavaThread "Channel reader thread: channel" [_thread_in_native, id=1312, stack(0x0000004579400000,0x0000004579500000)]
  0x000001d0d834eab0 JavaThread "pool-1-thread-1 for channel id=8551" [_thread_in_native, id=1492, stack(0x0000004579500000,0x0000004579600000)]
  0x000001d0d8364e30 JavaThread "pool-1-thread-2" [_thread_blocked, id=3988, stack(0x0000004579600000,0x0000004579700000)]
  0x000001d0d8365310 JavaThread "pool-1-thread-3" [_thread_blocked, id=28600, stack(0x0000004579700000,0x0000004579800000)]

Other Threads:
  0x000001d0ff617450 VMThread "VM Thread" [stack: 0x0000004578600000,0x0000004578700000] [id=10280]
  0x000001d0d80db030 WatcherThread [stack: 0x0000004579100000,0x0000004579200000] [id=13372]
  0x000001d0f4eb4b10 GCTaskThread "GC Thread#0" [stack: 0x0000004578100000,0x0000004578200000] [id=4848]
  0x000001d0d894ed40 GCTaskThread "GC Thread#1" [stack: 0x0000004579800000,0x0000004579900000] [id=6576]
  0x000001d0d894f000 GCTaskThread "GC Thread#2" [stack: 0x0000004579900000,0x0000004579a00000] [id=35420]
  0x000001d0d894f2c0 GCTaskThread "GC Thread#3" [stack: 0x0000004579a00000,0x0000004579b00000] [id=14396]
  0x000001d0f4ec5130 ConcurrentGCThread "G1 Main Marker" [stack: 0x0000004578200000,0x0000004578300000] [id=12392]
  0x000001d0f4ec6b50 ConcurrentGCThread "G1 Conc#0" [stack: 0x0000004578300000,0x0000004578400000] [id=14260]
  0x000001d0f4f23170 ConcurrentGCThread "G1 Refine#0" [stack: 0x0000004578400000,0x0000004578500000] [id=21708]
  0x000001d0d946a390 ConcurrentGCThread "G1 Refine#1" [stack: 0x0000004579b00000,0x0000004579c00000] [id=25468]
  0x000001d0dabfb9f0 ConcurrentGCThread "G1 Refine#2" [stack: 0x0000004579c00000,0x0000004579d00000] [id=18180]
  0x000001d0f4f23ba0 ConcurrentGCThread "G1 Service" [stack: 0x0000004578500000,0x0000004578600000] [id=24640]

Threads with active compile tasks:
C2 CompilerThread0     9387 9228       4       com.sun.tools.javac.comp.Resolve$AbstractMethodCheck::argumentsAcceptable (288 bytes)
C1 CompilerThread0     9387 9429       2       org.codehaus.plexus.util.xml.pull.MXParser::setupFromTemplate (76 bytes)

VM state: not at safepoint (normal execution)

VM Mutex/Monitor currently owned by a thread: None

Heap address: 0x0000000084a00000, size: 1974 MB, Compressed Oops mode: 32-bit

CDS archive(s) mapped at: [0x000001d093000000-0x000001d093bd0000-0x000001d093bd0000), size 12386304, SharedBaseAddress: 0x000001d093000000, ArchiveRelocationMode: 1.
Compressed class space mapped at: 0x000001d094000000-0x000001d0d4000000, reserved size: 1073741824
Narrow klass base: 0x000001d093000000, Narrow klass shift: 0, Narrow klass range: 0x100000000

GC Precious Log:
 CPUs: 4 total, 4 available
 Memory: 7890M
 Large Page Support: Disabled
 NUMA Support: Disabled
 Compressed Oops: Enabled (32-bit)
 Heap Region Size: 1M
 Heap Min Capacity: 8M
 Heap Initial Capacity: 124M
 Heap Max Capacity: 1974M
 Pre-touch: Disabled
 Parallel Workers: 4
 Concurrent Workers: 1
 Concurrent Refinement Workers: 4
 Periodic GC: Disabled

Heap:
 garbage-first heap   total 166912K, used 92158K [0x0000000084a00000, 0x0000000100000000)
  region size 1024K, 34 young (34816K), 4 survivors (4096K)
 Metaspace       used 33622K, committed 34048K, reserved 1114112K
  class space    used 3661K, committed 3904K, reserved 1048576K

Heap Regions: E=young(eden), S=young(survivor), O=old, HS=humongous(starts), HC=humongous(continues), CS=collection set, F=free, OA=open archive, CA=closed archive, TAMS=top-at-mark-start (previous, next)
|   0|0x0000000084a00000, 0x0000000084b00000, 0x0000000084b00000|100%|HS|  |TAMS 0x0000000084b00000, 0x0000000084b00000| Complete 
|   1|0x0000000084b00000, 0x0000000084c00000, 0x0000000084c00000|100%|HC|  |TAMS 0x0000000084c00000, 0x0000000084c00000| Complete 
|   2|0x0000000084c00000, 0x0000000084d00000, 0x0000000084d00000|100%|HS|  |TAMS 0x0000000084d00000, 0x0000000084d00000| Complete 
|   3|0x0000000084d00000, 0x0000000084e00000, 0x0000000084e00000|100%|HC|  |TAMS 0x0000000084e00000, 0x0000000084e00000| Complete 
|   4|0x0000000084e00000, 0x0000000084f00000, 0x0000000084f00000|100%| O|  |TAMS 0x0000000084f00000, 0x0000000084f00000| Untracked 
|   5|0x0000000084f00000, 0x0000000085000000, 0x0000000085000000|100%| O|  |TAMS 0x0000000085000000, 0x0000000085000000| Untracked 
|   6|0x0000000085000000, 0x0000000085100000, 0x0000000085100000|100%| O|  |TAMS 0x0000000085100000, 0x0000000085100000| Untracked 
|   7|0x0000000085100000, 0x0000000085200000, 0x0000000085200000|100%| O|  |TAMS 0x0000000085200000, 0x0000000085200000| Untracked 
|   8|0x0000000085200000, 0x0000000085300000, 0x0000000085300000|100%| O|  |TAMS 0x0000000085300000, 0x0000000085300000| Untracked 
|   9|0x0000000085300000, 0x0000000085400000, 0x0000000085400000|100%|HS|  |TAMS 0x0000000085400000, 0x0000000085400000| Complete 
|  10|0x0000000085400000, 0x0000000085500000, 0x0000000085500000|100%| O|  |TAMS 0x0000000085500000, 0x0000000085500000| Untracked 
|  11|0x0000000085500000, 0x0000000085600000, 0x0000000085600000|100%| O|  |TAMS 0x0000000085600000, 0x0000000085600000| Untracked 
|  12|0x0000000085600000, 0x0000000085700000, 0x0000000085700000|100%| O|  |TAMS 0x0000000085700000, 0x0000000085700000| Untracked 
|  13|0x0000000085700000, 0x0000000085800000, 0x0000000085800000|100%| O|  |TAMS 0x0000000085800000, 0x0000000085800000| Untracked 
|  14|0x0000000085800000, 0x0000000085900000, 0x0000000085900000|100%| O|  |TAMS 0x0000000085900000, 0x0000000085900000| Untracked 
|  15|0x0000000085900000, 0x0000000085a00000, 0x0000000085a00000|100%| O|  |TAMS 0x0000000085a00000, 0x0000000085a00000| Untracked 
|  16|0x0000000085a00000, 0x0000000085b00000, 0x0000000085b00000|100%| O|  |TAMS 0x0000000085b00000, 0x0000000085b00000| Untracked 
|  17|0x0000000085b00000, 0x0000000085c00000, 0x0000000085c00000|100%| O|  |TAMS 0x0000000085c00000, 0x0000000085c00000| Untracked 
|  18|0x0000000085c00000, 0x0000000085d00000, 0x0000000085d00000|100%| O|  |TAMS 0x0000000085d00000, 0x0000000085d00000| Untracked 
|  19|0x0000000085d00000, 0x0000000085e00000, 0x0000000085e00000|100%| O|  |TAMS 0x0000000085e00000, 0x0000000085e00000| Untracked 
|  20|0x0000000085e00000, 0x0000000085f00000, 0x0000000085f00000|100%| O|  |TAMS 0x0000000085f00000, 0x0000000085f00000| Untracked 
|  21|0x0000000085f00000, 0x0000000086000000, 0x0000000086000000|100%|HS|  |TAMS 0x0000000086000000, 0x0000000086000000| Complete 
|  22|0x0000000086000000, 0x0000000086100000, 0x0000000086100000|100%| O|  |TAMS 0x0000000086100000, 0x0000000086100000| Untracked 
|  23|0x0000000086100000, 0x0000000086200000, 0x0000000086200000|100%| O|  |TAMS 0x0000000086200000, 0x0000000086200000| Untracked 
|  24|0x0000000086200000, 0x0000000086300000, 0x0000000086300000|100%| O|  |TAMS 0x0000000086300000, 0x0000000086300000| Untracked 
|  25|0x0000000086300000, 0x0000000086400000, 0x0000000086400000|100%| O|  |TAMS 0x0000000086400000, 0x0000000086400000| Untracked 
|  26|0x0000000086400000, 0x0000000086500000, 0x0000000086500000|100%| O|  |TAMS 0x0000000086500000, 0x0000000086500000| Untracked 
|  27|0x0000000086500000, 0x0000000086600000, 0x0000000086600000|100%| O|  |TAMS 0x0000000086600000, 0x0000000086600000| Untracked 
|  28|0x0000000086600000, 0x0000000086700000, 0x0000000086700000|100%| O|  |TAMS 0x0000000086700000, 0x0000000086700000| Untracked 
|  29|0x0000000086700000, 0x0000000086800000, 0x0000000086800000|100%| O|  |TAMS 0x0000000086800000, 0x0000000086800000| Untracked 
|  30|0x0000000086800000, 0x0000000086900000, 0x0000000086900000|100%| O|  |TAMS 0x0000000086900000, 0x0000000086900000| Untracked 
|  31|0x0000000086900000, 0x0000000086a00000, 0x0000000086a00000|100%| O|  |TAMS 0x0000000086a00000, 0x0000000086a00000| Untracked 
|  32|0x0000000086a00000, 0x0000000086b00000, 0x0000000086b00000|100%| O|  |TAMS 0x0000000086b00000, 0x0000000086b00000| Untracked 
|  33|0x0000000086b00000, 0x0000000086c00000, 0x0000000086c00000|100%|HS|  |TAMS 0x0000000086c00000, 0x0000000086c00000| Complete 
|  34|0x0000000086c00000, 0x0000000086d00000, 0x0000000086d00000|100%|HS|  |TAMS 0x0000000086d00000, 0x0000000086d00000| Complete 
|  35|0x0000000086d00000, 0x0000000086e00000, 0x0000000086e00000|100%| O|  |TAMS 0x0000000086e00000, 0x0000000086e00000| Untracked 
|  36|0x0000000086e00000, 0x0000000086f00000, 0x0000000086f00000|100%| O|  |TAMS 0x0000000086f00000, 0x0000000086f00000| Untracked 
|  37|0x0000000086f00000, 0x0000000087000000, 0x0000000087000000|100%| O|  |TAMS 0x0000000087000000, 0x0000000087000000| Untracked 
|  38|0x0000000087000000, 0x0000000087100000, 0x0000000087100000|100%| O|  |TAMS 0x0000000087100000, 0x0000000087100000| Untracked 
|  39|0x0000000087100000, 0x0000000087200000, 0x0000000087200000|100%| O|  |TAMS 0x0000000087200000, 0x0000000087200000| Untracked 
|  40|0x0000000087200000, 0x0000000087300000, 0x0000000087300000|100%| O|  |TAMS 0x0000000087300000, 0x0000000087300000| Untracked 
|  41|0x0000000087300000, 0x0000000087400000, 0x0000000087400000|100%| O|  |TAMS 0x0000000087400000, 0x0000000087400000| Untracked 
|  42|0x0000000087400000, 0x0000000087500000, 0x0000000087500000|100%| O|  |TAMS 0x0000000087500000, 0x0000000087500000| Untracked 
|  43|0x0000000087500000, 0x0000000087600000, 0x0000000087600000|100%| O|  |TAMS 0x0000000087600000, 0x0000000087600000| Untracked 
|  44|0x0000000087600000, 0x0000000087700000, 0x0000000087700000|100%| O|  |TAMS 0x0000000087700000, 0x0000000087700000| Untracked 
|  45|0x0000000087700000, 0x0000000087800000, 0x0000000087800000|100%| O|  |TAMS 0x0000000087800000, 0x0000000087800000| Untracked 
|  46|0x0000000087800000, 0x0000000087900000, 0x0000000087900000|100%| O|  |TAMS 0x0000000087900000, 0x0000000087900000| Untracked 
|  47|0x0000000087900000, 0x0000000087a00000, 0x0000000087a00000|100%| O|  |TAMS 0x0000000087a00000, 0x0000000087a00000| Untracked 
|  48|0x0000000087a00000, 0x0000000087b00000, 0x0000000087b00000|100%| O|  |TAMS 0x0000000087b00000, 0x0000000087b00000| Untracked 
|  49|0x0000000087b00000, 0x0000000087c00000, 0x0000000087c00000|100%| O|  |TAMS 0x0000000087b39000, 0x0000000087c00000| Untracked 
|  50|0x0000000087c00000, 0x0000000087d00000, 0x0000000087d00000|100%| O|  |TAMS 0x0000000087c00000, 0x0000000087d00000| Untracked 
|  51|0x0000000087d00000, 0x0000000087e00000, 0x0000000087e00000|100%| O|  |TAMS 0x0000000087d00000, 0x0000000087e00000| Untracked 
|  52|0x0000000087e00000, 0x0000000087f00000, 0x0000000087f00000|100%| O|  |TAMS 0x0000000087e00000, 0x0000000087f00000| Untracked 
|  53|0x0000000087f00000, 0x0000000088000000, 0x0000000088000000|100%| O|  |TAMS 0x0000000087f00000, 0x0000000087f70400| Untracked 
|  54|0x0000000088000000, 0x0000000088000000, 0x0000000088100000|  0%| F|  |TAMS 0x0000000088000000, 0x0000000088000000| Untracked 
|  55|0x0000000088100000, 0x0000000088200000, 0x0000000088200000|100%| O|  |TAMS 0x0000000088100000, 0x0000000088100000| Untracked 
|  56|0x0000000088200000, 0x0000000088300000, 0x0000000088300000|100%| O|  |TAMS 0x0000000088200000, 0x0000000088200000| Untracked 
|  57|0x0000000088300000, 0x00000000883f0800, 0x0000000088400000| 93%| O|  |TAMS 0x0000000088300000, 0x0000000088300000| Untracked 
|  58|0x0000000088400000, 0x0000000088500000, 0x0000000088500000|100%|HS|  |TAMS 0x0000000088400000, 0x0000000088400000| Complete 
|  59|0x0000000088500000, 0x0000000088600000, 0x0000000088600000|100%|HC|  |TAMS 0x0000000088500000, 0x0000000088500000| Complete 
|  60|0x0000000088600000, 0x0000000088600000, 0x0000000088700000|  0%| F|  |TAMS 0x0000000088600000, 0x0000000088600000| Untracked 
|  61|0x0000000088700000, 0x0000000088700000, 0x0000000088800000|  0%| F|  |TAMS 0x0000000088700000, 0x0000000088700000| Untracked 
|  62|0x0000000088800000, 0x0000000088800000, 0x0000000088900000|  0%| F|  |TAMS 0x0000000088800000, 0x0000000088800000| Untracked 
|  63|0x0000000088900000, 0x0000000088900000, 0x0000000088a00000|  0%| F|  |TAMS 0x0000000088900000, 0x0000000088900000| Untracked 
|  64|0x0000000088a00000, 0x0000000088a00000, 0x0000000088b00000|  0%| F|  |TAMS 0x0000000088a00000, 0x0000000088a00000| Untracked 
|  65|0x0000000088b00000, 0x0000000088b00000, 0x0000000088c00000|  0%| F|  |TAMS 0x0000000088b00000, 0x0000000088b00000| Untracked 
|  66|0x0000000088c00000, 0x0000000088c00000, 0x0000000088d00000|  0%| F|  |TAMS 0x0000000088c00000, 0x0000000088c00000| Untracked 
|  67|0x0000000088d00000, 0x0000000088d00000, 0x0000000088e00000|  0%| F|  |TAMS 0x0000000088d00000, 0x0000000088d00000| Untracked 
|  68|0x0000000088e00000, 0x0000000088e00000, 0x0000000088f00000|  0%| F|  |TAMS 0x0000000088e00000, 0x0000000088e00000| Untracked 
|  69|0x0000000088f00000, 0x0000000088f00000, 0x0000000089000000|  0%| F|  |TAMS 0x0000000088f00000, 0x0000000088f00000| Untracked 
|  70|0x0000000089000000, 0x0000000089000000, 0x0000000089100000|  0%| F|  |TAMS 0x0000000089000000, 0x0000000089000000| Untracked 
|  71|0x0000000089100000, 0x0000000089100000, 0x0000000089200000|  0%| F|  |TAMS 0x0000000089100000, 0x0000000089100000| Untracked 
|  72|0x0000000089200000, 0x0000000089200000, 0x0000000089300000|  0%| F|  |TAMS 0x0000000089200000, 0x0000000089200000| Untracked 
|  73|0x0000000089300000, 0x0000000089300000, 0x0000000089400000|  0%| F|  |TAMS 0x0000000089300000, 0x0000000089300000| Untracked 
|  74|0x0000000089400000, 0x0000000089400000, 0x0000000089500000|  0%| F|  |TAMS 0x0000000089400000, 0x0000000089400000| Untracked 
|  75|0x0000000089500000, 0x0000000089500000, 0x0000000089600000|  0%| F|  |TAMS 0x0000000089500000, 0x0000000089500000| Untracked 
|  76|0x0000000089600000, 0x0000000089600000, 0x0000000089700000|  0%| F|  |TAMS 0x0000000089600000, 0x0000000089600000| Untracked 
|  77|0x0000000089700000, 0x0000000089700000, 0x0000000089800000|  0%| F|  |TAMS 0x0000000089700000, 0x0000000089700000| Untracked 
|  78|0x0000000089800000, 0x0000000089800000, 0x0000000089900000|  0%| F|  |TAMS 0x0000000089800000, 0x0000000089800000| Untracked 
|  79|0x0000000089900000, 0x0000000089900000, 0x0000000089a00000|  0%| F|  |TAMS 0x0000000089900000, 0x0000000089900000| Untracked 
|  80|0x0000000089a00000, 0x0000000089a00000, 0x0000000089b00000|  0%| F|  |TAMS 0x0000000089a00000, 0x0000000089a00000| Untracked 
|  81|0x0000000089b00000, 0x0000000089b00000, 0x0000000089c00000|  0%| F|  |TAMS 0x0000000089b00000, 0x0000000089b00000| Untracked 
|  82|0x0000000089c00000, 0x0000000089c00000, 0x0000000089d00000|  0%| F|  |TAMS 0x0000000089c00000, 0x0000000089c00000| Untracked 
|  83|0x0000000089d00000, 0x0000000089d00000, 0x0000000089e00000|  0%| F|  |TAMS 0x0000000089d00000, 0x0000000089d00000| Untracked 
|  84|0x0000000089e00000, 0x0000000089e00000, 0x0000000089f00000|  0%| F|  |TAMS 0x0000000089e00000, 0x0000000089e00000| Untracked 
|  85|0x0000000089f00000, 0x0000000089f00000, 0x000000008a000000|  0%| F|  |TAMS 0x0000000089f00000, 0x0000000089f00000| Untracked 
|  86|0x000000008a000000, 0x000000008a000000, 0x000000008a100000|  0%| F|  |TAMS 0x000000008a000000, 0x000000008a000000| Untracked 
|  87|0x000000008a100000, 0x000000008a100000, 0x000000008a200000|  0%| F|  |TAMS 0x000000008a100000, 0x000000008a100000| Untracked 
|  88|0x000000008a200000, 0x000000008a200000, 0x000000008a300000|  0%| F|  |TAMS 0x000000008a200000, 0x000000008a200000| Untracked 
|  89|0x000000008a300000, 0x000000008a300000, 0x000000008a400000|  0%| F|  |TAMS 0x000000008a300000, 0x000000008a300000| Untracked 
|  90|0x000000008a400000, 0x000000008a400000, 0x000000008a500000|  0%| F|  |TAMS 0x000000008a400000, 0x000000008a400000| Untracked 
|  91|0x000000008a500000, 0x000000008a500000, 0x000000008a600000|  0%| F|  |TAMS 0x000000008a500000, 0x000000008a500000| Untracked 
|  92|0x000000008a600000, 0x000000008a600000, 0x000000008a700000|  0%| F|  |TAMS 0x000000008a600000, 0x000000008a600000| Untracked 
|  93|0x000000008a700000, 0x000000008a700000, 0x000000008a800000|  0%| F|  |TAMS 0x000000008a700000, 0x000000008a700000| Untracked 
|  94|0x000000008a800000, 0x000000008a800000, 0x000000008a900000|  0%| F|  |TAMS 0x000000008a800000, 0x000000008a800000| Untracked 
|  95|0x000000008a900000, 0x000000008a900000, 0x000000008aa00000|  0%| F|  |TAMS 0x000000008a900000, 0x000000008a900000| Untracked 
|  96|0x000000008aa00000, 0x000000008aa00000, 0x000000008ab00000|  0%| F|  |TAMS 0x000000008aa00000, 0x000000008aa00000| Untracked 
|  97|0x000000008ab00000, 0x000000008ab00000, 0x000000008ac00000|  0%| F|  |TAMS 0x000000008ab00000, 0x000000008ab00000| Untracked 
|  98|0x000000008ac00000, 0x000000008ac00000, 0x000000008ad00000|  0%| F|  |TAMS 0x000000008ac00000, 0x000000008ac00000| Untracked 
|  99|0x000000008ad00000, 0x000000008ad00000, 0x000000008ae00000|  0%| F|  |TAMS 0x000000008ad00000, 0x000000008ad00000| Untracked 
| 100|0x000000008ae00000, 0x000000008ae00000, 0x000000008af00000|  0%| F|  |TAMS 0x000000008ae00000, 0x000000008ae00000| Untracked 
| 101|0x000000008af00000, 0x000000008af00000, 0x000000008b000000|  0%| F|  |TAMS 0x000000008af00000, 0x000000008af00000| Untracked 
| 102|0x000000008b000000, 0x000000008b000000, 0x000000008b100000|  0%| F|  |TAMS 0x000000008b000000, 0x000000008b000000| Untracked 
| 103|0x000000008b100000, 0x000000008b100000, 0x000000008b200000|  0%| F|  |TAMS 0x000000008b100000, 0x000000008b100000| Untracked 
| 104|0x000000008b200000, 0x000000008b200000, 0x000000008b300000|  0%| F|  |TAMS 0x000000008b200000, 0x000000008b200000| Untracked 
| 105|0x000000008b300000, 0x000000008b300000, 0x000000008b400000|  0%| F|  |TAMS 0x000000008b300000, 0x000000008b300000| Untracked 
| 106|0x000000008b400000, 0x000000008b400000, 0x000000008b500000|  0%| F|  |TAMS 0x000000008b400000, 0x000000008b400000| Untracked 
| 107|0x000000008b500000, 0x000000008b500000, 0x000000008b600000|  0%| F|  |TAMS 0x000000008b500000, 0x000000008b500000| Untracked 
| 108|0x000000008b600000, 0x000000008b60f288, 0x000000008b700000|  5%| S|CS|TAMS 0x000000008b600000, 0x000000008b600000| Complete 
| 109|0x000000008b700000, 0x000000008b800000, 0x000000008b800000|100%| S|CS|TAMS 0x000000008b700000, 0x000000008b700000| Complete 
| 110|0x000000008b800000, 0x000000008b900000, 0x000000008b900000|100%| S|CS|TAMS 0x000000008b800000, 0x000000008b800000| Complete 
| 111|0x000000008b900000, 0x000000008ba00000, 0x000000008ba00000|100%| S|CS|TAMS 0x000000008b900000, 0x000000008b900000| Complete 
| 112|0x000000008ba00000, 0x000000008ba00000, 0x000000008bb00000|  0%| F|  |TAMS 0x000000008ba00000, 0x000000008ba00000| Untracked 
| 113|0x000000008bb00000, 0x000000008bb00000, 0x000000008bc00000|  0%| F|  |TAMS 0x000000008bb00000, 0x000000008bb00000| Untracked 
| 114|0x000000008bc00000, 0x000000008bc00000, 0x000000008bd00000|  0%| F|  |TAMS 0x000000008bc00000, 0x000000008bc00000| Untracked 
| 115|0x000000008bd00000, 0x000000008bd00000, 0x000000008be00000|  0%| F|  |TAMS 0x000000008bd00000, 0x000000008bd00000| Untracked 
| 116|0x000000008be00000, 0x000000008be00000, 0x000000008bf00000|  0%| F|  |TAMS 0x000000008be00000, 0x000000008be00000| Untracked 
| 117|0x000000008bf00000, 0x000000008bf00000, 0x000000008c000000|  0%| F|  |TAMS 0x000000008bf00000, 0x000000008bf00000| Untracked 
| 118|0x000000008c000000, 0x000000008c000000, 0x000000008c100000|  0%| F|  |TAMS 0x000000008c000000, 0x000000008c000000| Untracked 
| 119|0x000000008c100000, 0x000000008c100000, 0x000000008c200000|  0%| F|  |TAMS 0x000000008c100000, 0x000000008c100000| Untracked 
| 120|0x000000008c200000, 0x000000008c200000, 0x000000008c300000|  0%| F|  |TAMS 0x000000008c200000, 0x000000008c200000| Untracked 
| 121|0x000000008c300000, 0x000000008c300000, 0x000000008c400000|  0%| F|  |TAMS 0x000000008c300000, 0x000000008c300000| Untracked 
| 122|0x000000008c400000, 0x000000008c400000, 0x000000008c500000|  0%| F|  |TAMS 0x000000008c400000, 0x000000008c400000| Untracked 
| 123|0x000000008c500000, 0x000000008c500000, 0x000000008c600000|  0%| F|  |TAMS 0x000000008c500000, 0x000000008c500000| Untracked 
| 124|0x000000008c600000, 0x000000008c600000, 0x000000008c700000|  0%| F|  |TAMS 0x000000008c600000, 0x000000008c600000| Untracked 
| 125|0x000000008c700000, 0x000000008c700000, 0x000000008c800000|  0%| F|  |TAMS 0x000000008c700000, 0x000000008c700000| Untracked 
| 126|0x000000008c800000, 0x000000008c800000, 0x000000008c900000|  0%| F|  |TAMS 0x000000008c800000, 0x000000008c800000| Untracked 
| 127|0x000000008c900000, 0x000000008c900000, 0x000000008ca00000|  0%| F|  |TAMS 0x000000008c900000, 0x000000008c900000| Untracked 
| 128|0x000000008ca00000, 0x000000008ca00000, 0x000000008cb00000|  0%| F|  |TAMS 0x000000008ca00000, 0x000000008ca00000| Untracked 
| 129|0x000000008cb00000, 0x000000008cb00000, 0x000000008cc00000|  0%| F|  |TAMS 0x000000008cb00000, 0x000000008cb00000| Untracked 
| 130|0x000000008cc00000, 0x000000008cc00000, 0x000000008cd00000|  0%| F|  |TAMS 0x000000008cc00000, 0x000000008cc00000| Untracked 
| 131|0x000000008cd00000, 0x000000008cd00000, 0x000000008ce00000|  0%| F|  |TAMS 0x000000008cd00000, 0x000000008cd00000| Untracked 
| 132|0x000000008ce00000, 0x000000008ce00000, 0x000000008cf00000|  0%| F|  |TAMS 0x000000008ce00000, 0x000000008ce00000| Untracked 
| 133|0x000000008cf00000, 0x000000008d000000, 0x000000008d000000|100%| E|  |TAMS 0x000000008cf00000, 0x000000008cf00000| Complete 
| 134|0x000000008d000000, 0x000000008d100000, 0x000000008d100000|100%| E|CS|TAMS 0x000000008d000000, 0x000000008d000000| Complete 
| 135|0x000000008d100000, 0x000000008d200000, 0x000000008d200000|100%| E|  |TAMS 0x000000008d100000, 0x000000008d100000| Complete 
| 136|0x000000008d200000, 0x000000008d300000, 0x000000008d300000|100%| E|CS|TAMS 0x000000008d200000, 0x000000008d200000| Complete 
| 137|0x000000008d300000, 0x000000008d400000, 0x000000008d400000|100%| E|CS|TAMS 0x000000008d300000, 0x000000008d300000| Complete 
| 138|0x000000008d400000, 0x000000008d500000, 0x000000008d500000|100%| E|CS|TAMS 0x000000008d400000, 0x000000008d400000| Complete 
| 139|0x000000008d500000, 0x000000008d600000, 0x000000008d600000|100%| E|CS|TAMS 0x000000008d500000, 0x000000008d500000| Complete 
| 140|0x000000008d600000, 0x000000008d700000, 0x000000008d700000|100%| E|CS|TAMS 0x000000008d600000, 0x000000008d600000| Complete 
| 141|0x000000008d700000, 0x000000008d800000, 0x000000008d800000|100%| E|CS|TAMS 0x000000008d700000, 0x000000008d700000| Complete 
| 142|0x000000008d800000, 0x000000008d900000, 0x000000008d900000|100%| E|CS|TAMS 0x000000008d800000, 0x000000008d800000| Complete 
| 143|0x000000008d900000, 0x000000008da00000, 0x000000008da00000|100%| E|CS|TAMS 0x000000008d900000, 0x000000008d900000| Complete 
| 144|0x000000008da00000, 0x000000008db00000, 0x000000008db00000|100%| E|CS|TAMS 0x000000008da00000, 0x000000008da00000| Complete 
| 145|0x000000008db00000, 0x000000008dc00000, 0x000000008dc00000|100%| E|CS|TAMS 0x000000008db00000, 0x000000008db00000| Complete 
| 146|0x000000008dc00000, 0x000000008dd00000, 0x000000008dd00000|100%| E|CS|TAMS 0x000000008dc00000, 0x000000008dc00000| Complete 
| 147|0x000000008dd00000, 0x000000008de00000, 0x000000008de00000|100%| E|CS|TAMS 0x000000008dd00000, 0x000000008dd00000| Complete 
| 148|0x000000008de00000, 0x000000008df00000, 0x000000008df00000|100%| E|CS|TAMS 0x000000008de00000, 0x000000008de00000| Complete 
| 149|0x000000008df00000, 0x000000008e000000, 0x000000008e000000|100%| E|CS|TAMS 0x000000008df00000, 0x000000008df00000| Complete 
| 150|0x000000008e000000, 0x000000008e100000, 0x000000008e100000|100%| E|CS|TAMS 0x000000008e000000, 0x000000008e000000| Complete 
| 151|0x000000008e100000, 0x000000008e200000, 0x000000008e200000|100%| E|CS|TAMS 0x000000008e100000, 0x000000008e100000| Complete 
| 152|0x000000008e200000, 0x000000008e300000, 0x000000008e300000|100%| E|CS|TAMS 0x000000008e200000, 0x000000008e200000| Complete 
| 153|0x000000008e300000, 0x000000008e400000, 0x000000008e400000|100%| E|CS|TAMS 0x000000008e300000, 0x000000008e300000| Complete 
| 154|0x000000008e400000, 0x000000008e500000, 0x000000008e500000|100%| E|CS|TAMS 0x000000008e400000, 0x000000008e400000| Complete 
| 155|0x000000008e500000, 0x000000008e600000, 0x000000008e600000|100%| E|CS|TAMS 0x000000008e500000, 0x000000008e500000| Complete 
| 156|0x000000008e600000, 0x000000008e700000, 0x000000008e700000|100%| E|CS|TAMS 0x000000008e600000, 0x000000008e600000| Complete 
| 157|0x000000008e700000, 0x000000008e800000, 0x000000008e800000|100%| E|CS|TAMS 0x000000008e700000, 0x000000008e700000| Complete 
| 158|0x000000008e800000, 0x000000008e900000, 0x000000008e900000|100%| E|CS|TAMS 0x000000008e800000, 0x000000008e800000| Complete 
| 159|0x000000008e900000, 0x000000008ea00000, 0x000000008ea00000|100%| E|CS|TAMS 0x000000008e900000, 0x000000008e900000| Complete 
| 160|0x000000008ea00000, 0x000000008eb00000, 0x000000008eb00000|100%| E|CS|TAMS 0x000000008ea00000, 0x000000008ea00000| Complete 
| 161|0x000000008eb00000, 0x000000008ec00000, 0x000000008ec00000|100%| E|CS|TAMS 0x000000008eb00000, 0x000000008eb00000| Complete 
| 162|0x000000008ec00000, 0x000000008ed00000, 0x000000008ed00000|100%| E|CS|TAMS 0x000000008ec00000, 0x000000008ec00000| Complete 

Card table byte_map: [0x000001d0fcaf0000,0x000001d0fced0000] _byte_map_base: 0x000001d0fc6cb000

Marking Bits (Prev, Next): (CMBitMap*) 0x000001d0f4eb5140, (CMBitMap*) 0x000001d0f4eb5180
 Prev Bits: [0x000001d0fd2b0000, 0x000001d0ff188000)
 Next Bits: [0x000001d08f000000, 0x000001d090ed8000)

Polling page: 0x000001d0f4630000

Metaspace:

Usage:
  Non-class:     29.26 MB used.
      Class:      3.58 MB used.
       Both:     32.84 MB used.

Virtual space:
  Non-class space:       64.00 MB reserved,      29.44 MB ( 46%) committed,  1 nodes.
      Class space:        1.00 GB reserved,       3.81 MB ( <1%) committed,  1 nodes.
             Both:        1.06 GB reserved,      33.25 MB (  3%) committed. 

Chunk freelists:
   Non-Class:  2.58 MB
       Class:  12.23 MB
        Both:  14.81 MB

MaxMetaspaceSize: unlimited
CompressedClassSpaceSize: 1.00 GB
Initial GC threshold: 21.00 MB
Current GC threshold: 50.31 MB
CDS: on
MetaspaceReclaimPolicy: balanced
 - commit_granule_bytes: 65536.
 - commit_granule_words: 8192.
 - virtual_space_node_default_size: 8388608.
 - enlarge_chunks_in_place: 1.
 - new_chunks_are_fully_committed: 0.
 - uncommit_free_chunks: 1.
 - use_allocation_guard: 0.
 - handle_deallocations: 1.


Internal statistics:

num_allocs_failed_limit: 3.
num_arena_births: 430.
num_arena_deaths: 0.
num_vsnodes_births: 2.
num_vsnodes_deaths: 0.
num_space_committed: 532.
num_space_uncommitted: 0.
num_chunks_returned_to_freelist: 3.
num_chunks_taken_from_freelist: 1750.
num_chunk_merges: 0.
num_chunk_splits: 1146.
num_chunks_enlarged: 781.
num_inconsistent_stats: 0.

CodeHeap 'non-profiled nmethods': size=120000Kb used=3594Kb max_used=3594Kb free=116405Kb
 bounds [0x000001d087ad0000, 0x000001d087e60000, 0x000001d08f000000]
CodeHeap 'profiled nmethods': size=120000Kb used=19033Kb max_used=19033Kb free=100966Kb
 bounds [0x000001d080000000, 0x000001d0812a0000, 0x000001d087530000]
CodeHeap 'non-nmethods': size=5760Kb used=1232Kb max_used=1281Kb free=4527Kb
 bounds [0x000001d087530000, 0x000001d0877a0000, 0x000001d087ad0000]
 total_blobs=9050 nmethods=8524 adapters=438
 compilation: enabled
              stopped_count=0, restarted_count=0
 full_count=0

Compilation events (20 events):
Event: 9.204 Thread 0x000001d0ff6459e0 9414       2       hudson.remoting.Capability::supportsMultiClassLoaderRPC (19 bytes)
Event: 9.204 Thread 0x000001d0ff6459e0 nmethod 9414 0x000001d08128e310 code [0x000001d08128e4a0, 0x000001d08128e5d8]
Event: 9.204 Thread 0x000001d0ff6459e0 9415       2       java.io.ObjectOutputStream::flush (8 bytes)
Event: 9.204 Thread 0x000001d0ff6459e0 nmethod 9415 0x000001d08128e690 code [0x000001d08128e840, 0x000001d08128e998]
Event: 9.215 Thread 0x000001d0ff6459e0 9416       2       java.lang.Thread::checkAccess (14 bytes)
Event: 9.215 Thread 0x000001d0ff6459e0 nmethod 9416 0x000001d08128ea90 code [0x000001d08128ec20, 0x000001d08128ed68]
Event: 9.215 Thread 0x000001d0ff6459e0 9417       2       java.util.zip.ZipEntry::<init> (172 bytes)
Event: 9.216 Thread 0x000001d0ff6459e0 nmethod 9417 0x000001d08128ee10 code [0x000001d08128efc0, 0x000001d08128f488]
Event: 9.217 Thread 0x000001d0ff6459e0 9418  s    2       hudson.remoting.Channel::send (75 bytes)
Event: 9.217 Thread 0x000001d0ff6459e0 nmethod 9418 0x000001d08128f590 code [0x000001d08128f7a0, 0x000001d08128fbf8]
Event: 9.217 Thread 0x000001d0ff6459e0 9419   !   2       hudson.remoting.AbstractSynchronousByteArrayCommandTransport::write (93 bytes)
Event: 9.218 Thread 0x000001d0ff6459e0 nmethod 9419 0x000001d08128ff10 code [0x000001d081290260, 0x000001d081290c18]
Event: 9.218 Thread 0x000001d0ff6459e0 9420       2       org.jenkinsci.remoting.util.AnonymousClassWarnings::checkingObjectOutputStream (9 bytes)
Event: 9.218 Thread 0x000001d0ff6459e0 nmethod 9420 0x000001d081291710 code [0x000001d0812918a0, 0x000001d081291a28]
Event: 9.244 Thread 0x000001d0ff6459e0 9421       2       java.lang.Package::<init> (47 bytes)
Event: 9.245 Thread 0x000001d0ff6459e0 nmethod 9421 0x000001d081291b10 code [0x000001d081291ce0, 0x000001d081291fc8]
Event: 9.246 Thread 0x000001d0ff6459e0 9422       1       hudson.remoting.Channel::getSenderCloseCause (5 bytes)
Event: 9.247 Thread 0x000001d0ff6459e0 nmethod 9422 0x000001d087e4d710 code [0x000001d087e4d8a0, 0x000001d087e4d978]
Event: 9.278 Thread 0x000001d0ff641620 nmethod 9343 0x000001d087e4da10 code [0x000001d087e4dd60, 0x000001d087e51030]
Event: 9.278 Thread 0x000001d0ff641620 9228       4       com.sun.tools.javac.comp.Resolve$AbstractMethodCheck::argumentsAcceptable (288 bytes)

GC Heap History (20 events):
Event: 5.248 GC heap before
{Heap before GC invocations=7 (full 0):
 garbage-first heap   total 68608K, used 21471K [0x0000000084a00000, 0x0000000100000000)
  region size 1024K, 3 young (3072K), 2 survivors (2048K)
 Metaspace       used 21729K, committed 22144K, reserved 1114112K
  class space    used 2442K, committed 2624K, reserved 1048576K
}
Event: 5.250 GC heap after
{Heap after GC invocations=8 (full 0):
 garbage-first heap   total 68608K, used 21053K [0x0000000084a00000, 0x0000000100000000)
  region size 1024K, 1 young (1024K), 1 survivors (1024K)
 Metaspace       used 21729K, committed 22144K, reserved 1114112K
  class space    used 2442K, committed 2624K, reserved 1048576K
}
Event: 6.265 GC heap before
{Heap before GC invocations=8 (full 0):
 garbage-first heap   total 68608K, used 54845K [0x0000000084a00000, 0x0000000100000000)
  region size 1024K, 32 young (32768K), 1 survivors (1024K)
 Metaspace       used 28285K, committed 28672K, reserved 1114112K
  class space    used 3238K, committed 3456K, reserved 1048576K
}
Event: 6.268 GC heap after
{Heap after GC invocations=9 (full 0):
 garbage-first heap   total 68608K, used 26199K [0x0000000084a00000, 0x0000000100000000)
  region size 1024K, 4 young (4096K), 4 survivors (4096K)
 Metaspace       used 28285K, committed 28672K, reserved 1114112K
  class space    used 3238K, committed 3456K, reserved 1048576K
}
Event: 6.746 GC heap before
{Heap before GC invocations=9 (full 0):
 garbage-first heap   total 68608K, used 52823K [0x0000000084a00000, 0x0000000100000000)
  region size 1024K, 29 young (29696K), 4 survivors (4096K)
 Metaspace       used 29748K, committed 30144K, reserved 1114112K
  class space    used 3356K, committed 3584K, reserved 1048576K
}
Event: 6.752 GC heap after
{Heap after GC invocations=10 (full 0):
 garbage-first heap   total 68608K, used 35908K [0x0000000084a00000, 0x0000000100000000)
  region size 1024K, 4 young (4096K), 4 survivors (4096K)
 Metaspace       used 29748K, committed 30144K, reserved 1114112K
  class space    used 3356K, committed 3584K, reserved 1048576K
}
Event: 6.772 GC heap before
{Heap before GC invocations=10 (full 0):
 garbage-first heap   total 68608K, used 37956K [0x0000000084a00000, 0x0000000100000000)
  region size 1024K, 7 young (7168K), 4 survivors (4096K)
 Metaspace       used 29764K, committed 30144K, reserved 1114112K
  class space    used 3356K, committed 3584K, reserved 1048576K
}
Event: 6.775 GC heap after
{Heap after GC invocations=11 (full 0):
 garbage-first heap   total 110592K, used 36806K [0x0000000084a00000, 0x0000000100000000)
  region size 1024K, 1 young (1024K), 1 survivors (1024K)
 Metaspace       used 29764K, committed 30144K, reserved 1114112K
  class space    used 3356K, committed 3584K, reserved 1048576K
}
Event: 7.104 GC heap before
{Heap before GC invocations=11 (full 0):
 garbage-first heap   total 110592K, used 70598K [0x0000000084a00000, 0x0000000100000000)
  region size 1024K, 32 young (32768K), 1 survivors (1024K)
 Metaspace       used 29808K, committed 30272K, reserved 1114112K
  class space    used 3359K, committed 3584K, reserved 1048576K
}
Event: 7.109 GC heap after
{Heap after GC invocations=12 (full 0):
 garbage-first heap   total 110592K, used 48744K [0x0000000084a00000, 0x0000000100000000)
  region size 1024K, 4 young (4096K), 4 survivors (4096K)
 Metaspace       used 29808K, committed 30272K, reserved 1114112K
  class space    used 3359K, committed 3584K, reserved 1048576K
}
Event: 7.429 GC heap before
{Heap before GC invocations=12 (full 0):
 garbage-first heap   total 110592K, used 74344K [0x0000000084a00000, 0x0000000100000000)
  region size 1024K, 29 young (29696K), 4 survivors (4096K)
 Metaspace       used 30453K, committed 30912K, reserved 1114112K
  class space    used 3412K, committed 3648K, reserved 1048576K
}
Event: 7.435 GC heap after
{Heap after GC invocations=13 (full 0):
 garbage-first heap   total 110592K, used 54500K [0x0000000084a00000, 0x0000000100000000)
  region size 1024K, 4 young (4096K), 4 survivors (4096K)
 Metaspace       used 30453K, committed 30912K, reserved 1114112K
  class space    used 3412K, committed 3648K, reserved 1048576K
}
Event: 7.453 GC heap before
{Heap before GC invocations=13 (full 0):
 garbage-first heap   total 110592K, used 54500K [0x0000000084a00000, 0x0000000100000000)
  region size 1024K, 5 young (5120K), 4 survivors (4096K)
 Metaspace       used 30457K, committed 30912K, reserved 1114112K
  class space    used 3412K, committed 3648K, reserved 1048576K
}
Event: 7.456 GC heap after
{Heap after GC invocations=14 (full 0):
 garbage-first heap   total 110592K, used 55300K [0x0000000084a00000, 0x0000000100000000)
  region size 1024K, 1 young (1024K), 1 survivors (1024K)
 Metaspace       used 30457K, committed 30912K, reserved 1114112K
  class space    used 3412K, committed 3648K, reserved 1048576K
}
Event: 7.738 GC heap before
{Heap before GC invocations=15 (full 0):
 garbage-first heap   total 110592K, used 79876K [0x0000000084a00000, 0x0000000100000000)
  region size 1024K, 25 young (25600K), 1 survivors (1024K)
 Metaspace       used 30684K, committed 31104K, reserved 1114112K
  class space    used 3428K, committed 3648K, reserved 1048576K
}
Event: 7.742 GC heap after
{Heap after GC invocations=16 (full 0):
 garbage-first heap   total 110592K, used 59344K [0x0000000084a00000, 0x0000000100000000)
  region size 1024K, 4 young (4096K), 4 survivors (4096K)
 Metaspace       used 30684K, committed 31104K, reserved 1114112K
  class space    used 3428K, committed 3648K, reserved 1048576K
}
Event: 7.904 GC heap before
{Heap before GC invocations=16 (full 0):
 garbage-first heap   total 110592K, used 66512K [0x0000000084a00000, 0x0000000100000000)
  region size 1024K, 12 young (12288K), 4 survivors (4096K)
 Metaspace       used 31575K, committed 32000K, reserved 1114112K
  class space    used 3537K, committed 3776K, reserved 1048576K
}
Event: 7.913 GC heap after
{Heap after GC invocations=17 (full 0):
 garbage-first heap   total 166912K, used 60242K [0x0000000084a00000, 0x0000000100000000)
  region size 1024K, 1 young (1024K), 1 survivors (1024K)
 Metaspace       used 31575K, committed 32000K, reserved 1114112K
  class space    used 3537K, committed 3776K, reserved 1048576K
}
Event: 8.806 GC heap before
{Heap before GC invocations=17 (full 0):
 garbage-first heap   total 166912K, used 114514K [0x0000000084a00000, 0x0000000100000000)
  region size 1024K, 52 young (53248K), 1 survivors (1024K)
 Metaspace       used 33025K, committed 33472K, reserved 1114112K
  class space    used 3623K, committed 3840K, reserved 1048576K
}
Event: 8.812 GC heap after
{Heap after GC invocations=18 (full 0):
 garbage-first heap   total 166912K, used 63486K [0x0000000084a00000, 0x0000000100000000)
  region size 1024K, 4 young (4096K), 4 survivors (4096K)
 Metaspace       used 33025K, committed 33472K, reserved 1114112K
  class space    used 3623K, committed 3840K, reserved 1048576K
}

Deoptimization events (20 events):
Event: 8.919 Thread 0x000001d0d834eab0 Uncommon trap: trap_request=0xffffff45 fr.pc=0x000001d087e3e24c relative=0x000000000000064c
Event: 8.919 Thread 0x000001d0d834eab0 Uncommon trap: reason=unstable_if action=reinterpret pc=0x000001d087e3e24c method=java.util.HashMap.removeNode(ILjava/lang/Object;Ljava/lang/Object;ZZ)Ljava/util/HashMap$Node; @ 71 c2
Event: 8.919 Thread 0x000001d0d834eab0 DEOPT PACKING pc=0x000001d087e3e24c sp=0x00000045795fa340
Event: 8.919 Thread 0x000001d0d834eab0 DEOPT UNPACKING pc=0x000001d087585ba3 sp=0x00000045795fa2e0 mode 2
Event: 8.929 Thread 0x000001d0d834eab0 DEOPT PACKING pc=0x000001d080e8962e sp=0x00000045795fa6b0
Event: 8.929 Thread 0x000001d0d834eab0 DEOPT UNPACKING pc=0x000001d0875866e3 sp=0x00000045795f9af8 mode 0
Event: 9.018 Thread 0x000001d0d834eab0 DEOPT PACKING pc=0x000001d080ea947d sp=0x00000045795f8af0
Event: 9.018 Thread 0x000001d0d834eab0 DEOPT UNPACKING pc=0x000001d0875866e3 sp=0x00000045795f7fd8 mode 0
Event: 9.051 Thread 0x000001d0d834eab0 DEOPT PACKING pc=0x000001d0810862e5 sp=0x00000045795fbfc0
Event: 9.051 Thread 0x000001d0d834eab0 DEOPT UNPACKING pc=0x000001d0875866e3 sp=0x00000045795fb438 mode 0
Event: 9.055 Thread 0x000001d0d834eab0 DEOPT PACKING pc=0x000001d0810e5b30 sp=0x00000045795fb760
Event: 9.055 Thread 0x000001d0d834eab0 DEOPT UNPACKING pc=0x000001d0875866e3 sp=0x00000045795fac48 mode 0
Event: 9.114 Thread 0x000001d0d834eab0 Uncommon trap: trap_request=0xffffff45 fr.pc=0x000001d087bcc668 relative=0x00000000000002c8
Event: 9.114 Thread 0x000001d0d834eab0 Uncommon trap: reason=unstable_if action=reinterpret pc=0x000001d087bcc668 method=java.lang.String.getChars(II[CI)V @ 23 c2
Event: 9.114 Thread 0x000001d0d834eab0 DEOPT PACKING pc=0x000001d087bcc668 sp=0x00000045795fcc10
Event: 9.114 Thread 0x000001d0d834eab0 DEOPT UNPACKING pc=0x000001d087585ba3 sp=0x00000045795fcbd0 mode 2
Event: 9.115 Thread 0x000001d0d834eab0 DEOPT PACKING pc=0x000001d0806e4968 sp=0x00000045795fcb70
Event: 9.115 Thread 0x000001d0d834eab0 DEOPT UNPACKING pc=0x000001d0875866e3 sp=0x00000045795fc010 mode 0
Event: 9.140 Thread 0x000001d0d834eab0 DEOPT PACKING pc=0x000001d08001023c sp=0x00000045795fc790
Event: 9.140 Thread 0x000001d0d834eab0 DEOPT UNPACKING pc=0x000001d0875866e3 sp=0x00000045795fbd10 mode 0

Classes unloaded (0 events):
No events

Classes redefined (0 events):
No events

Internal exceptions (20 events):
Event: 8.756 Thread 0x000001d0d834eab0 Exception <a 'sun/nio/fs/WindowsException'{0x000000008bd045c8}> (0x000000008bd045c8) 
thrown [s\open\src\hotspot\share\prims\jni.cpp, line 516]
Event: 8.766 Thread 0x000001d0d834eab0 Exception <a 'sun/nio/fs/WindowsException'{0x000000008bdc2970}> (0x000000008bdc2970) 
thrown [s\open\src\hotspot\share\prims\jni.cpp, line 516]
Event: 8.779 Thread 0x000001d0d834eab0 Exception <a 'sun/nio/fs/WindowsException'{0x000000008bccfd48}> (0x000000008bccfd48) 
thrown [s\open\src\hotspot\share\prims\jni.cpp, line 516]
Event: 8.821 Thread 0x000001d0d834eab0 Exception <a 'sun/nio/fs/WindowsException'{0x000000008ec66e90}> (0x000000008ec66e90) 
thrown [s\open\src\hotspot\share\prims\jni.cpp, line 516]
Event: 8.821 Thread 0x000001d0d834eab0 Exception <a 'sun/nio/fs/WindowsException'{0x000000008ec675a0}> (0x000000008ec675a0) 
thrown [s\open\src\hotspot\share\prims\jni.cpp, line 516]
Event: 8.825 Thread 0x000001d0d834eab0 Exception <a 'sun/nio/fs/WindowsException'{0x000000008eca13b0}> (0x000000008eca13b0) 
thrown [s\open\src\hotspot\share\prims\jni.cpp, line 516]
Event: 8.825 Thread 0x000001d0d834eab0 Exception <a 'sun/nio/fs/WindowsException'{0x000000008eca1ac0}> (0x000000008eca1ac0) 
thrown [s\open\src\hotspot\share\prims\jni.cpp, line 516]
Event: 8.837 Thread 0x000001d0d834eab0 Exception <a 'sun/nio/fs/WindowsException'{0x000000008eb8b030}> (0x000000008eb8b030) 
thrown [s\open\src\hotspot\share\prims\jni.cpp, line 516]
Event: 8.852 Thread 0x000001d0d834eab0 Exception <a 'sun/nio/fs/WindowsException'{0x000000008ea95658}> (0x000000008ea95658) 
thrown [s\open\src\hotspot\share\prims\jni.cpp, line 516]
Event: 8.898 Thread 0x000001d0d834eab0 Exception <a 'sun/nio/fs/WindowsException'{0x000000008e64f600}> (0x000000008e64f600) 
thrown [s\open\src\hotspot\share\prims\jni.cpp, line 516]
Event: 8.915 Thread 0x000001d0d834eab0 Exception <a 'sun/nio/fs/WindowsException'{0x000000008e54d658}> (0x000000008e54d658) 
thrown [s\open\src\hotspot\share\prims\jni.cpp, line 516]
Event: 8.953 Thread 0x000001d0d834eab0 Exception <a 'sun/nio/fs/WindowsException'{0x000000008e12a350}> (0x000000008e12a350) 
thrown [s\open\src\hotspot\share\prims\jni.cpp, line 516]
Event: 8.965 Thread 0x000001d0d834eab0 Exception <a 'sun/nio/fs/WindowsException'{0x000000008e1e70b0}> (0x000000008e1e70b0) 
thrown [s\open\src\hotspot\share\prims\jni.cpp, line 516]
Event: 8.965 Thread 0x000001d0d834eab0 Exception <a 'sun/nio/fs/WindowsException'{0x000000008e1e77a8}> (0x000000008e1e77a8) 
thrown [s\open\src\hotspot\share\prims\jni.cpp, line 516]
Event: 8.979 Thread 0x000001d0d834eab0 Exception <a 'sun/nio/fs/WindowsException'{0x000000008e0eac08}> (0x000000008e0eac08) 
thrown [s\open\src\hotspot\share\prims\jni.cpp, line 516]
Event: 8.991 Thread 0x000001d0d834eab0 Exception <a 'sun/nio/fs/WindowsException'{0x000000008de037c0}> (0x000000008de037c0) 
thrown [s\open\src\hotspot\share\prims\jni.cpp, line 516]
Event: 9.066 Thread 0x000001d0d834eab0 Exception <a 'sun/nio/fs/WindowsException'{0x000000008d713618}> (0x000000008d713618) 
thrown [s\open\src\hotspot\share\prims\jni.cpp, line 516]
Event: 9.066 Thread 0x000001d0d834eab0 Exception <a 'sun/nio/fs/WindowsException'{0x000000008d713d20}> (0x000000008d713d20) 
thrown [s\open\src\hotspot\share\prims\jni.cpp, line 516]
Event: 9.086 Thread 0x000001d0d834eab0 Exception <a 'sun/nio/fs/WindowsException'{0x000000008d6af7a0}> (0x000000008d6af7a0) 
thrown [s\open\src\hotspot\share\prims\jni.cpp, line 516]
Event: 9.100 Thread 0x000001d0d834eab0 Exception <a 'sun/nio/fs/WindowsException'{0x000000008d590a58}> (0x000000008d590a58) 
thrown [s\open\src\hotspot\share\prims\jni.cpp, line 516]

VM Operations (20 events):
Event: 8.124 Executing VM operation: ICBufferFull
Event: 8.124 Executing VM operation: ICBufferFull done
Event: 8.200 Executing VM operation: ICBufferFull
Event: 8.200 Executing VM operation: ICBufferFull done
Event: 8.287 Executing VM operation: ICBufferFull
Event: 8.287 Executing VM operation: ICBufferFull done
Event: 8.369 Executing VM operation: ICBufferFull
Event: 8.370 Executing VM operation: ICBufferFull done
Event: 8.483 Executing VM operation: ICBufferFull
Event: 8.483 Executing VM operation: ICBufferFull done
Event: 8.657 Executing VM operation: ICBufferFull
Event: 8.658 Executing VM operation: ICBufferFull done
Event: 8.804 Executing VM operation: ICBufferFull
Event: 8.804 Executing VM operation: ICBufferFull done
Event: 8.806 Executing VM operation: G1CollectForAllocation
Event: 8.812 Executing VM operation: G1CollectForAllocation done
Event: 8.854 Executing VM operation: ICBufferFull
Event: 8.854 Executing VM operation: ICBufferFull done
Event: 9.137 Executing VM operation: ICBufferFull
Event: 9.137 Executing VM operation: ICBufferFull done

Events (20 events):
Event: 7.836 loading class java/util/EnumMap$EnumMapIterator done
Event: 7.836 loading class java/util/EnumMap$EntryIterator done
Event: 7.836 loading class java/util/EnumMap$EntryIterator$Entry
Event: 7.836 loading class java/util/EnumMap$EntryIterator$Entry done
Event: 8.109 Thread 0x000001d0ff6583d0 flushing nmethod 0x000001d080257a90
Event: 8.109 Thread 0x000001d0ff6583d0 flushing nmethod 0x000001d0802a0790
Event: 8.140 loading class java/util/function/ToIntBiFunction
Event: 8.140 loading class java/util/function/ToIntBiFunction done
Event: 8.157 loading class java/nio/channels/Channels$1
Event: 8.157 loading class java/nio/channels/Channels$1 done
Event: 9.103 loading class java/util/EnumMap$Values
Event: 9.104 loading class java/util/EnumMap$Values done
Event: 9.104 loading class java/util/EnumMap$ValueIterator
Event: 9.104 loading class java/util/EnumMap$ValueIterator done
Event: 9.107 loading class java/util/WeakHashMap$KeyIterator
Event: 9.108 loading class java/util/WeakHashMap$HashIterator
Event: 9.108 loading class java/util/WeakHashMap$HashIterator done
Event: 9.108 loading class java/util/WeakHashMap$KeyIterator done
Event: 9.113 loading class java/text/MessageFormat$Field
Event: 9.113 loading class java/text/MessageFormat$Field done


Dynamic libraries:
0x00007ff7a1670000 - 0x00007ff7a1680000 	C:\Program Files\Java\jdk-17\bin\java.exe
0x00007ff817070000 - 0x00007ff817287000 	C:\WINDOWS\SYSTEM32\ntdll.dll
0x00007ff8165b0000 - 0x00007ff816674000 	C:\WINDOWS\System32\KERNEL32.DLL
0x00007ff814a00000 - 0x00007ff814dac000 	C:\WINDOWS\System32\KERNELBASE.dll
0x00007ff814810000 - 0x00007ff814921000 	C:\WINDOWS\System32\ucrtbase.dll
0x00007fffe4640000 - 0x00007fffe465b000 	C:\Program Files\Java\jdk-17\bin\VCRUNTIME140.dll
0x00007fffe4660000 - 0x00007fffe4679000 	C:\Program Files\Java\jdk-17\bin\jli.dll
0x00007ff816680000 - 0x00007ff816732000 	C:\WINDOWS\System32\ADVAPI32.dll
0x00007ff8161b0000 - 0x00007ff816257000 	C:\WINDOWS\System32\msvcrt.dll
0x00007ff815ac0000 - 0x00007ff815b6a000 	C:\WINDOWS\System32\sechost.dll
0x00007ff8149d0000 - 0x00007ff8149f8000 	C:\WINDOWS\System32\bcrypt.dll
0x00007ff816410000 - 0x00007ff816525000 	C:\WINDOWS\System32\RPCRT4.dll
0x00007ff816df0000 - 0x00007ff816f9e000 	C:\WINDOWS\System32\USER32.dll
0x00007ff800800000 - 0x00007ff800a93000 	C:\WINDOWS\WinSxS\amd64_microsoft.windows.common-controls_6595b64144ccf1df_6.0.22621.3672_none_2713b9d173822955\COMCTL32.dll
0x00007ff8147e0000 - 0x00007ff814806000 	C:\WINDOWS\System32\win32u.dll
0x00007ff8168c0000 - 0x00007ff8168e9000 	C:\WINDOWS\System32\GDI32.dll
0x00007ff80a120000 - 0x00007ff80a12a000 	C:\WINDOWS\SYSTEM32\VERSION.dll
0x00007ff814460000 - 0x00007ff814579000 	C:\WINDOWS\System32\gdi32full.dll
0x00007ff814930000 - 0x00007ff8149ca000 	C:\WINDOWS\System32\msvcp_win.dll
0x00007fffe4610000 - 0x00007fffe461c000 	C:\Program Files\Java\jdk-17\bin\vcruntime140_1.dll
0x00007fffe4580000 - 0x00007fffe460e000 	C:\Program Files\Java\jdk-17\bin\msvcp140.dll
0x00007fffe39a0000 - 0x00007fffe457f000 	C:\Program Files\Java\jdk-17\bin\server\jvm.dll
0x00007fffe3990000 - 0x00007fffe3999000 	C:\WINDOWS\SYSTEM32\WSOCK32.dll
0x00007ff80a4e0000 - 0x00007ff80a514000 	C:\WINDOWS\SYSTEM32\WINMM.dll
0x00007ff815a90000 - 0x00007ff815a98000 	C:\WINDOWS\System32\PSAPI.DLL
0x00007ff815c70000 - 0x00007ff815ce1000 	C:\WINDOWS\System32\WS2_32.dll
0x00007ff813390000 - 0x00007ff8133a8000 	C:\WINDOWS\SYSTEM32\kernel.appcore.dll
0x00007fffe38a0000 - 0x00007fffe38aa000 	C:\Program Files\Java\jdk-17\bin\jimage.dll
0x00007ff811c60000 - 0x00007ff811e92000 	C:\WINDOWS\SYSTEM32\DBGHELP.DLL
0x00007ff8168f0000 - 0x00007ff816c78000 	C:\WINDOWS\System32\combase.dll
0x00007ff815d70000 - 0x00007ff815e47000 	C:\WINDOWS\System32\OLEAUT32.dll
0x00007ff808870000 - 0x00007ff8088a2000 	C:\WINDOWS\SYSTEM32\dbgcore.DLL
0x00007ff8146f0000 - 0x00007ff81476b000 	C:\WINDOWS\System32\bcryptPrimitives.dll
0x00007fffe3870000 - 0x00007fffe3895000 	C:\Program Files\Java\jdk-17\bin\java.dll
0x00007fffe3790000 - 0x00007fffe3867000 	C:\Program Files\Java\jdk-17\bin\jsvml.dll
0x00007ff814db0000 - 0x00007ff81560c000 	C:\WINDOWS\System32\SHELL32.dll
0x00007ff8122a0000 - 0x00007ff812b97000 	C:\WINDOWS\SYSTEM32\windows.storage.dll
0x00007ff812160000 - 0x00007ff81229f000 	C:\WINDOWS\SYSTEM32\wintypes.dll
0x00007ff816cf0000 - 0x00007ff816de4000 	C:\WINDOWS\System32\SHCORE.dll
0x00007ff816c80000 - 0x00007ff816cde000 	C:\WINDOWS\System32\shlwapi.dll
0x00007ff8142d0000 - 0x00007ff8142f1000 	C:\WINDOWS\SYSTEM32\profapi.dll
0x00007fffe3480000 - 0x00007fffe3499000 	C:\Program Files\Java\jdk-17\bin\net.dll
0x00007ff80b900000 - 0x00007ff80ba36000 	C:\WINDOWS\SYSTEM32\WINHTTP.dll
0x00007ff8137f0000 - 0x00007ff813859000 	C:\WINDOWS\system32\mswsock.dll
0x00007fffe3460000 - 0x00007fffe3476000 	C:\Program Files\Java\jdk-17\bin\nio.dll
0x00007fffe3440000 - 0x00007fffe3458000 	C:\Program Files\Java\jdk-17\bin\zip.dll
0x00007ff812e00000 - 0x00007ff812e2d000 	C:\WINDOWS\SYSTEM32\IPHLPAPI.DLL
0x00007ff815aa0000 - 0x00007ff815aa9000 	C:\WINDOWS\System32\NSI.dll
0x00007ff80b8e0000 - 0x00007ff80b8f9000 	C:\WINDOWS\SYSTEM32\dhcpcsvc6.DLL
0x00007ff80b8c0000 - 0x00007ff80b8df000 	C:\WINDOWS\SYSTEM32\dhcpcsvc.DLL
0x00007ff812e70000 - 0x00007ff812f68000 	C:\WINDOWS\SYSTEM32\DNSAPI.dll
0x00007fffe0e90000 - 0x00007fffe1021000 	C:\Program Files\Java\jdk-17\bin\awt.dll
0x00007ff80e770000 - 0x00007ff80e807000 	C:\WINDOWS\SYSTEM32\apphelp.dll
0x00007fffe1aa0000 - 0x00007fffe1ab0000 	C:\Program Files\Java\jdk-17\bin\verify.dll
0x0000000069ac0000 - 0x0000000069ae4000 	C:\Windows\Temp\jansi-2.4.0-92ba252d3932e2b9-jansi.dll

dbghelp: loaded successfully - version: 4.0.5 - missing functions: none
symbol engine: initialized successfully - sym options: 0x614 - pdb path: .;C:\Program Files\Java\jdk-17\bin;C:\WINDOWS\SYSTEM32;C:\WINDOWS\WinSxS\amd64_microsoft.windows.common-controls_6595b64144ccf1df_6.0.22621.3672_none_2713b9d173822955;C:\Program Files\Java\jdk-17\bin\server;C:\Windows\Temp

VM Arguments:
java_command: jenkins.maven3.agent.Maven35Main C:\ProgramData\Jenkins\.jenkins\tools\hudson.tasks.Maven_MavenInstallation\maven3 C:\ProgramData\Jenkins\war\WEB-INF\lib\remoting-3206.vb_15dcf73f6a_9.jar C:\ProgramData\Jenkins\.jenkins\plugins\maven-plugin\WEB-INF\lib\maven35-interceptor-1.14.jar C:\ProgramData\Jenkins\.jenkins\plugins\maven-plugin\WEB-INF\lib\maven3-interceptor-commons-1.14.jar 63976
java_class_path (initial): C:\ProgramData\Jenkins\.jenkins\plugins\maven-plugin\WEB-INF\lib\maven35-agent-1.14.jar;C:\ProgramData\Jenkins\.jenkins\tools\hudson.tasks.Maven_MavenInstallation\maven3\boot\plexus-classworlds-2.7.0.jar;C:\ProgramData\Jenkins\.jenkins\tools\hudson.tasks.Maven_MavenInstallation\maven3/conf/logging
Launcher Type: SUN_STANDARD

[Global flags]
     intx CICompilerCount                          = 3                                         {product} {ergonomic}
     uint ConcGCThreads                            = 1                                         {product} {ergonomic}
     uint G1ConcRefinementThreads                  = 4                                         {product} {ergonomic}
   size_t G1HeapRegionSize                         = 1048576                                   {product} {ergonomic}
    uintx GCDrainStackTargetSize                   = 64                                        {product} {ergonomic}
   size_t InitialHeapSize                          = 130023424                                 {product} {ergonomic}
   size_t MarkStackSize                            = 4194304                                   {product} {ergonomic}
   size_t MaxHeapSize                              = 2069889024                                {product} {ergonomic}
   size_t MaxNewSize                               = 1241513984                                {product} {ergonomic}
   size_t MinHeapDeltaBytes                        = 1048576                                   {product} {ergonomic}
   size_t MinHeapSize                              = 8388608                                   {product} {ergonomic}
    uintx NonNMethodCodeHeapSize                   = 5832780                                {pd product} {ergonomic}
    uintx NonProfiledCodeHeapSize                  = 122912730                              {pd product} {ergonomic}
    uintx ProfiledCodeHeapSize                     = 122912730                              {pd product} {ergonomic}
    uintx ReservedCodeCacheSize                    = 251658240                              {pd product} {ergonomic}
     bool SegmentedCodeCache                       = true                                      {product} {ergonomic}
   size_t SoftMaxHeapSize                          = 2069889024                             {manageable} {ergonomic}
     bool UseCompressedClassPointers               = true                           {product lp64_product} {ergonomic}
     bool UseCompressedOops                        = true                           {product lp64_product} {ergonomic}
     bool UseG1GC                                  = true                                      {product} {ergonomic}
     bool UseLargePagesIndividualAllocation        = false                                  {pd product} {ergonomic}

Logging:
Log output configuration:
 #0: stdout all=warning uptime,level,tags
 #1: stderr all=off uptime,level,tags

Environment Variables:
PATH=C:\ProgramData\Jenkins\.jenkins\tools\hudson.tasks.Maven_MavenInstallation\maven3/bin;C:\Program Files\Common Files\Oracle\Java\javapath;C:\WINDOWS\system32;C:\WINDOWS;C:\WINDOWS\System32\Wbem;C:\WINDOWS\System32\WindowsPowerShell\v1.0\;C:\WINDOWS\System32\OpenSSH\;C:\Program Files\Java\jdk-17;C:\Program Files\Git\cmd;C:\Users\AC\git\RR_Web_Automation\RR\apache-maven-3.8.8-bin\apache-maven-3.8.8\bin;;C:\Program Files\Docker\Docker\resources\bin;C:\WINDOWS\system32\config\systemprofile\AppData\Local\Microsoft\WindowsApps
USERNAME=NEERU$
OS=Windows_NT
PROCESSOR_IDENTIFIER=Intel64 Family 6 Model 140 Stepping 1, GenuineIntel



---------------  S Y S T E M  ---------------

OS:
 Windows 11 , 64 bit Build 22621 (10.0.22621.3672)
OS uptime: 19 days 7:37 hours
Hyper-V role detected

CPU: total 4 (initial active 4) (2 cores per cpu, 2 threads per core) family 6 model 140 stepping 1 microcode 0x86, cx8, cmov, fxsr, ht, mmx, 3dnowpref, sse, sse2, sse3, ssse3, sse4.1, sse4.2, popcnt, lzcnt, tsc, tscinvbit, avx, avx2, aes, erms, clmul, bmi1, bmi2, adx, avx512f, avx512dq, avx512cd, avx512bw, avx512vl, sha, fma, vzeroupper, avx512_vpopcntdq, avx512_vpclmulqdq, avx512_vaes, avx512_vnni, clflush, clflushopt, clwb, avx512_vbmi2, avx512_vbmi, hv

Memory: 4k page, system-wide physical 7890M (284M free)
TotalPageFile size 32466M (AvailPageFile size 5M)
current process WorkingSet (physical memory assigned to process): 306M, peak: 310M
current process commit charge ("private bytes"): 341M, peak: 344M

vm_info: Java HotSpot(TM) 64-Bit Server VM (17.0.10+11-LTS-240) for windows-amd64 JRE (17.0.10+11-LTS-240), built on Dec 19 2023 21:47:25 by "mach5one" with MS VC++ 17.1 (VS2022)

END.
